tick,last,bid,mid,ask,current_bid,mid,current_ask,position,position_vwap,pnl_per_share,realized
111,20.27,20.27,20.3,20.32,20.28,20.3,20.32,-5000.0,20.14,-0.16,-4225.0
111,20.27,20.27,20.3,20.32,20.28,20.3,20.32,-5000.0,20.14,-0.16,-4225.0
111,20.27,20.27,20.3,20.32,20.28,20.3,20.32,-5000.0,20.14,-0.16,-4225.0
111,20.27,20.27,20.3,20.32,20.28,20.3,20.32,-5000.0,20.14,-0.16,-4225.0
111,20.27,20.27,20.3,20.32,20.28,20.3,20.32,-5000.0,20.14,-0.16,-4225.0
111,20.32,20.27,20.3,20.32,20.28,20.3,20.32,0.0,0.0,0.0,-5175.0
111,20.32,20.27,20.3,20.32,20.28,20.3,20.32,0.0,0.0,0.0,-5175.0
112,20.32,20.29,20.3,20.32,20.28,20.3,20.32,0.0,0.0,0.0,-5175.0
112,20.32,20.29,20.3,20.32,20.28,20.3,20.32,0.0,0.0,0.0,-5175.0
112,20.32,20.29,20.3,20.32,20.28,20.3,20.32,0.0,0.0,0.0,-5175.0
112,20.32,20.29,20.3,20.32,20.28,20.3,20.32,0.0,0.0,0.0,-5175.0
112,20.32,20.29,20.3,20.32,20.28,20.3,20.32,0.0,0.0,0.0,-5175.0
112,20.32,20.29,20.3,20.32,20.28,20.3,20.32,0.0,0.0,0.0,-5175.0
112,20.32,20.29,20.3,20.32,20.28,20.3,20.32,0.0,0.0,0.0,-5175.0
112,20.32,20.29,20.3,20.32,20.28,20.3,20.32,0.0,0.0,0.0,-5175.0
112,20.32,20.29,20.3,20.32,20.28,20.3,20.32,0.0,0.0,0.0,-5175.0
112,20.32,20.29,20.3,20.32,20.28,20.3,20.32,0.0,0.0,0.0,-5175.0
112,20.32,20.29,20.3,20.32,20.28,20.3,20.32,0.0,0.0,0.0,-5175.0
112,20.32,20.29,20.3,20.32,20.28,20.3,20.32,0.0,0.0,0.0,-5175.0
112,20.32,20.29,20.3,20.32,20.28,20.3,20.32,0.0,0.0,0.0,-5175.0
112,20.32,20.29,20.3,20.32,20.28,20.3,20.32,0.0,0.0,0.0,-5175.0
112,20.32,20.29,20.3,20.32,20.28,20.3,20.32,0.0,0.0,0.0,-5175.0
112,20.32,20.29,20.3,20.32,20.28,20.3,20.32,0.0,0.0,0.0,-5175.0
112,20.32,20.29,20.3,20.32,20.28,20.3,20.32,0.0,0.0,0.0,-5175.0
112,20.32,20.29,20.3,20.32,20.28,20.3,20.32,0.0,0.0,0.0,-5175.0
112,20.32,20.29,20.3,20.32,20.28,20.3,20.32,0.0,0.0,0.0,-5175.0
112,20.32,20.29,20.3,20.32,20.28,20.3,20.32,0.0,0.0,0.0,-5175.0
112,20.32,20.29,20.3,20.32,20.28,20.3,20.32,0.0,0.0,0.0,-5175.0
112,20.32,20.29,20.3,20.32,20.28,20.3,20.32,0.0,0.0,0.0,-5175.0
112,20.32,20.29,20.3,20.32,20.28,20.3,20.32,0.0,0.0,0.0,-5175.0
112,20.32,20.29,20.3,20.32,20.28,20.3,20.32,0.0,0.0,0.0,-5175.0
112,20.32,20.29,20.3,20.32,20.28,20.3,20.32,0.0,0.0,0.0,-5175.0
112,20.32,20.29,20.3,20.32,20.28,20.3,20.32,0.0,0.0,0.0,-5175.0
112,20.32,20.29,20.3,20.32,20.28,20.3,20.32,0.0,0.0,0.0,-5175.0
112,20.32,20.29,20.3,20.32,20.28,20.3,20.32,0.0,0.0,0.0,-5175.0
112,20.32,20.29,20.3,20.32,20.28,20.3,20.32,0.0,0.0,0.0,-5175.0
112,20.32,20.29,20.3,20.32,20.28,20.3,20.32,0.0,0.0,0.0,-5175.0
112,20.32,20.29,20.3,20.32,20.28,20.3,20.32,0.0,0.0,0.0,-5175.0
112,20.29,20.29,20.3,20.32,20.28,20.3,20.32,0.0,0.0,0.0,-5175.0
112,20.29,20.29,20.3,20.32,20.28,20.3,20.32,0.0,0.0,0.0,-5175.0
112,20.29,20.29,20.3,20.32,20.28,20.3,20.32,0.0,0.0,0.0,-5175.0
112,20.29,20.29,20.3,20.32,20.28,20.3,20.32,0.0,0.0,0.0,-5175.0
112,20.29,20.29,20.3,20.32,20.28,20.3,20.32,0.0,0.0,0.0,-5175.0
112,20.29,20.29,20.3,20.32,20.28,20.3,20.32,0.0,0.0,0.0,-5175.0
112,20.29,20.29,20.3,20.32,20.28,20.3,20.32,0.0,0.0,0.0,-5175.0
112,20.29,20.29,20.3,20.32,20.28,20.3,20.32,0.0,0.0,0.0,-5175.0
112,20.29,20.29,20.3,20.32,20.28,20.3,20.32,0.0,0.0,0.0,-5175.0
112,20.29,20.29,20.3,20.32,20.28,20.3,20.32,0.0,0.0,0.0,-5175.0
112,20.29,20.29,20.3,20.32,20.28,20.3,20.32,0.0,0.0,0.0,-5175.0
112,20.29,20.29,20.3,20.32,20.28,20.3,20.32,0.0,0.0,0.0,-5175.0
112,20.29,20.29,20.3,20.32,20.28,20.3,20.32,0.0,0.0,0.0,-5175.0
112,20.29,20.29,20.3,20.32,20.28,20.3,20.32,0.0,0.0,0.0,-5175.0
112,20.29,20.29,20.3,20.32,20.28,20.3,20.32,0.0,0.0,0.0,-5175.0
112,20.29,20.29,20.3,20.32,20.28,20.3,20.32,0.0,0.0,0.0,-5175.0
113,20.32,20.29,20.3,20.32,20.28,20.3,20.32,0.0,0.0,0.0,-5175.0
113,20.32,20.29,20.3,20.32,20.28,20.3,20.32,0.0,0.0,0.0,-5175.0
113,20.32,20.29,20.3,20.32,20.28,20.3,20.32,0.0,0.0,0.0,-5175.0
113,20.32,20.29,20.3,20.32,20.28,20.3,20.32,0.0,0.0,0.0,-5175.0
113,20.32,20.29,20.3,20.32,20.28,20.3,20.32,0.0,0.0,0.0,-5175.0
113,20.32,20.29,20.3,20.32,20.28,20.3,20.32,0.0,0.0,0.0,-5175.0
113,20.32,20.3,20.31,20.32,20.28,20.31,20.32,0.0,0.0,0.0,-5175.0
113,20.32,20.3,20.31,20.32,20.28,20.31,20.32,0.0,0.0,0.0,-5175.0
113,20.32,20.3,20.31,20.32,20.28,20.31,20.32,0.0,0.0,0.0,-5175.0
113,20.32,20.3,20.31,20.32,20.28,20.31,20.32,0.0,0.0,0.0,-5175.0
113,20.32,20.3,20.31,20.32,20.28,20.31,20.32,0.0,0.0,0.0,-5175.0
113,20.32,20.3,20.31,20.32,20.28,20.31,20.32,0.0,0.0,0.0,-5175.0
113,20.32,20.3,20.31,20.32,20.28,20.31,20.32,0.0,0.0,0.0,-5175.0
113,20.32,20.3,20.31,20.32,20.28,20.31,20.32,0.0,0.0,0.0,-5175.0
113,20.32,20.3,20.31,20.32,20.28,20.31,20.32,0.0,0.0,0.0,-5175.0
113,20.32,20.3,20.31,20.32,20.28,20.31,20.32,0.0,0.0,0.0,-5175.0
113,20.32,20.3,20.31,20.32,20.28,20.31,20.32,0.0,0.0,0.0,-5175.0
113,20.32,20.3,20.31,20.32,20.28,20.31,20.32,0.0,0.0,0.0,-5175.0
113,20.32,20.3,20.31,20.32,20.28,20.31,20.32,0.0,0.0,0.0,-5175.0
113,20.32,20.3,20.31,20.32,20.28,20.31,20.32,0.0,0.0,0.0,-5175.0
113,20.32,20.3,20.31,20.32,20.28,20.31,20.32,0.0,0.0,0.0,-5175.0
113,20.32,20.3,20.31,20.32,20.28,20.31,20.32,0.0,0.0,0.0,-5175.0
113,20.32,20.3,20.31,20.32,20.28,20.31,20.32,0.0,0.0,0.0,-5175.0
113,20.32,20.3,20.31,20.32,20.28,20.31,20.32,0.0,0.0,0.0,-5175.0
113,20.32,20.3,20.31,20.32,20.28,20.31,20.32,0.0,0.0,0.0,-5175.0
113,20.32,20.3,20.31,20.32,20.28,20.31,20.32,0.0,0.0,0.0,-5175.0
113,20.32,20.3,20.31,20.32,20.28,20.31,20.32,0.0,0.0,0.0,-5175.0
113,20.32,20.3,20.31,20.32,20.28,20.31,20.32,0.0,0.0,0.0,-5175.0
113,20.32,20.3,20.31,20.32,20.28,20.31,20.32,0.0,0.0,0.0,-5175.0
113,20.32,20.3,20.31,20.32,20.28,20.31,20.32,0.0,0.0,0.0,-5175.0
113,20.32,20.3,20.31,20.32,20.28,20.31,20.32,0.0,0.0,0.0,-5175.0
113,20.32,20.3,20.31,20.32,20.28,20.31,20.32,0.0,0.0,0.0,-5175.0
113,20.32,20.3,20.31,20.32,20.28,20.31,20.32,0.0,0.0,0.0,-5175.0
113,20.32,20.3,20.31,20.32,20.28,20.31,20.32,0.0,0.0,0.0,-5175.0
113,20.32,20.3,20.31,20.32,20.28,20.31,20.32,0.0,0.0,0.0,-5175.0
113,20.32,20.3,20.31,20.32,20.28,20.31,20.32,0.0,0.0,0.0,-5175.0
113,20.32,20.3,20.31,20.32,20.28,20.31,20.32,0.0,0.0,0.0,-5175.0
113,20.32,20.3,20.31,20.32,20.28,20.31,20.32,0.0,0.0,0.0,-5175.0
113,20.32,20.3,20.31,20.32,20.28,20.31,20.32,0.0,0.0,0.0,-5175.0
113,20.32,20.3,20.31,20.32,20.28,20.31,20.32,0.0,0.0,0.0,-5175.0
113,20.32,20.3,20.31,20.32,20.28,20.31,20.32,0.0,0.0,0.0,-5175.0
113,20.32,20.3,20.31,20.32,20.28,20.31,20.32,0.0,0.0,0.0,-5175.0
113,20.32,20.3,20.31,20.32,20.28,20.31,20.32,0.0,0.0,0.0,-5175.0
113,20.3,20.29,20.3,20.3,20.28,20.3,20.32,0.0,0.0,0.0,-5175.0
113,20.3,20.29,20.3,20.3,20.28,20.3,20.32,0.0,0.0,0.0,-5175.0
113,20.3,20.29,20.3,20.3,20.28,20.3,20.32,0.0,0.0,0.0,-5175.0
113,20.27,20.28,20.29,20.3,20.28,20.29,20.32,0.0,0.0,0.0,-5175.0
114,20.27,20.28,20.29,20.3,20.28,20.29,20.32,0.0,0.0,0.0,-5175.0
114,20.27,20.28,20.29,20.3,20.28,20.29,20.32,0.0,0.0,0.0,-5175.0
114,20.27,20.28,20.29,20.3,20.28,20.29,20.32,0.0,0.0,0.0,-5175.0
114,20.27,20.28,20.29,20.3,20.28,20.29,20.32,0.0,0.0,0.0,-5175.0
114,20.27,20.28,20.29,20.3,20.28,20.29,20.32,0.0,0.0,0.0,-5175.0
114,20.27,20.28,20.29,20.3,20.28,20.29,20.32,0.0,0.0,0.0,-5175.0
114,20.27,20.28,20.29,20.3,20.28,20.29,20.32,0.0,0.0,0.0,-5175.0
114,20.27,20.28,20.29,20.3,20.28,20.29,20.32,0.0,0.0,0.0,-5175.0
114,20.27,20.28,20.29,20.3,20.28,20.29,20.32,0.0,0.0,0.0,-5175.0
114,20.27,20.28,20.29,20.3,20.28,20.29,20.32,0.0,0.0,0.0,-5175.0
114,20.27,20.28,20.29,20.3,20.28,20.29,20.32,0.0,0.0,0.0,-5175.0
114,20.27,20.28,20.29,20.3,20.28,20.29,20.32,0.0,0.0,0.0,-5175.0
114,20.27,20.28,20.29,20.3,20.28,20.29,20.32,0.0,0.0,0.0,-5175.0
114,20.27,20.28,20.29,20.3,20.28,20.29,20.32,0.0,0.0,0.0,-5175.0
114,20.27,20.28,20.29,20.3,20.28,20.29,20.32,0.0,0.0,0.0,-5175.0
114,20.27,20.28,20.29,20.3,20.28,20.29,20.32,0.0,0.0,0.0,-5175.0
114,20.27,20.28,20.29,20.3,20.28,20.29,20.32,0.0,0.0,0.0,-5175.0
114,20.27,20.28,20.29,20.3,20.28,20.29,20.32,0.0,0.0,0.0,-5175.0
114,20.27,20.28,20.29,20.3,20.28,20.29,20.32,0.0,0.0,0.0,-5175.0
114,20.27,20.29,20.3,20.3,20.28,20.3,20.32,0.0,0.0,0.0,-5175.0
114,20.27,20.29,20.3,20.3,20.28,20.3,20.32,0.0,0.0,0.0,-5175.0
114,20.27,20.29,20.3,20.3,20.28,20.3,20.32,0.0,0.0,0.0,-5175.0
114,20.27,20.29,20.3,20.3,20.28,20.3,20.32,0.0,0.0,0.0,-5175.0
114,20.27,20.29,20.3,20.3,20.28,20.3,20.32,0.0,0.0,0.0,-5175.0
114,20.27,20.29,20.3,20.3,20.28,20.3,20.32,0.0,0.0,0.0,-5175.0
114,20.27,20.29,20.3,20.3,20.28,20.3,20.32,0.0,0.0,0.0,-5175.0
114,20.27,20.29,20.3,20.3,20.28,20.3,20.32,0.0,0.0,0.0,-5175.0
114,20.27,20.29,20.3,20.3,20.28,20.3,20.32,0.0,0.0,0.0,-5175.0
114,20.27,20.29,20.3,20.3,20.28,20.3,20.32,0.0,0.0,0.0,-5175.0
114,20.27,20.29,20.3,20.3,20.28,20.3,20.32,0.0,0.0,0.0,-5175.0
114,20.27,20.29,20.3,20.3,20.28,20.3,20.32,0.0,0.0,0.0,-5175.0
114,20.27,20.29,20.3,20.3,20.28,20.3,20.32,0.0,0.0,0.0,-5175.0
114,20.27,20.29,20.3,20.3,20.28,20.3,20.32,0.0,0.0,0.0,-5175.0
114,20.27,20.29,20.3,20.3,20.28,20.3,20.32,0.0,0.0,0.0,-5175.0
114,20.27,20.29,20.3,20.3,20.28,20.3,20.32,0.0,0.0,0.0,-5175.0
114,20.27,20.29,20.3,20.3,20.28,20.3,20.32,0.0,0.0,0.0,-5175.0
114,20.27,20.29,20.3,20.3,20.28,20.3,20.32,0.0,0.0,0.0,-5175.0
114,20.27,20.29,20.3,20.3,20.28,20.3,20.32,0.0,0.0,0.0,-5175.0
114,20.27,20.29,20.3,20.3,20.28,20.3,20.32,0.0,0.0,0.0,-5175.0
114,20.27,20.29,20.3,20.3,20.28,20.3,20.32,0.0,0.0,0.0,-5175.0
114,20.27,20.29,20.3,20.3,20.28,20.3,20.32,0.0,0.0,0.0,-5175.0
114,20.27,20.29,20.3,20.3,20.28,20.3,20.32,0.0,0.0,0.0,-5175.0
114,20.27,20.29,20.3,20.3,20.28,20.3,20.32,0.0,0.0,0.0,-5175.0
114,20.27,20.29,20.3,20.3,20.28,20.3,20.32,0.0,0.0,0.0,-5175.0
114,20.27,20.29,20.3,20.3,20.28,20.3,20.32,0.0,0.0,0.0,-5175.0
114,20.27,20.29,20.3,20.3,20.28,20.3,20.32,0.0,0.0,0.0,-5175.0
114,20.27,20.29,20.3,20.3,20.28,20.3,20.32,0.0,0.0,0.0,-5175.0
115,20.31,20.28,20.3,20.32,20.28,20.3,20.32,0.0,0.0,0.0,-5175.0
115,20.31,20.28,20.3,20.32,20.28,20.3,20.32,0.0,0.0,0.0,-5175.0
115,20.31,20.28,20.3,20.32,20.28,20.3,20.32,0.0,0.0,0.0,-5175.0
115,20.31,20.28,20.3,20.32,20.28,20.3,20.32,0.0,0.0,0.0,-5175.0
115,20.31,20.28,20.3,20.32,20.28,20.3,20.32,0.0,0.0,0.0,-5175.0
115,20.31,20.28,20.3,20.32,20.28,20.3,20.32,0.0,0.0,0.0,-5175.0
115,20.31,20.28,20.3,20.32,20.28,20.3,20.32,0.0,0.0,0.0,-5175.0
115,20.32,20.33,20.34,20.34,20.32,20.34,20.36,-5000.0,20.32,-0.02,-5150.0
115,20.32,20.33,20.34,20.34,20.32,20.34,20.36,-5000.0,20.32,-0.02,-5150.0
115,20.32,20.33,20.34,20.34,20.32,20.34,20.36,-5000.0,20.32,-0.02,-5150.0
115,20.32,20.33,20.34,20.34,20.32,20.34,20.36,-5000.0,20.32,-0.02,-5150.0
115,20.32,20.33,20.34,20.34,20.32,20.34,20.36,-5000.0,20.32,-0.02,-5150.0
115,20.32,20.33,20.34,20.34,20.32,20.34,20.36,-5000.0,20.32,-0.02,-5150.0
115,20.32,20.33,20.34,20.34,20.32,20.34,20.36,-5000.0,20.32,-0.02,-5150.0
115,20.32,20.33,20.34,20.34,20.32,20.34,20.36,-5000.0,20.32,-0.02,-5150.0
115,20.32,20.33,20.34,20.34,20.32,20.34,20.36,-5000.0,20.32,-0.02,-5150.0
115,20.32,20.33,20.34,20.34,20.32,20.34,20.36,-5000.0,20.32,-0.02,-5150.0
115,20.32,20.33,20.34,20.34,20.32,20.34,20.36,-5000.0,20.32,-0.02,-5150.0
115,20.34,20.33,20.34,20.34,20.32,20.34,20.36,0.0,0.0,0.0,-5300.0
115,20.34,20.33,20.34,20.34,20.32,20.34,20.36,0.0,0.0,0.0,-5300.0
115,20.34,20.33,20.34,20.34,20.32,20.34,20.36,0.0,0.0,0.0,-5300.0
115,20.34,20.33,20.34,20.34,20.32,20.34,20.36,0.0,0.0,0.0,-5300.0
115,20.34,20.33,20.34,20.34,20.32,20.34,20.36,0.0,0.0,0.0,-5300.0
115,20.34,20.33,20.34,20.34,20.32,20.34,20.36,0.0,0.0,0.0,-5300.0
115,20.34,20.33,20.34,20.34,20.32,20.34,20.36,0.0,0.0,0.0,-5300.0
115,20.34,20.33,20.34,20.34,20.32,20.34,20.36,0.0,0.0,0.0,-5300.0
115,20.34,20.33,20.34,20.34,20.32,20.34,20.36,0.0,0.0,0.0,-5300.0
115,20.34,20.33,20.34,20.34,20.32,20.34,20.36,0.0,0.0,0.0,-5300.0
115,20.34,20.33,20.34,20.34,20.32,20.34,20.36,0.0,0.0,0.0,-5300.0
115,20.34,20.33,20.34,20.34,20.32,20.34,20.36,0.0,0.0,0.0,-5300.0
115,20.34,20.33,20.34,20.34,20.32,20.34,20.36,0.0,0.0,0.0,-5300.0
115,20.34,20.33,20.34,20.34,20.32,20.34,20.36,0.0,0.0,0.0,-5300.0
115,20.34,20.33,20.34,20.34,20.32,20.34,20.36,0.0,0.0,0.0,-5300.0
115,20.34,20.33,20.34,20.34,20.32,20.34,20.36,0.0,0.0,0.0,-5300.0
115,20.34,20.33,20.34,20.34,20.32,20.34,20.36,0.0,0.0,0.0,-5300.0
115,20.34,20.33,20.34,20.34,20.32,20.34,20.36,0.0,0.0,0.0,-5300.0
115,20.34,20.33,20.34,20.34,20.32,20.34,20.36,0.0,0.0,0.0,-5300.0
115,20.34,20.33,20.34,20.34,20.32,20.34,20.36,0.0,0.0,0.0,-5300.0
115,20.34,20.33,20.34,20.34,20.32,20.34,20.36,0.0,0.0,0.0,-5300.0
115,20.34,20.33,20.34,20.34,20.32,20.34,20.36,0.0,0.0,0.0,-5300.0
115,20.34,20.33,20.34,20.34,20.32,20.34,20.36,0.0,0.0,0.0,-5300.0
115,20.34,20.33,20.34,20.34,20.32,20.34,20.36,0.0,0.0,0.0,-5300.0
116,20.31,20.32,20.33,20.34,20.32,20.33,20.36,0.0,0.0,0.0,-5300.0
116,20.31,20.32,20.33,20.34,20.32,20.33,20.36,0.0,0.0,0.0,-5300.0
116,20.31,20.32,20.33,20.34,20.32,20.33,20.36,0.0,0.0,0.0,-5300.0
116,20.31,20.32,20.33,20.34,20.32,20.33,20.36,0.0,0.0,0.0,-5300.0
116,20.31,20.32,20.33,20.34,20.32,20.33,20.36,0.0,0.0,0.0,-5300.0
116,20.31,20.32,20.33,20.34,20.32,20.33,20.36,0.0,0.0,0.0,-5300.0
116,20.31,20.32,20.33,20.34,20.32,20.33,20.36,0.0,0.0,0.0,-5300.0
116,20.31,20.32,20.32,20.33,20.32,20.32,20.36,0.0,0.0,0.0,-5300.0
116,20.31,20.32,20.32,20.33,20.32,20.32,20.36,0.0,0.0,0.0,-5300.0
116,20.31,20.32,20.32,20.33,20.32,20.32,20.36,0.0,0.0,0.0,-5300.0
116,20.31,20.32,20.32,20.33,20.32,20.32,20.36,0.0,0.0,0.0,-5300.0
116,20.31,20.32,20.32,20.33,20.32,20.32,20.36,0.0,0.0,0.0,-5300.0
116,20.31,20.32,20.32,20.33,20.32,20.32,20.36,0.0,0.0,0.0,-5300.0
116,20.31,20.32,20.32,20.33,20.32,20.32,20.36,0.0,0.0,0.0,-5300.0
116,20.31,20.32,20.32,20.33,20.32,20.32,20.36,0.0,0.0,0.0,-5300.0
116,20.31,20.32,20.32,20.33,20.32,20.32,20.36,0.0,0.0,0.0,-5300.0
116,20.31,20.32,20.32,20.33,20.32,20.32,20.36,0.0,0.0,0.0,-5300.0
116,20.31,20.32,20.32,20.33,20.32,20.32,20.36,0.0,0.0,0.0,-5300.0
116,20.31,20.32,20.32,20.33,20.32,20.32,20.36,0.0,0.0,0.0,-5300.0
116,20.31,20.32,20.32,20.33,20.32,20.32,20.36,0.0,0.0,0.0,-5300.0
116,20.31,20.32,20.32,20.33,20.32,20.32,20.36,0.0,0.0,0.0,-5300.0
116,20.31,20.32,20.32,20.33,20.32,20.32,20.36,0.0,0.0,0.0,-5300.0
116,20.31,20.32,20.32,20.33,20.32,20.32,20.36,0.0,0.0,0.0,-5300.0
116,20.31,20.32,20.32,20.33,20.32,20.32,20.36,0.0,0.0,0.0,-5300.0
116,20.31,20.32,20.32,20.33,20.32,20.32,20.36,0.0,0.0,0.0,-5300.0
116,20.31,20.32,20.32,20.33,20.32,20.32,20.36,0.0,0.0,0.0,-5300.0
116,20.31,20.32,20.32,20.33,20.32,20.32,20.36,0.0,0.0,0.0,-5300.0
116,20.31,20.32,20.32,20.33,20.32,20.32,20.36,0.0,0.0,0.0,-5300.0
116,20.31,20.32,20.32,20.33,20.32,20.32,20.36,0.0,0.0,0.0,-5300.0
116,20.31,20.32,20.32,20.33,20.32,20.32,20.36,0.0,0.0,0.0,-5300.0
116,20.31,20.32,20.32,20.33,20.32,20.32,20.36,0.0,0.0,0.0,-5300.0
116,20.33,20.32,20.32,20.33,20.32,20.32,20.36,0.0,0.0,0.0,-5300.0
116,20.33,20.32,20.32,20.33,20.32,20.32,20.36,0.0,0.0,0.0,-5300.0
116,20.33,20.32,20.32,20.33,20.32,20.32,20.36,0.0,0.0,0.0,-5300.0
116,20.33,20.32,20.32,20.33,20.32,20.32,20.36,0.0,0.0,0.0,-5300.0
116,20.33,20.32,20.32,20.33,20.32,20.32,20.36,0.0,0.0,0.0,-5300.0
116,20.33,20.32,20.32,20.33,20.32,20.32,20.36,0.0,0.0,0.0,-5300.0
116,20.33,20.32,20.32,20.33,20.32,20.32,20.36,0.0,0.0,0.0,-5300.0
116,20.33,20.32,20.32,20.33,20.32,20.32,20.36,0.0,0.0,0.0,-5300.0
116,20.33,20.32,20.32,20.33,20.32,20.32,20.36,0.0,0.0,0.0,-5300.0
116,20.33,20.32,20.32,20.33,20.32,20.32,20.36,0.0,0.0,0.0,-5300.0
116,20.33,20.32,20.32,20.33,20.32,20.32,20.36,0.0,0.0,0.0,-5300.0
116,20.33,20.32,20.32,20.33,20.32,20.32,20.36,0.0,0.0,0.0,-5300.0
116,20.33,20.32,20.32,20.33,20.32,20.32,20.36,0.0,0.0,0.0,-5300.0
116,20.33,20.32,20.32,20.33,20.32,20.32,20.36,0.0,0.0,0.0,-5300.0
116,20.33,20.32,20.32,20.33,20.32,20.32,20.36,0.0,0.0,0.0,-5300.0
116,20.34,20.32,20.34,20.36,20.32,20.34,20.36,0.0,0.0,0.0,-5300.0
117,20.34,20.32,20.34,20.36,20.32,20.34,20.36,0.0,0.0,0.0,-5300.0
117,20.34,20.32,20.34,20.36,20.32,20.34,20.36,0.0,0.0,0.0,-5300.0
117,20.34,20.32,20.34,20.36,20.32,20.34,20.36,0.0,0.0,0.0,-5300.0
117,20.34,20.32,20.34,20.36,20.32,20.34,20.36,0.0,0.0,0.0,-5300.0
117,20.34,20.32,20.34,20.36,20.32,20.34,20.36,0.0,0.0,0.0,-5300.0
117,20.34,20.32,20.34,20.36,20.32,20.34,20.36,0.0,0.0,0.0,-5300.0
117,20.34,20.32,20.34,20.36,20.32,20.34,20.36,0.0,0.0,0.0,-5300.0
117,20.34,20.33,20.34,20.36,20.32,20.34,20.36,0.0,0.0,0.0,-5300.0
117,20.34,20.33,20.34,20.36,20.32,20.34,20.36,0.0,0.0,0.0,-5300.0
117,20.34,20.33,20.34,20.36,20.32,20.34,20.36,0.0,0.0,0.0,-5300.0
117,20.34,20.33,20.34,20.36,20.32,20.34,20.36,0.0,0.0,0.0,-5300.0
117,20.34,20.33,20.34,20.36,20.32,20.34,20.36,0.0,0.0,0.0,-5300.0
117,20.34,20.33,20.34,20.36,20.32,20.34,20.36,0.0,0.0,0.0,-5300.0
117,20.34,20.33,20.34,20.36,20.32,20.34,20.36,0.0,0.0,0.0,-5300.0
117,20.34,20.33,20.34,20.36,20.32,20.34,20.36,0.0,0.0,0.0,-5300.0
117,20.34,20.33,20.34,20.36,20.32,20.34,20.36,0.0,0.0,0.0,-5300.0
117,20.34,20.33,20.34,20.36,20.32,20.34,20.36,0.0,0.0,0.0,-5300.0
117,20.34,20.33,20.34,20.36,20.32,20.34,20.36,0.0,0.0,0.0,-5300.0
117,20.34,20.35,20.36,20.36,20.32,20.36,20.36,0.0,0.0,0.0,-5300.0
117,20.34,20.35,20.36,20.36,20.32,20.36,20.36,0.0,0.0,0.0,-5300.0
117,20.34,20.35,20.36,20.36,20.32,20.36,20.36,0.0,0.0,0.0,-5300.0
117,20.34,20.35,20.36,20.36,20.32,20.36,20.36,0.0,0.0,0.0,-5300.0
117,20.34,20.35,20.36,20.36,20.32,20.36,20.36,0.0,0.0,0.0,-5300.0
117,20.34,20.35,20.36,20.36,20.32,20.36,20.36,0.0,0.0,0.0,-5300.0
117,20.34,20.35,20.36,20.36,20.32,20.36,20.36,0.0,0.0,0.0,-5300.0
117,20.34,20.35,20.36,20.36,20.32,20.36,20.36,0.0,0.0,0.0,-5300.0
117,20.34,20.35,20.36,20.36,20.32,20.36,20.36,0.0,0.0,0.0,-5300.0
117,20.34,20.35,20.36,20.36,20.32,20.36,20.36,0.0,0.0,0.0,-5300.0
117,20.34,20.35,20.36,20.36,20.32,20.36,20.36,0.0,0.0,0.0,-5300.0
117,20.34,20.35,20.36,20.36,20.32,20.36,20.36,0.0,0.0,0.0,-5300.0
117,20.34,20.35,20.36,20.36,20.32,20.36,20.36,0.0,0.0,0.0,-5300.0
117,20.34,20.35,20.36,20.36,20.32,20.36,20.36,0.0,0.0,0.0,-5300.0
117,20.34,20.35,20.36,20.36,20.32,20.36,20.36,0.0,0.0,0.0,-5300.0
117,20.34,20.35,20.36,20.36,20.32,20.36,20.36,0.0,0.0,0.0,-5300.0
117,20.34,20.35,20.36,20.36,20.32,20.36,20.36,0.0,0.0,0.0,-5300.0
117,20.34,20.35,20.36,20.36,20.32,20.36,20.36,0.0,0.0,0.0,-5300.0
117,20.34,20.35,20.36,20.36,20.32,20.36,20.36,0.0,0.0,0.0,-5300.0
117,20.34,20.35,20.36,20.36,20.32,20.36,20.36,0.0,0.0,0.0,-5300.0
117,20.34,20.35,20.36,20.36,20.32,20.36,20.36,0.0,0.0,0.0,-5300.0
117,20.34,20.35,20.36,20.36,20.32,20.36,20.36,0.0,0.0,0.0,-5300.0
117,20.34,20.35,20.36,20.36,20.32,20.36,20.36,0.0,0.0,0.0,-5300.0
117,20.34,20.35,20.36,20.36,20.32,20.36,20.36,0.0,0.0,0.0,-5300.0
117,20.36,20.35,20.36,20.36,20.34,20.36,20.38,-5000.0,20.36,-0.0,-5275.0
117,20.36,20.35,20.36,20.36,20.34,20.36,20.38,-5000.0,20.36,-0.0,-5275.0
118,20.29,20.26,20.29,20.32,20.27,20.29,20.31,0.0,0.0,0.0,-5325.0
118,20.29,20.26,20.29,20.32,20.27,20.29,20.31,0.0,0.0,0.0,-5325.0
118,20.29,20.26,20.29,20.32,20.27,20.29,20.31,0.0,0.0,0.0,-5325.0
118,20.29,20.26,20.29,20.32,20.27,20.29,20.31,0.0,0.0,0.0,-5325.0
118,20.29,20.26,20.29,20.32,20.27,20.29,20.31,0.0,0.0,0.0,-5325.0
118,20.29,20.26,20.29,20.32,20.27,20.29,20.31,0.0,0.0,0.0,-5325.0
118,20.29,20.27,20.29,20.31,20.27,20.29,20.31,0.0,0.0,0.0,-5325.0
118,20.29,20.27,20.29,20.31,20.27,20.29,20.31,0.0,0.0,0.0,-5325.0
118,20.29,20.27,20.29,20.31,20.27,20.29,20.31,0.0,0.0,0.0,-5325.0
118,20.29,20.27,20.29,20.31,20.27,20.29,20.31,0.0,0.0,0.0,-5325.0
118,20.29,20.27,20.29,20.31,20.27,20.29,20.31,0.0,0.0,0.0,-5325.0
118,20.29,20.27,20.29,20.31,20.27,20.29,20.31,0.0,0.0,0.0,-5325.0
118,20.29,20.27,20.29,20.31,20.27,20.29,20.31,0.0,0.0,0.0,-5325.0
118,20.29,20.27,20.29,20.31,20.27,20.29,20.31,0.0,0.0,0.0,-5325.0
118,20.29,20.27,20.29,20.31,20.27,20.29,20.31,0.0,0.0,0.0,-5325.0
118,20.29,20.27,20.29,20.31,20.27,20.29,20.31,0.0,0.0,0.0,-5325.0
118,20.29,20.27,20.29,20.31,20.27,20.29,20.31,0.0,0.0,0.0,-5325.0
118,20.29,20.27,20.29,20.31,20.27,20.29,20.31,0.0,0.0,0.0,-5325.0
118,20.29,20.27,20.29,20.31,20.27,20.29,20.31,0.0,0.0,0.0,-5325.0
118,20.32,20.29,20.3,20.32,20.28,20.3,20.32,-5000.0,20.31,0.01,-5300.0
118,20.32,20.29,20.3,20.32,20.28,20.3,20.32,-5000.0,20.31,0.01,-5300.0
118,20.32,20.29,20.3,20.32,20.28,20.3,20.32,-5000.0,20.31,0.01,-5300.0
118,20.32,20.29,20.3,20.32,20.28,20.3,20.32,-5000.0,20.31,0.01,-5300.0
118,20.32,20.29,20.3,20.32,20.28,20.3,20.32,-5000.0,20.31,0.01,-5300.0
118,20.32,20.29,20.3,20.32,20.28,20.3,20.32,-5000.0,20.31,0.01,-5300.0
118,20.32,20.29,20.3,20.32,20.28,20.3,20.32,-5000.0,20.31,0.01,-5300.0
118,20.32,20.29,20.3,20.32,20.28,20.3,20.32,-5000.0,20.31,0.01,-5300.0
118,20.32,20.29,20.3,20.32,20.28,20.3,20.32,-5000.0,20.31,0.01,-5300.0
118,20.32,20.29,20.3,20.32,20.28,20.3,20.32,0.0,0.0,0.0,-5400.0
118,20.32,20.29,20.3,20.32,20.28,20.3,20.32,0.0,0.0,0.0,-5400.0
118,20.32,20.29,20.3,20.32,20.28,20.3,20.32,0.0,0.0,0.0,-5400.0
118,20.32,20.29,20.3,20.32,20.28,20.3,20.32,0.0,0.0,0.0,-5400.0
118,20.32,20.29,20.3,20.32,20.28,20.3,20.32,0.0,0.0,0.0,-5400.0
118,20.32,20.29,20.3,20.32,20.28,20.3,20.32,0.0,0.0,0.0,-5400.0
118,20.32,20.29,20.3,20.32,20.28,20.3,20.32,0.0,0.0,0.0,-5400.0
118,20.32,20.29,20.3,20.32,20.28,20.3,20.32,0.0,0.0,0.0,-5400.0
118,20.32,20.29,20.3,20.32,20.28,20.3,20.32,0.0,0.0,0.0,-5400.0
118,20.32,20.29,20.3,20.32,20.28,20.3,20.32,0.0,0.0,0.0,-5400.0
118,20.32,20.31,20.31,20.32,20.28,20.31,20.32,0.0,0.0,0.0,-5400.0
118,20.32,20.31,20.31,20.32,20.28,20.31,20.32,0.0,0.0,0.0,-5400.0
118,20.32,20.31,20.31,20.32,20.28,20.31,20.32,0.0,0.0,0.0,-5400.0
119,20.24,20.21,20.24,20.27,20.22,20.24,20.26,5000.0,20.28,-0.04,-5375.0
119,20.24,20.21,20.24,20.27,20.22,20.24,20.26,5000.0,20.28,-0.04,-5375.0
119,20.24,20.21,20.24,20.27,20.22,20.24,20.26,5000.0,20.28,-0.04,-5375.0
119,20.24,20.21,20.24,20.27,20.22,20.24,20.26,5000.0,20.28,-0.04,-5375.0
119,20.24,20.21,20.24,20.27,20.22,20.24,20.26,5000.0,20.28,-0.04,-5375.0
119,20.24,20.21,20.24,20.27,20.22,20.24,20.26,5000.0,20.28,-0.04,-5375.0
119,20.24,20.22,20.24,20.26,20.22,20.24,20.26,5000.0,20.28,-0.04,-5375.0
119,20.24,20.22,20.24,20.26,20.22,20.24,20.26,5000.0,20.28,-0.04,-5375.0
119,20.24,20.22,20.24,20.26,20.22,20.24,20.26,5000.0,20.28,-0.04,-5375.0
119,20.24,20.22,20.24,20.26,20.22,20.24,20.26,5000.0,20.28,-0.04,-5375.0
119,20.24,20.22,20.24,20.26,20.22,20.24,20.26,5000.0,20.28,-0.04,-5375.0
119,20.24,20.22,20.24,20.26,20.22,20.24,20.26,5000.0,20.28,-0.04,-5375.0
119,20.24,20.22,20.24,20.26,20.22,20.24,20.26,5000.0,20.28,-0.04,-5375.0
119,20.24,20.22,20.24,20.26,20.22,20.24,20.26,5000.0,20.28,-0.04,-5375.0
119,20.24,20.22,20.24,20.26,20.22,20.24,20.26,5000.0,20.28,-0.04,-5375.0
119,20.24,20.22,20.24,20.26,20.22,20.24,20.26,5000.0,20.28,-0.04,-5375.0
119,20.24,20.22,20.24,20.26,20.22,20.24,20.26,5000.0,20.28,-0.04,-5375.0
119,20.24,20.22,20.24,20.26,20.22,20.24,20.26,5000.0,20.28,-0.04,-5375.0
119,20.24,20.22,20.24,20.26,20.22,20.24,20.26,5000.0,20.28,-0.04,-5375.0
119,20.24,20.22,20.24,20.26,20.22,20.24,20.26,5000.0,20.28,-0.04,-5375.0
119,20.24,20.22,20.24,20.26,20.22,20.24,20.26,5000.0,20.28,-0.04,-5375.0
119,20.24,20.22,20.24,20.26,20.22,20.24,20.26,5000.0,20.28,-0.04,-5375.0
119,20.24,20.22,20.24,20.26,20.22,20.24,20.26,5000.0,20.28,-0.04,-5375.0
119,20.24,20.22,20.24,20.26,20.22,20.24,20.26,5000.0,20.28,-0.04,-5375.0
119,20.24,20.22,20.24,20.26,20.22,20.24,20.26,5000.0,20.28,-0.04,-5375.0
119,20.24,20.22,20.24,20.26,20.22,20.24,20.26,5000.0,20.28,-0.04,-5375.0
119,20.24,20.22,20.24,20.26,20.22,20.24,20.26,5000.0,20.28,-0.04,-5375.0
119,20.24,20.22,20.24,20.26,20.22,20.24,20.26,5000.0,20.28,-0.04,-5375.0
119,20.24,20.22,20.24,20.26,20.22,20.24,20.26,5000.0,20.28,-0.04,-5375.0
119,20.24,20.22,20.24,20.26,20.22,20.24,20.26,5000.0,20.28,-0.04,-5375.0
119,20.24,20.24,20.25,20.26,20.22,20.25,20.26,5000.0,20.28,-0.03,-5375.0
119,20.24,20.24,20.25,20.26,20.22,20.25,20.26,5000.0,20.28,-0.03,-5375.0
119,20.24,20.24,20.25,20.26,20.22,20.25,20.26,5000.0,20.28,-0.03,-5375.0
119,20.24,20.24,20.25,20.26,20.22,20.25,20.26,5000.0,20.28,-0.03,-5375.0
119,20.24,20.24,20.25,20.26,20.22,20.25,20.26,5000.0,20.28,-0.03,-5375.0
119,20.24,20.24,20.25,20.26,20.22,20.25,20.26,5000.0,20.28,-0.03,-5375.0
119,20.24,20.24,20.25,20.26,20.22,20.25,20.26,5000.0,20.28,-0.03,-5375.0
119,20.24,20.24,20.25,20.26,20.22,20.25,20.26,5000.0,20.28,-0.03,-5375.0
119,20.24,20.24,20.25,20.26,20.22,20.25,20.26,5000.0,20.28,-0.03,-5375.0
119,20.24,20.24,20.25,20.26,20.22,20.25,20.26,5000.0,20.28,-0.03,-5375.0
119,20.24,20.24,20.25,20.26,20.22,20.25,20.26,5000.0,20.28,-0.03,-5375.0
119,20.24,20.24,20.25,20.26,20.22,20.25,20.26,5000.0,20.28,-0.03,-5375.0
119,20.24,20.24,20.25,20.26,20.22,20.25,20.26,5000.0,20.28,-0.03,-5375.0
119,20.24,20.24,20.25,20.26,20.22,20.25,20.26,5000.0,20.28,-0.03,-5375.0
119,20.24,20.24,20.25,20.26,20.22,20.25,20.26,5000.0,20.28,-0.03,-5375.0
119,20.27,20.24,20.27,20.3,20.25,20.27,20.29,0.0,0.0,0.0,-5450.0
120,20.27,20.24,20.27,20.3,20.25,20.27,20.29,0.0,0.0,0.0,-5450.0
120,20.27,20.24,20.27,20.3,20.25,20.27,20.29,0.0,0.0,0.0,-5450.0
120,20.27,20.24,20.27,20.3,20.25,20.27,20.29,0.0,0.0,0.0,-5450.0
120,20.27,20.24,20.27,20.3,20.25,20.27,20.29,0.0,0.0,0.0,-5450.0
120,20.27,20.24,20.27,20.3,20.25,20.27,20.29,0.0,0.0,0.0,-5450.0
120,20.27,20.24,20.27,20.3,20.25,20.27,20.29,0.0,0.0,0.0,-5450.0
120,20.27,20.25,20.27,20.29,20.25,20.27,20.29,0.0,0.0,0.0,-5450.0
120,20.27,20.25,20.27,20.29,20.25,20.27,20.29,0.0,0.0,0.0,-5450.0
120,20.27,20.25,20.27,20.29,20.25,20.27,20.29,0.0,0.0,0.0,-5450.0
120,20.27,20.25,20.27,20.29,20.25,20.27,20.29,0.0,0.0,0.0,-5450.0
120,20.27,20.25,20.27,20.29,20.25,20.27,20.29,0.0,0.0,0.0,-5450.0
120,20.27,20.25,20.27,20.29,20.25,20.27,20.29,0.0,0.0,0.0,-5450.0
120,20.27,20.25,20.27,20.29,20.25,20.27,20.29,0.0,0.0,0.0,-5450.0
120,20.27,20.25,20.27,20.29,20.25,20.27,20.29,0.0,0.0,0.0,-5450.0
120,20.27,20.25,20.27,20.29,20.25,20.27,20.29,0.0,0.0,0.0,-5450.0
120,20.27,20.25,20.27,20.29,20.25,20.27,20.29,0.0,0.0,0.0,-5450.0
120,20.27,20.25,20.27,20.29,20.25,20.27,20.29,0.0,0.0,0.0,-5450.0
120,20.27,20.25,20.27,20.29,20.25,20.27,20.29,0.0,0.0,0.0,-5450.0
120,20.25,20.24,20.24,20.25,20.22,20.24,20.26,5000.0,20.25,-0.01,-5425.0
120,20.25,20.24,20.24,20.25,20.22,20.24,20.26,5000.0,20.25,-0.01,-5425.0
120,20.25,20.24,20.24,20.25,20.22,20.24,20.26,5000.0,20.25,-0.01,-5425.0
120,20.25,20.24,20.24,20.25,20.22,20.24,20.26,5000.0,20.25,-0.01,-5425.0
120,20.25,20.24,20.24,20.25,20.22,20.24,20.26,5000.0,20.25,-0.01,-5425.0
120,20.25,20.24,20.24,20.25,20.22,20.24,20.26,5000.0,20.25,-0.01,-5425.0
120,20.25,20.24,20.24,20.25,20.22,20.24,20.26,5000.0,20.25,-0.01,-5425.0
120,20.25,20.24,20.24,20.25,20.22,20.24,20.26,5000.0,20.25,-0.01,-5425.0
120,20.25,20.24,20.24,20.25,20.22,20.24,20.26,5000.0,20.25,-0.01,-5425.0
120,20.25,20.24,20.24,20.25,20.22,20.24,20.26,5000.0,20.25,-0.01,-5425.0
120,20.26,20.27,20.27,20.28,20.25,20.27,20.29,0.0,0.0,0.0,-5350.0
120,20.26,20.27,20.27,20.28,20.25,20.27,20.29,0.0,0.0,0.0,-5350.0
120,20.26,20.27,20.27,20.28,20.25,20.27,20.29,0.0,0.0,0.0,-5350.0
120,20.26,20.27,20.27,20.28,20.25,20.27,20.29,0.0,0.0,0.0,-5350.0
120,20.26,20.27,20.27,20.28,20.25,20.27,20.29,0.0,0.0,0.0,-5350.0
120,20.26,20.27,20.27,20.28,20.25,20.27,20.29,0.0,0.0,0.0,-5350.0
120,20.26,20.27,20.27,20.28,20.25,20.27,20.29,0.0,0.0,0.0,-5350.0
120,20.26,20.27,20.27,20.28,20.25,20.27,20.29,0.0,0.0,0.0,-5350.0
120,20.26,20.27,20.27,20.28,20.25,20.27,20.29,0.0,0.0,0.0,-5350.0
120,20.26,20.27,20.27,20.28,20.25,20.27,20.29,0.0,0.0,0.0,-5350.0
120,20.26,20.27,20.27,20.28,20.25,20.27,20.29,0.0,0.0,0.0,-5350.0
120,20.26,20.27,20.27,20.28,20.25,20.27,20.29,0.0,0.0,0.0,-5350.0
120,20.26,20.27,20.27,20.28,20.25,20.27,20.29,0.0,0.0,0.0,-5350.0
121,20.3,20.27,20.28,20.29,20.25,20.28,20.29,0.0,0.0,0.0,-5350.0
121,20.3,20.27,20.28,20.29,20.25,20.28,20.29,0.0,0.0,0.0,-5350.0
121,20.3,20.27,20.28,20.29,20.25,20.28,20.29,0.0,0.0,0.0,-5350.0
121,20.3,20.27,20.28,20.29,20.25,20.28,20.29,0.0,0.0,0.0,-5350.0
121,20.3,20.27,20.28,20.29,20.25,20.28,20.29,0.0,0.0,0.0,-5350.0
121,20.3,20.27,20.28,20.29,20.25,20.28,20.29,0.0,0.0,0.0,-5350.0
121,20.3,20.27,20.28,20.29,20.25,20.28,20.29,0.0,0.0,0.0,-5350.0
121,20.3,20.27,20.28,20.29,20.25,20.28,20.29,0.0,0.0,0.0,-5350.0
121,20.3,20.27,20.28,20.29,20.25,20.28,20.29,0.0,0.0,0.0,-5350.0
121,20.3,20.27,20.28,20.29,20.25,20.28,20.29,0.0,0.0,0.0,-5350.0
121,20.3,20.27,20.28,20.29,20.25,20.28,20.29,0.0,0.0,0.0,-5350.0
121,20.3,20.27,20.28,20.29,20.25,20.28,20.29,0.0,0.0,0.0,-5350.0
121,20.3,20.27,20.28,20.29,20.25,20.28,20.29,0.0,0.0,0.0,-5350.0
121,20.3,20.27,20.28,20.29,20.25,20.28,20.29,0.0,0.0,0.0,-5350.0
121,20.3,20.27,20.28,20.29,20.25,20.28,20.29,0.0,0.0,0.0,-5350.0
121,20.3,20.27,20.28,20.29,20.25,20.28,20.29,0.0,0.0,0.0,-5350.0
121,20.3,20.27,20.28,20.29,20.25,20.28,20.29,0.0,0.0,0.0,-5350.0
121,20.3,20.27,20.28,20.29,20.25,20.28,20.29,0.0,0.0,0.0,-5350.0
121,20.3,20.27,20.28,20.29,20.25,20.28,20.29,0.0,0.0,0.0,-5350.0
121,20.3,20.27,20.28,20.29,20.25,20.28,20.29,0.0,0.0,0.0,-5350.0
121,20.27,20.27,20.28,20.29,20.25,20.28,20.29,0.0,0.0,0.0,-5350.0
121,20.27,20.27,20.28,20.29,20.25,20.28,20.29,0.0,0.0,0.0,-5350.0
121,20.27,20.27,20.28,20.29,20.25,20.28,20.29,0.0,0.0,0.0,-5350.0
121,20.27,20.27,20.28,20.29,20.25,20.28,20.29,0.0,0.0,0.0,-5350.0
121,20.27,20.27,20.28,20.29,20.25,20.28,20.29,0.0,0.0,0.0,-5350.0
121,20.27,20.27,20.28,20.29,20.25,20.28,20.29,0.0,0.0,0.0,-5350.0
121,20.27,20.27,20.28,20.29,20.25,20.28,20.29,0.0,0.0,0.0,-5350.0
121,20.27,20.27,20.28,20.29,20.25,20.28,20.29,0.0,0.0,0.0,-5350.0
121,20.27,20.27,20.28,20.29,20.25,20.28,20.29,0.0,0.0,0.0,-5350.0
121,20.27,20.27,20.28,20.29,20.25,20.28,20.29,0.0,0.0,0.0,-5350.0
121,20.27,20.27,20.28,20.29,20.25,20.28,20.29,0.0,0.0,0.0,-5350.0
121,20.27,20.27,20.28,20.29,20.25,20.28,20.29,0.0,0.0,0.0,-5350.0
121,20.27,20.27,20.28,20.29,20.25,20.28,20.29,0.0,0.0,0.0,-5350.0
121,20.27,20.27,20.28,20.29,20.25,20.28,20.29,0.0,0.0,0.0,-5350.0
121,20.27,20.27,20.28,20.29,20.25,20.28,20.29,0.0,0.0,0.0,-5350.0
121,20.27,20.27,20.28,20.29,20.25,20.28,20.29,0.0,0.0,0.0,-5350.0
121,20.27,20.27,20.28,20.29,20.25,20.28,20.29,0.0,0.0,0.0,-5350.0
121,20.27,20.27,20.28,20.29,20.25,20.28,20.29,0.0,0.0,0.0,-5350.0
121,20.27,20.27,20.28,20.29,20.25,20.28,20.29,0.0,0.0,0.0,-5350.0
121,20.27,20.27,20.28,20.29,20.25,20.28,20.29,0.0,0.0,0.0,-5350.0
121,20.27,20.27,20.28,20.29,20.25,20.28,20.29,0.0,0.0,0.0,-5350.0
121,20.27,20.27,20.28,20.29,20.25,20.28,20.29,0.0,0.0,0.0,-5350.0
121,20.27,20.27,20.28,20.29,20.25,20.28,20.29,0.0,0.0,0.0,-5350.0
121,20.27,20.27,20.28,20.29,20.25,20.28,20.29,0.0,0.0,0.0,-5350.0
121,20.27,20.27,20.28,20.29,20.25,20.28,20.29,0.0,0.0,0.0,-5350.0
121,20.27,20.27,20.28,20.29,20.25,20.28,20.29,0.0,0.0,0.0,-5350.0
121,20.27,20.27,20.28,20.29,20.25,20.28,20.29,0.0,0.0,0.0,-5350.0
122,20.22,20.19,20.22,20.25,20.25,20.22,20.29,0.0,0.0,0.0,-5100.0
122,20.22,20.19,20.22,20.25,20.25,20.22,20.29,0.0,0.0,0.0,-5100.0
122,20.22,20.19,20.22,20.25,20.25,20.22,20.29,0.0,0.0,0.0,-5100.0
122,20.22,20.19,20.22,20.25,20.25,20.22,20.29,0.0,0.0,0.0,-5100.0
122,20.22,20.19,20.22,20.25,20.25,20.22,20.29,0.0,0.0,0.0,-5100.0
122,20.22,20.19,20.22,20.25,20.25,20.22,20.29,0.0,0.0,0.0,-5100.0
122,20.22,20.19,20.22,20.25,20.25,20.22,20.29,0.0,0.0,0.0,-5100.0
122,20.22,20.19,20.22,20.25,20.25,20.22,20.29,0.0,0.0,0.0,-5100.0
122,20.22,20.19,20.22,20.25,20.25,20.22,20.29,0.0,0.0,0.0,-5100.0
122,20.22,20.19,20.22,20.25,20.25,20.22,20.29,0.0,0.0,0.0,-5100.0
122,20.22,20.19,20.22,20.25,20.25,20.22,20.29,0.0,0.0,0.0,-5100.0
122,20.22,20.19,20.22,20.25,20.25,20.22,20.29,0.0,0.0,0.0,-5100.0
122,20.22,20.19,20.22,20.25,20.25,20.22,20.29,0.0,0.0,0.0,-5100.0
122,20.22,20.19,20.22,20.25,20.25,20.22,20.29,0.0,0.0,0.0,-5100.0
122,20.22,20.19,20.22,20.25,20.25,20.22,20.29,0.0,0.0,0.0,-5100.0
122,20.22,20.19,20.22,20.25,20.25,20.22,20.29,0.0,0.0,0.0,-5100.0
122,20.22,20.19,20.22,20.25,20.25,20.22,20.29,0.0,0.0,0.0,-5100.0
122,20.22,20.19,20.22,20.25,20.25,20.22,20.29,0.0,0.0,0.0,-5100.0
122,20.22,20.19,20.22,20.25,20.25,20.22,20.29,0.0,0.0,0.0,-5100.0
122,20.22,20.19,20.21,20.23,20.25,20.21,20.29,0.0,0.0,0.0,-5100.0
122,20.22,20.19,20.21,20.23,20.25,20.21,20.29,0.0,0.0,0.0,-5100.0
122,20.22,20.19,20.21,20.23,20.25,20.21,20.29,0.0,0.0,0.0,-5100.0
122,20.22,20.19,20.21,20.23,20.25,20.21,20.29,0.0,0.0,0.0,-5100.0
122,20.22,20.19,20.21,20.23,20.25,20.21,20.29,0.0,0.0,0.0,-5100.0
122,20.22,20.19,20.21,20.23,20.25,20.21,20.29,0.0,0.0,0.0,-5100.0
122,20.22,20.19,20.21,20.23,20.25,20.21,20.29,0.0,0.0,0.0,-5100.0
122,20.22,20.19,20.21,20.23,20.25,20.21,20.29,0.0,0.0,0.0,-5100.0
122,20.22,20.19,20.21,20.23,20.25,20.21,20.29,0.0,0.0,0.0,-5100.0
122,20.22,20.19,20.21,20.23,20.25,20.21,20.29,0.0,0.0,0.0,-5100.0
122,20.22,20.19,20.21,20.23,20.25,20.21,20.29,0.0,0.0,0.0,-5100.0
122,20.22,20.19,20.21,20.23,20.25,20.21,20.29,0.0,0.0,0.0,-5100.0
122,20.19,20.19,20.21,20.23,20.25,20.21,20.29,0.0,0.0,0.0,-5100.0
122,20.19,20.19,20.21,20.23,20.25,20.21,20.29,0.0,0.0,0.0,-5100.0
122,20.19,20.19,20.21,20.23,20.25,20.21,20.29,0.0,0.0,0.0,-5100.0
122,20.19,20.19,20.21,20.23,20.25,20.21,20.29,0.0,0.0,0.0,-5100.0
122,20.19,20.19,20.21,20.23,20.25,20.21,20.29,0.0,0.0,0.0,-5100.0
122,20.19,20.19,20.21,20.23,20.25,20.21,20.29,0.0,0.0,0.0,-5100.0
122,20.19,20.19,20.21,20.23,20.25,20.21,20.29,0.0,0.0,0.0,-5100.0
122,20.19,20.19,20.21,20.23,20.25,20.21,20.29,0.0,0.0,0.0,-5100.0
122,20.19,20.19,20.21,20.23,20.25,20.21,20.29,0.0,0.0,0.0,-5100.0
122,20.19,20.19,20.21,20.23,20.25,20.21,20.29,0.0,0.0,0.0,-5100.0
122,20.19,20.19,20.21,20.23,20.25,20.21,20.29,0.0,0.0,0.0,-5100.0
122,20.19,20.19,20.21,20.23,20.25,20.21,20.29,0.0,0.0,0.0,-5100.0
122,20.19,20.19,20.21,20.23,20.25,20.21,20.29,0.0,0.0,0.0,-5100.0
122,20.19,20.19,20.21,20.23,20.25,20.21,20.29,0.0,0.0,0.0,-5100.0
122,20.19,20.19,20.21,20.23,20.25,20.21,20.29,0.0,0.0,0.0,-5100.0
122,20.19,20.19,20.21,20.23,20.25,20.21,20.29,0.0,0.0,0.0,-5100.0
122,20.24,20.21,20.24,20.27,20.25,20.24,20.29,0.0,0.0,0.0,-5100.0
123,20.24,20.21,20.24,20.27,20.25,20.24,20.29,0.0,0.0,0.0,-5100.0
123,20.24,20.21,20.24,20.27,20.25,20.24,20.29,0.0,0.0,0.0,-5100.0
123,20.24,20.21,20.24,20.27,20.25,20.24,20.29,0.0,0.0,0.0,-5100.0
123,20.24,20.21,20.24,20.27,20.25,20.24,20.29,0.0,0.0,0.0,-5100.0
123,20.24,20.21,20.24,20.27,20.25,20.24,20.29,0.0,0.0,0.0,-5100.0
123,20.24,20.21,20.24,20.27,20.25,20.24,20.29,0.0,0.0,0.0,-5100.0
123,20.24,20.21,20.24,20.27,20.25,20.24,20.29,0.0,0.0,0.0,-5100.0
123,20.24,20.21,20.24,20.27,20.25,20.24,20.29,0.0,0.0,0.0,-5100.0
123,20.24,20.21,20.24,20.27,20.25,20.24,20.29,0.0,0.0,0.0,-5100.0
123,20.24,20.21,20.24,20.27,20.25,20.24,20.29,0.0,0.0,0.0,-5100.0
123,20.24,20.21,20.24,20.27,20.25,20.24,20.29,0.0,0.0,0.0,-5100.0
123,20.24,20.21,20.24,20.27,20.25,20.24,20.29,0.0,0.0,0.0,-5100.0
123,20.24,20.21,20.24,20.27,20.25,20.24,20.29,0.0,0.0,0.0,-5100.0
123,20.24,20.21,20.24,20.27,20.25,20.24,20.29,0.0,0.0,0.0,-5100.0
123,20.24,20.21,20.24,20.27,20.25,20.24,20.29,0.0,0.0,0.0,-5100.0
123,20.24,20.21,20.24,20.27,20.25,20.24,20.29,0.0,0.0,0.0,-5100.0
123,20.24,20.21,20.24,20.27,20.25,20.24,20.29,0.0,0.0,0.0,-5100.0
123,20.24,20.21,20.24,20.27,20.25,20.24,20.29,0.0,0.0,0.0,-5100.0
123,20.24,20.21,20.24,20.27,20.25,20.24,20.29,0.0,0.0,0.0,-5100.0
123,20.24,20.21,20.24,20.27,20.25,20.24,20.29,0.0,0.0,0.0,-5100.0
123,20.24,20.25,20.26,20.27,20.25,20.26,20.29,0.0,0.0,0.0,-5100.0
123,20.24,20.25,20.26,20.27,20.25,20.26,20.29,0.0,0.0,0.0,-5100.0
123,20.24,20.25,20.26,20.27,20.25,20.26,20.29,0.0,0.0,0.0,-5100.0
123,20.24,20.25,20.26,20.27,20.25,20.26,20.29,0.0,0.0,0.0,-5100.0
123,20.24,20.25,20.26,20.27,20.25,20.26,20.29,0.0,0.0,0.0,-5100.0
123,20.24,20.25,20.26,20.27,20.25,20.26,20.29,0.0,0.0,0.0,-5100.0
123,20.24,20.25,20.26,20.27,20.25,20.26,20.29,0.0,0.0,0.0,-5100.0
123,20.24,20.25,20.26,20.27,20.25,20.26,20.29,0.0,0.0,0.0,-5100.0
123,20.24,20.25,20.26,20.27,20.25,20.26,20.29,0.0,0.0,0.0,-5100.0
123,20.24,20.25,20.26,20.27,20.25,20.26,20.29,0.0,0.0,0.0,-5100.0
123,20.24,20.25,20.26,20.27,20.25,20.26,20.29,0.0,0.0,0.0,-5100.0
123,20.24,20.25,20.26,20.27,20.25,20.26,20.29,0.0,0.0,0.0,-5100.0
123,20.24,20.25,20.26,20.27,20.25,20.26,20.29,0.0,0.0,0.0,-5100.0
123,20.24,20.25,20.26,20.27,20.25,20.26,20.29,0.0,0.0,0.0,-5100.0
123,20.24,20.25,20.26,20.27,20.25,20.26,20.29,0.0,0.0,0.0,-5100.0
123,20.24,20.25,20.26,20.27,20.25,20.26,20.29,0.0,0.0,0.0,-5100.0
123,20.24,20.25,20.26,20.27,20.25,20.26,20.29,0.0,0.0,0.0,-5100.0
123,20.24,20.25,20.26,20.27,20.25,20.26,20.29,0.0,0.0,0.0,-5100.0
123,20.24,20.25,20.26,20.27,20.25,20.26,20.29,0.0,0.0,0.0,-5100.0
123,20.24,20.25,20.26,20.27,20.25,20.26,20.29,0.0,0.0,0.0,-5100.0
123,20.24,20.25,20.26,20.27,20.25,20.26,20.29,0.0,0.0,0.0,-5100.0
123,20.24,20.25,20.26,20.27,20.25,20.26,20.29,0.0,0.0,0.0,-5100.0
123,20.24,20.25,20.26,20.27,20.25,20.26,20.29,0.0,0.0,0.0,-5100.0
123,20.24,20.25,20.26,20.27,20.25,20.26,20.29,0.0,0.0,0.0,-5100.0
123,20.24,20.25,20.26,20.27,20.25,20.26,20.29,0.0,0.0,0.0,-5100.0
123,20.24,20.25,20.26,20.27,20.25,20.26,20.29,0.0,0.0,0.0,-5100.0
124,20.26,20.23,20.26,20.29,20.25,20.26,20.29,0.0,0.0,0.0,-5100.0
124,20.26,20.23,20.26,20.29,20.25,20.26,20.29,0.0,0.0,0.0,-5100.0
124,20.26,20.23,20.26,20.29,20.25,20.26,20.29,0.0,0.0,0.0,-5100.0
124,20.26,20.23,20.26,20.29,20.25,20.26,20.29,0.0,0.0,0.0,-5100.0
124,20.26,20.23,20.26,20.29,20.25,20.26,20.29,0.0,0.0,0.0,-5100.0
124,20.26,20.23,20.26,20.29,20.25,20.26,20.29,0.0,0.0,0.0,-5100.0
124,20.26,20.23,20.26,20.29,20.25,20.26,20.29,0.0,0.0,0.0,-5100.0
124,20.26,20.23,20.26,20.29,20.25,20.26,20.29,0.0,0.0,0.0,-5100.0
124,20.26,20.23,20.26,20.29,20.25,20.26,20.29,0.0,0.0,0.0,-5100.0
124,20.26,20.23,20.26,20.29,20.25,20.26,20.29,0.0,0.0,0.0,-5100.0
124,20.26,20.23,20.26,20.29,20.25,20.26,20.29,0.0,0.0,0.0,-5100.0
124,20.26,20.23,20.26,20.29,20.25,20.26,20.29,0.0,0.0,0.0,-5100.0
124,20.26,20.23,20.26,20.29,20.25,20.26,20.29,0.0,0.0,0.0,-5100.0
124,20.26,20.23,20.26,20.29,20.25,20.26,20.29,0.0,0.0,0.0,-5100.0
124,20.26,20.23,20.26,20.29,20.25,20.26,20.29,0.0,0.0,0.0,-5100.0
124,20.26,20.23,20.26,20.29,20.25,20.26,20.29,0.0,0.0,0.0,-5100.0
124,20.26,20.23,20.26,20.29,20.25,20.26,20.29,0.0,0.0,0.0,-5100.0
124,20.26,20.23,20.26,20.29,20.25,20.26,20.29,0.0,0.0,0.0,-5100.0
124,20.26,20.23,20.26,20.29,20.25,20.26,20.29,0.0,0.0,0.0,-5100.0
124,20.26,20.23,20.26,20.29,20.25,20.26,20.29,0.0,0.0,0.0,-5100.0
124,20.26,20.27,20.28,20.29,20.25,20.28,20.29,0.0,0.0,0.0,-5100.0
124,20.26,20.27,20.28,20.29,20.25,20.28,20.29,0.0,0.0,0.0,-5100.0
124,20.26,20.27,20.28,20.29,20.25,20.28,20.29,0.0,0.0,0.0,-5100.0
124,20.26,20.27,20.28,20.29,20.25,20.28,20.29,0.0,0.0,0.0,-5100.0
124,20.26,20.27,20.28,20.29,20.25,20.28,20.29,0.0,0.0,0.0,-5100.0
124,20.26,20.27,20.28,20.29,20.25,20.28,20.29,0.0,0.0,0.0,-5100.0
124,20.26,20.27,20.28,20.29,20.25,20.28,20.29,0.0,0.0,0.0,-5100.0
124,20.26,20.27,20.28,20.29,20.25,20.28,20.29,0.0,0.0,0.0,-5100.0
124,20.26,20.27,20.28,20.29,20.25,20.28,20.29,0.0,0.0,0.0,-5100.0
124,20.26,20.27,20.28,20.29,20.25,20.28,20.29,0.0,0.0,0.0,-5100.0
124,20.26,20.27,20.28,20.29,20.25,20.28,20.29,0.0,0.0,0.0,-5100.0
124,20.26,20.27,20.28,20.29,20.25,20.28,20.29,0.0,0.0,0.0,-5100.0
124,20.26,20.28,20.29,20.29,20.25,20.29,20.29,0.0,0.0,0.0,-5100.0
124,20.26,20.28,20.29,20.29,20.25,20.29,20.29,0.0,0.0,0.0,-5100.0
124,20.26,20.28,20.29,20.29,20.25,20.29,20.29,0.0,0.0,0.0,-5100.0
124,20.26,20.28,20.29,20.29,20.25,20.29,20.29,0.0,0.0,0.0,-5100.0
124,20.26,20.28,20.29,20.29,20.25,20.29,20.29,0.0,0.0,0.0,-5100.0
124,20.26,20.28,20.29,20.29,20.25,20.29,20.29,0.0,0.0,0.0,-5100.0
124,20.26,20.28,20.29,20.29,20.25,20.29,20.29,0.0,0.0,0.0,-5100.0
124,20.26,20.28,20.29,20.29,20.25,20.29,20.29,0.0,0.0,0.0,-5100.0
124,20.26,20.28,20.29,20.29,20.25,20.29,20.29,0.0,0.0,0.0,-5100.0
124,20.26,20.28,20.29,20.29,20.25,20.29,20.29,0.0,0.0,0.0,-5100.0
124,20.26,20.28,20.29,20.29,20.25,20.29,20.29,0.0,0.0,0.0,-5100.0
124,20.26,20.28,20.29,20.29,20.25,20.29,20.29,0.0,0.0,0.0,-5100.0
124,20.26,20.28,20.29,20.29,20.25,20.29,20.29,0.0,0.0,0.0,-5100.0
124,20.26,20.28,20.29,20.29,20.25,20.29,20.29,0.0,0.0,0.0,-5100.0
124,20.26,20.28,20.29,20.29,20.25,20.29,20.29,0.0,0.0,0.0,-5100.0
125,20.27,20.24,20.27,20.3,20.25,20.27,20.29,0.0,0.0,0.0,-5100.0
125,20.27,20.24,20.27,20.3,20.25,20.27,20.29,0.0,0.0,0.0,-5100.0
125,20.27,20.24,20.27,20.3,20.25,20.27,20.29,0.0,0.0,0.0,-5100.0
125,20.27,20.24,20.27,20.3,20.25,20.27,20.29,0.0,0.0,0.0,-5100.0
125,20.27,20.24,20.27,20.3,20.25,20.27,20.29,0.0,0.0,0.0,-5100.0
125,20.27,20.24,20.27,20.3,20.25,20.27,20.29,0.0,0.0,0.0,-5100.0
125,20.27,20.24,20.27,20.3,20.25,20.27,20.29,0.0,0.0,0.0,-5100.0
125,20.27,20.24,20.27,20.3,20.25,20.27,20.29,0.0,0.0,0.0,-5100.0
125,20.27,20.24,20.27,20.3,20.25,20.27,20.29,0.0,0.0,0.0,-5100.0
125,20.27,20.24,20.27,20.3,20.25,20.27,20.29,0.0,0.0,0.0,-5100.0
125,20.27,20.24,20.27,20.3,20.25,20.27,20.29,0.0,0.0,0.0,-5100.0
125,20.27,20.24,20.27,20.3,20.25,20.27,20.29,0.0,0.0,0.0,-5100.0
125,20.27,20.24,20.27,20.3,20.25,20.27,20.29,0.0,0.0,0.0,-5100.0
125,20.27,20.24,20.27,20.3,20.25,20.27,20.29,0.0,0.0,0.0,-5100.0
125,20.27,20.24,20.27,20.3,20.25,20.27,20.29,0.0,0.0,0.0,-5100.0
125,20.27,20.24,20.27,20.3,20.25,20.27,20.29,0.0,0.0,0.0,-5100.0
125,20.27,20.24,20.27,20.3,20.25,20.27,20.29,0.0,0.0,0.0,-5100.0
125,20.27,20.24,20.27,20.3,20.25,20.27,20.29,0.0,0.0,0.0,-5100.0
125,20.27,20.24,20.27,20.3,20.25,20.27,20.29,0.0,0.0,0.0,-5100.0
125,20.27,20.24,20.27,20.3,20.25,20.27,20.29,0.0,0.0,0.0,-5100.0
125,20.27,20.24,20.27,20.3,20.25,20.27,20.29,0.0,0.0,0.0,-5100.0
125,20.27,20.24,20.26,20.28,20.25,20.26,20.29,0.0,0.0,0.0,-5100.0
125,20.27,20.24,20.26,20.28,20.25,20.26,20.29,0.0,0.0,0.0,-5100.0
125,20.27,20.24,20.26,20.28,20.25,20.26,20.29,0.0,0.0,0.0,-5100.0
125,20.27,20.24,20.26,20.28,20.25,20.26,20.29,0.0,0.0,0.0,-5100.0
125,20.27,20.24,20.26,20.28,20.25,20.26,20.29,0.0,0.0,0.0,-5100.0
125,20.27,20.24,20.26,20.28,20.25,20.26,20.29,0.0,0.0,0.0,-5100.0
125,20.27,20.24,20.26,20.28,20.25,20.26,20.29,0.0,0.0,0.0,-5100.0
125,20.27,20.24,20.26,20.28,20.25,20.26,20.29,0.0,0.0,0.0,-5100.0
125,20.27,20.24,20.26,20.28,20.25,20.26,20.29,0.0,0.0,0.0,-5100.0
125,20.27,20.24,20.26,20.28,20.25,20.26,20.29,0.0,0.0,0.0,-5100.0
125,20.27,20.24,20.26,20.28,20.25,20.26,20.29,0.0,0.0,0.0,-5100.0
125,20.27,20.26,20.27,20.28,20.25,20.27,20.29,0.0,0.0,0.0,-5100.0
125,20.27,20.26,20.27,20.28,20.25,20.27,20.29,0.0,0.0,0.0,-5100.0
125,20.27,20.26,20.27,20.28,20.25,20.27,20.29,0.0,0.0,0.0,-5100.0
125,20.27,20.26,20.27,20.28,20.25,20.27,20.29,0.0,0.0,0.0,-5100.0
125,20.27,20.26,20.27,20.28,20.25,20.27,20.29,0.0,0.0,0.0,-5100.0
125,20.27,20.26,20.27,20.28,20.25,20.27,20.29,0.0,0.0,0.0,-5100.0
125,20.27,20.26,20.27,20.28,20.25,20.27,20.29,0.0,0.0,0.0,-5100.0
125,20.27,20.26,20.27,20.28,20.25,20.27,20.29,0.0,0.0,0.0,-5100.0
125,20.27,20.26,20.27,20.28,20.25,20.27,20.29,0.0,0.0,0.0,-5100.0
125,20.27,20.26,20.27,20.28,20.25,20.27,20.29,0.0,0.0,0.0,-5100.0
125,20.27,20.26,20.27,20.28,20.25,20.27,20.29,0.0,0.0,0.0,-5100.0
125,20.27,20.26,20.27,20.28,20.25,20.27,20.29,0.0,0.0,0.0,-5100.0
125,20.28,20.26,20.27,20.28,20.25,20.27,20.29,0.0,0.0,0.0,-5100.0
125,20.28,20.26,20.27,20.28,20.25,20.27,20.29,0.0,0.0,0.0,-5100.0
125,20.28,20.26,20.27,20.28,20.25,20.27,20.29,0.0,0.0,0.0,-5100.0
126,20.31,20.28,20.31,20.34,20.25,20.31,20.29,0.0,0.0,0.0,-5100.0
126,20.31,20.28,20.31,20.34,20.25,20.31,20.29,0.0,0.0,0.0,-5100.0
126,20.31,20.28,20.31,20.34,20.25,20.31,20.29,0.0,0.0,0.0,-5100.0
126,20.31,20.28,20.31,20.34,20.25,20.31,20.29,0.0,0.0,0.0,-5100.0
126,20.31,20.28,20.31,20.34,20.25,20.31,20.29,0.0,0.0,0.0,-5100.0
126,20.31,20.28,20.31,20.34,20.25,20.31,20.29,0.0,0.0,0.0,-5100.0
126,20.31,20.28,20.31,20.34,20.25,20.31,20.29,0.0,0.0,0.0,-5100.0
126,20.31,20.28,20.31,20.34,20.25,20.31,20.29,0.0,0.0,0.0,-5100.0
126,20.31,20.28,20.31,20.34,20.25,20.31,20.29,0.0,0.0,0.0,-5100.0
126,20.31,20.28,20.31,20.34,20.25,20.31,20.29,0.0,0.0,0.0,-5100.0
126,20.31,20.28,20.31,20.34,20.25,20.31,20.29,0.0,0.0,0.0,-5100.0
126,20.31,20.28,20.31,20.34,20.25,20.31,20.29,0.0,0.0,0.0,-5100.0
126,20.31,20.28,20.31,20.34,20.25,20.31,20.29,0.0,0.0,0.0,-5100.0
126,20.31,20.28,20.31,20.34,20.25,20.31,20.29,0.0,0.0,0.0,-5100.0
126,20.31,20.28,20.31,20.34,20.25,20.31,20.29,0.0,0.0,0.0,-5100.0
126,20.31,20.28,20.31,20.34,20.25,20.31,20.29,0.0,0.0,0.0,-5100.0
126,20.31,20.28,20.31,20.34,20.25,20.31,20.29,0.0,0.0,0.0,-5100.0
126,20.31,20.28,20.31,20.34,20.25,20.31,20.29,0.0,0.0,0.0,-5100.0
126,20.31,20.28,20.31,20.34,20.25,20.31,20.29,0.0,0.0,0.0,-5100.0
126,20.31,20.28,20.31,20.34,20.25,20.31,20.29,0.0,0.0,0.0,-5100.0
126,20.31,20.28,20.31,20.34,20.25,20.31,20.29,0.0,0.0,0.0,-5100.0
126,20.31,20.3,20.31,20.33,20.25,20.31,20.29,0.0,0.0,0.0,-5100.0
126,20.31,20.3,20.31,20.33,20.25,20.31,20.29,0.0,0.0,0.0,-5100.0
126,20.31,20.3,20.31,20.33,20.25,20.31,20.29,0.0,0.0,0.0,-5100.0
126,20.31,20.3,20.31,20.33,20.25,20.31,20.29,0.0,0.0,0.0,-5100.0
126,20.31,20.3,20.31,20.33,20.25,20.31,20.29,0.0,0.0,0.0,-5100.0
126,20.31,20.3,20.31,20.33,20.25,20.31,20.29,0.0,0.0,0.0,-5100.0
126,20.31,20.3,20.31,20.33,20.25,20.31,20.29,0.0,0.0,0.0,-5100.0
126,20.31,20.3,20.31,20.33,20.25,20.31,20.29,0.0,0.0,0.0,-5100.0
126,20.31,20.3,20.31,20.33,20.25,20.31,20.29,0.0,0.0,0.0,-5100.0
126,20.31,20.3,20.31,20.33,20.25,20.31,20.29,0.0,0.0,0.0,-5100.0
126,20.31,20.3,20.31,20.33,20.25,20.31,20.29,0.0,0.0,0.0,-5100.0
126,20.31,20.3,20.31,20.33,20.25,20.31,20.29,0.0,0.0,0.0,-5100.0
126,20.31,20.3,20.31,20.33,20.25,20.31,20.29,0.0,0.0,0.0,-5100.0
126,20.31,20.3,20.31,20.33,20.25,20.31,20.29,0.0,0.0,0.0,-5100.0
126,20.31,20.3,20.31,20.33,20.25,20.31,20.29,0.0,0.0,0.0,-5100.0
126,20.31,20.3,20.31,20.33,20.25,20.31,20.29,0.0,0.0,0.0,-5100.0
126,20.31,20.3,20.31,20.33,20.25,20.31,20.29,0.0,0.0,0.0,-5100.0
126,20.31,20.3,20.31,20.33,20.25,20.31,20.29,0.0,0.0,0.0,-5100.0
126,20.31,20.3,20.31,20.33,20.25,20.31,20.29,0.0,0.0,0.0,-5100.0
126,20.31,20.3,20.31,20.33,20.25,20.31,20.29,0.0,0.0,0.0,-5100.0
126,20.31,20.3,20.31,20.33,20.25,20.31,20.29,0.0,0.0,0.0,-5100.0
126,20.31,20.3,20.31,20.33,20.25,20.31,20.29,0.0,0.0,0.0,-5100.0
126,20.31,20.3,20.31,20.33,20.25,20.31,20.29,0.0,0.0,0.0,-5100.0
126,20.3,20.3,20.31,20.33,20.25,20.31,20.29,0.0,0.0,0.0,-5100.0
126,20.3,20.3,20.31,20.33,20.25,20.31,20.29,0.0,0.0,0.0,-5100.0
126,20.3,20.3,20.31,20.33,20.25,20.31,20.29,0.0,0.0,0.0,-5100.0
127,20.35,20.32,20.35,20.38,20.25,20.35,20.29,0.0,0.0,0.0,-5100.0
127,20.35,20.32,20.35,20.38,20.25,20.35,20.29,0.0,0.0,0.0,-5100.0
127,20.35,20.32,20.35,20.38,20.25,20.35,20.29,0.0,0.0,0.0,-5100.0
127,20.35,20.32,20.35,20.38,20.25,20.35,20.29,0.0,0.0,0.0,-5100.0
127,20.35,20.32,20.35,20.38,20.25,20.35,20.29,0.0,0.0,0.0,-5100.0
127,20.35,20.32,20.35,20.38,20.25,20.35,20.29,0.0,0.0,0.0,-5100.0
127,20.35,20.32,20.35,20.38,20.25,20.35,20.29,0.0,0.0,0.0,-5100.0
127,20.35,20.32,20.34,20.35,20.25,20.34,20.29,0.0,0.0,0.0,-5100.0
127,20.35,20.32,20.34,20.35,20.25,20.34,20.29,0.0,0.0,0.0,-5100.0
127,20.35,20.32,20.34,20.35,20.25,20.34,20.29,0.0,0.0,0.0,-5100.0
127,20.35,20.32,20.34,20.35,20.25,20.34,20.29,0.0,0.0,0.0,-5100.0
127,20.35,20.32,20.34,20.35,20.25,20.34,20.29,0.0,0.0,0.0,-5100.0
127,20.35,20.32,20.34,20.35,20.25,20.34,20.29,0.0,0.0,0.0,-5100.0
127,20.35,20.32,20.34,20.35,20.25,20.34,20.29,0.0,0.0,0.0,-5100.0
127,20.35,20.32,20.34,20.35,20.25,20.34,20.29,0.0,0.0,0.0,-5100.0
127,20.35,20.32,20.34,20.35,20.25,20.34,20.29,0.0,0.0,0.0,-5100.0
127,20.35,20.32,20.34,20.35,20.25,20.34,20.29,0.0,0.0,0.0,-5100.0
127,20.35,20.32,20.34,20.35,20.25,20.34,20.29,0.0,0.0,0.0,-5100.0
127,20.35,20.32,20.34,20.35,20.25,20.34,20.29,0.0,0.0,0.0,-5100.0
127,20.35,20.32,20.34,20.35,20.25,20.34,20.29,0.0,0.0,0.0,-5100.0
127,20.35,20.32,20.34,20.35,20.25,20.34,20.29,0.0,0.0,0.0,-5100.0
127,20.35,20.32,20.34,20.35,20.25,20.34,20.29,0.0,0.0,0.0,-5100.0
127,20.35,20.32,20.34,20.35,20.25,20.34,20.29,0.0,0.0,0.0,-5100.0
127,20.35,20.32,20.34,20.35,20.25,20.34,20.29,0.0,0.0,0.0,-5100.0
127,20.35,20.32,20.34,20.35,20.25,20.34,20.29,0.0,0.0,0.0,-5100.0
127,20.35,20.32,20.34,20.35,20.25,20.34,20.29,0.0,0.0,0.0,-5100.0
127,20.35,20.32,20.34,20.35,20.25,20.34,20.29,0.0,0.0,0.0,-5100.0
127,20.35,20.32,20.34,20.35,20.25,20.34,20.29,0.0,0.0,0.0,-5100.0
127,20.35,20.32,20.34,20.35,20.25,20.34,20.29,0.0,0.0,0.0,-5100.0
127,20.35,20.32,20.34,20.35,20.25,20.34,20.29,0.0,0.0,0.0,-5100.0
127,20.35,20.32,20.34,20.35,20.25,20.34,20.29,0.0,0.0,0.0,-5100.0
127,20.35,20.32,20.34,20.35,20.25,20.34,20.29,0.0,0.0,0.0,-5100.0
127,20.35,20.32,20.34,20.35,20.25,20.34,20.29,0.0,0.0,0.0,-5100.0
127,20.35,20.32,20.34,20.35,20.25,20.34,20.29,0.0,0.0,0.0,-5100.0
127,20.35,20.32,20.34,20.35,20.25,20.34,20.29,0.0,0.0,0.0,-5100.0
127,20.35,20.32,20.34,20.35,20.25,20.34,20.29,0.0,0.0,0.0,-5100.0
127,20.35,20.32,20.34,20.35,20.25,20.34,20.29,0.0,0.0,0.0,-5100.0
127,20.35,20.32,20.34,20.35,20.25,20.34,20.29,0.0,0.0,0.0,-5100.0
127,20.35,20.32,20.34,20.35,20.25,20.34,20.29,0.0,0.0,0.0,-5100.0
127,20.35,20.32,20.34,20.35,20.25,20.34,20.29,0.0,0.0,0.0,-5100.0
127,20.35,20.32,20.34,20.35,20.25,20.34,20.29,0.0,0.0,0.0,-5100.0
127,20.35,20.32,20.34,20.35,20.25,20.34,20.29,0.0,0.0,0.0,-5100.0
127,20.35,20.32,20.34,20.35,20.25,20.34,20.29,0.0,0.0,0.0,-5100.0
127,20.35,20.32,20.34,20.35,20.25,20.34,20.29,0.0,0.0,0.0,-5100.0
127,20.35,20.32,20.34,20.35,20.25,20.34,20.29,0.0,0.0,0.0,-5100.0
127,20.35,20.32,20.34,20.35,20.25,20.34,20.29,0.0,0.0,0.0,-5100.0
127,20.35,20.32,20.34,20.35,20.25,20.34,20.29,0.0,0.0,0.0,-5100.0
128,20.39,20.36,20.39,20.42,20.25,20.39,20.29,0.0,0.0,0.0,-5100.0
128,20.39,20.36,20.39,20.42,20.25,20.39,20.29,0.0,0.0,0.0,-5100.0
128,20.39,20.36,20.39,20.42,20.25,20.39,20.29,0.0,0.0,0.0,-5100.0
128,20.39,20.36,20.39,20.42,20.25,20.39,20.29,0.0,0.0,0.0,-5100.0
128,20.39,20.36,20.39,20.42,20.25,20.39,20.29,0.0,0.0,0.0,-5100.0
128,20.39,20.36,20.39,20.42,20.25,20.39,20.29,0.0,0.0,0.0,-5100.0
128,20.39,20.36,20.39,20.42,20.25,20.39,20.29,0.0,0.0,0.0,-5100.0
128,20.42,20.36,20.38,20.4,20.25,20.38,20.29,0.0,0.0,0.0,-5100.0
128,20.42,20.36,20.38,20.4,20.25,20.38,20.29,0.0,0.0,0.0,-5100.0
128,20.42,20.36,20.38,20.4,20.25,20.38,20.29,0.0,0.0,0.0,-5100.0
128,20.42,20.36,20.38,20.4,20.25,20.38,20.29,0.0,0.0,0.0,-5100.0
128,20.42,20.36,20.38,20.4,20.25,20.38,20.29,0.0,0.0,0.0,-5100.0
128,20.42,20.36,20.38,20.4,20.25,20.38,20.29,0.0,0.0,0.0,-5100.0
128,20.42,20.36,20.38,20.4,20.25,20.38,20.29,0.0,0.0,0.0,-5100.0
128,20.42,20.36,20.38,20.4,20.25,20.38,20.29,0.0,0.0,0.0,-5100.0
128,20.42,20.36,20.38,20.4,20.25,20.38,20.29,0.0,0.0,0.0,-5100.0
128,20.42,20.36,20.38,20.4,20.25,20.38,20.29,0.0,0.0,0.0,-5100.0
128,20.42,20.36,20.38,20.4,20.25,20.38,20.29,0.0,0.0,0.0,-5100.0
128,20.42,20.36,20.38,20.4,20.25,20.38,20.29,0.0,0.0,0.0,-5100.0
128,20.42,20.36,20.38,20.4,20.25,20.38,20.29,0.0,0.0,0.0,-5100.0
128,20.42,20.36,20.38,20.4,20.25,20.38,20.29,0.0,0.0,0.0,-5100.0
128,20.42,20.36,20.38,20.4,20.25,20.38,20.29,0.0,0.0,0.0,-5100.0
128,20.42,20.36,20.38,20.4,20.25,20.38,20.29,0.0,0.0,0.0,-5100.0
128,20.42,20.36,20.38,20.4,20.25,20.38,20.29,0.0,0.0,0.0,-5100.0
128,20.42,20.36,20.38,20.4,20.25,20.38,20.29,0.0,0.0,0.0,-5100.0
128,20.42,20.36,20.38,20.4,20.25,20.38,20.29,0.0,0.0,0.0,-5100.0
128,20.42,20.36,20.38,20.4,20.25,20.38,20.29,0.0,0.0,0.0,-5100.0
128,20.42,20.36,20.38,20.4,20.25,20.38,20.29,0.0,0.0,0.0,-5100.0
128,20.4,20.4,20.41,20.41,20.25,20.41,20.29,0.0,0.0,0.0,-5100.0
128,20.4,20.4,20.41,20.41,20.25,20.41,20.29,0.0,0.0,0.0,-5100.0
128,20.4,20.4,20.41,20.41,20.25,20.41,20.29,0.0,0.0,0.0,-5100.0
128,20.4,20.4,20.41,20.41,20.25,20.41,20.29,0.0,0.0,0.0,-5100.0
128,20.4,20.4,20.41,20.41,20.25,20.41,20.29,0.0,0.0,0.0,-5100.0
128,20.4,20.4,20.41,20.41,20.25,20.41,20.29,0.0,0.0,0.0,-5100.0
128,20.4,20.4,20.41,20.41,20.25,20.41,20.29,0.0,0.0,0.0,-5100.0
128,20.4,20.4,20.41,20.41,20.25,20.41,20.29,0.0,0.0,0.0,-5100.0
128,20.4,20.4,20.41,20.41,20.25,20.41,20.29,0.0,0.0,0.0,-5100.0
128,20.4,20.4,20.41,20.41,20.25,20.41,20.29,0.0,0.0,0.0,-5100.0
128,20.4,20.4,20.41,20.41,20.25,20.41,20.29,0.0,0.0,0.0,-5100.0
128,20.4,20.4,20.41,20.41,20.25,20.41,20.29,0.0,0.0,0.0,-5100.0
128,20.4,20.4,20.41,20.41,20.25,20.41,20.29,0.0,0.0,0.0,-5100.0
128,20.4,20.4,20.41,20.41,20.25,20.41,20.29,0.0,0.0,0.0,-5100.0
128,20.37,20.34,20.37,20.4,20.25,20.37,20.29,0.0,0.0,0.0,-5100.0
129,20.37,20.34,20.37,20.4,20.25,20.37,20.29,0.0,0.0,0.0,-5100.0
129,20.37,20.34,20.37,20.4,20.25,20.37,20.29,0.0,0.0,0.0,-5100.0
129,20.37,20.34,20.37,20.4,20.25,20.37,20.29,0.0,0.0,0.0,-5100.0
129,20.37,20.34,20.37,20.4,20.25,20.37,20.29,0.0,0.0,0.0,-5100.0
129,20.37,20.34,20.37,20.4,20.25,20.37,20.29,0.0,0.0,0.0,-5100.0
129,20.37,20.34,20.37,20.4,20.25,20.37,20.29,0.0,0.0,0.0,-5100.0
129,20.37,20.34,20.37,20.4,20.25,20.37,20.29,0.0,0.0,0.0,-5100.0
129,20.37,20.37,20.38,20.4,20.25,20.38,20.29,0.0,0.0,0.0,-5100.0
129,20.37,20.37,20.38,20.4,20.25,20.38,20.29,0.0,0.0,0.0,-5100.0
129,20.37,20.37,20.38,20.4,20.25,20.38,20.29,0.0,0.0,0.0,-5100.0
129,20.37,20.37,20.38,20.4,20.25,20.38,20.29,0.0,0.0,0.0,-5100.0
129,20.37,20.37,20.38,20.4,20.25,20.38,20.29,0.0,0.0,0.0,-5100.0
129,20.37,20.37,20.38,20.4,20.25,20.38,20.29,0.0,0.0,0.0,-5100.0
129,20.37,20.37,20.38,20.4,20.25,20.38,20.29,0.0,0.0,0.0,-5100.0
129,20.37,20.37,20.38,20.4,20.25,20.38,20.29,0.0,0.0,0.0,-5100.0
129,20.37,20.37,20.38,20.4,20.25,20.38,20.29,0.0,0.0,0.0,-5100.0
129,20.37,20.37,20.38,20.4,20.25,20.38,20.29,0.0,0.0,0.0,-5100.0
129,20.37,20.37,20.38,20.4,20.25,20.38,20.29,0.0,0.0,0.0,-5100.0
129,20.37,20.37,20.38,20.4,20.25,20.38,20.29,0.0,0.0,0.0,-5100.0
129,20.37,20.37,20.38,20.4,20.25,20.38,20.29,0.0,0.0,0.0,-5100.0
129,20.37,20.37,20.38,20.4,20.25,20.38,20.29,0.0,0.0,0.0,-5100.0
129,20.37,20.37,20.38,20.4,20.25,20.38,20.29,0.0,0.0,0.0,-5100.0
129,20.37,20.37,20.38,20.4,20.25,20.38,20.29,0.0,0.0,0.0,-5100.0
129,20.37,20.37,20.38,20.4,20.25,20.38,20.29,0.0,0.0,0.0,-5100.0
129,20.37,20.37,20.38,20.4,20.25,20.38,20.29,0.0,0.0,0.0,-5100.0
129,20.37,20.37,20.38,20.4,20.25,20.38,20.29,0.0,0.0,0.0,-5100.0
129,20.37,20.37,20.38,20.4,20.25,20.38,20.29,0.0,0.0,0.0,-5100.0
129,20.37,20.37,20.38,20.4,20.25,20.38,20.29,0.0,0.0,0.0,-5100.0
129,20.37,20.37,20.38,20.4,20.25,20.38,20.29,0.0,0.0,0.0,-5100.0
129,20.37,20.37,20.38,20.4,20.25,20.38,20.29,0.0,0.0,0.0,-5100.0
129,20.37,20.37,20.38,20.4,20.25,20.38,20.29,0.0,0.0,0.0,-5100.0
129,20.37,20.37,20.38,20.4,20.25,20.38,20.29,0.0,0.0,0.0,-5100.0
129,20.37,20.37,20.38,20.4,20.25,20.38,20.29,0.0,0.0,0.0,-5100.0
129,20.37,20.37,20.38,20.4,20.25,20.38,20.29,0.0,0.0,0.0,-5100.0
129,20.37,20.37,20.38,20.4,20.25,20.38,20.29,0.0,0.0,0.0,-5100.0
129,20.37,20.37,20.38,20.4,20.25,20.38,20.29,0.0,0.0,0.0,-5100.0
129,20.37,20.37,20.38,20.4,20.25,20.38,20.29,0.0,0.0,0.0,-5100.0
129,20.37,20.37,20.38,20.4,20.25,20.38,20.29,0.0,0.0,0.0,-5100.0
129,20.37,20.37,20.38,20.4,20.25,20.38,20.29,0.0,0.0,0.0,-5100.0
129,20.37,20.37,20.38,20.4,20.25,20.38,20.29,0.0,0.0,0.0,-5100.0
129,20.37,20.37,20.38,20.4,20.25,20.38,20.29,0.0,0.0,0.0,-5100.0
129,20.37,20.37,20.38,20.4,20.25,20.38,20.29,0.0,0.0,0.0,-5100.0
129,20.37,20.37,20.38,20.4,20.25,20.38,20.29,0.0,0.0,0.0,-5100.0
129,20.37,20.37,20.38,20.4,20.25,20.38,20.29,0.0,0.0,0.0,-5100.0
129,20.37,20.37,20.38,20.4,20.25,20.38,20.29,0.0,0.0,0.0,-5100.0
129,20.37,20.37,20.38,20.4,20.25,20.38,20.29,0.0,0.0,0.0,-5100.0
129,20.38,20.35,20.38,20.41,20.25,20.38,20.29,0.0,0.0,0.0,-5100.0
130,20.38,20.35,20.38,20.41,20.25,20.38,20.29,0.0,0.0,0.0,-5100.0
130,20.38,20.35,20.38,20.41,20.25,20.38,20.29,0.0,0.0,0.0,-5100.0
130,20.38,20.35,20.38,20.41,20.25,20.38,20.29,0.0,0.0,0.0,-5100.0
130,20.38,20.35,20.38,20.41,20.25,20.38,20.29,0.0,0.0,0.0,-5100.0
130,20.38,20.35,20.38,20.41,20.25,20.38,20.29,0.0,0.0,0.0,-5100.0
130,20.38,20.35,20.38,20.41,20.25,20.38,20.29,0.0,0.0,0.0,-5100.0
130,20.38,20.35,20.38,20.41,20.25,20.38,20.29,0.0,0.0,0.0,-5100.0
130,20.38,20.35,20.38,20.41,20.25,20.38,20.29,0.0,0.0,0.0,-5100.0
130,20.38,20.35,20.36,20.37,20.25,20.36,20.29,0.0,0.0,0.0,-5100.0
130,20.38,20.35,20.36,20.37,20.25,20.36,20.29,0.0,0.0,0.0,-5100.0
130,20.38,20.35,20.36,20.37,20.25,20.36,20.29,0.0,0.0,0.0,-5100.0
130,20.38,20.35,20.36,20.37,20.25,20.36,20.29,0.0,0.0,0.0,-5100.0
130,20.38,20.35,20.36,20.37,20.25,20.36,20.29,0.0,0.0,0.0,-5100.0
130,20.38,20.35,20.36,20.37,20.25,20.36,20.29,0.0,0.0,0.0,-5100.0
130,20.38,20.35,20.36,20.37,20.25,20.36,20.29,0.0,0.0,0.0,-5100.0
130,20.38,20.35,20.36,20.37,20.25,20.36,20.29,0.0,0.0,0.0,-5100.0
130,20.38,20.35,20.36,20.37,20.25,20.36,20.29,0.0,0.0,0.0,-5100.0
130,20.38,20.35,20.36,20.37,20.25,20.36,20.29,0.0,0.0,0.0,-5100.0
130,20.38,20.35,20.36,20.37,20.25,20.36,20.29,0.0,0.0,0.0,-5100.0
130,20.38,20.35,20.36,20.37,20.25,20.36,20.29,0.0,0.0,0.0,-5100.0
130,20.38,20.35,20.36,20.37,20.25,20.36,20.29,0.0,0.0,0.0,-5100.0
130,20.38,20.35,20.36,20.37,20.25,20.36,20.29,0.0,0.0,0.0,-5100.0
130,20.38,20.35,20.36,20.37,20.25,20.36,20.29,0.0,0.0,0.0,-5100.0
130,20.38,20.35,20.36,20.37,20.25,20.36,20.29,0.0,0.0,0.0,-5100.0
130,20.38,20.35,20.36,20.37,20.25,20.36,20.29,0.0,0.0,0.0,-5100.0
130,20.38,20.35,20.36,20.37,20.25,20.36,20.29,0.0,0.0,0.0,-5100.0
130,20.38,20.35,20.36,20.37,20.25,20.36,20.29,0.0,0.0,0.0,-5100.0
130,20.38,20.35,20.36,20.37,20.25,20.36,20.29,0.0,0.0,0.0,-5100.0
130,20.38,20.35,20.36,20.37,20.25,20.36,20.29,0.0,0.0,0.0,-5100.0
130,20.38,20.35,20.36,20.37,20.25,20.36,20.29,0.0,0.0,0.0,-5100.0
130,20.38,20.35,20.36,20.37,20.25,20.36,20.29,0.0,0.0,0.0,-5100.0
130,20.38,20.35,20.36,20.37,20.25,20.36,20.29,0.0,0.0,0.0,-5100.0
130,20.37,20.35,20.36,20.37,20.25,20.36,20.29,0.0,0.0,0.0,-5100.0
130,20.37,20.35,20.36,20.37,20.25,20.36,20.29,0.0,0.0,0.0,-5100.0
130,20.37,20.35,20.36,20.37,20.25,20.36,20.29,0.0,0.0,0.0,-5100.0
130,20.37,20.35,20.36,20.37,20.25,20.36,20.29,0.0,0.0,0.0,-5100.0
130,20.37,20.35,20.36,20.37,20.25,20.36,20.29,0.0,0.0,0.0,-5100.0
130,20.37,20.35,20.36,20.37,20.25,20.36,20.29,0.0,0.0,0.0,-5100.0
130,20.37,20.35,20.36,20.37,20.25,20.36,20.29,0.0,0.0,0.0,-5100.0
130,20.37,20.35,20.36,20.37,20.25,20.36,20.29,0.0,0.0,0.0,-5100.0
130,20.37,20.35,20.36,20.37,20.25,20.36,20.29,0.0,0.0,0.0,-5100.0
130,20.37,20.35,20.36,20.37,20.25,20.36,20.29,0.0,0.0,0.0,-5100.0
130,20.37,20.35,20.36,20.37,20.25,20.36,20.29,0.0,0.0,0.0,-5100.0
130,20.37,20.35,20.36,20.37,20.25,20.36,20.29,0.0,0.0,0.0,-5100.0
130,20.37,20.36,20.37,20.37,20.25,20.37,20.29,0.0,0.0,0.0,-5100.0
130,20.37,20.36,20.37,20.37,20.25,20.37,20.29,0.0,0.0,0.0,-5100.0
131,20.39,20.36,20.39,20.42,20.25,20.39,20.29,0.0,0.0,0.0,-5100.0
131,20.39,20.36,20.39,20.42,20.25,20.39,20.29,0.0,0.0,0.0,-5100.0
131,20.39,20.36,20.39,20.42,20.25,20.39,20.29,0.0,0.0,0.0,-5100.0
131,20.39,20.36,20.39,20.42,20.25,20.39,20.29,0.0,0.0,0.0,-5100.0
131,20.39,20.36,20.39,20.42,20.25,20.39,20.29,0.0,0.0,0.0,-5100.0
131,20.39,20.36,20.39,20.42,20.25,20.39,20.29,0.0,0.0,0.0,-5100.0
131,20.39,20.36,20.39,20.42,20.25,20.39,20.29,0.0,0.0,0.0,-5100.0
131,20.39,20.36,20.39,20.42,20.25,20.39,20.29,0.0,0.0,0.0,-5100.0
131,20.39,20.36,20.39,20.42,20.25,20.39,20.29,0.0,0.0,0.0,-5100.0
131,20.39,20.36,20.39,20.42,20.25,20.39,20.29,0.0,0.0,0.0,-5100.0
131,20.39,20.36,20.39,20.42,20.25,20.39,20.29,0.0,0.0,0.0,-5100.0
131,20.39,20.36,20.39,20.42,20.25,20.39,20.29,0.0,0.0,0.0,-5100.0
131,20.39,20.36,20.39,20.42,20.25,20.39,20.29,0.0,0.0,0.0,-5100.0
131,20.39,20.36,20.39,20.42,20.25,20.39,20.29,0.0,0.0,0.0,-5100.0
131,20.39,20.36,20.39,20.42,20.25,20.39,20.29,0.0,0.0,0.0,-5100.0
131,20.39,20.36,20.39,20.42,20.25,20.39,20.29,0.0,0.0,0.0,-5100.0
131,20.39,20.36,20.39,20.42,20.25,20.39,20.29,0.0,0.0,0.0,-5100.0
131,20.39,20.36,20.39,20.42,20.25,20.39,20.29,0.0,0.0,0.0,-5100.0
131,20.39,20.36,20.39,20.42,20.25,20.39,20.29,0.0,0.0,0.0,-5100.0
131,20.39,20.36,20.39,20.42,20.25,20.39,20.29,0.0,0.0,0.0,-5100.0
131,20.39,20.36,20.39,20.42,20.25,20.39,20.29,0.0,0.0,0.0,-5100.0
131,20.39,20.36,20.39,20.42,20.25,20.39,20.29,0.0,0.0,0.0,-5100.0
131,20.39,20.37,20.38,20.39,20.25,20.38,20.29,0.0,0.0,0.0,-5100.0
131,20.39,20.37,20.38,20.39,20.25,20.38,20.29,0.0,0.0,0.0,-5100.0
131,20.39,20.37,20.38,20.39,20.25,20.38,20.29,0.0,0.0,0.0,-5100.0
131,20.39,20.37,20.38,20.39,20.25,20.38,20.29,0.0,0.0,0.0,-5100.0
131,20.39,20.37,20.38,20.39,20.25,20.38,20.29,0.0,0.0,0.0,-5100.0
131,20.39,20.37,20.38,20.39,20.25,20.38,20.29,0.0,0.0,0.0,-5100.0
131,20.39,20.37,20.38,20.39,20.25,20.38,20.29,0.0,0.0,0.0,-5100.0
131,20.39,20.37,20.38,20.39,20.25,20.38,20.29,0.0,0.0,0.0,-5100.0
131,20.39,20.37,20.38,20.39,20.25,20.38,20.29,0.0,0.0,0.0,-5100.0
131,20.39,20.37,20.38,20.39,20.25,20.38,20.29,0.0,0.0,0.0,-5100.0
131,20.39,20.37,20.38,20.39,20.25,20.38,20.29,0.0,0.0,0.0,-5100.0
131,20.39,20.37,20.38,20.39,20.25,20.38,20.29,0.0,0.0,0.0,-5100.0
131,20.39,20.37,20.38,20.39,20.25,20.38,20.29,0.0,0.0,0.0,-5100.0
131,20.39,20.37,20.38,20.39,20.25,20.38,20.29,0.0,0.0,0.0,-5100.0
131,20.39,20.37,20.38,20.39,20.25,20.38,20.29,0.0,0.0,0.0,-5100.0
131,20.39,20.37,20.38,20.39,20.25,20.38,20.29,0.0,0.0,0.0,-5100.0
131,20.39,20.37,20.38,20.39,20.25,20.38,20.29,0.0,0.0,0.0,-5100.0
131,20.39,20.37,20.38,20.39,20.25,20.38,20.29,0.0,0.0,0.0,-5100.0
131,20.39,20.37,20.38,20.39,20.25,20.38,20.29,0.0,0.0,0.0,-5100.0
131,20.39,20.37,20.38,20.39,20.25,20.38,20.29,0.0,0.0,0.0,-5100.0
131,20.39,20.37,20.38,20.39,20.25,20.38,20.29,0.0,0.0,0.0,-5100.0
tick,last,bid,mid,ask,current_bid,mid,current_ask,position,position_vwap,pnl_per_share,realized
133,20.37,20.36,20.38,20.4,20.37,20.38,20.39,0.0,0.0,0.0,-5100.0
133,20.37,20.36,20.38,20.4,20.37,20.38,20.39,0.0,0.0,0.0,-5100.0
133,20.37,20.36,20.38,20.4,20.37,20.38,20.39,0.0,0.0,0.0,-5100.0
133,20.37,20.36,20.38,20.4,20.37,20.38,20.39,0.0,0.0,0.0,-5100.0
133,20.36,20.35,20.36,20.36,20.35,20.36,20.37,5000.0,20.36,0.0,-5150.0
133,20.36,20.35,20.36,20.36,20.35,20.36,20.37,5000.0,20.36,0.0,-5150.0
133,20.36,20.35,20.36,20.36,20.35,20.36,20.37,5000.0,20.36,0.0,-5150.0
133,20.36,20.35,20.36,20.36,20.35,20.36,20.37,5000.0,20.36,0.0,-5150.0
133,20.36,20.35,20.36,20.36,20.35,20.36,20.37,5000.0,20.36,0.0,-5150.0
133,20.36,20.35,20.36,20.36,20.35,20.36,20.37,5000.0,20.36,0.0,-5150.0
133,20.36,20.35,20.36,20.36,20.35,20.36,20.37,5000.0,20.36,0.0,-5150.0
133,20.36,20.35,20.36,20.36,20.35,20.36,20.37,5000.0,20.36,0.0,-5150.0
133,20.36,20.35,20.36,20.36,20.35,20.36,20.37,5000.0,20.36,0.0,-5150.0
133,20.36,20.35,20.36,20.36,20.35,20.36,20.37,5000.0,20.36,0.0,-5150.0
133,20.37,20.38,20.39,20.4,20.38,20.39,20.4,0.0,0.0,0.0,-5075.0
134,20.36,20.35,20.37,20.39,20.38,20.37,20.4,0.0,0.0,0.0,-5075.0
134,20.36,20.35,20.37,20.39,20.38,20.37,20.4,0.0,0.0,0.0,-5075.0
134,20.36,20.35,20.37,20.39,20.38,20.37,20.4,0.0,0.0,0.0,-5075.0
134,20.36,20.35,20.37,20.39,20.38,20.37,20.4,0.0,0.0,0.0,-5075.0
134,20.36,20.35,20.37,20.39,20.38,20.37,20.4,0.0,0.0,0.0,-5075.0
134,20.36,20.35,20.37,20.39,20.38,20.37,20.4,0.0,0.0,0.0,-5075.0
134,20.36,20.35,20.37,20.39,20.38,20.37,20.4,0.0,0.0,0.0,-5075.0
134,20.36,20.35,20.37,20.39,20.38,20.37,20.4,0.0,0.0,0.0,-5075.0
134,20.36,20.38,20.38,20.39,20.38,20.38,20.4,0.0,0.0,0.0,-5075.0
134,20.36,20.38,20.38,20.39,20.38,20.38,20.4,0.0,0.0,0.0,-5075.0
134,20.36,20.38,20.38,20.39,20.38,20.38,20.4,0.0,0.0,0.0,-5075.0
134,20.36,20.38,20.38,20.39,20.38,20.38,20.4,0.0,0.0,0.0,-5075.0
134,20.36,20.38,20.38,20.39,20.38,20.38,20.4,0.0,0.0,0.0,-5075.0
134,20.36,20.38,20.38,20.39,20.38,20.38,20.4,0.0,0.0,0.0,-5075.0
134,20.36,20.38,20.38,20.39,20.38,20.38,20.4,0.0,0.0,0.0,-5075.0
134,20.36,20.38,20.38,20.39,20.38,20.38,20.4,0.0,0.0,0.0,-5075.0
134,20.36,20.38,20.38,20.39,20.38,20.38,20.4,0.0,0.0,0.0,-5075.0
134,20.36,20.38,20.38,20.39,20.38,20.38,20.4,0.0,0.0,0.0,-5075.0
134,20.36,20.38,20.38,20.39,20.38,20.38,20.4,0.0,0.0,0.0,-5075.0
134,20.36,20.38,20.38,20.39,20.38,20.38,20.4,0.0,0.0,0.0,-5075.0
134,20.36,20.38,20.38,20.39,20.38,20.38,20.4,0.0,0.0,0.0,-5075.0
134,20.36,20.38,20.38,20.39,20.38,20.38,20.4,0.0,0.0,0.0,-5075.0
134,20.36,20.38,20.38,20.39,20.38,20.38,20.4,0.0,0.0,0.0,-5075.0
134,20.36,20.38,20.38,20.39,20.38,20.38,20.4,0.0,0.0,0.0,-5075.0
134,20.36,20.38,20.38,20.39,20.38,20.38,20.4,0.0,0.0,0.0,-5075.0
134,20.36,20.38,20.38,20.39,20.38,20.38,20.4,0.0,0.0,0.0,-5075.0
134,20.36,20.38,20.38,20.39,20.38,20.38,20.4,0.0,0.0,0.0,-5075.0
134,20.36,20.38,20.38,20.39,20.38,20.38,20.4,0.0,0.0,0.0,-5075.0
134,20.36,20.38,20.38,20.39,20.38,20.38,20.4,0.0,0.0,0.0,-5075.0
134,20.36,20.38,20.38,20.39,20.38,20.38,20.4,0.0,0.0,0.0,-5075.0
134,20.36,20.38,20.38,20.39,20.38,20.38,20.4,0.0,0.0,0.0,-5075.0
134,20.36,20.38,20.38,20.39,20.38,20.38,20.4,0.0,0.0,0.0,-5075.0
134,20.36,20.38,20.38,20.39,20.38,20.38,20.4,0.0,0.0,0.0,-5075.0
134,20.36,20.38,20.38,20.39,20.38,20.38,20.4,0.0,0.0,0.0,-5075.0
134,20.36,20.38,20.38,20.39,20.38,20.38,20.4,0.0,0.0,0.0,-5075.0
134,20.36,20.38,20.38,20.39,20.38,20.38,20.4,0.0,0.0,0.0,-5075.0
134,20.36,20.38,20.38,20.39,20.38,20.38,20.4,0.0,0.0,0.0,-5075.0
134,20.36,20.38,20.38,20.39,20.38,20.38,20.4,0.0,0.0,0.0,-5075.0
134,20.36,20.38,20.38,20.39,20.38,20.38,20.4,0.0,0.0,0.0,-5075.0
134,20.36,20.38,20.38,20.39,20.38,20.38,20.4,0.0,0.0,0.0,-5075.0
134,20.36,20.38,20.38,20.39,20.38,20.38,20.4,0.0,0.0,0.0,-5075.0
134,20.36,20.38,20.38,20.39,20.38,20.38,20.4,0.0,0.0,0.0,-5075.0
134,20.36,20.38,20.38,20.39,20.38,20.38,20.4,0.0,0.0,0.0,-5075.0
134,20.39,20.38,20.38,20.39,20.38,20.38,20.4,0.0,0.0,0.0,-5075.0
134,20.39,20.38,20.38,20.39,20.38,20.38,20.4,0.0,0.0,0.0,-5075.0
135,20.44,20.41,20.44,20.47,20.43,20.44,20.45,-5000.0,20.4,-0.04,-5050.0
135,20.44,20.41,20.44,20.47,20.43,20.44,20.45,-5000.0,20.4,-0.04,-5050.0
135,20.44,20.41,20.44,20.47,20.43,20.44,20.45,-5000.0,20.4,-0.04,-5050.0
135,20.44,20.41,20.44,20.47,20.43,20.44,20.45,-5000.0,20.4,-0.04,-5050.0
135,20.44,20.41,20.44,20.47,20.43,20.44,20.45,-5000.0,20.4,-0.04,-5050.0
135,20.44,20.41,20.44,20.47,20.43,20.44,20.45,-5000.0,20.4,-0.04,-5050.0
135,20.44,20.41,20.44,20.47,20.43,20.44,20.45,-5000.0,20.4,-0.04,-5050.0
135,20.45,20.41,20.44,20.47,20.43,20.44,20.45,-5000.0,20.45,0.01,-5325.0
135,20.45,20.41,20.44,20.47,20.43,20.44,20.45,-5000.0,20.45,0.01,-5325.0
135,20.45,20.41,20.44,20.47,20.43,20.44,20.45,-5000.0,20.45,0.01,-5325.0
135,20.45,20.41,20.44,20.47,20.43,20.44,20.45,-5000.0,20.45,0.01,-5325.0
135,20.45,20.41,20.44,20.47,20.43,20.44,20.45,-5000.0,20.45,0.01,-5325.0
135,20.45,20.41,20.44,20.47,20.43,20.44,20.45,-5000.0,20.45,0.01,-5325.0
135,20.45,20.41,20.44,20.47,20.43,20.44,20.45,-5000.0,20.45,0.01,-5325.0
135,20.45,20.41,20.44,20.47,20.43,20.44,20.45,-5000.0,20.45,0.01,-5325.0
135,20.45,20.41,20.44,20.47,20.43,20.44,20.45,-5000.0,20.45,0.01,-5325.0
135,20.45,20.41,20.44,20.47,20.43,20.44,20.45,-5000.0,20.45,0.01,-5325.0
135,20.45,20.41,20.44,20.47,20.43,20.44,20.45,-5000.0,20.45,0.01,-5325.0
135,20.45,20.42,20.44,20.46,20.43,20.44,20.45,-5000.0,20.45,0.01,-5325.0
135,20.45,20.42,20.44,20.46,20.43,20.44,20.45,-5000.0,20.45,0.01,-5325.0
135,20.45,20.42,20.44,20.46,20.43,20.44,20.45,-5000.0,20.45,0.01,-5325.0
135,20.45,20.42,20.44,20.46,20.43,20.44,20.45,-5000.0,20.45,0.01,-5325.0
135,20.45,20.42,20.44,20.46,20.43,20.44,20.45,-5000.0,20.45,0.01,-5325.0
135,20.45,20.42,20.44,20.46,20.43,20.44,20.45,-5000.0,20.45,0.01,-5325.0
135,20.45,20.42,20.44,20.46,20.43,20.44,20.45,-5000.0,20.45,0.01,-5325.0
135,20.45,20.42,20.44,20.46,20.43,20.44,20.45,-5000.0,20.45,0.01,-5325.0
135,20.45,20.42,20.44,20.46,20.43,20.44,20.45,-5000.0,20.45,0.01,-5325.0
135,20.45,20.42,20.44,20.46,20.43,20.44,20.45,-5000.0,20.45,0.01,-5325.0
135,20.45,20.42,20.44,20.46,20.43,20.44,20.45,-5000.0,20.45,0.01,-5325.0
135,20.45,20.42,20.44,20.46,20.43,20.44,20.45,-5000.0,20.45,0.01,-5325.0
135,20.45,20.42,20.44,20.46,20.43,20.44,20.45,-5000.0,20.45,0.01,-5325.0
135,20.45,20.42,20.44,20.46,20.43,20.44,20.45,-5000.0,20.45,0.01,-5325.0
135,20.45,20.42,20.44,20.46,20.43,20.44,20.45,-5000.0,20.45,0.01,-5325.0
135,20.45,20.42,20.44,20.46,20.43,20.44,20.45,-5000.0,20.45,0.01,-5325.0
135,20.45,20.42,20.44,20.46,20.43,20.44,20.45,-5000.0,20.45,0.01,-5325.0
135,20.45,20.42,20.44,20.46,20.43,20.44,20.45,-5000.0,20.45,0.01,-5325.0
135,20.45,20.42,20.44,20.46,20.43,20.44,20.45,-5000.0,20.45,0.01,-5325.0
135,20.45,20.42,20.44,20.46,20.43,20.44,20.45,-5000.0,20.45,0.01,-5325.0
135,20.45,20.42,20.44,20.46,20.43,20.44,20.45,-5000.0,20.45,0.01,-5325.0
135,20.45,20.42,20.44,20.46,20.43,20.44,20.45,-5000.0,20.45,0.01,-5325.0
135,20.45,20.42,20.44,20.46,20.43,20.44,20.45,-5000.0,20.45,0.01,-5325.0
135,20.45,20.42,20.44,20.46,20.43,20.44,20.45,-5000.0,20.45,0.01,-5325.0
135,20.45,20.43,20.45,20.46,20.43,20.45,20.45,-5000.0,20.45,-0.0,-5325.0
135,20.45,20.43,20.45,20.46,20.43,20.45,20.45,-5000.0,20.45,-0.0,-5325.0
136,20.43,20.4,20.43,20.46,20.43,20.43,20.45,-5000.0,20.45,0.02,-5325.0
136,20.43,20.4,20.43,20.46,20.43,20.43,20.45,-5000.0,20.45,0.02,-5325.0
136,20.43,20.4,20.43,20.46,20.43,20.43,20.45,-5000.0,20.45,0.02,-5325.0
136,20.43,20.4,20.43,20.46,20.43,20.43,20.45,-5000.0,20.45,0.02,-5325.0
136,20.43,20.4,20.43,20.46,20.43,20.43,20.45,-5000.0,20.45,0.02,-5325.0
136,20.43,20.4,20.43,20.46,20.43,20.43,20.45,-5000.0,20.45,0.02,-5325.0
136,20.43,20.4,20.43,20.46,20.43,20.43,20.45,-5000.0,20.45,0.02,-5325.0
136,20.43,20.4,20.43,20.46,20.43,20.43,20.45,-5000.0,20.45,0.02,-5325.0
136,20.43,20.4,20.43,20.46,20.43,20.43,20.45,-5000.0,20.45,0.02,-5325.0
136,20.43,20.4,20.43,20.46,20.43,20.43,20.45,-5000.0,20.45,0.02,-5325.0
136,20.43,20.4,20.43,20.46,20.43,20.43,20.45,-5000.0,20.45,0.02,-5325.0
136,20.43,20.4,20.43,20.46,20.43,20.43,20.45,-5000.0,20.45,0.02,-5325.0
136,20.43,20.4,20.43,20.46,20.43,20.43,20.45,-5000.0,20.45,0.02,-5325.0
136,20.43,20.4,20.43,20.46,20.43,20.43,20.45,-5000.0,20.45,0.02,-5325.0
136,20.43,20.4,20.43,20.46,20.43,20.43,20.45,-5000.0,20.45,0.02,-5325.0
136,20.43,20.4,20.43,20.46,20.43,20.43,20.45,-5000.0,20.45,0.02,-5325.0
136,20.43,20.4,20.43,20.46,20.43,20.43,20.45,-5000.0,20.45,0.02,-5325.0
136,20.43,20.4,20.43,20.46,20.43,20.43,20.45,-5000.0,20.45,0.02,-5325.0
136,20.43,20.4,20.43,20.46,20.43,20.43,20.45,-5000.0,20.45,0.02,-5325.0
136,20.43,20.4,20.43,20.46,20.43,20.43,20.45,-5000.0,20.45,0.02,-5325.0
136,20.43,20.4,20.43,20.46,20.43,20.43,20.45,-5000.0,20.45,0.02,-5325.0
136,20.46,20.42,20.44,20.46,20.43,20.44,20.45,-5000.0,20.45,0.01,-5325.0
136,20.46,20.42,20.44,20.46,20.43,20.44,20.45,-5000.0,20.45,0.01,-5325.0
136,20.46,20.42,20.44,20.46,20.43,20.44,20.45,-5000.0,20.45,0.01,-5325.0
136,20.46,20.42,20.44,20.46,20.43,20.44,20.45,-5000.0,20.45,0.01,-5325.0
136,20.46,20.42,20.44,20.46,20.43,20.44,20.45,-5000.0,20.45,0.01,-5325.0
136,20.46,20.42,20.44,20.46,20.43,20.44,20.45,-5000.0,20.45,0.01,-5325.0
136,20.46,20.42,20.44,20.46,20.43,20.44,20.45,-5000.0,20.45,0.01,-5325.0
136,20.46,20.42,20.44,20.46,20.43,20.44,20.45,-5000.0,20.45,0.01,-5325.0
136,20.46,20.42,20.44,20.46,20.43,20.44,20.45,-5000.0,20.45,0.01,-5325.0
136,20.46,20.42,20.44,20.46,20.43,20.44,20.45,-5000.0,20.45,0.01,-5325.0
136,20.46,20.42,20.44,20.46,20.43,20.44,20.45,-5000.0,20.45,0.01,-5325.0
136,20.42,20.42,20.44,20.46,20.43,20.44,20.45,-5000.0,20.45,0.01,-5325.0
136,20.42,20.42,20.44,20.46,20.43,20.44,20.45,-5000.0,20.45,0.01,-5325.0
136,20.42,20.42,20.44,20.46,20.43,20.44,20.45,-5000.0,20.45,0.01,-5325.0
136,20.42,20.42,20.44,20.46,20.43,20.44,20.45,-5000.0,20.45,0.01,-5325.0
136,20.42,20.42,20.44,20.46,20.43,20.44,20.45,-5000.0,20.45,0.01,-5325.0
136,20.42,20.42,20.44,20.46,20.43,20.44,20.45,-5000.0,20.45,0.01,-5325.0
136,20.42,20.42,20.44,20.46,20.43,20.44,20.45,-5000.0,20.45,0.01,-5325.0
136,20.42,20.42,20.44,20.46,20.43,20.44,20.45,-5000.0,20.45,0.01,-5325.0
136,20.42,20.42,20.44,20.46,20.43,20.44,20.45,-5000.0,20.45,0.01,-5325.0
136,20.42,20.42,20.44,20.46,20.43,20.44,20.45,-5000.0,20.45,0.01,-5325.0
136,20.42,20.42,20.44,20.46,20.43,20.44,20.45,-5000.0,20.45,0.01,-5325.0
136,20.42,20.4,20.41,20.42,20.43,20.41,20.45,-5000.0,20.45,0.04,-5325.0
136,20.39,20.36,20.39,20.42,20.43,20.39,20.45,-5000.0,20.45,0.06,-5325.0
137,20.39,20.36,20.39,20.42,20.43,20.39,20.45,-5000.0,20.45,0.06,-5325.0
137,20.39,20.36,20.39,20.42,20.43,20.39,20.45,-5000.0,20.45,0.06,-5325.0
137,20.39,20.36,20.39,20.42,20.43,20.39,20.45,-5000.0,20.45,0.06,-5325.0
137,20.39,20.36,20.39,20.42,20.43,20.39,20.45,-5000.0,20.45,0.06,-5325.0
137,20.39,20.36,20.39,20.42,20.43,20.39,20.45,-5000.0,20.45,0.06,-5325.0
137,20.39,20.36,20.39,20.42,20.43,20.39,20.45,-5000.0,20.45,0.06,-5325.0
137,20.39,20.36,20.39,20.42,20.43,20.39,20.45,-5000.0,20.45,0.06,-5325.0
137,20.39,20.36,20.39,20.42,20.43,20.39,20.45,-5000.0,20.45,0.06,-5325.0
137,20.39,20.36,20.37,20.38,20.43,20.37,20.45,-5000.0,20.45,0.08,-5325.0
137,20.39,20.36,20.37,20.38,20.43,20.37,20.45,-5000.0,20.45,0.08,-5325.0
137,20.39,20.36,20.37,20.38,20.43,20.37,20.45,-5000.0,20.45,0.08,-5325.0
137,20.39,20.36,20.37,20.38,20.43,20.37,20.45,-5000.0,20.45,0.08,-5325.0
137,20.39,20.36,20.37,20.38,20.43,20.37,20.45,-5000.0,20.45,0.08,-5325.0
137,20.39,20.36,20.37,20.38,20.43,20.37,20.45,-5000.0,20.45,0.08,-5325.0
137,20.39,20.36,20.37,20.38,20.43,20.37,20.45,-5000.0,20.45,0.08,-5325.0
137,20.39,20.36,20.37,20.38,20.43,20.37,20.45,-5000.0,20.45,0.08,-5325.0
137,20.39,20.36,20.37,20.38,20.43,20.37,20.45,-5000.0,20.45,0.08,-5325.0
137,20.39,20.36,20.37,20.38,20.43,20.37,20.45,-5000.0,20.45,0.08,-5325.0
137,20.39,20.36,20.37,20.38,20.43,20.37,20.45,-5000.0,20.45,0.08,-5325.0
137,20.39,20.36,20.37,20.38,20.43,20.37,20.45,-5000.0,20.45,0.08,-5325.0
137,20.39,20.36,20.37,20.38,20.43,20.37,20.45,-5000.0,20.45,0.08,-5325.0
137,20.39,20.36,20.37,20.38,20.43,20.37,20.45,-5000.0,20.45,0.08,-5325.0
137,20.39,20.36,20.37,20.38,20.43,20.37,20.45,-5000.0,20.45,0.08,-5325.0
137,20.39,20.36,20.37,20.38,20.43,20.37,20.45,-5000.0,20.45,0.08,-5325.0
137,20.39,20.36,20.37,20.38,20.43,20.37,20.45,-5000.0,20.45,0.08,-5325.0
137,20.39,20.36,20.37,20.38,20.43,20.37,20.45,-5000.0,20.45,0.08,-5325.0
137,20.39,20.36,20.37,20.38,20.43,20.37,20.45,-5000.0,20.45,0.08,-5325.0
137,20.39,20.36,20.37,20.38,20.43,20.37,20.45,-5000.0,20.45,0.08,-5325.0
137,20.39,20.36,20.37,20.38,20.43,20.37,20.45,-5000.0,20.45,0.08,-5325.0
137,20.39,20.36,20.37,20.38,20.43,20.37,20.45,-5000.0,20.45,0.08,-5325.0
137,20.39,20.36,20.37,20.38,20.43,20.37,20.45,-5000.0,20.45,0.08,-5325.0
137,20.39,20.36,20.37,20.38,20.43,20.37,20.45,-5000.0,20.45,0.08,-5325.0
137,20.39,20.36,20.37,20.38,20.43,20.37,20.45,-5000.0,20.45,0.08,-5325.0
137,20.39,20.36,20.37,20.38,20.43,20.37,20.45,-5000.0,20.45,0.08,-5325.0
137,20.39,20.36,20.37,20.38,20.43,20.37,20.45,-5000.0,20.45,0.08,-5325.0
137,20.39,20.36,20.37,20.38,20.43,20.37,20.45,-5000.0,20.45,0.08,-5325.0
137,20.39,20.36,20.37,20.38,20.43,20.37,20.45,-5000.0,20.45,0.08,-5325.0
137,20.39,20.36,20.37,20.38,20.43,20.37,20.45,-5000.0,20.45,0.08,-5325.0
137,20.39,20.36,20.37,20.38,20.43,20.37,20.45,-5000.0,20.45,0.08,-5325.0
137,20.39,20.36,20.37,20.38,20.43,20.37,20.45,-5000.0,20.45,0.08,-5325.0
137,20.39,20.36,20.37,20.38,20.43,20.37,20.45,-5000.0,20.45,0.08,-5325.0
137,20.39,20.36,20.37,20.38,20.43,20.37,20.45,-5000.0,20.45,0.08,-5325.0
137,20.39,20.36,20.37,20.38,20.43,20.37,20.45,-5000.0,20.45,0.08,-5325.0
137,20.39,20.36,20.37,20.38,20.43,20.37,20.45,-5000.0,20.45,0.08,-5325.0
137,20.36,20.36,20.37,20.38,20.43,20.37,20.45,-5000.0,20.45,0.08,-5325.0
138,20.36,20.33,20.36,20.39,20.43,20.36,20.45,-5000.0,20.45,0.09,-5325.0
138,20.36,20.33,20.36,20.39,20.43,20.36,20.45,-5000.0,20.45,0.09,-5325.0
138,20.36,20.33,20.36,20.39,20.43,20.36,20.45,-5000.0,20.45,0.09,-5325.0
138,20.36,20.33,20.36,20.39,20.43,20.36,20.45,-5000.0,20.45,0.09,-5325.0
138,20.36,20.33,20.36,20.39,20.43,20.36,20.45,-5000.0,20.45,0.09,-5325.0
138,20.36,20.33,20.36,20.39,20.43,20.36,20.45,-5000.0,20.45,0.09,-5325.0
138,20.36,20.33,20.36,20.39,20.43,20.36,20.45,-5000.0,20.45,0.09,-5325.0
138,20.36,20.33,20.36,20.39,20.43,20.36,20.45,-5000.0,20.45,0.09,-5325.0
138,20.36,20.33,20.36,20.39,20.43,20.36,20.45,-5000.0,20.45,0.09,-5325.0
138,20.36,20.33,20.36,20.39,20.43,20.36,20.45,-5000.0,20.45,0.09,-5325.0
138,20.36,20.33,20.36,20.39,20.43,20.36,20.45,-5000.0,20.45,0.09,-5325.0
138,20.36,20.33,20.36,20.39,20.43,20.36,20.45,-5000.0,20.45,0.09,-5325.0
138,20.36,20.33,20.36,20.39,20.43,20.36,20.45,-5000.0,20.45,0.09,-5325.0
138,20.36,20.33,20.36,20.39,20.43,20.36,20.45,-5000.0,20.45,0.09,-5325.0
138,20.36,20.33,20.36,20.39,20.43,20.36,20.45,-5000.0,20.45,0.09,-5325.0
138,20.36,20.33,20.36,20.39,20.43,20.36,20.45,-5000.0,20.45,0.09,-5325.0
138,20.36,20.33,20.36,20.39,20.43,20.36,20.45,-5000.0,20.45,0.09,-5325.0
138,20.36,20.33,20.36,20.39,20.43,20.36,20.45,-5000.0,20.45,0.09,-5325.0
138,20.36,20.33,20.36,20.39,20.43,20.36,20.45,-5000.0,20.45,0.09,-5325.0
138,20.36,20.33,20.36,20.39,20.43,20.36,20.45,-5000.0,20.45,0.09,-5325.0
138,20.36,20.33,20.36,20.39,20.43,20.36,20.45,-5000.0,20.45,0.09,-5325.0
138,20.36,20.33,20.36,20.39,20.43,20.36,20.45,-5000.0,20.45,0.09,-5325.0
138,20.36,20.33,20.36,20.39,20.43,20.36,20.45,-5000.0,20.45,0.09,-5325.0
138,20.36,20.33,20.36,20.39,20.43,20.36,20.45,-5000.0,20.45,0.09,-5325.0
138,20.36,20.33,20.36,20.39,20.43,20.36,20.45,-5000.0,20.45,0.09,-5325.0
138,20.36,20.33,20.36,20.39,20.43,20.36,20.45,-5000.0,20.45,0.09,-5325.0
138,20.36,20.33,20.36,20.39,20.43,20.36,20.45,-5000.0,20.45,0.09,-5325.0
138,20.36,20.33,20.36,20.39,20.43,20.36,20.45,-5000.0,20.45,0.09,-5325.0
138,20.36,20.33,20.36,20.39,20.43,20.36,20.45,-5000.0,20.45,0.09,-5325.0
138,20.36,20.33,20.36,20.39,20.43,20.36,20.45,-5000.0,20.45,0.09,-5325.0
138,20.36,20.33,20.36,20.39,20.43,20.36,20.45,-5000.0,20.45,0.09,-5325.0
138,20.36,20.33,20.36,20.39,20.43,20.36,20.45,-5000.0,20.45,0.09,-5325.0
138,20.36,20.33,20.36,20.39,20.43,20.36,20.45,-5000.0,20.45,0.09,-5325.0
138,20.33,20.33,20.36,20.39,20.43,20.36,20.45,-5000.0,20.45,0.09,-5325.0
138,20.33,20.33,20.36,20.39,20.43,20.36,20.45,-5000.0,20.45,0.09,-5325.0
138,20.33,20.33,20.36,20.39,20.43,20.36,20.45,-5000.0,20.45,0.09,-5325.0
138,20.33,20.33,20.36,20.39,20.43,20.36,20.45,-5000.0,20.45,0.09,-5325.0
138,20.33,20.33,20.36,20.39,20.43,20.36,20.45,-5000.0,20.45,0.09,-5325.0
138,20.33,20.33,20.36,20.39,20.43,20.36,20.45,-5000.0,20.45,0.09,-5325.0
138,20.33,20.33,20.36,20.39,20.43,20.36,20.45,-5000.0,20.45,0.09,-5325.0
138,20.33,20.33,20.36,20.39,20.43,20.36,20.45,-5000.0,20.45,0.09,-5325.0
138,20.33,20.33,20.36,20.39,20.43,20.36,20.45,-5000.0,20.45,0.09,-5325.0
138,20.33,20.33,20.36,20.39,20.43,20.36,20.45,-5000.0,20.45,0.09,-5325.0
138,20.33,20.33,20.36,20.39,20.43,20.36,20.45,-5000.0,20.45,0.09,-5325.0
138,20.33,20.33,20.36,20.39,20.43,20.36,20.45,-5000.0,20.45,0.09,-5325.0
138,20.33,20.33,20.36,20.39,20.43,20.36,20.45,-5000.0,20.45,0.09,-5325.0
139,20.34,20.31,20.34,20.37,20.43,20.34,20.45,-5000.0,20.45,0.11,-5325.0
139,20.34,20.31,20.34,20.37,20.43,20.34,20.45,-5000.0,20.45,0.11,-5325.0
139,20.34,20.31,20.34,20.37,20.43,20.34,20.45,-5000.0,20.45,0.11,-5325.0
139,20.34,20.31,20.34,20.37,20.43,20.34,20.45,-5000.0,20.45,0.11,-5325.0
139,20.34,20.31,20.34,20.37,20.43,20.34,20.45,-5000.0,20.45,0.11,-5325.0
139,20.34,20.31,20.34,20.37,20.43,20.34,20.45,-5000.0,20.45,0.11,-5325.0
139,20.34,20.31,20.34,20.37,20.43,20.34,20.45,-5000.0,20.45,0.11,-5325.0
139,20.34,20.31,20.34,20.37,20.43,20.34,20.45,-5000.0,20.45,0.11,-5325.0
139,20.34,20.31,20.34,20.37,20.43,20.34,20.45,-5000.0,20.45,0.11,-5325.0
139,20.34,20.34,20.36,20.37,20.43,20.36,20.45,-5000.0,20.45,0.09,-5325.0
139,20.34,20.34,20.36,20.37,20.43,20.36,20.45,-5000.0,20.45,0.09,-5325.0
139,20.34,20.34,20.36,20.37,20.43,20.36,20.45,-5000.0,20.45,0.09,-5325.0
139,20.34,20.34,20.36,20.37,20.43,20.36,20.45,-5000.0,20.45,0.09,-5325.0
139,20.34,20.34,20.36,20.37,20.43,20.36,20.45,-5000.0,20.45,0.09,-5325.0
139,20.34,20.34,20.36,20.37,20.43,20.36,20.45,-5000.0,20.45,0.09,-5325.0
139,20.34,20.34,20.36,20.37,20.43,20.36,20.45,-5000.0,20.45,0.09,-5325.0
139,20.34,20.34,20.36,20.37,20.43,20.36,20.45,-5000.0,20.45,0.09,-5325.0
139,20.34,20.34,20.36,20.37,20.43,20.36,20.45,-5000.0,20.45,0.09,-5325.0
139,20.34,20.34,20.36,20.37,20.43,20.36,20.45,-5000.0,20.45,0.09,-5325.0
139,20.34,20.34,20.36,20.37,20.43,20.36,20.45,-5000.0,20.45,0.09,-5325.0
139,20.34,20.34,20.36,20.37,20.43,20.36,20.45,-5000.0,20.45,0.09,-5325.0
139,20.34,20.34,20.35,20.36,20.43,20.35,20.45,-5000.0,20.45,0.1,-5325.0
139,20.34,20.34,20.35,20.36,20.43,20.35,20.45,-5000.0,20.45,0.1,-5325.0
139,20.34,20.34,20.35,20.36,20.43,20.35,20.45,-5000.0,20.45,0.1,-5325.0
139,20.34,20.34,20.35,20.36,20.43,20.35,20.45,-5000.0,20.45,0.1,-5325.0
139,20.34,20.34,20.35,20.36,20.43,20.35,20.45,-5000.0,20.45,0.1,-5325.0
139,20.34,20.34,20.35,20.36,20.43,20.35,20.45,-5000.0,20.45,0.1,-5325.0
139,20.34,20.34,20.35,20.36,20.43,20.35,20.45,-5000.0,20.45,0.1,-5325.0
139,20.34,20.34,20.35,20.36,20.43,20.35,20.45,-5000.0,20.45,0.1,-5325.0
139,20.34,20.34,20.35,20.36,20.43,20.35,20.45,-5000.0,20.45,0.1,-5325.0
139,20.34,20.34,20.35,20.36,20.43,20.35,20.45,-5000.0,20.45,0.1,-5325.0
139,20.34,20.34,20.35,20.36,20.43,20.35,20.45,-5000.0,20.45,0.1,-5325.0
139,20.34,20.34,20.35,20.36,20.43,20.35,20.45,-5000.0,20.45,0.1,-5325.0
139,20.34,20.34,20.35,20.36,20.43,20.35,20.45,-5000.0,20.45,0.1,-5325.0
139,20.34,20.34,20.35,20.36,20.43,20.35,20.45,-5000.0,20.45,0.1,-5325.0
139,20.34,20.34,20.35,20.36,20.43,20.35,20.45,-5000.0,20.45,0.1,-5325.0
139,20.34,20.34,20.35,20.36,20.43,20.35,20.45,-5000.0,20.45,0.1,-5325.0
139,20.34,20.34,20.35,20.36,20.43,20.35,20.45,-5000.0,20.45,0.1,-5325.0
139,20.34,20.34,20.35,20.36,20.43,20.35,20.45,-5000.0,20.45,0.1,-5325.0
139,20.34,20.34,20.35,20.36,20.43,20.35,20.45,-5000.0,20.45,0.1,-5325.0
139,20.34,20.34,20.35,20.36,20.43,20.35,20.45,-5000.0,20.45,0.1,-5325.0
139,20.34,20.34,20.35,20.36,20.43,20.35,20.45,-5000.0,20.45,0.1,-5325.0
139,20.34,20.34,20.35,20.36,20.43,20.35,20.45,-5000.0,20.45,0.1,-5325.0
139,20.34,20.34,20.35,20.36,20.43,20.35,20.45,-5000.0,20.45,0.1,-5325.0
139,20.34,20.34,20.35,20.36,20.43,20.35,20.45,-5000.0,20.45,0.1,-5325.0
139,20.33,20.3,20.33,20.36,20.43,20.33,20.45,-5000.0,20.45,0.12,-5325.0
140,20.33,20.3,20.33,20.36,20.43,20.33,20.45,-5000.0,20.45,0.12,-5325.0
140,20.33,20.3,20.33,20.36,20.43,20.33,20.45,-5000.0,20.45,0.12,-5325.0
140,20.33,20.3,20.33,20.36,20.43,20.33,20.45,-5000.0,20.45,0.12,-5325.0
140,20.33,20.3,20.33,20.36,20.43,20.33,20.45,-5000.0,20.45,0.12,-5325.0
140,20.33,20.3,20.33,20.36,20.43,20.33,20.45,-5000.0,20.45,0.12,-5325.0
140,20.33,20.3,20.33,20.36,20.43,20.33,20.45,-5000.0,20.45,0.12,-5325.0
140,20.33,20.3,20.33,20.36,20.43,20.33,20.45,-5000.0,20.45,0.12,-5325.0
140,20.33,20.3,20.33,20.36,20.43,20.33,20.45,-5000.0,20.45,0.12,-5325.0
140,20.33,20.3,20.33,20.36,20.43,20.33,20.45,-5000.0,20.45,0.12,-5325.0
140,20.33,20.32,20.34,20.36,20.43,20.34,20.45,-5000.0,20.45,0.11,-5325.0
140,20.33,20.32,20.34,20.36,20.43,20.34,20.45,-5000.0,20.45,0.11,-5325.0
140,20.33,20.32,20.34,20.36,20.43,20.34,20.45,-5000.0,20.45,0.11,-5325.0
140,20.33,20.32,20.34,20.36,20.43,20.34,20.45,-5000.0,20.45,0.11,-5325.0
140,20.33,20.32,20.34,20.36,20.43,20.34,20.45,-5000.0,20.45,0.11,-5325.0
140,20.33,20.32,20.34,20.36,20.43,20.34,20.45,-5000.0,20.45,0.11,-5325.0
140,20.33,20.32,20.34,20.36,20.43,20.34,20.45,-5000.0,20.45,0.11,-5325.0
140,20.33,20.32,20.34,20.36,20.43,20.34,20.45,-5000.0,20.45,0.11,-5325.0
140,20.33,20.32,20.34,20.36,20.43,20.34,20.45,-5000.0,20.45,0.11,-5325.0
140,20.33,20.32,20.34,20.36,20.43,20.34,20.45,-5000.0,20.45,0.11,-5325.0
140,20.33,20.32,20.34,20.36,20.43,20.34,20.45,-5000.0,20.45,0.11,-5325.0
140,20.33,20.32,20.34,20.36,20.43,20.34,20.45,-5000.0,20.45,0.11,-5325.0
140,20.33,20.32,20.34,20.36,20.43,20.34,20.45,-5000.0,20.45,0.11,-5325.0
140,20.33,20.32,20.34,20.36,20.43,20.34,20.45,-5000.0,20.45,0.11,-5325.0
140,20.33,20.32,20.34,20.36,20.43,20.34,20.45,-5000.0,20.45,0.11,-5325.0
140,20.33,20.32,20.34,20.36,20.43,20.34,20.45,-5000.0,20.45,0.11,-5325.0
140,20.33,20.32,20.34,20.36,20.43,20.34,20.45,-5000.0,20.45,0.11,-5325.0
140,20.33,20.32,20.34,20.36,20.43,20.34,20.45,-5000.0,20.45,0.11,-5325.0
140,20.33,20.32,20.34,20.36,20.43,20.34,20.45,-5000.0,20.45,0.11,-5325.0
140,20.33,20.32,20.34,20.36,20.43,20.34,20.45,-5000.0,20.45,0.11,-5325.0
140,20.33,20.32,20.34,20.36,20.43,20.34,20.45,-5000.0,20.45,0.11,-5325.0
140,20.33,20.32,20.34,20.36,20.43,20.34,20.45,-5000.0,20.45,0.11,-5325.0
140,20.33,20.32,20.34,20.36,20.43,20.34,20.45,-5000.0,20.45,0.11,-5325.0
140,20.33,20.32,20.34,20.36,20.43,20.34,20.45,-5000.0,20.45,0.11,-5325.0
140,20.33,20.34,20.35,20.36,20.43,20.35,20.45,-5000.0,20.45,0.1,-5325.0
140,20.33,20.34,20.35,20.36,20.43,20.35,20.45,-5000.0,20.45,0.1,-5325.0
140,20.33,20.34,20.35,20.36,20.43,20.35,20.45,-5000.0,20.45,0.1,-5325.0
140,20.33,20.34,20.35,20.36,20.43,20.35,20.45,-5000.0,20.45,0.1,-5325.0
140,20.33,20.34,20.35,20.36,20.43,20.35,20.45,-5000.0,20.45,0.1,-5325.0
140,20.33,20.34,20.35,20.36,20.43,20.35,20.45,-5000.0,20.45,0.1,-5325.0
140,20.33,20.34,20.35,20.36,20.43,20.35,20.45,-5000.0,20.45,0.1,-5325.0
140,20.33,20.34,20.35,20.36,20.43,20.35,20.45,-5000.0,20.45,0.1,-5325.0
140,20.33,20.34,20.35,20.36,20.43,20.35,20.45,-5000.0,20.45,0.1,-5325.0
140,20.33,20.34,20.35,20.36,20.43,20.35,20.45,-5000.0,20.45,0.1,-5325.0
140,20.33,20.34,20.35,20.36,20.43,20.35,20.45,-5000.0,20.45,0.1,-5325.0
140,20.33,20.35,20.36,20.36,20.43,20.36,20.45,-5000.0,20.45,0.09,-5325.0
140,20.33,20.35,20.36,20.36,20.43,20.36,20.45,-5000.0,20.45,0.09,-5325.0
140,20.32,20.29,20.32,20.35,20.43,20.32,20.45,-5000.0,20.45,0.13,-5325.0
141,20.32,20.29,20.32,20.35,20.43,20.32,20.45,-5000.0,20.45,0.13,-5325.0
141,20.32,20.29,20.32,20.35,20.43,20.32,20.45,-5000.0,20.45,0.13,-5325.0
