tick,n_open_orders,last,bid,mid,ask,current_bid,mid,current_ask,position,position_vwap,pnl_per_share,realized
90,0,20.24,20.21,20.24,20.27,19.73,20.24,20.75,0.0,0.0,0.0,0.0
90,0,20.24,20.21,20.24,20.27,19.73,20.24,20.75,0.0,0.0,0.0,0.0
90,0,20.24,20.21,20.24,20.27,19.73,20.24,20.75,0.0,0.0,0.0,0.0
90,0,20.21,20.23,20.25,20.27,19.73,20.25,20.77,0.0,0.0,0.0,0.0
90,0,20.21,20.23,20.25,20.27,19.73,20.25,20.77,0.0,0.0,0.0,0.0
91,0,20.26,20.23,20.26,20.29,19.75,20.26,20.77,0.0,0.0,0.0,0.0
91,0,20.26,20.23,20.26,20.29,19.75,20.26,20.77,0.0,0.0,0.0,0.0
91,0,20.26,20.24,20.26,20.28,19.75,20.26,20.77,0.0,0.0,0.0,0.0
92,0,20.25,20.22,20.25,20.28,19.74,20.25,20.76,0.0,0.0,0.0,0.0
92,0,20.25,20.22,20.23,20.23,19.72,20.23,20.74,0.0,0.0,0.0,0.0
93,0,20.28,20.25,20.28,20.31,19.77,20.28,20.79,0.0,0.0,0.0,0.0
93,0,20.28,20.25,20.28,20.31,19.77,20.28,20.79,0.0,0.0,0.0,0.0
tick,n_open_orders,last,bid,mid,ask,current_bid,mid,current_ask,position,position_vwap,pnl_per_share,realized
128,0,20.39,20.36,20.39,20.42,19.86,20.39,20.92,0.0,0.0,0.0,0.0
128,0,20.39,20.41,20.41,20.42,19.88,20.41,20.94,0.0,0.0,0.0,0.0
128,0,20.39,20.41,20.41,20.42,19.88,20.41,20.94,0.0,0.0,0.0,0.0
128,0,20.39,20.41,20.41,20.42,19.88,20.41,20.94,0.0,0.0,0.0,0.0
129,0,20.37,20.34,20.37,20.4,19.84,20.37,20.9,0.0,0.0,0.0,0.0
129,0,20.37,20.34,20.37,20.4,19.84,20.37,20.9,0.0,0.0,0.0,0.0
129,0,20.34,20.34,20.37,20.39,19.84,20.37,20.9,0.0,0.0,0.0,0.0
130,0,20.38,20.35,20.38,20.41,19.85,20.38,20.91,0.0,0.0,0.0,0.0
130,0,20.38,20.35,20.37,20.38,19.84,20.37,20.9,0.0,0.0,0.0,0.0
131,0,20.39,20.36,20.39,20.42,19.86,20.39,20.92,0.0,0.0,0.0,0.0
131,0,20.39,20.36,20.39,20.42,19.86,20.39,20.92,0.0,0.0,0.0,0.0
131,0,20.36,20.39,20.39,20.4,19.86,20.39,20.92,0.0,0.0,0.0,0.0
132,0,20.4,20.37,20.4,20.43,19.86,20.4,20.92,0.0,0.0,0.0,0.0
132,0,20.4,20.37,20.4,20.43,19.86,20.4,20.92,0.0,0.0,0.0,0.0
132,0,20.4,20.37,20.4,20.43,19.86,20.4,20.92,0.0,0.0,0.0,0.0
132,0,20.4,20.37,20.4,20.43,19.86,20.4,20.92,0.0,0.0,0.0,0.0
132,0,20.4,20.37,20.4,20.43,19.86,20.4,20.92,0.0,0.0,0.0,0.0
132,0,20.4,20.37,20.4,20.43,19.86,20.4,20.92,0.0,0.0,0.0,0.0
132,0,20.4,20.37,20.4,20.43,19.86,20.4,20.92,0.0,0.0,0.0,0.0
132,0,20.4,20.37,20.4,20.43,19.86,20.4,20.92,0.0,0.0,0.0,0.0
132,0,20.4,20.37,20.4,20.43,19.86,20.4,20.92,0.0,0.0,0.0,0.0
132,0,20.4,20.37,20.4,20.43,19.86,20.4,20.92,0.0,0.0,0.0,0.0
132,0,20.4,20.4,20.41,20.41,19.86,20.41,20.92,0.0,0.0,0.0,0.0
132,0,20.4,20.4,20.41,20.41,19.86,20.41,20.92,0.0,0.0,0.0,0.0
132,0,20.4,20.4,20.41,20.41,19.86,20.41,20.92,0.0,0.0,0.0,0.0
132,0,20.4,20.4,20.41,20.41,19.86,20.41,20.92,0.0,0.0,0.0,0.0
132,0,20.4,20.4,20.41,20.41,19.86,20.41,20.92,0.0,0.0,0.0,0.0
132,0,20.4,20.4,20.41,20.41,19.86,20.41,20.92,0.0,0.0,0.0,0.0
132,0,20.4,20.4,20.41,20.41,19.86,20.41,20.92,0.0,0.0,0.0,0.0
132,0,20.4,20.4,20.41,20.41,19.86,20.41,20.92,0.0,0.0,0.0,0.0
132,0,20.4,20.4,20.41,20.41,19.86,20.41,20.92,0.0,0.0,0.0,0.0
132,0,20.41,20.4,20.41,20.41,19.86,20.41,20.92,0.0,0.0,0.0,0.0
132,0,20.41,20.4,20.41,20.41,19.86,20.41,20.92,0.0,0.0,0.0,0.0
132,0,20.41,20.4,20.41,20.41,19.86,20.41,20.92,0.0,0.0,0.0,0.0
132,0,20.41,20.4,20.41,20.41,19.86,20.41,20.92,0.0,0.0,0.0,0.0
132,0,20.41,20.4,20.41,20.41,19.86,20.41,20.92,0.0,0.0,0.0,0.0
132,0,20.41,20.4,20.41,20.41,19.86,20.41,20.92,0.0,0.0,0.0,0.0
132,0,20.41,20.4,20.41,20.41,19.86,20.41,20.92,0.0,0.0,0.0,0.0
132,0,20.41,20.4,20.41,20.41,19.86,20.41,20.92,0.0,0.0,0.0,0.0
132,0,20.37,20.34,20.37,20.4,19.86,20.37,20.92,0.0,0.0,0.0,0.0
133,0,20.37,20.34,20.37,20.4,19.86,20.37,20.92,0.0,0.0,0.0,0.0
133,0,20.37,20.34,20.37,20.4,19.86,20.37,20.92,0.0,0.0,0.0,0.0
133,0,20.37,20.34,20.37,20.4,19.86,20.37,20.92,0.0,0.0,0.0,0.0
133,0,20.37,20.34,20.37,20.4,19.86,20.37,20.92,0.0,0.0,0.0,0.0
133,0,20.37,20.34,20.37,20.4,19.86,20.37,20.92,0.0,0.0,0.0,0.0
133,0,20.37,20.34,20.37,20.4,19.86,20.37,20.92,0.0,0.0,0.0,0.0
133,0,20.37,20.34,20.37,20.4,19.86,20.37,20.92,0.0,0.0,0.0,0.0
133,0,20.37,20.34,20.37,20.4,19.86,20.37,20.92,0.0,0.0,0.0,0.0
133,0,20.37,20.34,20.37,20.4,19.86,20.37,20.92,0.0,0.0,0.0,0.0
133,0,20.37,20.34,20.37,20.4,19.86,20.37,20.92,0.0,0.0,0.0,0.0
133,0,20.37,20.34,20.37,20.4,19.86,20.37,20.92,0.0,0.0,0.0,0.0
133,0,20.37,20.34,20.37,20.4,19.86,20.37,20.92,0.0,0.0,0.0,0.0
133,0,20.37,20.34,20.37,20.4,19.86,20.37,20.92,0.0,0.0,0.0,0.0
133,0,20.37,20.34,20.37,20.4,19.86,20.37,20.92,0.0,0.0,0.0,0.0
133,0,20.37,20.34,20.37,20.4,19.86,20.37,20.92,0.0,0.0,0.0,0.0
133,0,20.37,20.34,20.37,20.4,19.86,20.37,20.92,0.0,0.0,0.0,0.0
133,0,20.37,20.34,20.37,20.4,19.86,20.37,20.92,0.0,0.0,0.0,0.0
133,0,20.4,20.37,20.38,20.4,19.86,20.38,20.92,0.0,0.0,0.0,0.0
133,0,20.4,20.37,20.38,20.4,19.86,20.38,20.92,0.0,0.0,0.0,0.0
133,0,20.4,20.37,20.38,20.4,19.86,20.38,20.92,0.0,0.0,0.0,0.0
133,0,20.4,20.37,20.38,20.4,19.86,20.38,20.92,0.0,0.0,0.0,0.0
133,0,20.4,20.37,20.38,20.4,19.86,20.38,20.92,0.0,0.0,0.0,0.0
133,0,20.4,20.37,20.38,20.4,19.86,20.38,20.92,0.0,0.0,0.0,0.0
133,0,20.4,20.37,20.38,20.4,19.86,20.38,20.92,0.0,0.0,0.0,0.0
133,0,20.4,20.37,20.38,20.4,19.86,20.38,20.92,0.0,0.0,0.0,0.0
133,0,20.4,20.37,20.38,20.4,19.86,20.38,20.92,0.0,0.0,0.0,0.0
133,0,20.4,20.37,20.38,20.4,19.86,20.38,20.92,0.0,0.0,0.0,0.0
133,0,20.4,20.37,20.38,20.4,19.86,20.38,20.92,0.0,0.0,0.0,0.0
133,0,20.4,20.37,20.38,20.4,19.86,20.38,20.92,0.0,0.0,0.0,0.0
133,0,20.4,20.37,20.38,20.4,19.86,20.38,20.92,0.0,0.0,0.0,0.0
133,0,20.4,20.37,20.38,20.4,19.86,20.38,20.92,0.0,0.0,0.0,0.0
133,0,20.4,20.37,20.38,20.4,19.86,20.38,20.92,0.0,0.0,0.0,0.0
133,0,20.4,20.37,20.38,20.4,19.86,20.38,20.92,0.0,0.0,0.0,0.0
133,0,20.4,20.37,20.38,20.4,19.86,20.38,20.92,0.0,0.0,0.0,0.0
133,0,20.4,20.37,20.38,20.4,19.86,20.38,20.92,0.0,0.0,0.0,0.0
133,0,20.4,20.37,20.38,20.4,19.86,20.38,20.92,0.0,0.0,0.0,0.0
134,0,20.36,20.33,20.36,20.39,19.86,20.36,20.92,0.0,0.0,0.0,0.0
134,0,20.36,20.33,20.36,20.39,19.86,20.36,20.92,0.0,0.0,0.0,0.0
134,0,20.36,20.33,20.36,20.39,19.86,20.36,20.92,0.0,0.0,0.0,0.0
134,0,20.36,20.33,20.36,20.39,19.86,20.36,20.92,0.0,0.0,0.0,0.0
134,0,20.36,20.33,20.36,20.39,19.86,20.36,20.92,0.0,0.0,0.0,0.0
134,0,20.36,20.33,20.36,20.39,19.86,20.36,20.92,0.0,0.0,0.0,0.0
134,0,20.36,20.33,20.36,20.39,19.86,20.36,20.92,0.0,0.0,0.0,0.0
134,0,20.36,20.33,20.36,20.39,19.86,20.36,20.92,0.0,0.0,0.0,0.0
134,0,20.36,20.33,20.34,20.34,19.86,20.34,20.92,0.0,0.0,0.0,0.0
134,0,20.36,20.33,20.34,20.34,19.86,20.34,20.92,0.0,0.0,0.0,0.0
134,0,20.36,20.33,20.34,20.34,19.86,20.34,20.92,0.0,0.0,0.0,0.0
134,0,20.36,20.33,20.34,20.34,19.86,20.34,20.92,0.0,0.0,0.0,0.0
134,0,20.36,20.33,20.34,20.34,19.86,20.34,20.92,0.0,0.0,0.0,0.0
134,0,20.36,20.33,20.34,20.34,19.86,20.34,20.92,0.0,0.0,0.0,0.0
134,0,20.36,20.33,20.34,20.34,19.86,20.34,20.92,0.0,0.0,0.0,0.0
134,0,20.36,20.33,20.34,20.34,19.86,20.34,20.92,0.0,0.0,0.0,0.0
134,0,20.36,20.33,20.34,20.34,19.86,20.34,20.92,0.0,0.0,0.0,0.0
134,0,20.36,20.33,20.34,20.34,19.86,20.34,20.92,0.0,0.0,0.0,0.0
134,0,20.36,20.33,20.34,20.34,19.86,20.34,20.92,0.0,0.0,0.0,0.0
134,0,20.36,20.33,20.34,20.34,19.86,20.34,20.92,0.0,0.0,0.0,0.0
134,0,20.36,20.33,20.34,20.34,19.86,20.34,20.92,0.0,0.0,0.0,0.0
134,0,20.36,20.33,20.34,20.34,19.86,20.34,20.92,0.0,0.0,0.0,0.0
134,0,20.36,20.33,20.34,20.34,19.86,20.34,20.92,0.0,0.0,0.0,0.0
134,0,20.36,20.33,20.34,20.34,19.86,20.34,20.92,0.0,0.0,0.0,0.0
134,0,20.36,20.33,20.34,20.34,19.86,20.34,20.92,0.0,0.0,0.0,0.0
134,0,20.36,20.33,20.34,20.34,19.86,20.34,20.92,0.0,0.0,0.0,0.0
134,0,20.36,20.33,20.34,20.34,19.86,20.34,20.92,0.0,0.0,0.0,0.0
134,0,20.36,20.33,20.34,20.34,19.86,20.34,20.92,0.0,0.0,0.0,0.0
134,0,20.36,20.33,20.34,20.34,19.86,20.34,20.92,0.0,0.0,0.0,0.0
134,0,20.36,20.33,20.34,20.34,19.86,20.34,20.92,0.0,0.0,0.0,0.0
134,0,20.36,20.33,20.34,20.34,19.86,20.34,20.92,0.0,0.0,0.0,0.0
134,0,20.36,20.33,20.34,20.34,19.86,20.34,20.92,0.0,0.0,0.0,0.0
134,0,20.36,20.33,20.34,20.34,19.86,20.34,20.92,0.0,0.0,0.0,0.0
134,0,20.36,20.33,20.34,20.34,19.86,20.34,20.92,0.0,0.0,0.0,0.0
134,0,20.36,20.33,20.34,20.34,19.86,20.34,20.92,0.0,0.0,0.0,0.0
134,0,20.33,20.33,20.34,20.34,19.86,20.34,20.92,0.0,0.0,0.0,0.0
135,0,20.44,20.41,20.44,20.47,19.86,20.44,20.92,0.0,0.0,0.0,0.0
135,0,20.44,20.41,20.44,20.47,19.86,20.44,20.92,0.0,0.0,0.0,0.0
135,0,20.44,20.41,20.44,20.47,19.86,20.44,20.92,0.0,0.0,0.0,0.0
135,0,20.44,20.41,20.44,20.47,19.86,20.44,20.92,0.0,0.0,0.0,0.0
135,0,20.44,20.41,20.44,20.47,19.86,20.44,20.92,0.0,0.0,0.0,0.0
135,0,20.44,20.41,20.44,20.47,19.86,20.44,20.92,0.0,0.0,0.0,0.0
135,0,20.44,20.41,20.44,20.47,19.86,20.44,20.92,0.0,0.0,0.0,0.0
135,0,20.41,20.43,20.45,20.47,19.86,20.45,20.92,0.0,0.0,0.0,0.0
135,0,20.41,20.43,20.45,20.47,19.86,20.45,20.92,0.0,0.0,0.0,0.0
135,0,20.41,20.43,20.45,20.47,19.86,20.45,20.92,0.0,0.0,0.0,0.0
135,0,20.41,20.43,20.45,20.47,19.86,20.45,20.92,0.0,0.0,0.0,0.0
135,0,20.41,20.43,20.45,20.47,19.86,20.45,20.92,0.0,0.0,0.0,0.0
135,0,20.41,20.43,20.45,20.47,19.86,20.45,20.92,0.0,0.0,0.0,0.0
135,0,20.41,20.43,20.45,20.47,19.86,20.45,20.92,0.0,0.0,0.0,0.0
135,0,20.41,20.43,20.45,20.47,19.86,20.45,20.92,0.0,0.0,0.0,0.0
135,0,20.41,20.43,20.44,20.45,19.86,20.44,20.92,0.0,0.0,0.0,0.0
135,0,20.41,20.43,20.44,20.45,19.86,20.44,20.92,0.0,0.0,0.0,0.0
135,0,20.41,20.43,20.44,20.45,19.86,20.44,20.92,0.0,0.0,0.0,0.0
135,0,20.41,20.43,20.44,20.45,19.86,20.44,20.92,0.0,0.0,0.0,0.0
135,0,20.41,20.43,20.44,20.45,19.86,20.44,20.92,0.0,0.0,0.0,0.0
135,0,20.41,20.43,20.44,20.45,19.86,20.44,20.92,0.0,0.0,0.0,0.0
135,0,20.41,20.43,20.44,20.45,19.86,20.44,20.92,0.0,0.0,0.0,0.0
135,0,20.41,20.43,20.44,20.45,19.86,20.44,20.92,0.0,0.0,0.0,0.0
135,0,20.41,20.43,20.44,20.45,19.86,20.44,20.92,0.0,0.0,0.0,0.0
135,0,20.41,20.43,20.44,20.45,19.86,20.44,20.92,0.0,0.0,0.0,0.0
135,0,20.41,20.43,20.44,20.45,19.86,20.44,20.92,0.0,0.0,0.0,0.0
135,0,20.41,20.43,20.44,20.45,19.86,20.44,20.92,0.0,0.0,0.0,0.0
135,0,20.41,20.43,20.44,20.45,19.86,20.44,20.92,0.0,0.0,0.0,0.0
135,0,20.41,20.43,20.44,20.45,19.86,20.44,20.92,0.0,0.0,0.0,0.0
135,0,20.41,20.43,20.44,20.45,19.86,20.44,20.92,0.0,0.0,0.0,0.0
136,0,20.43,20.4,20.43,20.46,19.86,20.43,20.92,0.0,0.0,0.0,0.0
136,0,20.43,20.4,20.43,20.46,19.86,20.43,20.92,0.0,0.0,0.0,0.0
136,0,20.43,20.4,20.43,20.46,19.86,20.43,20.92,0.0,0.0,0.0,0.0
136,0,20.43,20.4,20.43,20.46,19.86,20.43,20.92,0.0,0.0,0.0,0.0
136,0,20.43,20.4,20.43,20.46,19.86,20.43,20.92,0.0,0.0,0.0,0.0
136,0,20.43,20.4,20.43,20.46,19.86,20.43,20.92,0.0,0.0,0.0,0.0
136,0,20.43,20.4,20.43,20.46,19.86,20.43,20.92,0.0,0.0,0.0,0.0
136,0,20.43,20.4,20.41,20.42,19.86,20.41,20.92,0.0,0.0,0.0,0.0
136,0,20.43,20.4,20.41,20.42,19.86,20.41,20.92,0.0,0.0,0.0,0.0
136,0,20.43,20.4,20.41,20.42,19.86,20.41,20.92,0.0,0.0,0.0,0.0
136,0,20.43,20.4,20.41,20.42,19.86,20.41,20.92,0.0,0.0,0.0,0.0
136,0,20.43,20.4,20.41,20.42,19.86,20.41,20.92,0.0,0.0,0.0,0.0
136,0,20.43,20.4,20.41,20.42,19.86,20.41,20.92,0.0,0.0,0.0,0.0
136,0,20.43,20.4,20.41,20.42,19.86,20.41,20.92,0.0,0.0,0.0,0.0
136,0,20.43,20.4,20.41,20.42,19.86,20.41,20.92,0.0,0.0,0.0,0.0
136,0,20.43,20.4,20.41,20.42,19.86,20.41,20.92,0.0,0.0,0.0,0.0
136,0,20.43,20.4,20.41,20.42,19.86,20.41,20.92,0.0,0.0,0.0,0.0
136,0,20.43,20.4,20.41,20.42,19.86,20.41,20.92,0.0,0.0,0.0,0.0
136,0,20.43,20.4,20.41,20.42,19.86,20.41,20.92,0.0,0.0,0.0,0.0
136,0,20.43,20.4,20.41,20.42,19.86,20.41,20.92,0.0,0.0,0.0,0.0
136,0,20.43,20.4,20.41,20.42,19.86,20.41,20.92,0.0,0.0,0.0,0.0
136,0,20.43,20.4,20.41,20.42,19.86,20.41,20.92,0.0,0.0,0.0,0.0
136,0,20.43,20.4,20.41,20.42,19.86,20.41,20.92,0.0,0.0,0.0,0.0
136,0,20.43,20.4,20.41,20.42,19.86,20.41,20.92,0.0,0.0,0.0,0.0
136,0,20.43,20.4,20.41,20.42,19.86,20.41,20.92,0.0,0.0,0.0,0.0
136,0,20.43,20.4,20.41,20.42,19.86,20.41,20.92,0.0,0.0,0.0,0.0
136,0,20.43,20.4,20.41,20.42,19.86,20.41,20.92,0.0,0.0,0.0,0.0
136,0,20.43,20.4,20.41,20.42,19.86,20.41,20.92,0.0,0.0,0.0,0.0
136,0,20.43,20.4,20.41,20.42,19.86,20.41,20.92,0.0,0.0,0.0,0.0
136,0,20.43,20.4,20.41,20.42,19.86,20.41,20.92,0.0,0.0,0.0,0.0
136,0,20.43,20.4,20.41,20.42,19.86,20.41,20.92,0.0,0.0,0.0,0.0
136,0,20.43,20.4,20.41,20.42,19.86,20.41,20.92,0.0,0.0,0.0,0.0
136,0,20.43,20.4,20.41,20.42,19.86,20.41,20.92,0.0,0.0,0.0,0.0
136,0,20.43,20.4,20.41,20.42,19.86,20.41,20.92,0.0,0.0,0.0,0.0
136,0,20.43,20.4,20.41,20.42,19.86,20.41,20.92,0.0,0.0,0.0,0.0
136,0,20.43,20.4,20.41,20.42,19.86,20.41,20.92,0.0,0.0,0.0,0.0
136,0,20.39,20.36,20.39,20.42,19.86,20.39,20.92,0.0,0.0,0.0,0.0
137,0,20.39,20.36,20.39,20.42,19.86,20.39,20.92,0.0,0.0,0.0,0.0
137,0,20.39,20.36,20.39,20.42,19.86,20.39,20.92,0.0,0.0,0.0,0.0
137,0,20.39,20.36,20.39,20.42,19.86,20.39,20.92,0.0,0.0,0.0,0.0
137,0,20.39,20.36,20.39,20.42,19.86,20.39,20.92,0.0,0.0,0.0,0.0
137,0,20.39,20.36,20.39,20.42,19.86,20.39,20.92,0.0,0.0,0.0,0.0
137,0,20.39,20.36,20.39,20.42,19.86,20.39,20.92,0.0,0.0,0.0,0.0
137,0,20.39,20.36,20.39,20.42,19.86,20.39,20.92,0.0,0.0,0.0,0.0
137,0,20.39,20.36,20.38,20.4,19.86,20.38,20.92,0.0,0.0,0.0,0.0
137,0,20.39,20.36,20.38,20.4,19.86,20.38,20.92,0.0,0.0,0.0,0.0
137,0,20.39,20.36,20.38,20.4,19.86,20.38,20.92,0.0,0.0,0.0,0.0
137,0,20.39,20.36,20.38,20.4,19.86,20.38,20.92,0.0,0.0,0.0,0.0
137,0,20.39,20.36,20.38,20.4,19.86,20.38,20.92,0.0,0.0,0.0,0.0
137,0,20.39,20.36,20.38,20.4,19.86,20.38,20.92,0.0,0.0,0.0,0.0
137,0,20.39,20.36,20.38,20.4,19.86,20.38,20.92,0.0,0.0,0.0,0.0
137,0,20.39,20.36,20.38,20.4,19.86,20.38,20.92,0.0,0.0,0.0,0.0
137,0,20.39,20.36,20.38,20.4,19.86,20.38,20.92,0.0,0.0,0.0,0.0
137,0,20.39,20.36,20.38,20.4,19.86,20.38,20.92,0.0,0.0,0.0,0.0
137,0,20.39,20.36,20.38,20.4,19.86,20.38,20.92,0.0,0.0,0.0,0.0
137,0,20.39,20.36,20.38,20.4,19.86,20.38,20.92,0.0,0.0,0.0,0.0
137,0,20.39,20.36,20.38,20.4,19.86,20.38,20.92,0.0,0.0,0.0,0.0
137,0,20.39,20.36,20.38,20.4,19.86,20.38,20.92,0.0,0.0,0.0,0.0
137,0,20.39,20.36,20.38,20.4,19.86,20.38,20.92,0.0,0.0,0.0,0.0
137,0,20.39,20.36,20.38,20.4,19.86,20.38,20.92,0.0,0.0,0.0,0.0
137,0,20.39,20.36,20.38,20.4,19.86,20.38,20.92,0.0,0.0,0.0,0.0
137,0,20.39,20.36,20.38,20.4,19.86,20.38,20.92,0.0,0.0,0.0,0.0
137,0,20.39,20.36,20.38,20.4,19.86,20.38,20.92,0.0,0.0,0.0,0.0
137,0,20.39,20.36,20.38,20.4,19.86,20.38,20.92,0.0,0.0,0.0,0.0
137,0,20.39,20.36,20.38,20.4,19.86,20.38,20.92,0.0,0.0,0.0,0.0
137,0,20.39,20.36,20.38,20.39,19.86,20.38,20.92,0.0,0.0,0.0,0.0
137,0,20.39,20.36,20.38,20.39,19.86,20.38,20.92,0.0,0.0,0.0,0.0
137,0,20.39,20.36,20.38,20.39,19.86,20.38,20.92,0.0,0.0,0.0,0.0
137,0,20.39,20.36,20.38,20.39,19.86,20.38,20.92,0.0,0.0,0.0,0.0
137,0,20.39,20.36,20.38,20.39,19.86,20.38,20.92,0.0,0.0,0.0,0.0
137,0,20.39,20.36,20.38,20.39,19.86,20.38,20.92,0.0,0.0,0.0,0.0
137,0,20.39,20.36,20.38,20.39,19.86,20.38,20.92,0.0,0.0,0.0,0.0
137,0,20.39,20.36,20.38,20.39,19.86,20.38,20.92,0.0,0.0,0.0,0.0
137,0,20.39,20.36,20.38,20.39,19.86,20.38,20.92,0.0,0.0,0.0,0.0
137,0,20.39,20.36,20.38,20.39,19.86,20.38,20.92,0.0,0.0,0.0,0.0
137,0,20.39,20.36,20.38,20.39,19.86,20.38,20.92,0.0,0.0,0.0,0.0
137,0,20.36,20.33,20.36,20.39,19.86,20.36,20.92,0.0,0.0,0.0,0.0
138,0,20.33,20.35,20.36,20.37,19.86,20.36,20.92,0.0,0.0,0.0,0.0
138,0,20.33,20.35,20.36,20.37,19.86,20.36,20.92,0.0,0.0,0.0,0.0
138,0,20.33,20.35,20.36,20.37,19.86,20.36,20.92,0.0,0.0,0.0,0.0
138,0,20.33,20.35,20.36,20.37,19.86,20.36,20.92,0.0,0.0,0.0,0.0
138,0,20.33,20.35,20.36,20.37,19.86,20.36,20.92,0.0,0.0,0.0,0.0
138,0,20.33,20.35,20.36,20.37,19.86,20.36,20.92,0.0,0.0,0.0,0.0
138,0,20.33,20.35,20.36,20.37,19.86,20.36,20.92,0.0,0.0,0.0,0.0
138,0,20.33,20.35,20.36,20.37,19.86,20.36,20.92,0.0,0.0,0.0,0.0
138,0,20.33,20.35,20.36,20.37,19.86,20.36,20.92,0.0,0.0,0.0,0.0
138,0,20.33,20.35,20.36,20.37,19.86,20.36,20.92,0.0,0.0,0.0,0.0
138,0,20.33,20.35,20.36,20.37,19.86,20.36,20.92,0.0,0.0,0.0,0.0
138,0,20.33,20.35,20.36,20.37,19.86,20.36,20.92,0.0,0.0,0.0,0.0
tick,n_open_orders,last,bid,mid,ask,current_bid,mid,current_ask,position,position_vwap,pnl_per_share,realized
143,0,20.42,20.39,20.41,20.42,0,20.41,0,0.0,0.0,0.0,0.0
143,0,20.42,20.39,20.41,20.42,0,20.41,0,0.0,0.0,0.0,0.0
143,0,20.42,20.39,20.41,20.42,0,20.41,0,0.0,0.0,0.0,0.0
143,0,20.42,20.39,20.41,20.42,0,20.41,0,0.0,0.0,0.0,0.0
143,0,20.42,20.39,20.41,20.42,0,20.41,0,0.0,0.0,0.0,0.0
143,0,20.42,20.39,20.41,20.42,0,20.41,0,0.0,0.0,0.0,0.0
143,0,20.42,20.39,20.41,20.42,0,20.41,0,0.0,0.0,0.0,0.0
143,0,20.42,20.39,20.41,20.42,0,20.41,0,0.0,0.0,0.0,0.0
144,0,20.45,20.42,20.45,20.48,0,20.45,0,0.0,0.0,0.0,0.0
144,0,20.45,20.42,20.45,20.48,0,20.45,0,0.0,0.0,0.0,0.0
144,0,20.45,20.42,20.45,20.48,0,20.45,0,0.0,0.0,0.0,0.0
144,0,20.45,20.42,20.45,20.48,0,20.45,0,0.0,0.0,0.0,0.0
144,0,20.45,20.42,20.45,20.48,0,20.45,0,0.0,0.0,0.0,0.0
144,0,20.45,20.42,20.45,20.48,0,20.45,0,0.0,0.0,0.0,0.0
144,0,20.45,20.42,20.45,20.48,0,20.45,0,0.0,0.0,0.0,0.0
144,0,20.45,20.42,20.45,20.48,0,20.45,0,0.0,0.0,0.0,0.0
144,0,20.45,20.42,20.45,20.48,0,20.45,0,0.0,0.0,0.0,0.0
144,0,20.45,20.42,20.45,20.48,0,20.45,0,0.0,0.0,0.0,0.0
144,0,20.45,20.47,20.48,20.48,0,20.48,0,0.0,0.0,0.0,0.0
144,0,20.45,20.47,20.48,20.48,0,20.48,0,0.0,0.0,0.0,0.0
144,0,20.45,20.47,20.48,20.48,0,20.48,0,0.0,0.0,0.0,0.0
144,0,20.45,20.47,20.48,20.48,0,20.48,0,0.0,0.0,0.0,0.0
144,0,20.45,20.47,20.48,20.48,0,20.48,0,0.0,0.0,0.0,0.0
144,0,20.45,20.47,20.48,20.48,0,20.48,0,0.0,0.0,0.0,0.0
144,0,20.45,20.47,20.48,20.48,0,20.48,0,0.0,0.0,0.0,0.0
144,0,20.45,20.47,20.48,20.48,0,20.48,0,0.0,0.0,0.0,0.0
144,0,20.45,20.47,20.48,20.48,0,20.48,0,0.0,0.0,0.0,0.0
144,0,20.45,20.47,20.48,20.48,0,20.48,0,0.0,0.0,0.0,0.0
144,0,20.45,20.47,20.48,20.48,0,20.48,0,0.0,0.0,0.0,0.0
144,0,20.48,20.47,20.48,20.48,0,20.48,0,0.0,0.0,0.0,0.0
144,0,20.48,20.47,20.48,20.48,0,20.48,0,0.0,0.0,0.0,0.0
144,0,20.48,20.47,20.48,20.48,0,20.48,0,0.0,0.0,0.0,0.0
144,0,20.48,20.47,20.48,20.48,0,20.48,0,0.0,0.0,0.0,0.0
144,0,20.48,20.47,20.48,20.48,0,20.48,0,0.0,0.0,0.0,0.0
144,0,20.48,20.47,20.48,20.48,0,20.48,0,0.0,0.0,0.0,0.0
144,0,20.48,20.47,20.48,20.48,0,20.48,0,0.0,0.0,0.0,0.0
144,0,20.48,20.47,20.48,20.48,0,20.48,0,0.0,0.0,0.0,0.0
144,0,20.48,20.47,20.48,20.48,0,20.48,0,0.0,0.0,0.0,0.0
144,0,20.48,20.47,20.48,20.48,0,20.48,0,0.0,0.0,0.0,0.0
144,0,20.48,20.47,20.48,20.48,0,20.48,0,0.0,0.0,0.0,0.0
144,0,20.48,20.47,20.48,20.48,0,20.48,0,0.0,0.0,0.0,0.0
144,0,20.48,20.47,20.48,20.48,0,20.48,0,0.0,0.0,0.0,0.0
144,0,20.48,20.47,20.48,20.48,0,20.48,0,0.0,0.0,0.0,0.0
144,0,20.48,20.47,20.48,20.48,0,20.48,0,0.0,0.0,0.0,0.0
144,0,20.48,20.47,20.48,20.48,0,20.48,0,0.0,0.0,0.0,0.0
144,0,20.48,20.47,20.48,20.48,0,20.48,0,0.0,0.0,0.0,0.0
144,0,20.48,20.47,20.48,20.48,0,20.48,0,0.0,0.0,0.0,0.0
144,0,20.48,20.47,20.48,20.48,0,20.48,0,0.0,0.0,0.0,0.0
144,0,20.48,20.47,20.48,20.48,0,20.48,0,0.0,0.0,0.0,0.0
144,0,20.48,20.47,20.48,20.48,0,20.48,0,0.0,0.0,0.0,0.0
144,0,20.45,20.42,20.45,20.48,0,20.45,0,0.0,0.0,0.0,0.0
145,0,20.45,20.42,20.45,20.48,0,20.45,0,0.0,0.0,0.0,0.0
145,0,20.45,20.42,20.45,20.48,0,20.45,0,0.0,0.0,0.0,0.0
145,0,20.45,20.42,20.45,20.48,0,20.45,0,0.0,0.0,0.0,0.0
145,0,20.45,20.42,20.45,20.48,0,20.45,0,0.0,0.0,0.0,0.0
145,0,20.45,20.42,20.45,20.48,0,20.45,0,0.0,0.0,0.0,0.0
145,0,20.45,20.42,20.45,20.48,0,20.45,0,0.0,0.0,0.0,0.0
145,0,20.45,20.42,20.45,20.48,0,20.45,0,0.0,0.0,0.0,0.0
145,0,20.45,20.42,20.45,20.48,0,20.45,0,0.0,0.0,0.0,0.0
145,0,20.45,20.42,20.45,20.48,0,20.45,0,0.0,0.0,0.0,0.0
145,0,20.45,20.42,20.45,20.48,0,20.45,0,0.0,0.0,0.0,0.0
145,0,20.45,20.42,20.45,20.48,0,20.45,0,0.0,0.0,0.0,0.0
145,0,20.45,20.42,20.45,20.48,0,20.45,0,0.0,0.0,0.0,0.0
145,0,20.45,20.42,20.45,20.48,0,20.45,0,0.0,0.0,0.0,0.0
145,0,20.45,20.42,20.45,20.48,0,20.45,0,0.0,0.0,0.0,0.0
145,0,20.45,20.42,20.45,20.48,0,20.45,0,0.0,0.0,0.0,0.0
145,0,20.45,20.42,20.45,20.48,0,20.45,0,0.0,0.0,0.0,0.0
145,0,20.45,20.42,20.45,20.48,0,20.45,0,0.0,0.0,0.0,0.0
145,0,20.45,20.42,20.45,20.48,0,20.45,0,0.0,0.0,0.0,0.0
145,0,20.45,20.42,20.45,20.48,0,20.45,0,0.0,0.0,0.0,0.0
145,0,20.48,20.44,20.46,20.48,0,20.46,0,0.0,0.0,0.0,0.0
145,0,20.48,20.44,20.46,20.48,0,20.46,0,0.0,0.0,0.0,0.0
145,0,20.48,20.44,20.46,20.48,0,20.46,0,0.0,0.0,0.0,0.0
145,0,20.48,20.44,20.46,20.48,0,20.46,0,0.0,0.0,0.0,0.0
145,0,20.48,20.44,20.46,20.48,0,20.46,0,0.0,0.0,0.0,0.0
145,0,20.48,20.44,20.46,20.48,0,20.46,0,0.0,0.0,0.0,0.0
145,0,20.48,20.44,20.46,20.48,0,20.46,0,0.0,0.0,0.0,0.0
145,0,20.48,20.44,20.46,20.48,0,20.46,0,0.0,0.0,0.0,0.0
145,0,20.48,20.44,20.46,20.48,0,20.46,0,0.0,0.0,0.0,0.0
145,0,20.48,20.44,20.46,20.48,0,20.46,0,0.0,0.0,0.0,0.0
145,0,20.48,20.44,20.46,20.48,0,20.46,0,0.0,0.0,0.0,0.0
145,0,20.48,20.44,20.46,20.48,0,20.46,0,0.0,0.0,0.0,0.0
145,0,20.48,20.44,20.46,20.48,0,20.46,0,0.0,0.0,0.0,0.0
145,0,20.48,20.44,20.46,20.48,0,20.46,0,0.0,0.0,0.0,0.0
145,0,20.48,20.44,20.46,20.48,0,20.46,0,0.0,0.0,0.0,0.0
145,0,20.47,20.44,20.47,20.5,0,20.47,0,0.0,0.0,0.0,0.0
146,0,20.47,20.44,20.47,20.5,0,20.47,0,0.0,0.0,0.0,0.0
146,0,20.47,20.44,20.47,20.5,0,20.47,0,0.0,0.0,0.0,0.0
146,0,20.47,20.44,20.47,20.5,0,20.47,0,0.0,0.0,0.0,0.0
146,0,20.47,20.44,20.47,20.5,0,20.47,0,0.0,0.0,0.0,0.0
146,0,20.47,20.44,20.47,20.5,0,20.47,0,0.0,0.0,0.0,0.0
146,0,20.47,20.44,20.47,20.5,0,20.47,0,0.0,0.0,0.0,0.0
146,0,20.47,20.44,20.47,20.5,0,20.47,0,0.0,0.0,0.0,0.0
146,0,20.47,20.46,20.46,20.47,0,20.46,0,0.0,0.0,0.0,0.0
146,0,20.47,20.46,20.46,20.47,0,20.46,0,0.0,0.0,0.0,0.0
146,0,20.47,20.46,20.46,20.47,0,20.46,0,0.0,0.0,0.0,0.0
146,0,20.47,20.46,20.46,20.47,0,20.46,0,0.0,0.0,0.0,0.0
146,0,20.47,20.46,20.46,20.47,0,20.46,0,0.0,0.0,0.0,0.0
146,0,20.47,20.46,20.46,20.47,0,20.46,0,0.0,0.0,0.0,0.0
146,0,20.47,20.46,20.46,20.47,0,20.46,0,0.0,0.0,0.0,0.0
146,0,20.47,20.46,20.46,20.47,0,20.46,0,0.0,0.0,0.0,0.0
146,0,20.47,20.47,20.48,20.48,0,20.48,0,0.0,0.0,0.0,0.0
146,0,20.47,20.47,20.48,20.48,0,20.48,0,0.0,0.0,0.0,0.0
146,0,20.47,20.47,20.48,20.48,0,20.48,0,0.0,0.0,0.0,0.0
146,0,20.47,20.47,20.48,20.48,0,20.48,0,0.0,0.0,0.0,0.0
146,0,20.47,20.47,20.48,20.48,0,20.48,0,0.0,0.0,0.0,0.0
146,0,20.47,20.47,20.48,20.48,0,20.48,0,0.0,0.0,0.0,0.0
146,0,20.47,20.47,20.48,20.48,0,20.48,0,0.0,0.0,0.0,0.0
146,0,20.47,20.47,20.48,20.48,0,20.48,0,0.0,0.0,0.0,0.0
146,0,20.47,20.47,20.48,20.48,0,20.48,0,0.0,0.0,0.0,0.0
146,0,20.47,20.47,20.48,20.48,0,20.48,0,0.0,0.0,0.0,0.0
146,0,20.47,20.47,20.48,20.48,0,20.48,0,0.0,0.0,0.0,0.0
146,0,20.47,20.47,20.48,20.48,0,20.48,0,0.0,0.0,0.0,0.0
146,0,20.47,20.47,20.48,20.48,0,20.48,0,0.0,0.0,0.0,0.0
146,0,20.47,20.47,20.48,20.48,0,20.48,0,0.0,0.0,0.0,0.0
146,0,20.47,20.47,20.48,20.48,0,20.48,0,0.0,0.0,0.0,0.0
146,0,20.47,20.47,20.48,20.48,0,20.48,0,0.0,0.0,0.0,0.0
147,0,20.42,20.39,20.42,20.45,0,20.42,0,0.0,0.0,0.0,0.0
147,0,20.42,20.39,20.42,20.45,0,20.42,0,0.0,0.0,0.0,0.0
147,0,20.42,20.39,20.42,20.45,0,20.42,0,0.0,0.0,0.0,0.0
147,0,20.45,20.42,20.43,20.43,0,20.43,0,0.0,0.0,0.0,0.0
147,0,20.45,20.42,20.43,20.43,0,20.43,0,0.0,0.0,0.0,0.0
147,0,20.45,20.42,20.43,20.43,0,20.43,0,0.0,0.0,0.0,0.0
147,0,20.45,20.42,20.43,20.43,0,20.43,0,0.0,0.0,0.0,0.0
147,0,20.45,20.42,20.43,20.43,0,20.43,0,0.0,0.0,0.0,0.0
147,0,20.45,20.42,20.43,20.43,0,20.43,0,0.0,0.0,0.0,0.0
147,0,20.45,20.42,20.43,20.43,0,20.43,0,0.0,0.0,0.0,0.0
147,0,20.45,20.42,20.43,20.43,0,20.43,0,0.0,0.0,0.0,0.0
147,0,20.45,20.42,20.43,20.43,0,20.43,0,0.0,0.0,0.0,0.0
