tick,last,bid,mid,ask,current_bid,mid,current_ask,position,position_vwap,pnl_per_share,realized
269,19.85,19.82,19.85,19.88,19.8,19.85,19.9,0.0,0.0,0.0,0.0
269,19.85,19.82,19.85,19.88,19.8,19.85,19.9,0.0,0.0,0.0,0.0
269,19.85,19.82,19.85,19.88,19.8,19.85,19.9,0.0,0.0,0.0,0.0
269,19.85,19.82,19.85,19.88,19.8,19.85,19.9,0.0,0.0,0.0,0.0
269,19.85,19.82,19.85,19.88,19.8,19.85,19.9,0.0,0.0,0.0,0.0
269,19.85,19.82,19.85,19.88,19.8,19.85,19.9,0.0,0.0,0.0,0.0
269,19.85,19.82,19.85,19.88,19.8,19.85,19.9,0.0,0.0,0.0,0.0
269,19.85,19.82,19.85,19.88,19.8,19.85,19.9,0.0,0.0,0.0,0.0
269,19.85,19.82,19.85,19.88,19.8,19.85,19.9,0.0,0.0,0.0,0.0
269,19.85,19.82,19.85,19.88,19.8,19.85,19.9,0.0,0.0,0.0,0.0
269,19.85,19.82,19.85,19.88,19.8,19.85,19.9,0.0,0.0,0.0,0.0
269,19.85,19.82,19.85,19.88,19.8,19.85,19.9,0.0,0.0,0.0,0.0
269,19.85,19.82,19.85,19.88,19.8,19.85,19.9,0.0,0.0,0.0,0.0
269,19.85,19.82,19.85,19.88,19.8,19.85,19.9,0.0,0.0,0.0,0.0
269,19.85,19.82,19.85,19.88,19.8,19.85,19.9,0.0,0.0,0.0,0.0
269,19.85,19.82,19.85,19.88,19.8,19.85,19.9,0.0,0.0,0.0,0.0
269,19.85,19.82,19.85,19.88,19.8,19.85,19.9,0.0,0.0,0.0,0.0
269,19.85,19.82,19.85,19.88,19.8,19.85,19.9,0.0,0.0,0.0,0.0
269,19.85,19.82,19.85,19.88,19.8,19.85,19.9,0.0,0.0,0.0,0.0
269,19.85,19.82,19.85,19.88,19.8,19.85,19.9,0.0,0.0,0.0,0.0
269,19.85,19.82,19.84,19.85,19.8,19.84,19.9,0.0,0.0,0.0,0.0
269,19.85,19.82,19.84,19.85,19.8,19.84,19.9,0.0,0.0,0.0,0.0
269,19.85,19.82,19.84,19.85,19.8,19.84,19.9,0.0,0.0,0.0,0.0
269,19.85,19.82,19.84,19.85,19.8,19.84,19.9,0.0,0.0,0.0,0.0
269,19.85,19.82,19.84,19.85,19.8,19.84,19.9,0.0,0.0,0.0,0.0
269,19.85,19.82,19.84,19.85,19.8,19.84,19.9,0.0,0.0,0.0,0.0
269,19.85,19.82,19.84,19.85,19.8,19.84,19.9,0.0,0.0,0.0,0.0
269,19.85,19.82,19.84,19.85,19.8,19.84,19.9,0.0,0.0,0.0,0.0
269,19.85,19.82,19.84,19.85,19.8,19.84,19.9,0.0,0.0,0.0,0.0
269,19.85,19.82,19.84,19.85,19.8,19.84,19.9,0.0,0.0,0.0,0.0
269,19.85,19.82,19.84,19.85,19.8,19.84,19.9,0.0,0.0,0.0,0.0
269,19.85,19.82,19.84,19.85,19.8,19.84,19.9,0.0,0.0,0.0,0.0
269,19.85,19.82,19.84,19.85,19.8,19.84,19.9,0.0,0.0,0.0,0.0
269,19.85,19.82,19.84,19.85,19.8,19.84,19.9,0.0,0.0,0.0,0.0
269,19.85,19.82,19.84,19.85,19.8,19.84,19.9,0.0,0.0,0.0,0.0
269,19.85,19.82,19.84,19.85,19.8,19.84,19.9,0.0,0.0,0.0,0.0
269,19.85,19.82,19.84,19.85,19.8,19.84,19.9,0.0,0.0,0.0,0.0
269,19.85,19.82,19.84,19.85,19.8,19.84,19.9,0.0,0.0,0.0,0.0
270,19.84,19.81,19.84,19.87,19.8,19.84,19.9,0.0,0.0,0.0,0.0
270,19.84,19.81,19.84,19.87,19.8,19.84,19.9,0.0,0.0,0.0,0.0
270,19.84,19.81,19.84,19.87,19.8,19.84,19.9,0.0,0.0,0.0,0.0
270,19.87,19.83,19.84,19.84,19.8,19.84,19.9,0.0,0.0,0.0,0.0
270,19.87,19.83,19.84,19.84,19.8,19.84,19.9,0.0,0.0,0.0,0.0
270,19.87,19.83,19.84,19.84,19.8,19.84,19.9,0.0,0.0,0.0,0.0
270,19.87,19.83,19.84,19.84,19.8,19.84,19.9,0.0,0.0,0.0,0.0
270,19.87,19.83,19.84,19.84,19.8,19.84,19.9,0.0,0.0,0.0,0.0
270,19.87,19.83,19.84,19.84,19.8,19.84,19.9,0.0,0.0,0.0,0.0
270,19.87,19.83,19.84,19.84,19.8,19.84,19.9,0.0,0.0,0.0,0.0
270,19.87,19.83,19.84,19.84,19.8,19.84,19.9,0.0,0.0,0.0,0.0
270,19.87,19.83,19.84,19.84,19.8,19.84,19.9,0.0,0.0,0.0,0.0
270,19.87,19.83,19.84,19.84,19.8,19.84,19.9,0.0,0.0,0.0,0.0
270,19.87,19.83,19.84,19.84,19.8,19.84,19.9,0.0,0.0,0.0,0.0
270,19.87,19.83,19.84,19.84,19.8,19.84,19.9,0.0,0.0,0.0,0.0
270,19.87,19.83,19.84,19.84,19.8,19.84,19.9,0.0,0.0,0.0,0.0
270,19.87,19.83,19.84,19.84,19.8,19.84,19.9,0.0,0.0,0.0,0.0
270,19.87,19.83,19.84,19.84,19.8,19.84,19.9,0.0,0.0,0.0,0.0
270,19.87,19.83,19.84,19.84,19.8,19.84,19.9,0.0,0.0,0.0,0.0
270,19.87,19.83,19.84,19.84,19.8,19.84,19.9,0.0,0.0,0.0,0.0
270,19.87,19.83,19.84,19.84,19.8,19.84,19.9,0.0,0.0,0.0,0.0
270,19.87,19.83,19.84,19.84,19.8,19.84,19.9,0.0,0.0,0.0,0.0
270,19.87,19.83,19.84,19.84,19.8,19.84,19.9,0.0,0.0,0.0,0.0
270,19.87,19.83,19.84,19.84,19.8,19.84,19.9,0.0,0.0,0.0,0.0
270,19.87,19.83,19.84,19.84,19.8,19.84,19.9,0.0,0.0,0.0,0.0
270,19.87,19.83,19.84,19.84,19.8,19.84,19.9,0.0,0.0,0.0,0.0
270,19.87,19.83,19.84,19.84,19.8,19.84,19.9,0.0,0.0,0.0,0.0
270,19.87,19.83,19.84,19.84,19.8,19.84,19.9,0.0,0.0,0.0,0.0
270,19.87,19.83,19.84,19.84,19.8,19.84,19.9,0.0,0.0,0.0,0.0
270,19.87,19.83,19.84,19.84,19.8,19.84,19.9,0.0,0.0,0.0,0.0
270,19.87,19.83,19.84,19.84,19.8,19.84,19.9,0.0,0.0,0.0,0.0
270,19.87,19.83,19.84,19.84,19.8,19.84,19.9,0.0,0.0,0.0,0.0
270,19.87,19.83,19.84,19.84,19.8,19.84,19.9,0.0,0.0,0.0,0.0
270,19.87,19.83,19.84,19.84,19.8,19.84,19.9,0.0,0.0,0.0,0.0
270,19.87,19.83,19.84,19.84,19.8,19.84,19.9,0.0,0.0,0.0,0.0
270,19.87,19.83,19.84,19.84,19.8,19.84,19.9,0.0,0.0,0.0,0.0
270,19.87,19.83,19.84,19.84,19.8,19.84,19.9,0.0,0.0,0.0,0.0
270,19.87,19.83,19.84,19.84,19.8,19.84,19.9,0.0,0.0,0.0,0.0
270,19.87,19.83,19.84,19.84,19.8,19.84,19.9,0.0,0.0,0.0,0.0
270,19.87,19.83,19.84,19.84,19.8,19.84,19.9,0.0,0.0,0.0,0.0
270,19.87,19.83,19.84,19.84,19.8,19.84,19.9,0.0,0.0,0.0,0.0
270,19.87,19.83,19.84,19.84,19.8,19.84,19.9,0.0,0.0,0.0,0.0
270,19.87,19.83,19.84,19.84,19.8,19.84,19.9,0.0,0.0,0.0,0.0
270,19.87,19.83,19.84,19.84,19.8,19.84,19.9,0.0,0.0,0.0,0.0
271,19.86,19.83,19.86,19.89,19.8,19.86,19.9,0.0,0.0,0.0,0.0
271,19.86,19.83,19.86,19.89,19.8,19.86,19.9,0.0,0.0,0.0,0.0
271,19.86,19.83,19.86,19.89,19.8,19.86,19.9,0.0,0.0,0.0,0.0
271,19.89,19.85,19.86,19.87,19.8,19.86,19.9,0.0,0.0,0.0,0.0
271,19.89,19.85,19.86,19.87,19.8,19.86,19.9,0.0,0.0,0.0,0.0
271,19.89,19.85,19.86,19.87,19.8,19.86,19.9,0.0,0.0,0.0,0.0
271,19.89,19.85,19.86,19.87,19.8,19.86,19.9,0.0,0.0,0.0,0.0
271,19.89,19.85,19.86,19.87,19.8,19.86,19.9,0.0,0.0,0.0,0.0
271,19.89,19.85,19.86,19.87,19.8,19.86,19.9,0.0,0.0,0.0,0.0
271,19.89,19.85,19.86,19.87,19.8,19.86,19.9,0.0,0.0,0.0,0.0
271,19.89,19.85,19.86,19.87,19.8,19.86,19.9,0.0,0.0,0.0,0.0
271,19.89,19.85,19.86,19.87,19.8,19.86,19.9,0.0,0.0,0.0,0.0
271,19.89,19.85,19.86,19.87,19.8,19.86,19.9,0.0,0.0,0.0,0.0
271,19.89,19.85,19.86,19.87,19.8,19.86,19.9,0.0,0.0,0.0,0.0
271,19.89,19.85,19.86,19.87,19.8,19.86,19.9,0.0,0.0,0.0,0.0
271,19.89,19.85,19.86,19.87,19.8,19.86,19.9,0.0,0.0,0.0,0.0
271,19.89,19.85,19.86,19.87,19.8,19.86,19.9,0.0,0.0,0.0,0.0
271,19.89,19.85,19.86,19.87,19.8,19.86,19.9,0.0,0.0,0.0,0.0
271,19.89,19.85,19.86,19.87,19.8,19.86,19.9,0.0,0.0,0.0,0.0
271,19.89,19.85,19.86,19.87,19.8,19.86,19.9,0.0,0.0,0.0,0.0
271,19.89,19.85,19.86,19.87,19.8,19.86,19.9,0.0,0.0,0.0,0.0
271,19.89,19.85,19.86,19.87,19.8,19.86,19.9,0.0,0.0,0.0,0.0
271,19.89,19.85,19.86,19.87,19.8,19.86,19.9,0.0,0.0,0.0,0.0
271,19.89,19.85,19.86,19.87,19.8,19.86,19.9,0.0,0.0,0.0,0.0
271,19.89,19.85,19.86,19.87,19.8,19.86,19.9,0.0,0.0,0.0,0.0
271,19.89,19.85,19.86,19.87,19.8,19.86,19.9,0.0,0.0,0.0,0.0
271,19.83,19.83,19.85,19.87,19.8,19.85,19.9,0.0,0.0,0.0,0.0
271,19.83,19.83,19.85,19.87,19.8,19.85,19.9,0.0,0.0,0.0,0.0
271,19.83,19.83,19.85,19.87,19.8,19.85,19.9,0.0,0.0,0.0,0.0
271,19.83,19.83,19.85,19.87,19.8,19.85,19.9,0.0,0.0,0.0,0.0
271,19.83,19.83,19.85,19.87,19.8,19.85,19.9,0.0,0.0,0.0,0.0
271,19.83,19.83,19.85,19.87,19.8,19.85,19.9,0.0,0.0,0.0,0.0
271,19.83,19.83,19.85,19.87,19.8,19.85,19.9,0.0,0.0,0.0,0.0
271,19.83,19.83,19.85,19.87,19.8,19.85,19.9,0.0,0.0,0.0,0.0
271,19.83,19.83,19.85,19.87,19.8,19.85,19.9,0.0,0.0,0.0,0.0
271,19.83,19.83,19.85,19.87,19.8,19.85,19.9,0.0,0.0,0.0,0.0
271,19.83,19.83,19.85,19.87,19.8,19.85,19.9,0.0,0.0,0.0,0.0
271,19.83,19.83,19.85,19.87,19.8,19.85,19.9,0.0,0.0,0.0,0.0
271,19.83,19.83,19.85,19.87,19.8,19.85,19.9,0.0,0.0,0.0,0.0
271,19.83,19.83,19.85,19.87,19.8,19.85,19.9,0.0,0.0,0.0,0.0
271,19.83,19.83,19.85,19.87,19.8,19.85,19.9,0.0,0.0,0.0,0.0
271,19.83,19.83,19.85,19.87,19.8,19.85,19.9,0.0,0.0,0.0,0.0
271,19.83,19.83,19.85,19.87,19.8,19.85,19.9,0.0,0.0,0.0,0.0
271,19.83,19.83,19.85,19.87,19.8,19.85,19.9,0.0,0.0,0.0,0.0
272,19.85,19.82,19.85,19.88,19.8,19.85,19.9,0.0,0.0,0.0,0.0
272,19.85,19.82,19.85,19.88,19.8,19.85,19.9,0.0,0.0,0.0,0.0
272,19.85,19.82,19.85,19.88,19.8,19.85,19.9,0.0,0.0,0.0,0.0
272,19.85,19.82,19.85,19.88,19.8,19.85,19.9,0.0,0.0,0.0,0.0
272,19.85,19.82,19.85,19.88,19.8,19.85,19.9,0.0,0.0,0.0,0.0
272,19.85,19.82,19.85,19.88,19.8,19.85,19.9,0.0,0.0,0.0,0.0
272,19.85,19.82,19.85,19.88,19.8,19.85,19.9,0.0,0.0,0.0,0.0
272,19.85,19.82,19.85,19.88,19.8,19.85,19.9,0.0,0.0,0.0,0.0
272,19.85,19.82,19.85,19.88,19.8,19.85,19.9,0.0,0.0,0.0,0.0
272,19.85,19.82,19.85,19.88,19.8,19.85,19.9,0.0,0.0,0.0,0.0
272,19.85,19.82,19.85,19.88,19.8,19.85,19.9,0.0,0.0,0.0,0.0
272,19.85,19.82,19.85,19.88,19.8,19.85,19.9,0.0,0.0,0.0,0.0
272,19.85,19.82,19.85,19.88,19.8,19.85,19.9,0.0,0.0,0.0,0.0
272,19.85,19.82,19.85,19.88,19.8,19.85,19.9,0.0,0.0,0.0,0.0
272,19.85,19.82,19.85,19.88,19.8,19.85,19.9,0.0,0.0,0.0,0.0
272,19.85,19.82,19.85,19.88,19.8,19.85,19.9,0.0,0.0,0.0,0.0
272,19.88,19.83,19.85,19.88,19.8,19.85,19.9,0.0,0.0,0.0,0.0
272,19.88,19.83,19.85,19.88,19.8,19.85,19.9,0.0,0.0,0.0,0.0
272,19.88,19.83,19.85,19.88,19.8,19.85,19.9,0.0,0.0,0.0,0.0
272,19.88,19.83,19.85,19.88,19.8,19.85,19.9,0.0,0.0,0.0,0.0
272,19.88,19.83,19.85,19.88,19.8,19.85,19.9,0.0,0.0,0.0,0.0
272,19.88,19.83,19.85,19.88,19.8,19.85,19.9,0.0,0.0,0.0,0.0
272,19.88,19.83,19.85,19.88,19.8,19.85,19.9,0.0,0.0,0.0,0.0
272,19.88,19.83,19.85,19.88,19.8,19.85,19.9,0.0,0.0,0.0,0.0
272,19.88,19.83,19.85,19.88,19.8,19.85,19.9,0.0,0.0,0.0,0.0
272,19.88,19.83,19.85,19.88,19.8,19.85,19.9,0.0,0.0,0.0,0.0
272,19.88,19.83,19.85,19.88,19.8,19.85,19.9,0.0,0.0,0.0,0.0
272,19.88,19.83,19.85,19.87,19.8,19.85,19.9,0.0,0.0,0.0,0.0
272,19.88,19.83,19.85,19.87,19.8,19.85,19.9,0.0,0.0,0.0,0.0
272,19.88,19.83,19.85,19.87,19.8,19.85,19.9,0.0,0.0,0.0,0.0
272,19.88,19.83,19.85,19.87,19.8,19.85,19.9,0.0,0.0,0.0,0.0
272,19.88,19.83,19.85,19.87,19.8,19.85,19.9,0.0,0.0,0.0,0.0
272,19.88,19.83,19.85,19.87,19.8,19.85,19.9,0.0,0.0,0.0,0.0
272,19.88,19.83,19.85,19.87,19.8,19.85,19.9,0.0,0.0,0.0,0.0
272,19.88,19.83,19.85,19.87,19.8,19.85,19.9,0.0,0.0,0.0,0.0
272,19.88,19.83,19.85,19.87,19.8,19.85,19.9,0.0,0.0,0.0,0.0
272,19.88,19.83,19.85,19.87,19.8,19.85,19.9,0.0,0.0,0.0,0.0
272,19.88,19.83,19.85,19.87,19.8,19.85,19.9,0.0,0.0,0.0,0.0
272,19.88,19.83,19.84,19.86,19.8,19.84,19.9,0.0,0.0,0.0,0.0
272,19.88,19.83,19.84,19.86,19.8,19.84,19.9,0.0,0.0,0.0,0.0
272,19.88,19.83,19.84,19.86,19.8,19.84,19.9,0.0,0.0,0.0,0.0
272,19.88,19.83,19.84,19.86,19.8,19.84,19.9,0.0,0.0,0.0,0.0
272,19.88,19.83,19.84,19.86,19.8,19.84,19.9,0.0,0.0,0.0,0.0
272,19.88,19.83,19.84,19.86,19.8,19.84,19.9,0.0,0.0,0.0,0.0
273,19.83,19.8,19.83,19.86,19.8,19.83,19.9,0.0,0.0,0.0,0.0
273,19.83,19.8,19.83,19.86,19.8,19.83,19.9,0.0,0.0,0.0,0.0
273,19.83,19.8,19.83,19.86,19.8,19.83,19.9,0.0,0.0,0.0,0.0
273,19.83,19.8,19.83,19.86,19.8,19.83,19.9,0.0,0.0,0.0,0.0
273,19.83,19.8,19.83,19.86,19.8,19.83,19.9,0.0,0.0,0.0,0.0
273,19.83,19.8,19.83,19.86,19.8,19.83,19.9,0.0,0.0,0.0,0.0
273,19.83,19.8,19.83,19.86,19.8,19.83,19.9,0.0,0.0,0.0,0.0
273,19.83,19.8,19.83,19.86,19.8,19.83,19.9,0.0,0.0,0.0,0.0
273,19.83,19.8,19.83,19.86,19.8,19.83,19.9,0.0,0.0,0.0,0.0
273,19.83,19.8,19.83,19.86,19.8,19.83,19.9,0.0,0.0,0.0,0.0
273,19.83,19.8,19.83,19.86,19.8,19.83,19.9,0.0,0.0,0.0,0.0
273,19.83,19.8,19.83,19.86,19.8,19.83,19.9,0.0,0.0,0.0,0.0
273,19.83,19.8,19.83,19.86,19.8,19.83,19.9,0.0,0.0,0.0,0.0
273,19.83,19.8,19.83,19.86,19.8,19.83,19.9,0.0,0.0,0.0,0.0
273,19.83,19.8,19.83,19.86,19.8,19.83,19.9,0.0,0.0,0.0,0.0
273,19.83,19.8,19.83,19.86,19.8,19.83,19.9,0.0,0.0,0.0,0.0
273,19.83,19.8,19.83,19.85,19.8,19.83,19.9,0.0,0.0,0.0,0.0
273,19.83,19.8,19.83,19.85,19.8,19.83,19.9,0.0,0.0,0.0,0.0
273,19.83,19.8,19.83,19.85,19.8,19.83,19.9,0.0,0.0,0.0,0.0
273,19.83,19.8,19.83,19.85,19.8,19.83,19.9,0.0,0.0,0.0,0.0
273,19.83,19.8,19.83,19.85,19.8,19.83,19.9,0.0,0.0,0.0,0.0
273,19.83,19.8,19.83,19.85,19.8,19.83,19.9,0.0,0.0,0.0,0.0
273,19.83,19.8,19.83,19.85,19.8,19.83,19.9,0.0,0.0,0.0,0.0
273,19.83,19.8,19.83,19.85,19.8,19.83,19.9,0.0,0.0,0.0,0.0
273,19.83,19.8,19.83,19.85,19.8,19.83,19.9,0.0,0.0,0.0,0.0
273,19.83,19.8,19.83,19.85,19.8,19.83,19.9,0.0,0.0,0.0,0.0
273,19.83,19.8,19.83,19.85,19.8,19.83,19.9,0.0,0.0,0.0,0.0
273,19.86,19.8,19.83,19.86,19.8,19.83,19.9,0.0,0.0,0.0,0.0
273,19.86,19.8,19.83,19.86,19.8,19.83,19.9,0.0,0.0,0.0,0.0
273,19.86,19.8,19.83,19.86,19.8,19.83,19.9,0.0,0.0,0.0,0.0
273,19.86,19.8,19.83,19.86,19.8,19.83,19.9,0.0,0.0,0.0,0.0
273,19.86,19.8,19.83,19.86,19.8,19.83,19.9,0.0,0.0,0.0,0.0
273,19.86,19.8,19.83,19.86,19.8,19.83,19.9,0.0,0.0,0.0,0.0
273,19.86,19.8,19.83,19.86,19.8,19.83,19.9,0.0,0.0,0.0,0.0
273,19.86,19.8,19.83,19.86,19.8,19.83,19.9,0.0,0.0,0.0,0.0
273,19.86,19.8,19.83,19.86,19.8,19.83,19.9,0.0,0.0,0.0,0.0
273,19.86,19.8,19.83,19.86,19.8,19.83,19.9,0.0,0.0,0.0,0.0
273,19.86,19.8,19.83,19.86,19.8,19.83,19.9,0.0,0.0,0.0,0.0
273,19.86,19.8,19.83,19.86,19.8,19.83,19.9,0.0,0.0,0.0,0.0
273,19.86,19.8,19.83,19.86,19.8,19.83,19.9,0.0,0.0,0.0,0.0
273,19.86,19.8,19.83,19.86,19.8,19.83,19.9,0.0,0.0,0.0,0.0
273,19.86,19.8,19.83,19.86,19.8,19.83,19.9,0.0,0.0,0.0,0.0
273,19.86,19.8,19.83,19.86,19.8,19.83,19.9,0.0,0.0,0.0,0.0
273,19.85,19.82,19.85,19.88,19.8,19.85,19.9,0.0,0.0,0.0,0.0
274,19.85,19.82,19.85,19.88,19.8,19.85,19.9,0.0,0.0,0.0,0.0
274,19.85,19.82,19.85,19.88,19.8,19.85,19.9,0.0,0.0,0.0,0.0
274,19.85,19.82,19.85,19.88,19.8,19.85,19.9,0.0,0.0,0.0,0.0
274,19.85,19.82,19.85,19.88,19.8,19.85,19.9,0.0,0.0,0.0,0.0
274,19.85,19.82,19.85,19.88,19.8,19.85,19.9,0.0,0.0,0.0,0.0
274,19.85,19.82,19.85,19.88,19.8,19.85,19.9,0.0,0.0,0.0,0.0
274,19.85,19.82,19.85,19.88,19.8,19.85,19.9,0.0,0.0,0.0,0.0
274,19.85,19.82,19.85,19.88,19.8,19.85,19.9,0.0,0.0,0.0,0.0
274,19.85,19.82,19.85,19.88,19.8,19.85,19.9,0.0,0.0,0.0,0.0
274,19.85,19.82,19.85,19.88,19.8,19.85,19.9,0.0,0.0,0.0,0.0
274,19.85,19.82,19.85,19.88,19.8,19.85,19.9,0.0,0.0,0.0,0.0
274,19.85,19.82,19.85,19.88,19.8,19.85,19.9,0.0,0.0,0.0,0.0
274,19.85,19.82,19.85,19.88,19.8,19.85,19.9,0.0,0.0,0.0,0.0
274,19.85,19.82,19.85,19.88,19.8,19.85,19.9,0.0,0.0,0.0,0.0
274,19.85,19.82,19.85,19.88,19.8,19.85,19.9,0.0,0.0,0.0,0.0
274,19.85,19.86,19.87,19.88,19.8,19.87,19.9,0.0,0.0,0.0,0.0
274,19.85,19.86,19.87,19.88,19.8,19.87,19.9,0.0,0.0,0.0,0.0
274,19.85,19.86,19.87,19.88,19.8,19.87,19.9,0.0,0.0,0.0,0.0
274,19.85,19.86,19.87,19.88,19.8,19.87,19.9,0.0,0.0,0.0,0.0
274,19.85,19.86,19.87,19.88,19.8,19.87,19.9,0.0,0.0,0.0,0.0
274,19.85,19.86,19.87,19.88,19.8,19.87,19.9,0.0,0.0,0.0,0.0
274,19.85,19.86,19.87,19.88,19.8,19.87,19.9,0.0,0.0,0.0,0.0
274,19.85,19.86,19.87,19.88,19.8,19.87,19.9,0.0,0.0,0.0,0.0
274,19.85,19.86,19.87,19.88,19.8,19.87,19.9,0.0,0.0,0.0,0.0
274,19.85,19.86,19.87,19.88,19.8,19.87,19.9,0.0,0.0,0.0,0.0
274,19.85,19.86,19.87,19.88,19.8,19.87,19.9,0.0,0.0,0.0,0.0
274,19.88,19.86,19.87,19.88,19.8,19.87,19.9,0.0,0.0,0.0,0.0
274,19.88,19.86,19.87,19.88,19.8,19.87,19.9,0.0,0.0,0.0,0.0
274,19.88,19.86,19.87,19.88,19.8,19.87,19.9,0.0,0.0,0.0,0.0
274,19.88,19.86,19.87,19.88,19.8,19.87,19.9,0.0,0.0,0.0,0.0
274,19.88,19.86,19.87,19.88,19.8,19.87,19.9,0.0,0.0,0.0,0.0
274,19.88,19.86,19.87,19.88,19.8,19.87,19.9,0.0,0.0,0.0,0.0
274,19.88,19.86,19.87,19.88,19.8,19.87,19.9,0.0,0.0,0.0,0.0
274,19.88,19.86,19.87,19.88,19.8,19.87,19.9,0.0,0.0,0.0,0.0
274,19.88,19.86,19.87,19.88,19.8,19.87,19.9,0.0,0.0,0.0,0.0
274,19.88,19.86,19.87,19.88,19.8,19.87,19.9,0.0,0.0,0.0,0.0
274,19.88,19.86,19.87,19.88,19.8,19.87,19.9,0.0,0.0,0.0,0.0
274,19.88,19.86,19.87,19.88,19.8,19.87,19.9,0.0,0.0,0.0,0.0
274,19.88,19.86,19.87,19.88,19.8,19.87,19.9,0.0,0.0,0.0,0.0
274,19.88,19.86,19.87,19.88,19.8,19.87,19.9,0.0,0.0,0.0,0.0
274,19.88,19.86,19.87,19.88,19.8,19.87,19.9,0.0,0.0,0.0,0.0
274,19.88,19.86,19.87,19.88,19.8,19.87,19.9,0.0,0.0,0.0,0.0
274,19.88,19.86,19.87,19.88,19.8,19.87,19.9,0.0,0.0,0.0,0.0
274,19.88,19.86,19.87,19.88,19.8,19.87,19.9,0.0,0.0,0.0,0.0
275,19.92,19.89,19.89,19.9,19.8,19.89,19.9,0.0,0.0,0.0,0.0
275,19.92,19.89,19.89,19.9,19.8,19.89,19.9,0.0,0.0,0.0,0.0
275,19.92,19.89,19.89,19.9,19.8,19.89,19.9,0.0,0.0,0.0,0.0
275,19.92,19.89,19.89,19.9,19.8,19.89,19.9,0.0,0.0,0.0,0.0
275,19.92,19.89,19.89,19.9,19.8,19.89,19.9,0.0,0.0,0.0,0.0
275,19.92,19.89,19.89,19.9,19.8,19.89,19.9,0.0,0.0,0.0,0.0
275,19.92,19.89,19.89,19.9,19.8,19.89,19.9,0.0,0.0,0.0,0.0
275,19.92,19.89,19.89,19.9,19.8,19.89,19.9,0.0,0.0,0.0,0.0
275,19.92,19.89,19.89,19.9,19.8,19.89,19.9,0.0,0.0,0.0,0.0
275,19.92,19.89,19.89,19.9,19.8,19.89,19.9,0.0,0.0,0.0,0.0
275,19.92,19.89,19.89,19.9,19.8,19.89,19.9,0.0,0.0,0.0,0.0
275,19.92,19.89,19.89,19.9,19.8,19.89,19.9,0.0,0.0,0.0,0.0
275,19.92,19.89,19.89,19.9,19.8,19.89,19.9,0.0,0.0,0.0,0.0
275,19.92,19.89,19.89,19.9,19.8,19.89,19.9,0.0,0.0,0.0,0.0
275,19.92,19.89,19.89,19.9,19.8,19.89,19.9,0.0,0.0,0.0,0.0
275,19.92,19.89,19.89,19.9,19.8,19.89,19.9,0.0,0.0,0.0,0.0
275,19.92,19.89,19.89,19.9,19.8,19.89,19.9,0.0,0.0,0.0,0.0
275,19.92,19.89,19.89,19.9,19.8,19.89,19.9,0.0,0.0,0.0,0.0
275,19.92,19.89,19.89,19.9,19.8,19.89,19.9,0.0,0.0,0.0,0.0
275,19.92,19.89,19.89,19.9,19.8,19.89,19.9,0.0,0.0,0.0,0.0
275,19.92,19.89,19.89,19.9,19.8,19.89,19.9,0.0,0.0,0.0,0.0
275,19.92,19.89,19.89,19.9,19.8,19.89,19.9,0.0,0.0,0.0,0.0
275,19.92,19.89,19.89,19.9,19.8,19.89,19.9,0.0,0.0,0.0,0.0
275,19.92,19.89,19.89,19.9,19.8,19.89,19.9,0.0,0.0,0.0,0.0
275,19.92,19.89,19.89,19.9,19.8,19.89,19.9,0.0,0.0,0.0,0.0
275,19.92,19.89,19.89,19.9,19.8,19.89,19.9,0.0,0.0,0.0,0.0
275,19.92,19.89,19.89,19.9,19.8,19.89,19.9,0.0,0.0,0.0,0.0
275,19.89,19.89,19.89,19.9,19.8,19.89,19.9,0.0,0.0,0.0,0.0
275,19.89,19.89,19.89,19.9,19.8,19.89,19.9,0.0,0.0,0.0,0.0
275,19.89,19.89,19.89,19.9,19.8,19.89,19.9,0.0,0.0,0.0,0.0
275,19.89,19.89,19.89,19.9,19.8,19.89,19.9,0.0,0.0,0.0,0.0
275,19.89,19.89,19.89,19.9,19.8,19.89,19.9,0.0,0.0,0.0,0.0
275,19.89,19.89,19.89,19.9,19.8,19.89,19.9,0.0,0.0,0.0,0.0
275,19.89,19.89,19.89,19.9,19.8,19.89,19.9,0.0,0.0,0.0,0.0
275,19.89,19.89,19.89,19.9,19.8,19.89,19.9,0.0,0.0,0.0,0.0
275,19.89,19.89,19.89,19.9,19.8,19.89,19.9,0.0,0.0,0.0,0.0
275,19.89,19.89,19.89,19.9,19.8,19.89,19.9,0.0,0.0,0.0,0.0
275,19.89,19.89,19.89,19.9,19.8,19.89,19.9,0.0,0.0,0.0,0.0
275,19.89,19.89,19.89,19.9,19.8,19.89,19.9,0.0,0.0,0.0,0.0
275,19.89,19.89,19.89,19.9,19.8,19.89,19.9,0.0,0.0,0.0,0.0
275,19.89,19.89,19.89,19.9,19.8,19.89,19.9,0.0,0.0,0.0,0.0
275,19.89,19.89,19.89,19.9,19.8,19.89,19.9,0.0,0.0,0.0,0.0
275,19.89,19.89,19.89,19.9,19.8,19.89,19.9,0.0,0.0,0.0,0.0
275,19.89,19.89,19.89,19.9,19.8,19.89,19.9,0.0,0.0,0.0,0.0
275,19.89,19.89,19.89,19.9,19.8,19.89,19.9,0.0,0.0,0.0,0.0
275,19.95,19.92,19.95,19.98,19.9,19.95,20.0,-5000.0,19.9,-0.05,25.0
276,19.95,19.92,19.95,19.98,19.9,19.95,20.0,-5000.0,19.9,-0.05,25.0
276,19.98,19.92,19.95,19.98,19.9,19.95,20.0,0.0,0.0,0.0,-425.0
276,19.98,19.92,19.95,19.98,19.9,19.95,20.0,0.0,0.0,0.0,-425.0
276,19.98,19.92,19.95,19.98,19.9,19.95,20.0,0.0,0.0,0.0,-425.0
276,19.98,19.92,19.95,19.98,19.9,19.95,20.0,0.0,0.0,0.0,-425.0
276,19.98,19.92,19.95,19.98,19.9,19.95,20.0,0.0,0.0,0.0,-425.0
276,19.98,19.92,19.95,19.98,19.9,19.95,20.0,0.0,0.0,0.0,-425.0
276,19.98,19.92,19.95,19.98,19.9,19.95,20.0,0.0,0.0,0.0,-425.0
276,19.98,19.92,19.95,19.98,19.9,19.95,20.0,0.0,0.0,0.0,-425.0
276,19.98,19.92,19.93,19.93,19.9,19.93,20.0,0.0,0.0,0.0,-425.0
276,19.98,19.92,19.93,19.93,19.9,19.93,20.0,0.0,0.0,0.0,-425.0
276,19.98,19.92,19.93,19.93,19.9,19.93,20.0,0.0,0.0,0.0,-425.0
276,19.98,19.92,19.93,19.93,19.9,19.93,20.0,0.0,0.0,0.0,-425.0
276,19.98,19.92,19.93,19.93,19.9,19.93,20.0,0.0,0.0,0.0,-425.0
276,19.98,19.92,19.93,19.93,19.9,19.93,20.0,0.0,0.0,0.0,-425.0
276,19.98,19.92,19.93,19.93,19.9,19.93,20.0,0.0,0.0,0.0,-425.0
276,19.98,19.92,19.93,19.93,19.9,19.93,20.0,0.0,0.0,0.0,-425.0
276,19.98,19.92,19.93,19.93,19.9,19.93,20.0,0.0,0.0,0.0,-425.0
276,19.98,19.92,19.93,19.93,19.9,19.93,20.0,0.0,0.0,0.0,-425.0
276,19.98,19.92,19.93,19.93,19.9,19.93,20.0,0.0,0.0,0.0,-425.0
276,19.93,19.92,19.93,19.93,19.9,19.93,20.0,0.0,0.0,0.0,-425.0
276,19.93,19.92,19.93,19.93,19.9,19.93,20.0,0.0,0.0,0.0,-425.0
276,19.93,19.92,19.93,19.93,19.9,19.93,20.0,0.0,0.0,0.0,-425.0
276,19.93,19.92,19.93,19.93,19.9,19.93,20.0,0.0,0.0,0.0,-425.0
276,19.93,19.92,19.93,19.93,19.9,19.93,20.0,0.0,0.0,0.0,-425.0
276,19.93,19.92,19.93,19.93,19.9,19.93,20.0,0.0,0.0,0.0,-425.0
276,19.93,19.92,19.93,19.93,19.9,19.93,20.0,0.0,0.0,0.0,-425.0
276,19.93,19.92,19.93,19.93,19.9,19.93,20.0,0.0,0.0,0.0,-425.0
276,19.93,19.92,19.93,19.93,19.9,19.93,20.0,0.0,0.0,0.0,-425.0
276,19.93,19.92,19.93,19.93,19.9,19.93,20.0,0.0,0.0,0.0,-425.0
276,19.93,19.92,19.93,19.93,19.9,19.93,20.0,0.0,0.0,0.0,-425.0
276,19.93,19.92,19.93,19.93,19.9,19.93,20.0,0.0,0.0,0.0,-425.0
276,19.93,19.92,19.93,19.93,19.9,19.93,20.0,0.0,0.0,0.0,-425.0
276,19.93,19.92,19.93,19.93,19.9,19.93,20.0,0.0,0.0,0.0,-425.0
276,19.93,19.92,19.93,19.93,19.9,19.93,20.0,0.0,0.0,0.0,-425.0
276,19.93,19.92,19.93,19.93,19.9,19.93,20.0,0.0,0.0,0.0,-425.0
276,19.93,19.92,19.93,19.93,19.9,19.93,20.0,0.0,0.0,0.0,-425.0
276,19.94,19.91,19.94,19.97,19.9,19.94,20.0,0.0,0.0,0.0,-425.0
277,19.94,19.91,19.94,19.97,19.9,19.94,20.0,0.0,0.0,0.0,-425.0
277,19.94,19.91,19.94,19.97,19.9,19.94,20.0,0.0,0.0,0.0,-425.0
277,19.94,19.91,19.94,19.97,19.9,19.94,20.0,0.0,0.0,0.0,-425.0
277,19.94,19.91,19.94,19.97,19.9,19.94,20.0,0.0,0.0,0.0,-425.0
277,19.94,19.91,19.94,19.97,19.9,19.94,20.0,0.0,0.0,0.0,-425.0
277,19.94,19.91,19.94,19.97,19.9,19.94,20.0,0.0,0.0,0.0,-425.0
277,19.94,19.91,19.94,19.97,19.9,19.94,20.0,0.0,0.0,0.0,-425.0
277,19.94,19.91,19.94,19.97,19.9,19.94,20.0,0.0,0.0,0.0,-425.0
277,19.94,19.91,19.94,19.97,19.9,19.94,20.0,0.0,0.0,0.0,-425.0
277,19.94,19.91,19.94,19.97,19.9,19.94,20.0,0.0,0.0,0.0,-425.0
277,19.94,19.91,19.94,19.97,19.9,19.94,20.0,0.0,0.0,0.0,-425.0
277,19.94,19.91,19.94,19.97,19.9,19.94,20.0,0.0,0.0,0.0,-425.0
277,19.94,19.91,19.94,19.97,19.9,19.94,20.0,0.0,0.0,0.0,-425.0
277,19.94,19.91,19.94,19.97,19.9,19.94,20.0,0.0,0.0,0.0,-425.0
277,19.94,19.91,19.94,19.97,19.9,19.94,20.0,0.0,0.0,0.0,-425.0
277,19.94,19.91,19.94,19.97,19.9,19.94,20.0,0.0,0.0,0.0,-425.0
277,19.91,19.91,19.94,19.96,19.9,19.94,20.0,0.0,0.0,0.0,-425.0
277,19.91,19.91,19.94,19.96,19.9,19.94,20.0,0.0,0.0,0.0,-425.0
277,19.91,19.91,19.94,19.96,19.9,19.94,20.0,0.0,0.0,0.0,-425.0
277,19.91,19.91,19.94,19.96,19.9,19.94,20.0,0.0,0.0,0.0,-425.0
277,19.91,19.91,19.94,19.96,19.9,19.94,20.0,0.0,0.0,0.0,-425.0
277,19.91,19.91,19.94,19.96,19.9,19.94,20.0,0.0,0.0,0.0,-425.0
277,19.91,19.91,19.94,19.96,19.9,19.94,20.0,0.0,0.0,0.0,-425.0
277,19.91,19.91,19.94,19.96,19.9,19.94,20.0,0.0,0.0,0.0,-425.0
277,19.91,19.91,19.94,19.96,19.9,19.94,20.0,0.0,0.0,0.0,-425.0
277,19.91,19.91,19.94,19.96,19.9,19.94,20.0,0.0,0.0,0.0,-425.0
277,19.91,19.91,19.94,19.96,19.9,19.94,20.0,0.0,0.0,0.0,-425.0
277,19.91,19.91,19.94,19.96,19.9,19.94,20.0,0.0,0.0,0.0,-425.0
277,19.91,19.91,19.94,19.96,19.9,19.94,20.0,0.0,0.0,0.0,-425.0
277,19.91,19.91,19.94,19.96,19.9,19.94,20.0,0.0,0.0,0.0,-425.0
277,19.91,19.91,19.94,19.96,19.9,19.94,20.0,0.0,0.0,0.0,-425.0
277,19.91,19.91,19.94,19.96,19.9,19.94,20.0,0.0,0.0,0.0,-425.0
277,19.91,19.91,19.94,19.96,19.9,19.94,20.0,0.0,0.0,0.0,-425.0
277,19.91,19.91,19.94,19.96,19.9,19.94,20.0,0.0,0.0,0.0,-425.0
277,19.91,19.91,19.94,19.96,19.9,19.94,20.0,0.0,0.0,0.0,-425.0
277,19.91,19.91,19.94,19.96,19.9,19.94,20.0,0.0,0.0,0.0,-425.0
277,19.91,19.91,19.94,19.96,19.9,19.94,20.0,0.0,0.0,0.0,-425.0
277,19.91,19.91,19.94,19.96,19.9,19.94,20.0,0.0,0.0,0.0,-425.0
277,19.91,19.91,19.94,19.96,19.9,19.94,20.0,0.0,0.0,0.0,-425.0
277,19.91,19.91,19.94,19.96,19.9,19.94,20.0,0.0,0.0,0.0,-425.0
277,19.91,19.91,19.94,19.96,19.9,19.94,20.0,0.0,0.0,0.0,-425.0
277,19.91,19.91,19.94,19.96,19.9,19.94,20.0,0.0,0.0,0.0,-425.0
277,19.91,19.91,19.94,19.96,19.9,19.94,20.0,0.0,0.0,0.0,-425.0
277,19.91,19.91,19.94,19.96,19.9,19.94,20.0,0.0,0.0,0.0,-425.0
277,19.91,19.91,19.94,19.96,19.9,19.94,20.0,0.0,0.0,0.0,-425.0
278,19.95,19.92,19.95,19.98,19.9,19.95,20.0,0.0,0.0,0.0,-425.0
278,19.95,19.92,19.95,19.98,19.9,19.95,20.0,0.0,0.0,0.0,-425.0
278,19.95,19.92,19.95,19.98,19.9,19.95,20.0,0.0,0.0,0.0,-425.0
278,19.95,19.92,19.95,19.98,19.9,19.95,20.0,0.0,0.0,0.0,-425.0
278,19.95,19.92,19.95,19.98,19.9,19.95,20.0,0.0,0.0,0.0,-425.0
278,19.95,19.92,19.95,19.98,19.9,19.95,20.0,0.0,0.0,0.0,-425.0
278,19.95,19.92,19.95,19.98,19.9,19.95,20.0,0.0,0.0,0.0,-425.0
278,19.95,19.92,19.95,19.98,19.9,19.95,20.0,0.0,0.0,0.0,-425.0
278,19.95,19.92,19.95,19.98,19.9,19.95,20.0,0.0,0.0,0.0,-425.0
278,19.95,19.92,19.95,19.98,19.9,19.95,20.0,0.0,0.0,0.0,-425.0
278,19.95,19.92,19.95,19.98,19.9,19.95,20.0,0.0,0.0,0.0,-425.0
278,19.95,19.92,19.95,19.98,19.9,19.95,20.0,0.0,0.0,0.0,-425.0
278,19.95,19.92,19.95,19.98,19.9,19.95,20.0,0.0,0.0,0.0,-425.0
278,19.95,19.92,19.95,19.98,19.9,19.95,20.0,0.0,0.0,0.0,-425.0
278,19.95,19.92,19.95,19.98,19.9,19.95,20.0,0.0,0.0,0.0,-425.0
278,19.95,19.92,19.95,19.98,19.9,19.95,20.0,0.0,0.0,0.0,-425.0
278,19.95,19.97,19.98,19.98,19.9,19.98,20.0,0.0,0.0,0.0,-425.0
278,19.95,19.97,19.98,19.98,19.9,19.98,20.0,0.0,0.0,0.0,-425.0
278,19.95,19.97,19.98,19.98,19.9,19.98,20.0,0.0,0.0,0.0,-425.0
278,19.95,19.97,19.98,19.98,19.9,19.98,20.0,0.0,0.0,0.0,-425.0
278,19.95,19.97,19.98,19.98,19.9,19.98,20.0,0.0,0.0,0.0,-425.0
278,19.95,19.97,19.98,19.98,19.9,19.98,20.0,0.0,0.0,0.0,-425.0
278,19.95,19.97,19.98,19.98,19.9,19.98,20.0,0.0,0.0,0.0,-425.0
278,19.95,19.97,19.98,19.98,19.9,19.98,20.0,0.0,0.0,0.0,-425.0
278,19.95,19.97,19.98,19.98,19.9,19.98,20.0,0.0,0.0,0.0,-425.0
278,19.95,19.97,19.98,19.98,19.9,19.98,20.0,0.0,0.0,0.0,-425.0
278,19.95,19.97,19.98,19.98,19.9,19.98,20.0,0.0,0.0,0.0,-425.0
278,19.95,19.97,19.98,19.98,19.9,19.98,20.0,0.0,0.0,0.0,-425.0
278,19.95,19.97,19.98,19.98,19.9,19.98,20.0,0.0,0.0,0.0,-425.0
278,19.95,19.97,19.98,19.98,19.9,19.98,20.0,0.0,0.0,0.0,-425.0
278,19.95,19.97,19.98,19.98,19.9,19.98,20.0,0.0,0.0,0.0,-425.0
278,19.95,19.97,19.98,19.98,19.9,19.98,20.0,0.0,0.0,0.0,-425.0
278,19.95,19.97,19.98,19.98,19.9,19.98,20.0,0.0,0.0,0.0,-425.0
278,19.95,19.97,19.98,19.98,19.9,19.98,20.0,0.0,0.0,0.0,-425.0
278,19.95,19.97,19.98,19.98,19.9,19.98,20.0,0.0,0.0,0.0,-425.0
278,19.95,19.97,19.98,19.98,19.9,19.98,20.0,0.0,0.0,0.0,-425.0
278,19.95,19.97,19.98,19.98,19.9,19.98,20.0,0.0,0.0,0.0,-425.0
278,19.95,19.97,19.98,19.98,19.9,19.98,20.0,0.0,0.0,0.0,-425.0
278,19.95,19.97,19.98,19.98,19.9,19.98,20.0,0.0,0.0,0.0,-425.0
278,19.95,19.97,19.98,19.98,19.9,19.98,20.0,0.0,0.0,0.0,-425.0
278,19.95,19.97,19.98,19.98,19.9,19.98,20.0,0.0,0.0,0.0,-425.0
278,19.95,19.97,19.98,19.98,19.9,19.98,20.0,0.0,0.0,0.0,-425.0
278,19.95,19.97,19.98,19.98,19.9,19.98,20.0,0.0,0.0,0.0,-425.0
278,19.95,19.97,19.98,19.98,19.9,19.98,20.0,0.0,0.0,0.0,-425.0
278,19.97,19.94,19.97,20.0,19.9,19.97,20.0,0.0,0.0,0.0,-425.0
279,19.97,19.94,19.97,20.0,19.9,19.97,20.0,0.0,0.0,0.0,-425.0
279,19.97,19.94,19.97,20.0,19.9,19.97,20.0,0.0,0.0,0.0,-425.0
279,19.97,19.94,19.97,20.0,19.9,19.97,20.0,0.0,0.0,0.0,-425.0
279,19.97,19.94,19.97,20.0,19.9,19.97,20.0,0.0,0.0,0.0,-425.0
279,19.97,19.94,19.97,20.0,19.9,19.97,20.0,0.0,0.0,0.0,-425.0
279,19.97,19.94,19.97,20.0,19.9,19.97,20.0,0.0,0.0,0.0,-425.0
279,19.97,19.94,19.97,20.0,19.9,19.97,20.0,0.0,0.0,0.0,-425.0
279,19.97,19.94,19.97,20.0,19.9,19.97,20.0,0.0,0.0,0.0,-425.0
279,19.97,19.94,19.97,20.0,19.9,19.97,20.0,0.0,0.0,0.0,-425.0
279,19.97,19.94,19.97,20.0,19.9,19.97,20.0,0.0,0.0,0.0,-425.0
279,19.97,19.94,19.97,20.0,19.9,19.97,20.0,0.0,0.0,0.0,-425.0
279,19.97,19.94,19.97,20.0,19.9,19.97,20.0,0.0,0.0,0.0,-425.0
279,19.97,19.94,19.97,20.0,19.9,19.97,20.0,0.0,0.0,0.0,-425.0
279,19.97,19.94,19.97,20.0,19.9,19.97,20.0,0.0,0.0,0.0,-425.0
279,19.97,19.94,19.97,20.0,19.9,19.97,20.0,0.0,0.0,0.0,-425.0
279,19.97,19.95,19.96,19.98,19.9,19.96,20.0,0.0,0.0,0.0,-425.0
279,19.97,19.95,19.96,19.98,19.9,19.96,20.0,0.0,0.0,0.0,-425.0
279,19.97,19.95,19.96,19.98,19.9,19.96,20.0,0.0,0.0,0.0,-425.0
279,19.97,19.95,19.96,19.98,19.9,19.96,20.0,0.0,0.0,0.0,-425.0
279,19.97,19.95,19.96,19.98,19.9,19.96,20.0,0.0,0.0,0.0,-425.0
279,19.97,19.95,19.96,19.98,19.9,19.96,20.0,0.0,0.0,0.0,-425.0
279,19.97,19.95,19.96,19.98,19.9,19.96,20.0,0.0,0.0,0.0,-425.0
279,19.97,19.95,19.96,19.98,19.9,19.96,20.0,0.0,0.0,0.0,-425.0
279,19.97,19.95,19.96,19.98,19.9,19.96,20.0,0.0,0.0,0.0,-425.0
279,19.97,19.95,19.96,19.98,19.9,19.96,20.0,0.0,0.0,0.0,-425.0
279,19.97,19.95,19.96,19.98,19.9,19.96,20.0,0.0,0.0,0.0,-425.0
279,19.97,19.95,19.96,19.98,19.9,19.96,20.0,0.0,0.0,0.0,-425.0
279,19.97,19.95,19.96,19.98,19.9,19.96,20.0,0.0,0.0,0.0,-425.0
279,19.97,19.95,19.96,19.98,19.9,19.96,20.0,0.0,0.0,0.0,-425.0
279,19.97,19.95,19.96,19.98,19.9,19.96,20.0,0.0,0.0,0.0,-425.0
279,19.97,19.95,19.96,19.98,19.9,19.96,20.0,0.0,0.0,0.0,-425.0
279,19.97,19.95,19.96,19.98,19.9,19.96,20.0,0.0,0.0,0.0,-425.0
279,19.97,19.95,19.96,19.98,19.9,19.96,20.0,0.0,0.0,0.0,-425.0
279,19.97,19.95,19.96,19.98,19.9,19.96,20.0,0.0,0.0,0.0,-425.0
279,19.97,19.95,19.96,19.98,19.9,19.96,20.0,0.0,0.0,0.0,-425.0
279,19.97,19.95,19.96,19.98,19.9,19.96,20.0,0.0,0.0,0.0,-425.0
279,19.97,19.95,19.96,19.98,19.9,19.96,20.0,0.0,0.0,0.0,-425.0
279,19.97,19.95,19.96,19.98,19.9,19.96,20.0,0.0,0.0,0.0,-425.0
279,19.97,19.95,19.96,19.98,19.9,19.96,20.0,0.0,0.0,0.0,-425.0
279,19.97,19.95,19.96,19.98,19.9,19.96,20.0,0.0,0.0,0.0,-425.0
279,19.97,19.95,19.96,19.98,19.9,19.96,20.0,0.0,0.0,0.0,-425.0
279,19.97,19.95,19.96,19.98,19.9,19.96,20.0,0.0,0.0,0.0,-425.0
279,19.97,19.95,19.96,19.98,19.9,19.96,20.0,0.0,0.0,0.0,-425.0
279,19.97,19.95,19.96,19.98,19.9,19.96,20.0,0.0,0.0,0.0,-425.0
280,19.95,19.92,19.95,19.98,19.9,19.95,20.0,0.0,0.0,0.0,-425.0
280,19.95,19.92,19.95,19.98,19.9,19.95,20.0,0.0,0.0,0.0,-425.0
280,19.95,19.92,19.95,19.98,19.9,19.95,20.0,0.0,0.0,0.0,-425.0
280,19.95,19.92,19.95,19.98,19.9,19.95,20.0,0.0,0.0,0.0,-425.0
280,19.95,19.92,19.95,19.98,19.9,19.95,20.0,0.0,0.0,0.0,-425.0
280,19.95,19.92,19.95,19.98,19.9,19.95,20.0,0.0,0.0,0.0,-425.0
280,19.95,19.92,19.95,19.98,19.9,19.95,20.0,0.0,0.0,0.0,-425.0
280,19.95,19.92,19.95,19.98,19.9,19.95,20.0,0.0,0.0,0.0,-425.0
280,19.95,19.92,19.95,19.98,19.9,19.95,20.0,0.0,0.0,0.0,-425.0
280,19.95,19.92,19.95,19.98,19.9,19.95,20.0,0.0,0.0,0.0,-425.0
280,19.95,19.92,19.95,19.98,19.9,19.95,20.0,0.0,0.0,0.0,-425.0
280,19.95,19.92,19.95,19.98,19.9,19.95,20.0,0.0,0.0,0.0,-425.0
280,19.95,19.92,19.95,19.98,19.9,19.95,20.0,0.0,0.0,0.0,-425.0
280,19.95,19.92,19.95,19.98,19.9,19.95,20.0,0.0,0.0,0.0,-425.0
280,19.95,19.92,19.95,19.98,19.9,19.95,20.0,0.0,0.0,0.0,-425.0
280,19.95,19.92,19.95,19.98,19.9,19.95,20.0,0.0,0.0,0.0,-425.0
280,19.92,19.92,19.95,19.98,19.9,19.95,20.0,0.0,0.0,0.0,-425.0
280,19.92,19.92,19.95,19.98,19.9,19.95,20.0,0.0,0.0,0.0,-425.0
280,19.92,19.92,19.95,19.98,19.9,19.95,20.0,0.0,0.0,0.0,-425.0
280,19.92,19.92,19.95,19.98,19.9,19.95,20.0,0.0,0.0,0.0,-425.0
280,19.92,19.92,19.95,19.98,19.9,19.95,20.0,0.0,0.0,0.0,-425.0
280,19.92,19.92,19.95,19.98,19.9,19.95,20.0,0.0,0.0,0.0,-425.0
280,19.92,19.92,19.95,19.98,19.9,19.95,20.0,0.0,0.0,0.0,-425.0
280,19.92,19.92,19.95,19.98,19.9,19.95,20.0,0.0,0.0,0.0,-425.0
280,19.92,19.92,19.95,19.98,19.9,19.95,20.0,0.0,0.0,0.0,-425.0
280,19.92,19.92,19.95,19.98,19.9,19.95,20.0,0.0,0.0,0.0,-425.0
280,19.92,19.92,19.95,19.98,19.9,19.95,20.0,0.0,0.0,0.0,-425.0
280,19.92,19.92,19.95,19.98,19.9,19.95,20.0,0.0,0.0,0.0,-425.0
280,19.92,19.92,19.95,19.98,19.9,19.95,20.0,0.0,0.0,0.0,-425.0
280,19.92,19.92,19.95,19.98,19.9,19.95,20.0,0.0,0.0,0.0,-425.0
280,19.92,19.92,19.95,19.98,19.9,19.95,20.0,0.0,0.0,0.0,-425.0
280,19.92,19.92,19.95,19.98,19.9,19.95,20.0,0.0,0.0,0.0,-425.0
280,19.92,19.92,19.95,19.98,19.9,19.95,20.0,0.0,0.0,0.0,-425.0
280,19.92,19.92,19.95,19.98,19.9,19.95,20.0,0.0,0.0,0.0,-425.0
280,19.92,19.92,19.95,19.98,19.9,19.95,20.0,0.0,0.0,0.0,-425.0
280,19.92,19.92,19.95,19.98,19.9,19.95,20.0,0.0,0.0,0.0,-425.0
280,19.92,19.92,19.95,19.98,19.9,19.95,20.0,0.0,0.0,0.0,-425.0
280,19.92,19.92,19.95,19.98,19.9,19.95,20.0,0.0,0.0,0.0,-425.0
280,19.98,19.92,19.95,19.98,19.9,19.95,20.0,0.0,0.0,0.0,-425.0
280,19.98,19.92,19.95,19.98,19.9,19.95,20.0,0.0,0.0,0.0,-425.0
280,19.98,19.92,19.95,19.98,19.9,19.95,20.0,0.0,0.0,0.0,-425.0
280,19.98,19.92,19.95,19.98,19.9,19.95,20.0,0.0,0.0,0.0,-425.0
280,19.98,19.92,19.95,19.98,19.9,19.95,20.0,0.0,0.0,0.0,-425.0
280,19.98,19.92,19.95,19.98,19.9,19.95,20.0,0.0,0.0,0.0,-425.0
281,19.92,19.9,19.92,19.95,19.9,19.92,20.0,0.0,0.0,0.0,-425.0
281,19.92,19.9,19.92,19.95,19.9,19.92,20.0,0.0,0.0,0.0,-425.0
281,19.92,19.9,19.92,19.95,19.9,19.92,20.0,0.0,0.0,0.0,-425.0
281,19.92,19.9,19.92,19.95,19.9,19.92,20.0,0.0,0.0,0.0,-425.0
281,19.92,19.9,19.92,19.95,19.9,19.92,20.0,0.0,0.0,0.0,-425.0
281,19.92,19.9,19.92,19.95,19.9,19.92,20.0,0.0,0.0,0.0,-425.0
281,19.92,19.9,19.92,19.95,19.9,19.92,20.0,0.0,0.0,0.0,-425.0
281,19.92,19.9,19.92,19.95,19.9,19.92,20.0,0.0,0.0,0.0,-425.0
281,19.92,19.9,19.92,19.95,19.9,19.92,20.0,0.0,0.0,0.0,-425.0
281,19.92,19.9,19.92,19.95,19.9,19.92,20.0,0.0,0.0,0.0,-425.0
281,19.92,19.9,19.92,19.95,19.9,19.92,20.0,0.0,0.0,0.0,-425.0
281,19.92,19.9,19.92,19.95,19.9,19.92,20.0,0.0,0.0,0.0,-425.0
281,19.92,19.9,19.92,19.95,19.9,19.92,20.0,0.0,0.0,0.0,-425.0
281,19.92,19.9,19.92,19.95,19.9,19.92,20.0,0.0,0.0,0.0,-425.0
281,19.92,19.9,19.92,19.95,19.9,19.92,20.0,0.0,0.0,0.0,-425.0
281,19.92,19.9,19.92,19.95,19.9,19.92,20.0,0.0,0.0,0.0,-425.0
281,19.92,19.91,19.91,19.92,19.9,19.91,20.0,0.0,0.0,0.0,-425.0
281,19.92,19.91,19.91,19.92,19.9,19.91,20.0,0.0,0.0,0.0,-425.0
281,19.92,19.91,19.91,19.92,19.9,19.91,20.0,0.0,0.0,0.0,-425.0
281,19.92,19.91,19.91,19.92,19.9,19.91,20.0,0.0,0.0,0.0,-425.0
281,19.92,19.91,19.91,19.92,19.9,19.91,20.0,0.0,0.0,0.0,-425.0
281,19.92,19.91,19.91,19.92,19.9,19.91,20.0,0.0,0.0,0.0,-425.0
281,19.92,19.91,19.91,19.92,19.9,19.91,20.0,0.0,0.0,0.0,-425.0
281,19.92,19.91,19.91,19.92,19.9,19.91,20.0,0.0,0.0,0.0,-425.0
281,19.92,19.91,19.91,19.92,19.9,19.91,20.0,0.0,0.0,0.0,-425.0
281,19.92,19.91,19.91,19.92,19.9,19.91,20.0,0.0,0.0,0.0,-425.0
281,19.92,19.91,19.91,19.92,19.9,19.91,20.0,0.0,0.0,0.0,-425.0
281,19.92,19.91,19.91,19.92,19.9,19.91,20.0,0.0,0.0,0.0,-425.0
281,19.92,19.91,19.91,19.92,19.9,19.91,20.0,0.0,0.0,0.0,-425.0
281,19.92,19.91,19.91,19.92,19.9,19.91,20.0,0.0,0.0,0.0,-425.0
281,19.92,19.91,19.91,19.92,19.9,19.91,20.0,0.0,0.0,0.0,-425.0
281,19.92,19.91,19.91,19.92,19.9,19.91,20.0,0.0,0.0,0.0,-425.0
281,19.92,19.91,19.91,19.92,19.9,19.91,20.0,0.0,0.0,0.0,-425.0
281,19.92,19.91,19.91,19.92,19.9,19.91,20.0,0.0,0.0,0.0,-425.0
281,19.92,19.91,19.91,19.92,19.9,19.91,20.0,0.0,0.0,0.0,-425.0
281,19.92,19.91,19.91,19.92,19.9,19.91,20.0,0.0,0.0,0.0,-425.0
281,19.92,19.91,19.91,19.92,19.9,19.91,20.0,0.0,0.0,0.0,-425.0
281,19.92,19.91,19.91,19.92,19.9,19.91,20.0,0.0,0.0,0.0,-425.0
281,19.92,19.91,19.91,19.92,19.9,19.91,20.0,0.0,0.0,0.0,-425.0
281,19.92,19.91,19.91,19.92,19.9,19.91,20.0,0.0,0.0,0.0,-425.0
281,19.92,19.91,19.91,19.92,19.9,19.91,20.0,0.0,0.0,0.0,-425.0
281,19.92,19.91,19.91,19.92,19.9,19.91,20.0,0.0,0.0,0.0,-425.0
281,19.92,19.91,19.91,19.92,19.9,19.91,20.0,0.0,0.0,0.0,-425.0
281,19.92,19.91,19.91,19.92,19.9,19.91,20.0,0.0,0.0,0.0,-425.0
281,19.96,19.93,19.96,19.99,19.9,19.96,20.0,0.0,0.0,0.0,-425.0
282,19.96,19.93,19.96,19.99,19.9,19.96,20.0,0.0,0.0,0.0,-425.0
282,19.96,19.93,19.96,19.99,19.9,19.96,20.0,0.0,0.0,0.0,-425.0
282,19.96,19.93,19.96,19.99,19.9,19.96,20.0,0.0,0.0,0.0,-425.0
282,19.96,19.93,19.96,19.99,19.9,19.96,20.0,0.0,0.0,0.0,-425.0
282,19.93,19.93,19.95,19.96,19.9,19.95,20.0,0.0,0.0,0.0,-425.0
282,19.93,19.93,19.95,19.96,19.9,19.95,20.0,0.0,0.0,0.0,-425.0
282,19.93,19.93,19.95,19.96,19.9,19.95,20.0,0.0,0.0,0.0,-425.0
282,19.93,19.93,19.95,19.96,19.9,19.95,20.0,0.0,0.0,0.0,-425.0
282,19.93,19.93,19.95,19.96,19.9,19.95,20.0,0.0,0.0,0.0,-425.0
282,19.93,19.93,19.95,19.96,19.9,19.95,20.0,0.0,0.0,0.0,-425.0
282,19.93,19.93,19.95,19.96,19.9,19.95,20.0,0.0,0.0,0.0,-425.0
282,19.93,19.93,19.95,19.96,19.9,19.95,20.0,0.0,0.0,0.0,-425.0
282,19.93,19.93,19.95,19.96,19.9,19.95,20.0,0.0,0.0,0.0,-425.0
282,19.93,19.93,19.95,19.96,19.9,19.95,20.0,0.0,0.0,0.0,-425.0
282,19.93,19.93,19.95,19.96,19.9,19.95,20.0,0.0,0.0,0.0,-425.0
282,19.93,19.93,19.95,19.96,19.9,19.95,20.0,0.0,0.0,0.0,-425.0
282,19.93,19.93,19.95,19.96,19.9,19.95,20.0,0.0,0.0,0.0,-425.0
282,19.93,19.93,19.95,19.96,19.9,19.95,20.0,0.0,0.0,0.0,-425.0
282,19.93,19.93,19.95,19.96,19.9,19.95,20.0,0.0,0.0,0.0,-425.0
282,19.93,19.93,19.95,19.96,19.9,19.95,20.0,0.0,0.0,0.0,-425.0
282,19.93,19.93,19.95,19.96,19.9,19.95,20.0,0.0,0.0,0.0,-425.0
282,19.93,19.93,19.95,19.96,19.9,19.95,20.0,0.0,0.0,0.0,-425.0
282,19.93,19.93,19.95,19.96,19.9,19.95,20.0,0.0,0.0,0.0,-425.0
282,19.93,19.93,19.95,19.96,19.9,19.95,20.0,0.0,0.0,0.0,-425.0
282,19.93,19.93,19.95,19.96,19.9,19.95,20.0,0.0,0.0,0.0,-425.0
282,19.93,19.93,19.95,19.96,19.9,19.95,20.0,0.0,0.0,0.0,-425.0
282,19.93,19.93,19.95,19.96,19.9,19.95,20.0,0.0,0.0,0.0,-425.0
282,19.93,19.93,19.95,19.96,19.9,19.95,20.0,0.0,0.0,0.0,-425.0
282,19.93,19.93,19.95,19.96,19.9,19.95,20.0,0.0,0.0,0.0,-425.0
282,19.93,19.93,19.95,19.96,19.9,19.95,20.0,0.0,0.0,0.0,-425.0
282,19.93,19.93,19.95,19.96,19.9,19.95,20.0,0.0,0.0,0.0,-425.0
282,19.93,19.93,19.95,19.96,19.9,19.95,20.0,0.0,0.0,0.0,-425.0
282,19.93,19.93,19.95,19.96,19.9,19.95,20.0,0.0,0.0,0.0,-425.0
282,19.93,19.93,19.95,19.96,19.9,19.95,20.0,0.0,0.0,0.0,-425.0
282,19.93,19.93,19.95,19.96,19.9,19.95,20.0,0.0,0.0,0.0,-425.0
282,19.93,19.93,19.95,19.96,19.9,19.95,20.0,0.0,0.0,0.0,-425.0
282,19.93,19.93,19.95,19.96,19.9,19.95,20.0,0.0,0.0,0.0,-425.0
282,19.93,19.93,19.95,19.96,19.9,19.95,20.0,0.0,0.0,0.0,-425.0
282,19.93,19.93,19.95,19.96,19.9,19.95,20.0,0.0,0.0,0.0,-425.0
282,19.93,19.93,19.95,19.96,19.9,19.95,20.0,0.0,0.0,0.0,-425.0
282,19.93,19.93,19.95,19.96,19.9,19.95,20.0,0.0,0.0,0.0,-425.0
282,19.93,19.93,19.95,19.96,19.9,19.95,20.0,0.0,0.0,0.0,-425.0
282,19.93,19.93,19.95,19.96,19.9,19.95,20.0,0.0,0.0,0.0,-425.0
283,19.99,19.96,19.98,20.0,19.9,19.98,20.0,0.0,0.0,0.0,-425.0
283,19.99,19.96,19.98,20.0,19.9,19.98,20.0,0.0,0.0,0.0,-425.0
283,19.99,19.96,19.98,20.0,19.9,19.98,20.0,0.0,0.0,0.0,-425.0
283,19.99,19.96,19.98,20.0,19.9,19.98,20.0,0.0,0.0,0.0,-425.0
283,19.99,19.96,19.98,20.0,19.9,19.98,20.0,0.0,0.0,0.0,-425.0
283,19.99,19.96,19.98,20.0,19.9,19.98,20.0,0.0,0.0,0.0,-425.0
283,19.99,19.96,19.98,20.0,19.9,19.98,20.0,0.0,0.0,0.0,-425.0
283,19.99,19.96,19.98,20.0,19.9,19.98,20.0,0.0,0.0,0.0,-425.0
283,19.99,19.96,19.98,20.0,19.9,19.98,20.0,0.0,0.0,0.0,-425.0
283,19.99,19.96,19.98,20.0,19.9,19.98,20.0,0.0,0.0,0.0,-425.0
283,19.99,19.96,19.98,20.0,19.9,19.98,20.0,0.0,0.0,0.0,-425.0
283,19.99,19.96,19.98,20.0,19.9,19.98,20.0,0.0,0.0,0.0,-425.0
283,19.99,19.96,19.98,20.0,19.9,19.98,20.0,0.0,0.0,0.0,-425.0
283,19.99,19.96,19.98,20.0,19.9,19.98,20.0,0.0,0.0,0.0,-425.0
283,19.99,19.96,19.98,20.0,19.9,19.98,20.0,0.0,0.0,0.0,-425.0
283,19.99,19.96,19.98,20.0,19.9,19.98,20.0,0.0,0.0,0.0,-425.0
283,19.99,19.96,19.98,20.0,19.9,19.98,20.0,0.0,0.0,0.0,-425.0
283,19.99,19.96,19.98,20.0,19.9,19.98,20.0,0.0,0.0,0.0,-425.0
283,19.99,19.96,19.98,20.0,19.9,19.98,20.0,0.0,0.0,0.0,-425.0
283,19.99,19.96,19.98,20.0,19.9,19.98,20.0,0.0,0.0,0.0,-425.0
283,19.99,19.96,19.98,20.0,19.9,19.98,20.0,0.0,0.0,0.0,-425.0
283,19.99,19.96,19.98,20.0,19.9,19.98,20.0,0.0,0.0,0.0,-425.0
283,19.99,19.96,19.98,20.0,19.9,19.98,20.0,0.0,0.0,0.0,-425.0
283,19.99,19.96,19.98,20.0,19.9,19.98,20.0,0.0,0.0,0.0,-425.0
283,19.99,19.96,19.98,20.0,19.9,19.98,20.0,0.0,0.0,0.0,-425.0
283,19.99,19.96,19.98,20.0,19.9,19.98,20.0,0.0,0.0,0.0,-425.0
283,20.0,20.0,20.01,20.02,19.96,20.01,20.06,-5000.0,20.0,-0.01,-400.0
283,20.0,20.0,20.01,20.02,19.96,20.01,20.06,-5000.0,20.0,-0.01,-400.0
283,20.0,20.0,20.01,20.02,19.96,20.01,20.06,-5000.0,20.0,-0.01,-400.0
283,20.0,20.0,20.01,20.02,19.96,20.01,20.06,-5000.0,20.0,-0.01,-400.0
283,20.0,20.0,20.01,20.02,19.96,20.01,20.06,-5000.0,20.0,-0.01,-400.0
283,20.0,20.0,20.01,20.02,19.96,20.01,20.06,-5000.0,20.0,-0.01,-400.0
283,20.0,20.0,20.01,20.02,19.96,20.01,20.06,-5000.0,20.0,-0.01,-400.0
283,20.0,20.0,20.01,20.02,19.96,20.01,20.06,-5000.0,20.0,-0.01,-400.0
283,20.02,20.0,20.01,20.01,19.96,20.01,20.06,0.0,0.0,0.0,-550.0
283,20.02,20.0,20.01,20.01,19.96,20.01,20.06,0.0,0.0,0.0,-550.0
283,20.02,20.0,20.01,20.01,19.96,20.01,20.06,0.0,0.0,0.0,-550.0
284,20.04,20.01,20.04,20.06,19.96,20.04,20.06,0.0,0.0,0.0,-550.0
284,20.04,20.01,20.04,20.06,19.96,20.04,20.06,0.0,0.0,0.0,-550.0
284,20.04,20.01,20.04,20.06,19.96,20.04,20.06,0.0,0.0,0.0,-550.0
284,20.04,20.01,20.04,20.06,19.96,20.04,20.06,0.0,0.0,0.0,-550.0
284,20.04,20.01,20.04,20.06,19.96,20.04,20.06,0.0,0.0,0.0,-550.0
284,20.04,20.01,20.04,20.06,19.96,20.04,20.06,0.0,0.0,0.0,-550.0
284,20.04,20.01,20.04,20.06,19.96,20.04,20.06,0.0,0.0,0.0,-550.0
284,20.04,20.01,20.04,20.06,19.96,20.04,20.06,0.0,0.0,0.0,-550.0
284,20.04,20.01,20.04,20.06,19.96,20.04,20.06,0.0,0.0,0.0,-550.0
284,20.04,20.01,20.04,20.06,19.96,20.04,20.06,0.0,0.0,0.0,-550.0
284,20.04,20.01,20.04,20.06,19.96,20.04,20.06,0.0,0.0,0.0,-550.0
284,20.04,20.01,20.04,20.06,19.96,20.04,20.06,0.0,0.0,0.0,-550.0
284,20.04,20.01,20.04,20.06,19.96,20.04,20.06,0.0,0.0,0.0,-550.0
284,20.04,20.01,20.04,20.06,19.96,20.04,20.06,0.0,0.0,0.0,-550.0
284,20.04,20.01,20.04,20.06,19.96,20.04,20.06,0.0,0.0,0.0,-550.0
284,20.04,20.01,20.04,20.06,19.96,20.04,20.06,0.0,0.0,0.0,-550.0
284,20.04,20.01,20.02,20.04,19.96,20.02,20.06,0.0,0.0,0.0,-550.0
284,20.04,20.01,20.02,20.04,19.96,20.02,20.06,0.0,0.0,0.0,-550.0
284,20.04,20.01,20.02,20.04,19.96,20.02,20.06,0.0,0.0,0.0,-550.0
284,20.04,20.01,20.02,20.04,19.96,20.02,20.06,0.0,0.0,0.0,-550.0
284,20.04,20.01,20.02,20.04,19.96,20.02,20.06,0.0,0.0,0.0,-550.0
284,20.04,20.01,20.02,20.04,19.96,20.02,20.06,0.0,0.0,0.0,-550.0
284,20.04,20.01,20.02,20.04,19.96,20.02,20.06,0.0,0.0,0.0,-550.0
284,20.04,20.01,20.02,20.04,19.96,20.02,20.06,0.0,0.0,0.0,-550.0
284,20.04,20.01,20.02,20.04,19.96,20.02,20.06,0.0,0.0,0.0,-550.0
284,20.04,20.01,20.02,20.04,19.96,20.02,20.06,0.0,0.0,0.0,-550.0
284,20.04,20.01,20.02,20.04,19.96,20.02,20.06,0.0,0.0,0.0,-550.0
284,20.04,20.01,20.02,20.04,19.96,20.02,20.06,0.0,0.0,0.0,-550.0
284,20.04,20.01,20.02,20.04,19.96,20.02,20.06,0.0,0.0,0.0,-550.0
284,20.04,20.01,20.02,20.04,19.96,20.02,20.06,0.0,0.0,0.0,-550.0
284,20.04,20.01,20.02,20.04,19.96,20.02,20.06,0.0,0.0,0.0,-550.0
284,20.04,20.01,20.02,20.04,19.96,20.02,20.06,0.0,0.0,0.0,-550.0
284,20.04,20.01,20.02,20.04,19.96,20.02,20.06,0.0,0.0,0.0,-550.0
284,20.04,20.01,20.02,20.04,19.96,20.02,20.06,0.0,0.0,0.0,-550.0
284,20.04,20.01,20.02,20.04,19.96,20.02,20.06,0.0,0.0,0.0,-550.0
284,20.04,20.01,20.02,20.04,19.96,20.02,20.06,0.0,0.0,0.0,-550.0
284,20.04,20.01,20.02,20.04,19.96,20.02,20.06,0.0,0.0,0.0,-550.0
284,20.04,20.01,20.02,20.04,19.96,20.02,20.06,0.0,0.0,0.0,-550.0
284,20.04,20.01,20.02,20.04,19.96,20.02,20.06,0.0,0.0,0.0,-550.0
284,20.04,20.01,20.02,20.04,19.96,20.02,20.06,0.0,0.0,0.0,-550.0
284,20.04,20.01,20.02,20.04,19.96,20.02,20.06,0.0,0.0,0.0,-550.0
284,20.04,20.01,20.02,20.04,19.96,20.02,20.06,0.0,0.0,0.0,-550.0
284,20.04,20.01,20.02,20.04,19.96,20.02,20.06,0.0,0.0,0.0,-550.0
284,20.04,20.01,20.02,20.04,19.96,20.02,20.06,0.0,0.0,0.0,-550.0
284,20.05,20.02,20.04,20.06,19.96,20.04,20.06,0.0,0.0,0.0,-550.0
285,20.05,20.02,20.04,20.06,19.96,20.04,20.06,0.0,0.0,0.0,-550.0
285,20.05,20.02,20.04,20.06,19.96,20.04,20.06,0.0,0.0,0.0,-550.0
285,20.05,20.02,20.04,20.06,19.96,20.04,20.06,0.0,0.0,0.0,-550.0
285,20.05,20.02,20.04,20.06,19.96,20.04,20.06,0.0,0.0,0.0,-550.0
285,20.05,20.02,20.04,20.06,19.96,20.04,20.06,0.0,0.0,0.0,-550.0
285,20.05,20.02,20.04,20.06,19.96,20.04,20.06,0.0,0.0,0.0,-550.0
285,20.05,20.02,20.04,20.06,19.96,20.04,20.06,0.0,0.0,0.0,-550.0
285,20.05,20.02,20.04,20.06,19.96,20.04,20.06,0.0,0.0,0.0,-550.0
285,20.05,20.02,20.04,20.06,19.96,20.04,20.06,0.0,0.0,0.0,-550.0
285,20.05,20.02,20.04,20.06,19.96,20.04,20.06,0.0,0.0,0.0,-550.0
285,20.05,20.02,20.04,20.06,19.96,20.04,20.06,0.0,0.0,0.0,-550.0
285,20.05,20.02,20.04,20.06,19.96,20.04,20.06,0.0,0.0,0.0,-550.0
285,20.05,20.02,20.04,20.06,19.96,20.04,20.06,0.0,0.0,0.0,-550.0
285,20.05,20.02,20.04,20.06,19.96,20.04,20.06,0.0,0.0,0.0,-550.0
285,20.05,20.02,20.04,20.06,19.96,20.04,20.06,0.0,0.0,0.0,-550.0
285,20.05,20.02,20.03,20.04,19.96,20.03,20.06,0.0,0.0,0.0,-550.0
285,20.05,20.02,20.03,20.04,19.96,20.03,20.06,0.0,0.0,0.0,-550.0
285,20.05,20.02,20.03,20.04,19.96,20.03,20.06,0.0,0.0,0.0,-550.0
285,20.05,20.02,20.03,20.04,19.96,20.03,20.06,0.0,0.0,0.0,-550.0
285,20.05,20.02,20.03,20.04,19.96,20.03,20.06,0.0,0.0,0.0,-550.0
285,20.05,20.02,20.03,20.04,19.96,20.03,20.06,0.0,0.0,0.0,-550.0
285,20.05,20.02,20.03,20.04,19.96,20.03,20.06,0.0,0.0,0.0,-550.0
285,20.05,20.02,20.03,20.04,19.96,20.03,20.06,0.0,0.0,0.0,-550.0
285,20.05,20.02,20.03,20.04,19.96,20.03,20.06,0.0,0.0,0.0,-550.0
285,20.05,20.02,20.03,20.04,19.96,20.03,20.06,0.0,0.0,0.0,-550.0
285,20.05,20.02,20.03,20.04,19.96,20.03,20.06,0.0,0.0,0.0,-550.0
285,20.05,20.02,20.03,20.04,19.96,20.03,20.06,0.0,0.0,0.0,-550.0
285,20.05,20.02,20.03,20.04,19.96,20.03,20.06,0.0,0.0,0.0,-550.0
285,20.05,20.02,20.03,20.04,19.96,20.03,20.06,0.0,0.0,0.0,-550.0
285,20.05,20.02,20.03,20.04,19.96,20.03,20.06,0.0,0.0,0.0,-550.0
285,20.05,20.02,20.03,20.04,19.96,20.03,20.06,0.0,0.0,0.0,-550.0
285,20.05,20.02,20.03,20.04,19.96,20.03,20.06,0.0,0.0,0.0,-550.0
285,20.05,20.02,20.03,20.04,19.96,20.03,20.06,0.0,0.0,0.0,-550.0
285,20.05,20.02,20.03,20.04,19.96,20.03,20.06,0.0,0.0,0.0,-550.0
285,20.05,20.02,20.03,20.04,19.96,20.03,20.06,0.0,0.0,0.0,-550.0
285,20.05,20.02,20.03,20.04,19.96,20.03,20.06,0.0,0.0,0.0,-550.0
285,20.05,20.02,20.03,20.04,19.96,20.03,20.06,0.0,0.0,0.0,-550.0
285,20.05,20.02,20.03,20.04,19.96,20.03,20.06,0.0,0.0,0.0,-550.0
285,20.02,20.02,20.03,20.04,19.96,20.03,20.06,0.0,0.0,0.0,-550.0
285,20.02,20.02,20.03,20.04,19.96,20.03,20.06,0.0,0.0,0.0,-550.0
285,20.02,20.02,20.03,20.04,19.96,20.03,20.06,0.0,0.0,0.0,-550.0
285,20.02,20.02,20.03,20.04,19.96,20.03,20.06,0.0,0.0,0.0,-550.0
285,20.02,20.02,20.03,20.04,19.96,20.03,20.06,0.0,0.0,0.0,-550.0
285,20.02,20.02,20.03,20.04,19.96,20.03,20.06,0.0,0.0,0.0,-550.0
286,20.09,20.06,20.09,20.12,20.04,20.09,20.14,-5000.0,20.06,-0.03,-525.0
286,20.09,20.06,20.09,20.12,20.04,20.09,20.14,-5000.0,20.06,-0.03,-525.0
286,20.12,20.08,20.1,20.12,20.05,20.1,20.15,0.0,0.0,0.0,-875.0
286,20.12,20.08,20.1,20.12,20.05,20.1,20.15,0.0,0.0,0.0,-875.0
286,20.12,20.08,20.1,20.12,20.05,20.1,20.15,0.0,0.0,0.0,-875.0
286,20.12,20.08,20.1,20.12,20.05,20.1,20.15,0.0,0.0,0.0,-875.0
286,20.12,20.08,20.1,20.12,20.05,20.1,20.15,0.0,0.0,0.0,-875.0
286,20.12,20.08,20.1,20.12,20.05,20.1,20.15,0.0,0.0,0.0,-875.0
286,20.12,20.08,20.1,20.12,20.05,20.1,20.15,0.0,0.0,0.0,-875.0
286,20.12,20.08,20.1,20.12,20.05,20.1,20.15,0.0,0.0,0.0,-875.0
286,20.12,20.08,20.1,20.12,20.05,20.1,20.15,0.0,0.0,0.0,-875.0
286,20.12,20.08,20.1,20.12,20.05,20.1,20.15,0.0,0.0,0.0,-875.0
286,20.12,20.08,20.1,20.12,20.05,20.1,20.15,0.0,0.0,0.0,-875.0
286,20.12,20.08,20.1,20.12,20.05,20.1,20.15,0.0,0.0,0.0,-875.0
286,20.12,20.08,20.1,20.12,20.05,20.1,20.15,0.0,0.0,0.0,-875.0
286,20.12,20.08,20.1,20.12,20.05,20.1,20.15,0.0,0.0,0.0,-875.0
286,20.12,20.08,20.1,20.12,20.05,20.1,20.15,0.0,0.0,0.0,-875.0
286,20.12,20.08,20.1,20.12,20.05,20.1,20.15,0.0,0.0,0.0,-875.0
286,20.12,20.08,20.1,20.12,20.05,20.1,20.15,0.0,0.0,0.0,-875.0
286,20.12,20.08,20.1,20.12,20.05,20.1,20.15,0.0,0.0,0.0,-875.0
286,20.12,20.08,20.1,20.12,20.05,20.1,20.15,0.0,0.0,0.0,-875.0
286,20.12,20.08,20.1,20.12,20.05,20.1,20.15,0.0,0.0,0.0,-875.0
286,20.12,20.11,20.12,20.12,20.05,20.12,20.15,0.0,0.0,0.0,-875.0
286,20.12,20.11,20.12,20.12,20.05,20.12,20.15,0.0,0.0,0.0,-875.0
286,20.12,20.11,20.12,20.12,20.05,20.12,20.15,0.0,0.0,0.0,-875.0
286,20.12,20.11,20.12,20.12,20.05,20.12,20.15,0.0,0.0,0.0,-875.0
286,20.12,20.11,20.12,20.12,20.05,20.12,20.15,0.0,0.0,0.0,-875.0
286,20.12,20.11,20.12,20.12,20.05,20.12,20.15,0.0,0.0,0.0,-875.0
286,20.12,20.11,20.12,20.12,20.05,20.12,20.15,0.0,0.0,0.0,-875.0
286,20.12,20.11,20.12,20.12,20.05,20.12,20.15,0.0,0.0,0.0,-875.0
286,20.12,20.11,20.12,20.12,20.05,20.12,20.15,0.0,0.0,0.0,-875.0
286,20.12,20.11,20.12,20.12,20.05,20.12,20.15,0.0,0.0,0.0,-875.0
286,20.12,20.11,20.12,20.12,20.05,20.12,20.15,0.0,0.0,0.0,-875.0
286,20.12,20.11,20.12,20.12,20.05,20.12,20.15,0.0,0.0,0.0,-875.0
286,20.12,20.11,20.12,20.12,20.05,20.12,20.15,0.0,0.0,0.0,-875.0
286,20.12,20.11,20.12,20.12,20.05,20.12,20.15,0.0,0.0,0.0,-875.0
286,20.12,20.11,20.12,20.12,20.05,20.12,20.15,0.0,0.0,0.0,-875.0
286,20.12,20.11,20.12,20.12,20.05,20.12,20.15,0.0,0.0,0.0,-875.0
286,20.12,20.11,20.12,20.12,20.05,20.12,20.15,0.0,0.0,0.0,-875.0
287,20.12,20.09,20.12,20.15,20.05,20.12,20.15,0.0,0.0,0.0,-875.0
287,20.12,20.09,20.12,20.15,20.05,20.12,20.15,0.0,0.0,0.0,-875.0
287,20.12,20.09,20.12,20.15,20.05,20.12,20.15,0.0,0.0,0.0,-875.0
287,20.12,20.09,20.12,20.15,20.05,20.12,20.15,0.0,0.0,0.0,-875.0
287,20.12,20.09,20.12,20.15,20.05,20.12,20.15,0.0,0.0,0.0,-875.0
287,20.12,20.09,20.12,20.15,20.05,20.12,20.15,0.0,0.0,0.0,-875.0
287,20.12,20.09,20.12,20.15,20.05,20.12,20.15,0.0,0.0,0.0,-875.0
287,20.12,20.09,20.12,20.15,20.05,20.12,20.15,0.0,0.0,0.0,-875.0
287,20.12,20.09,20.12,20.15,20.05,20.12,20.15,0.0,0.0,0.0,-875.0
287,20.12,20.09,20.12,20.15,20.05,20.12,20.15,0.0,0.0,0.0,-875.0
287,20.12,20.09,20.12,20.15,20.05,20.12,20.15,0.0,0.0,0.0,-875.0
287,20.12,20.09,20.12,20.15,20.05,20.12,20.15,0.0,0.0,0.0,-875.0
287,20.12,20.09,20.12,20.15,20.05,20.12,20.15,0.0,0.0,0.0,-875.0
287,20.12,20.09,20.12,20.15,20.05,20.12,20.15,0.0,0.0,0.0,-875.0
287,20.12,20.09,20.12,20.15,20.05,20.12,20.15,0.0,0.0,0.0,-875.0
287,20.12,20.09,20.12,20.15,20.05,20.12,20.15,0.0,0.0,0.0,-875.0
287,20.12,20.09,20.11,20.13,20.05,20.11,20.15,0.0,0.0,0.0,-875.0
287,20.12,20.09,20.11,20.13,20.05,20.11,20.15,0.0,0.0,0.0,-875.0
287,20.12,20.09,20.11,20.13,20.05,20.11,20.15,0.0,0.0,0.0,-875.0
287,20.12,20.09,20.11,20.13,20.05,20.11,20.15,0.0,0.0,0.0,-875.0
287,20.12,20.09,20.11,20.13,20.05,20.11,20.15,0.0,0.0,0.0,-875.0
287,20.12,20.09,20.11,20.13,20.05,20.11,20.15,0.0,0.0,0.0,-875.0
287,20.12,20.09,20.11,20.13,20.05,20.11,20.15,0.0,0.0,0.0,-875.0
287,20.12,20.09,20.11,20.13,20.05,20.11,20.15,0.0,0.0,0.0,-875.0
287,20.12,20.09,20.11,20.13,20.05,20.11,20.15,0.0,0.0,0.0,-875.0
287,20.12,20.09,20.11,20.13,20.05,20.11,20.15,0.0,0.0,0.0,-875.0
287,20.12,20.09,20.11,20.13,20.05,20.11,20.15,0.0,0.0,0.0,-875.0
287,20.12,20.09,20.11,20.13,20.05,20.11,20.15,0.0,0.0,0.0,-875.0
287,20.12,20.09,20.11,20.13,20.05,20.11,20.15,0.0,0.0,0.0,-875.0
287,20.12,20.09,20.11,20.13,20.05,20.11,20.15,0.0,0.0,0.0,-875.0
287,20.12,20.09,20.11,20.13,20.05,20.11,20.15,0.0,0.0,0.0,-875.0
287,20.12,20.09,20.11,20.13,20.05,20.11,20.15,0.0,0.0,0.0,-875.0
287,20.12,20.09,20.11,20.13,20.05,20.11,20.15,0.0,0.0,0.0,-875.0
287,20.12,20.09,20.11,20.13,20.05,20.11,20.15,0.0,0.0,0.0,-875.0
287,20.12,20.09,20.11,20.13,20.05,20.11,20.15,0.0,0.0,0.0,-875.0
287,20.12,20.09,20.11,20.13,20.05,20.11,20.15,0.0,0.0,0.0,-875.0
287,20.12,20.09,20.11,20.13,20.05,20.11,20.15,0.0,0.0,0.0,-875.0
287,20.12,20.09,20.11,20.13,20.05,20.11,20.15,0.0,0.0,0.0,-875.0
287,20.13,20.09,20.11,20.13,20.05,20.11,20.15,0.0,0.0,0.0,-875.0
287,20.13,20.09,20.11,20.13,20.05,20.11,20.15,0.0,0.0,0.0,-875.0
287,20.13,20.09,20.11,20.13,20.05,20.11,20.15,0.0,0.0,0.0,-875.0
287,20.13,20.09,20.11,20.13,20.05,20.11,20.15,0.0,0.0,0.0,-875.0
287,20.13,20.09,20.11,20.13,20.05,20.11,20.15,0.0,0.0,0.0,-875.0
287,20.13,20.09,20.11,20.13,20.05,20.11,20.15,0.0,0.0,0.0,-875.0
288,20.04,20.05,20.06,20.07,20.05,20.06,20.15,0.0,0.0,0.0,-875.0
288,20.04,20.05,20.06,20.07,20.05,20.06,20.15,0.0,0.0,0.0,-875.0
288,20.04,20.05,20.06,20.07,20.05,20.06,20.15,0.0,0.0,0.0,-875.0
288,20.04,20.05,20.06,20.07,20.05,20.06,20.15,0.0,0.0,0.0,-875.0
288,20.04,20.05,20.06,20.07,20.05,20.06,20.15,0.0,0.0,0.0,-875.0
288,20.04,20.05,20.06,20.07,20.05,20.06,20.15,0.0,0.0,0.0,-875.0
288,20.04,20.05,20.06,20.07,20.05,20.06,20.15,0.0,0.0,0.0,-875.0
288,20.04,20.05,20.06,20.07,20.05,20.06,20.15,0.0,0.0,0.0,-875.0
288,20.04,20.05,20.06,20.07,20.05,20.06,20.15,0.0,0.0,0.0,-875.0
288,20.04,20.05,20.06,20.07,20.05,20.06,20.15,0.0,0.0,0.0,-875.0
288,20.04,20.05,20.06,20.07,20.05,20.06,20.15,0.0,0.0,0.0,-875.0
288,20.04,20.05,20.06,20.07,20.05,20.06,20.15,0.0,0.0,0.0,-875.0
288,20.04,20.05,20.06,20.07,20.05,20.06,20.15,0.0,0.0,0.0,-875.0
288,20.04,20.05,20.06,20.07,20.05,20.06,20.15,0.0,0.0,0.0,-875.0
288,20.04,20.05,20.06,20.07,20.05,20.06,20.15,0.0,0.0,0.0,-875.0
288,20.04,20.05,20.06,20.07,20.05,20.06,20.15,0.0,0.0,0.0,-875.0
288,20.04,20.05,20.06,20.07,20.05,20.06,20.15,0.0,0.0,0.0,-875.0
288,20.04,20.05,20.06,20.07,20.05,20.06,20.15,0.0,0.0,0.0,-875.0
288,20.04,20.05,20.06,20.07,20.05,20.06,20.15,0.0,0.0,0.0,-875.0
288,20.04,20.05,20.06,20.07,20.05,20.06,20.15,0.0,0.0,0.0,-875.0
288,20.04,20.05,20.06,20.07,20.05,20.06,20.15,0.0,0.0,0.0,-875.0
288,20.04,20.05,20.06,20.07,20.05,20.06,20.15,0.0,0.0,0.0,-875.0
288,20.04,20.05,20.06,20.07,20.05,20.06,20.15,0.0,0.0,0.0,-875.0
288,20.04,20.05,20.06,20.07,20.05,20.06,20.15,0.0,0.0,0.0,-875.0
288,20.04,20.05,20.06,20.07,20.05,20.06,20.15,0.0,0.0,0.0,-875.0
288,20.04,20.05,20.06,20.07,20.05,20.06,20.15,0.0,0.0,0.0,-875.0
288,20.04,20.05,20.06,20.07,20.05,20.06,20.15,0.0,0.0,0.0,-875.0
288,20.07,20.05,20.06,20.07,20.05,20.06,20.15,0.0,0.0,0.0,-875.0
288,20.07,20.05,20.06,20.07,20.05,20.06,20.15,0.0,0.0,0.0,-875.0
288,20.07,20.05,20.06,20.07,20.05,20.06,20.15,0.0,0.0,0.0,-875.0
288,20.07,20.05,20.06,20.07,20.05,20.06,20.15,0.0,0.0,0.0,-875.0
288,20.07,20.05,20.06,20.07,20.05,20.06,20.15,0.0,0.0,0.0,-875.0
288,20.07,20.05,20.06,20.07,20.05,20.06,20.15,0.0,0.0,0.0,-875.0
288,20.07,20.05,20.06,20.07,20.05,20.06,20.15,0.0,0.0,0.0,-875.0
288,20.07,20.05,20.06,20.07,20.05,20.06,20.15,0.0,0.0,0.0,-875.0
288,20.07,20.05,20.06,20.07,20.05,20.06,20.15,0.0,0.0,0.0,-875.0
288,20.07,20.05,20.06,20.07,20.05,20.06,20.15,0.0,0.0,0.0,-875.0
288,20.07,20.05,20.06,20.07,20.05,20.06,20.15,0.0,0.0,0.0,-875.0
288,20.07,20.05,20.06,20.07,20.05,20.06,20.15,0.0,0.0,0.0,-875.0
288,20.07,20.05,20.06,20.07,20.05,20.06,20.15,0.0,0.0,0.0,-875.0
288,20.07,20.05,20.06,20.07,20.05,20.06,20.15,0.0,0.0,0.0,-875.0
288,20.07,20.05,20.06,20.07,20.05,20.06,20.15,0.0,0.0,0.0,-875.0
288,20.07,20.05,20.06,20.07,20.05,20.06,20.15,0.0,0.0,0.0,-875.0
288,20.07,20.05,20.06,20.07,20.05,20.06,20.15,0.0,0.0,0.0,-875.0
288,20.0,19.97,20.0,20.03,19.95,20.0,20.05,5000.0,20.05,-0.05,-850.0
289,20.0,19.97,20.0,20.03,19.95,20.0,20.05,5000.0,20.05,-0.05,-850.0
289,20.0,19.97,20.0,20.03,19.95,20.0,20.05,5000.0,20.05,-0.05,-850.0
289,20.0,19.97,20.0,20.03,19.95,20.0,20.05,5000.0,20.05,-0.05,-850.0
289,20.0,19.97,20.0,20.03,19.95,20.0,20.05,5000.0,20.05,-0.05,-850.0
289,20.0,19.97,20.0,20.03,19.95,20.0,20.05,5000.0,20.05,-0.05,-850.0
289,20.0,19.97,20.0,20.03,19.95,20.0,20.05,5000.0,20.05,-0.05,-850.0
289,20.0,19.97,20.0,20.03,19.95,20.0,20.05,5000.0,20.05,-0.05,-850.0
289,20.0,19.97,20.0,20.03,19.95,20.0,20.05,5000.0,20.05,-0.05,-850.0
289,20.0,19.97,20.0,20.03,19.95,20.0,20.05,5000.0,20.05,-0.05,-850.0
289,20.0,19.97,20.0,20.03,19.95,20.0,20.05,5000.0,20.05,-0.05,-850.0
289,20.0,19.97,20.0,20.03,19.95,20.0,20.05,5000.0,20.05,-0.05,-850.0
289,20.0,19.97,20.0,20.03,19.95,20.0,20.05,5000.0,20.05,-0.05,-850.0
289,20.0,19.97,20.0,20.03,19.95,20.0,20.05,5000.0,20.05,-0.05,-850.0
289,20.0,19.97,20.0,20.03,19.95,20.0,20.05,5000.0,20.05,-0.05,-850.0
289,20.0,19.97,20.0,20.03,19.95,20.0,20.05,5000.0,20.05,-0.05,-850.0
289,20.0,19.97,20.0,20.03,19.95,20.0,20.05,5000.0,20.05,-0.05,-850.0
289,20.0,19.97,20.0,20.03,19.95,20.0,20.05,5000.0,20.05,-0.05,-850.0
289,20.0,19.97,20.0,20.03,19.95,20.0,20.05,5000.0,20.05,-0.05,-850.0
289,20.0,19.97,20.0,20.03,19.95,20.0,20.05,5000.0,20.05,-0.05,-850.0
289,20.0,19.97,20.0,20.03,19.95,20.0,20.05,5000.0,20.05,-0.05,-850.0
289,20.0,19.97,20.0,20.03,19.95,20.0,20.05,5000.0,20.05,-0.05,-850.0
289,20.0,19.97,20.0,20.03,19.95,20.0,20.05,5000.0,20.05,-0.05,-850.0
289,20.0,19.97,20.0,20.03,19.95,20.0,20.05,5000.0,20.05,-0.05,-850.0
289,20.0,20.02,20.02,20.03,19.95,20.02,20.05,5000.0,20.05,-0.03,-850.0
289,20.0,20.02,20.02,20.03,19.95,20.02,20.05,5000.0,20.05,-0.03,-850.0
289,20.0,20.02,20.02,20.03,19.95,20.02,20.05,5000.0,20.05,-0.03,-850.0
289,20.0,20.02,20.02,20.03,19.95,20.02,20.05,5000.0,20.05,-0.03,-850.0
289,20.0,20.02,20.02,20.03,19.95,20.02,20.05,5000.0,20.05,-0.03,-850.0
289,20.0,20.02,20.02,20.03,19.95,20.02,20.05,5000.0,20.05,-0.03,-850.0
289,20.0,20.02,20.02,20.03,19.95,20.02,20.05,5000.0,20.05,-0.03,-850.0
289,20.0,20.02,20.02,20.03,19.95,20.02,20.05,5000.0,20.05,-0.03,-850.0
289,20.0,20.02,20.02,20.03,19.95,20.02,20.05,5000.0,20.05,-0.03,-850.0
289,20.0,20.02,20.02,20.03,19.95,20.02,20.05,5000.0,20.05,-0.03,-850.0
289,20.0,20.02,20.02,20.03,19.95,20.02,20.05,5000.0,20.05,-0.03,-850.0
289,20.0,20.02,20.02,20.03,19.95,20.02,20.05,5000.0,20.05,-0.03,-850.0
289,20.0,20.02,20.02,20.03,19.95,20.02,20.05,5000.0,20.05,-0.03,-850.0
289,20.0,20.02,20.02,20.03,19.95,20.02,20.05,5000.0,20.05,-0.03,-850.0
289,20.0,20.02,20.02,20.03,19.95,20.02,20.05,5000.0,20.05,-0.03,-850.0
289,20.0,20.02,20.02,20.03,19.95,20.02,20.05,5000.0,20.05,-0.03,-850.0
289,20.0,20.02,20.02,20.03,19.95,20.02,20.05,5000.0,20.05,-0.03,-850.0
289,20.04,20.01,20.03,20.05,19.95,20.03,20.05,5000.0,20.05,-0.02,-850.0
290,20.04,20.01,20.03,20.05,19.95,20.03,20.05,5000.0,20.05,-0.02,-850.0
290,20.04,20.01,20.03,20.05,19.95,20.03,20.05,5000.0,20.05,-0.02,-850.0
290,20.04,20.01,20.03,20.05,19.95,20.03,20.05,5000.0,20.05,-0.02,-850.0
290,20.04,20.01,20.03,20.05,19.95,20.03,20.05,5000.0,20.05,-0.02,-850.0
290,20.04,20.01,20.03,20.05,19.95,20.03,20.05,5000.0,20.05,-0.02,-850.0
290,20.04,20.01,20.03,20.05,19.95,20.03,20.05,5000.0,20.05,-0.02,-850.0
290,20.04,20.01,20.03,20.05,19.95,20.03,20.05,5000.0,20.05,-0.02,-850.0
290,20.04,20.01,20.03,20.05,19.95,20.03,20.05,5000.0,20.05,-0.02,-850.0
290,20.04,20.01,20.03,20.05,19.95,20.03,20.05,5000.0,20.05,-0.02,-850.0
290,20.04,20.01,20.03,20.05,19.95,20.03,20.05,5000.0,20.05,-0.02,-850.0
290,20.04,20.01,20.03,20.05,19.95,20.03,20.05,5000.0,20.05,-0.02,-850.0
290,20.04,20.01,20.03,20.05,19.95,20.03,20.05,5000.0,20.05,-0.02,-850.0
290,20.04,20.01,20.03,20.05,19.95,20.03,20.05,5000.0,20.05,-0.02,-850.0
290,20.04,20.01,20.03,20.05,19.95,20.03,20.05,5000.0,20.05,-0.02,-850.0
290,20.04,20.01,20.03,20.05,19.95,20.03,20.05,5000.0,20.05,-0.02,-850.0
290,20.04,20.03,20.04,20.04,19.95,20.04,20.05,5000.0,20.05,-0.01,-850.0
290,20.04,20.03,20.04,20.04,19.95,20.04,20.05,5000.0,20.05,-0.01,-850.0
290,20.04,20.03,20.04,20.04,19.95,20.04,20.05,5000.0,20.05,-0.01,-850.0
290,20.04,20.03,20.04,20.04,19.95,20.04,20.05,5000.0,20.05,-0.01,-850.0
290,20.04,20.03,20.04,20.04,19.95,20.04,20.05,5000.0,20.05,-0.01,-850.0
290,20.04,20.03,20.04,20.04,19.95,20.04,20.05,5000.0,20.05,-0.01,-850.0
290,20.04,20.03,20.04,20.04,19.95,20.04,20.05,5000.0,20.05,-0.01,-850.0
290,20.04,20.03,20.04,20.04,19.95,20.04,20.05,5000.0,20.05,-0.01,-850.0
290,20.04,20.03,20.04,20.04,19.95,20.04,20.05,5000.0,20.05,-0.01,-850.0
290,20.04,20.03,20.04,20.04,19.95,20.04,20.05,5000.0,20.05,-0.01,-850.0
290,20.04,20.03,20.04,20.04,19.95,20.04,20.05,5000.0,20.05,-0.01,-850.0
290,20.04,20.03,20.04,20.04,19.95,20.04,20.05,5000.0,20.05,-0.01,-850.0
290,20.04,20.03,20.04,20.04,19.95,20.04,20.05,5000.0,20.05,-0.01,-850.0
290,20.04,20.03,20.04,20.04,19.95,20.04,20.05,5000.0,20.05,-0.01,-850.0
290,20.04,20.03,20.04,20.04,19.95,20.04,20.05,5000.0,20.05,-0.01,-850.0
290,20.04,20.03,20.04,20.04,19.95,20.04,20.05,5000.0,20.05,-0.01,-850.0
290,20.04,20.03,20.04,20.04,19.95,20.04,20.05,5000.0,20.05,-0.01,-850.0
290,20.04,20.03,20.04,20.04,19.95,20.04,20.05,5000.0,20.05,-0.01,-850.0
290,20.04,20.03,20.04,20.04,19.95,20.04,20.05,5000.0,20.05,-0.01,-850.0
290,20.04,20.03,20.04,20.04,19.95,20.04,20.05,5000.0,20.05,-0.01,-850.0
290,20.04,20.03,20.04,20.04,19.95,20.04,20.05,5000.0,20.05,-0.01,-850.0
290,20.04,20.03,20.04,20.04,19.95,20.04,20.05,5000.0,20.05,-0.01,-850.0
290,20.03,20.03,20.04,20.04,19.95,20.04,20.05,5000.0,20.05,-0.01,-850.0
290,20.03,20.03,20.04,20.04,19.95,20.04,20.05,5000.0,20.05,-0.01,-850.0
290,20.03,20.03,20.04,20.04,19.95,20.04,20.05,5000.0,20.05,-0.01,-850.0
290,20.03,20.03,20.04,20.04,19.95,20.04,20.05,5000.0,20.05,-0.01,-850.0
290,20.03,20.03,20.04,20.04,19.95,20.04,20.05,5000.0,20.05,-0.01,-850.0
290,20.03,20.03,20.04,20.04,19.95,20.04,20.05,5000.0,20.05,-0.01,-850.0
291,20.05,20.02,20.04,20.05,19.95,20.04,20.05,5000.0,20.05,-0.01,-850.0
291,20.05,20.02,20.04,20.05,19.95,20.04,20.05,5000.0,20.05,-0.01,-850.0
291,20.05,20.02,20.04,20.05,19.95,20.04,20.05,5000.0,20.05,-0.01,-850.0
291,20.05,20.02,20.04,20.05,19.95,20.04,20.05,5000.0,20.05,-0.01,-850.0
291,20.05,20.02,20.04,20.05,19.95,20.04,20.05,5000.0,20.05,-0.01,-850.0
291,20.05,20.02,20.04,20.05,19.95,20.04,20.05,5000.0,20.05,-0.01,-850.0
291,20.05,20.02,20.04,20.05,19.95,20.04,20.05,5000.0,20.05,-0.01,-850.0
291,20.05,20.02,20.05,20.08,19.95,20.05,20.05,5000.0,20.05,0.0,-850.0
291,20.05,20.02,20.04,20.06,19.95,20.04,20.05,5000.0,20.05,-0.01,-850.0
291,20.05,20.02,20.04,20.06,19.95,20.04,20.05,5000.0,20.05,-0.01,-850.0
291,19.99,19.96,19.99,20.02,19.95,19.99,20.05,5000.0,20.05,-0.06,-850.0
292,19.99,19.98,20.0,20.02,19.95,20.0,20.05,5000.0,20.05,-0.05,-850.0
292,19.99,19.98,20.0,20.02,19.95,20.0,20.05,5000.0,20.05,-0.05,-850.0
292,19.99,19.98,20.0,20.02,19.95,20.0,20.05,5000.0,20.05,-0.05,-850.0
292,19.99,19.98,20.0,20.02,19.95,20.0,20.05,5000.0,20.05,-0.05,-850.0
292,20.01,19.98,20.01,20.04,19.95,20.01,20.05,5000.0,20.05,-0.04,-850.0
293,20.01,19.98,20.01,20.04,19.95,20.01,20.05,5000.0,20.05,-0.04,-850.0
293,20.04,19.98,20.01,20.04,19.95,20.01,20.05,5000.0,20.05,-0.04,-850.0
293,20.04,19.98,20.01,20.04,19.95,20.01,20.05,5000.0,20.05,-0.04,-850.0
293,20.04,19.98,20.01,20.04,19.95,20.01,20.05,5000.0,20.05,-0.04,-850.0
293,20.0,19.97,20.0,20.03,19.95,20.0,20.05,5000.0,20.05,-0.05,-850.0
294,20.0,19.97,20.0,20.03,19.95,20.0,20.05,5000.0,20.05,-0.05,-850.0
294,20.0,20.0,20.02,20.03,19.95,20.02,20.05,5000.0,20.05,-0.03,-850.0
294,20.0,20.0,20.02,20.03,19.95,20.02,20.05,5000.0,20.05,-0.03,-850.0
294,20.0,20.0,20.02,20.03,19.95,20.02,20.05,5000.0,20.05,-0.03,-850.0
294,20.03,20.0,20.03,20.06,19.95,20.03,20.05,5000.0,20.05,-0.02,-850.0
295,20.03,20.0,20.03,20.06,19.95,20.03,20.05,5000.0,20.05,-0.02,-850.0
295,20.06,20.0,20.03,20.06,19.95,20.03,20.05,5000.0,20.05,-0.02,-850.0
295,20.06,20.0,20.03,20.06,19.95,20.03,20.05,5000.0,20.05,-0.02,-850.0
295,20.06,20.0,20.03,20.06,19.95,20.03,20.05,5000.0,20.05,-0.02,-850.0
295,20.08,20.05,20.08,20.11,19.95,20.08,20.05,5000.0,20.05,0.03,-850.0
296,20.08,20.05,20.08,20.11,19.95,20.08,20.05,5000.0,20.05,0.03,-850.0
296,20.08,20.06,20.07,20.09,19.95,20.07,20.05,5000.0,20.05,0.02,-850.0
296,20.06,20.05,20.05,20.06,19.95,20.05,20.05,5000.0,20.05,0.0,-850.0
296,20.06,20.05,20.05,20.06,19.95,20.05,20.05,5000.0,20.05,0.0,-850.0
296,20.1,20.07,20.1,20.13,19.95,20.1,20.05,5000.0,20.05,0.05,-850.0
297,20.07,20.07,20.1,20.13,20.05,20.1,20.15,0.0,0.0,0.0,-800.0
297,20.07,20.09,20.1,20.11,20.05,20.1,20.15,0.0,0.0,0.0,-800.0
297,20.07,20.09,20.1,20.11,20.05,20.1,20.15,0.0,0.0,0.0,-800.0
297,20.07,20.09,20.1,20.11,20.05,20.1,20.15,0.0,0.0,0.0,-800.0
297,20.07,20.09,20.1,20.11,20.05,20.1,20.15,0.0,0.0,0.0,-800.0
297,20.07,20.09,20.1,20.11,20.05,20.1,20.15,0.0,0.0,0.0,-800.0
297,20.07,20.09,20.1,20.11,20.05,20.1,20.15,0.0,0.0,0.0,-800.0
297,20.07,20.09,20.1,20.11,20.05,20.1,20.15,0.0,0.0,0.0,-800.0
297,20.07,20.09,20.1,20.11,20.05,20.1,20.15,0.0,0.0,0.0,-800.0
297,20.07,20.09,20.1,20.11,20.05,20.1,20.15,0.0,0.0,0.0,-800.0
297,20.07,20.09,20.1,20.11,20.05,20.1,20.15,0.0,0.0,0.0,-800.0
297,20.07,20.09,20.1,20.11,20.05,20.1,20.15,0.0,0.0,0.0,-800.0
297,20.07,20.09,20.1,20.11,20.05,20.1,20.15,0.0,0.0,0.0,-800.0
297,20.07,20.09,20.1,20.11,20.05,20.1,20.15,0.0,0.0,0.0,-800.0
298,20.15,20.12,20.15,20.18,20.05,20.15,20.15,0.0,0.0,0.0,-800.0
298,20.15,20.12,20.15,20.18,20.05,20.15,20.15,0.0,0.0,0.0,-800.0
298,20.15,20.12,20.15,20.18,20.05,20.15,20.15,0.0,0.0,0.0,-800.0
298,20.15,20.12,20.14,20.16,20.05,20.14,20.15,0.0,0.0,0.0,-800.0
298,20.15,20.12,20.14,20.16,20.05,20.14,20.15,0.0,0.0,0.0,-800.0
298,20.15,20.12,20.14,20.16,20.05,20.14,20.15,0.0,0.0,0.0,-800.0
298,20.15,20.12,20.14,20.16,20.05,20.14,20.15,0.0,0.0,0.0,-800.0
298,20.15,20.12,20.14,20.16,20.05,20.14,20.15,0.0,0.0,0.0,-800.0
298,20.15,20.12,20.14,20.16,20.05,20.14,20.15,0.0,0.0,0.0,-800.0
298,20.15,20.12,20.14,20.16,20.05,20.14,20.15,0.0,0.0,0.0,-800.0
298,20.15,20.12,20.14,20.16,20.05,20.14,20.15,0.0,0.0,0.0,-800.0
298,20.15,20.12,20.14,20.16,20.05,20.14,20.15,0.0,0.0,0.0,-800.0
298,20.15,20.12,20.14,20.16,20.05,20.14,20.15,0.0,0.0,0.0,-800.0
298,20.15,20.12,20.14,20.16,20.05,20.14,20.15,0.0,0.0,0.0,-800.0
298,20.15,20.12,20.14,20.16,20.05,20.14,20.15,0.0,0.0,0.0,-800.0
298,20.15,20.12,20.14,20.16,20.05,20.14,20.15,0.0,0.0,0.0,-800.0
298,20.15,20.12,20.14,20.16,20.05,20.14,20.15,0.0,0.0,0.0,-800.0
298,20.15,20.12,20.14,20.16,20.05,20.14,20.15,0.0,0.0,0.0,-800.0
298,20.15,20.12,20.14,20.16,20.05,20.14,20.15,0.0,0.0,0.0,-800.0
298,20.15,20.12,20.14,20.16,20.05,20.14,20.15,0.0,0.0,0.0,-800.0
298,20.15,20.12,20.14,20.16,20.05,20.14,20.15,0.0,0.0,0.0,-800.0
298,20.15,20.12,20.14,20.16,20.05,20.14,20.15,0.0,0.0,0.0,-800.0
298,20.15,20.12,20.14,20.16,20.05,20.14,20.15,0.0,0.0,0.0,-800.0
298,20.15,20.12,20.14,20.16,20.05,20.14,20.15,0.0,0.0,0.0,-800.0
298,20.15,20.12,20.14,20.16,20.05,20.14,20.15,0.0,0.0,0.0,-800.0
298,20.15,20.12,20.14,20.16,20.05,20.14,20.15,0.0,0.0,0.0,-800.0
298,20.15,20.12,20.14,20.16,20.05,20.14,20.15,0.0,0.0,0.0,-800.0
298,20.15,20.12,20.14,20.16,20.05,20.14,20.15,0.0,0.0,0.0,-800.0
298,20.15,20.12,20.14,20.16,20.05,20.14,20.15,0.0,0.0,0.0,-800.0
298,20.15,20.12,20.14,20.16,20.05,20.14,20.15,0.0,0.0,0.0,-800.0
298,20.16,20.12,20.14,20.16,20.05,20.14,20.15,0.0,0.0,0.0,-800.0
298,20.16,20.12,20.14,20.16,20.05,20.14,20.15,0.0,0.0,0.0,-800.0
298,20.16,20.12,20.14,20.16,20.05,20.14,20.15,0.0,0.0,0.0,-800.0
298,20.16,20.12,20.14,20.16,20.05,20.14,20.15,0.0,0.0,0.0,-800.0
298,20.16,20.12,20.14,20.16,20.05,20.14,20.15,0.0,0.0,0.0,-800.0
299,20.1,20.07,20.1,20.13,20.05,20.1,20.15,0.0,0.0,0.0,-800.0
