tick,last,bid,mid,ask,current_bid,mid,current_ask,position,position_vwap,pnl,pnl_threshold,realized
139,18.92,18.89,18.91,18.92,0,18.91,0,5000.0,19.21,0,0,25.0
139,18.92,18.89,18.91,18.92,0,18.91,0,5000.0,19.21,0,0,25.0
139,18.92,18.89,18.91,18.92,0,18.91,0,5000.0,19.21,0,0,25.0
139,18.92,18.89,18.91,18.92,0,18.91,0,5000.0,19.21,0,0,25.0
139,18.92,18.89,18.91,18.92,0,18.91,0,5000.0,19.21,0,0,25.0
139,18.92,18.89,18.91,18.92,0,18.91,0,5000.0,19.21,0,0,25.0
139,18.92,18.89,18.91,18.92,0,18.91,0,5000.0,19.21,0,0,25.0
139,18.92,18.89,18.91,18.92,0,18.91,0,5000.0,19.21,0,0,25.0
139,18.92,18.89,18.91,18.92,0,18.91,0,5000.0,19.21,0,0,25.0
139,18.92,18.89,18.91,18.92,0,18.91,0,5000.0,19.21,0,0,25.0
139,18.92,18.89,18.91,18.92,0,18.91,0,5000.0,19.21,0,0,25.0
139,18.92,18.89,18.91,18.92,0,18.91,0,5000.0,19.21,0,0,25.0
139,18.92,18.89,18.91,18.92,0,18.91,0,5000.0,19.21,0,0,25.0
139,18.92,18.89,18.91,18.92,0,18.91,0,5000.0,19.21,0,0,25.0
139,18.92,18.89,18.91,18.92,0,18.91,0,5000.0,19.21,0,0,25.0
139,18.92,18.89,18.91,18.92,0,18.91,0,5000.0,19.21,0,0,25.0
139,18.92,18.89,18.91,18.92,0,18.91,0,5000.0,19.21,0,0,25.0
139,18.92,18.89,18.91,18.92,0,18.91,0,5000.0,19.21,0,0,25.0
139,18.92,18.89,18.91,18.92,0,18.91,0,5000.0,19.21,0,0,25.0
139,18.92,18.89,18.91,18.92,0,18.91,0,5000.0,19.21,0,0,25.0
139,18.92,18.89,18.91,18.92,0,18.91,0,5000.0,19.21,0,0,25.0
139,18.92,18.89,18.91,18.92,0,18.91,0,5000.0,19.21,0,0,25.0
139,18.92,18.89,18.91,18.92,0,18.91,0,5000.0,19.21,0,0,25.0
139,18.92,18.89,18.91,18.92,0,18.91,0,5000.0,19.21,0,0,25.0
139,18.92,18.89,18.91,18.92,0,18.91,0,5000.0,19.21,0,0,25.0
139,18.92,18.89,18.91,18.92,0,18.91,0,5000.0,19.21,0,0,25.0
139,18.92,18.89,18.91,18.92,0,18.91,0,5000.0,19.21,0,0,25.0
139,18.92,18.89,18.91,18.92,0,18.91,0,5000.0,19.21,0,0,25.0
139,18.92,18.89,18.91,18.92,0,18.91,0,5000.0,19.21,0,0,25.0
139,18.92,18.89,18.91,18.92,0,18.91,0,5000.0,19.21,0,0,25.0
139,18.92,18.89,18.91,18.92,0,18.91,0,5000.0,19.21,0,0,25.0
139,18.92,18.89,18.91,18.92,0,18.91,0,5000.0,19.21,0,0,25.0
139,18.92,18.89,18.91,18.92,0,18.91,0,5000.0,19.21,0,0,25.0
139,18.92,18.89,18.91,18.92,0,18.91,0,5000.0,19.21,0,0,25.0
139,18.92,18.89,18.91,18.92,0,18.91,0,5000.0,19.21,0,0,25.0
139,18.92,18.89,18.91,18.92,0,18.91,0,5000.0,19.21,0,0,25.0
139,19.73,19.7,19.73,19.76,0,19.73,0,5000.0,19.21,0,0,25.0
140,19.73,19.7,19.73,19.76,0,19.73,0,5000.0,19.21,0,0,25.0
140,19.73,19.7,19.73,19.76,0,19.73,0,5000.0,19.21,0,0,25.0
140,19.73,19.7,19.73,19.76,0,19.73,0,5000.0,19.21,0,0,25.0
140,19.73,19.7,19.73,19.76,0,19.73,0,5000.0,19.21,0,0,25.0
140,19.76,19.7,19.71,19.73,0,19.71,0,5000.0,19.21,0,0,25.0
140,19.76,19.7,19.71,19.73,0,19.71,0,5000.0,19.21,0,0,25.0
140,19.76,19.7,19.71,19.73,0,19.71,0,5000.0,19.21,0,0,25.0
140,19.76,19.7,19.71,19.73,0,19.71,0,5000.0,19.21,0,0,25.0
140,19.76,19.7,19.71,19.73,0,19.71,0,5000.0,19.21,0,0,25.0
140,19.76,19.7,19.71,19.73,0,19.71,0,5000.0,19.21,0,0,25.0
140,19.76,19.7,19.71,19.73,0,19.71,0,5000.0,19.21,0,0,25.0
140,19.76,19.7,19.71,19.73,0,19.71,0,5000.0,19.21,0,0,25.0
140,19.76,19.7,19.71,19.73,0,19.71,0,5000.0,19.21,0,0,25.0
140,19.76,19.7,19.71,19.73,0,19.71,0,5000.0,19.21,0,0,25.0
140,19.76,19.7,19.71,19.73,0,19.71,0,5000.0,19.21,0,0,25.0
140,19.76,19.7,19.71,19.73,0,19.71,0,5000.0,19.21,0,0,25.0
140,19.76,19.7,19.71,19.73,0,19.71,0,5000.0,19.21,0,0,25.0
140,19.76,19.7,19.71,19.73,0,19.71,0,5000.0,19.21,0,0,25.0
140,19.76,19.7,19.71,19.73,0,19.71,0,5000.0,19.21,0,0,25.0
140,19.76,19.7,19.71,19.73,0,19.71,0,5000.0,19.21,0,0,25.0
140,19.76,19.7,19.71,19.73,0,19.71,0,5000.0,19.21,0,0,25.0
140,19.76,19.7,19.71,19.73,0,19.71,0,5000.0,19.21,0,0,25.0
140,19.76,19.7,19.71,19.73,0,19.71,0,5000.0,19.21,0,0,25.0
140,19.76,19.7,19.71,19.73,0,19.71,0,5000.0,19.21,0,0,25.0
140,19.76,19.7,19.71,19.73,0,19.71,0,5000.0,19.21,0,0,25.0
140,19.76,19.7,19.71,19.73,0,19.71,0,5000.0,19.21,0,0,25.0
140,19.76,19.7,19.71,19.73,0,19.71,0,5000.0,19.21,0,0,25.0
140,19.76,19.7,19.71,19.73,0,19.71,0,5000.0,19.21,0,0,25.0
140,19.76,19.7,19.71,19.73,0,19.71,0,5000.0,19.21,0,0,25.0
140,19.7,19.7,19.71,19.73,0,19.71,0,5000.0,19.21,0,0,25.0
140,19.7,19.7,19.71,19.73,0,19.71,0,5000.0,19.21,0,0,25.0
140,19.7,19.7,19.71,19.73,0,19.71,0,5000.0,19.21,0,0,25.0
140,19.7,19.7,19.71,19.73,0,19.71,0,5000.0,19.21,0,0,25.0
140,19.7,19.7,19.71,19.73,0,19.71,0,5000.0,19.21,0,0,25.0
140,19.7,19.7,19.71,19.73,0,19.71,0,5000.0,19.21,0,0,25.0
140,19.7,19.7,19.71,19.73,0,19.71,0,5000.0,19.21,0,0,25.0
140,19.7,19.7,19.71,19.73,0,19.71,0,5000.0,19.21,0,0,25.0
140,19.7,19.7,19.71,19.73,0,19.71,0,5000.0,19.21,0,0,25.0
140,19.7,19.7,19.71,19.73,0,19.71,0,5000.0,19.21,0,0,25.0
140,19.7,19.7,19.71,19.73,0,19.71,0,5000.0,19.21,0,0,25.0
140,19.7,19.7,19.71,19.73,0,19.71,0,5000.0,19.21,0,0,25.0
140,19.7,19.72,19.73,19.73,0,19.73,0,5000.0,19.21,0,0,25.0
140,19.7,19.72,19.73,19.73,0,19.73,0,5000.0,19.21,0,0,25.0
140,19.7,19.72,19.73,19.73,0,19.73,0,5000.0,19.21,0,0,25.0
140,19.7,19.72,19.73,19.73,0,19.73,0,5000.0,19.21,0,0,25.0
140,19.7,19.72,19.73,19.73,0,19.73,0,5000.0,19.21,0,0,25.0
140,19.7,19.72,19.73,19.73,0,19.73,0,5000.0,19.21,0,0,25.0
140,19.7,19.72,19.73,19.73,0,19.73,0,5000.0,19.21,0,0,25.0
141,19.38,19.35,19.38,19.41,0,19.38,0,5000.0,19.21,0,0,25.0
141,19.38,19.35,19.38,19.41,0,19.38,0,5000.0,19.21,0,0,25.0
141,19.38,19.35,19.38,19.41,0,19.38,0,5000.0,19.21,0,0,25.0
141,19.38,19.35,19.38,19.41,0,19.38,0,5000.0,19.21,0,0,25.0
141,19.38,19.35,19.38,19.41,0,19.38,0,5000.0,19.21,0,0,25.0
141,19.38,19.35,19.38,19.41,0,19.38,0,5000.0,19.21,0,0,25.0
141,19.38,19.35,19.38,19.41,0,19.38,0,5000.0,19.21,0,0,25.0
141,19.38,19.35,19.38,19.41,0,19.38,0,5000.0,19.21,0,0,25.0
141,19.38,19.35,19.38,19.41,0,19.38,0,5000.0,19.21,0,0,25.0
141,19.38,19.35,19.38,19.41,0,19.38,0,5000.0,19.21,0,0,25.0
141,19.38,19.35,19.38,19.41,0,19.38,0,5000.0,19.21,0,0,25.0
141,19.38,19.35,19.38,19.41,0,19.38,0,5000.0,19.21,0,0,25.0
141,19.38,19.35,19.38,19.41,0,19.38,0,5000.0,19.21,0,0,25.0
141,19.38,19.35,19.38,19.41,0,19.38,0,5000.0,19.21,0,0,25.0
141,19.38,19.35,19.38,19.41,0,19.38,0,5000.0,19.21,0,0,25.0
141,19.38,19.35,19.38,19.41,0,19.38,0,5000.0,19.21,0,0,25.0
141,19.38,19.35,19.38,19.41,0,19.38,0,5000.0,19.21,0,0,25.0
141,19.38,19.35,19.38,19.41,0,19.38,0,5000.0,19.21,0,0,25.0
141,19.38,19.35,19.38,19.41,0,19.38,0,5000.0,19.21,0,0,25.0
141,19.38,19.35,19.38,19.41,0,19.38,0,5000.0,19.21,0,0,25.0
141,19.38,19.35,19.38,19.41,0,19.38,0,5000.0,19.21,0,0,25.0
141,19.38,19.35,19.38,19.41,0,19.38,0,5000.0,19.21,0,0,25.0
141,19.38,19.35,19.38,19.41,0,19.38,0,5000.0,19.21,0,0,25.0
141,19.38,19.35,19.38,19.41,0,19.38,0,5000.0,19.21,0,0,25.0
141,19.38,19.35,19.38,19.41,0,19.38,0,5000.0,19.21,0,0,25.0
141,19.38,19.35,19.38,19.41,0,19.38,0,5000.0,19.21,0,0,25.0
141,19.38,19.35,19.38,19.41,0,19.38,0,5000.0,19.21,0,0,25.0
141,19.38,19.35,19.38,19.41,0,19.38,0,5000.0,19.21,0,0,25.0
141,19.38,19.35,19.38,19.41,0,19.38,0,5000.0,19.21,0,0,25.0
141,19.38,19.35,19.38,19.41,0,19.38,0,5000.0,19.21,0,0,25.0
141,19.38,19.35,19.38,19.41,0,19.38,0,5000.0,19.21,0,0,25.0
141,19.38,19.35,19.38,19.41,0,19.38,0,5000.0,19.21,0,0,25.0
141,19.38,19.35,19.38,19.41,0,19.38,0,5000.0,19.21,0,0,25.0
141,19.38,19.35,19.38,19.41,0,19.38,0,5000.0,19.21,0,0,25.0
141,19.38,19.35,19.38,19.41,0,19.38,0,5000.0,19.21,0,0,25.0
141,19.38,19.35,19.38,19.41,0,19.38,0,5000.0,19.21,0,0,25.0
141,19.38,19.35,19.38,19.41,0,19.38,0,5000.0,19.21,0,0,25.0
141,19.38,19.35,19.38,19.41,0,19.38,0,5000.0,19.21,0,0,25.0
141,19.38,19.35,19.38,19.41,0,19.38,0,5000.0,19.21,0,0,25.0
141,19.38,19.35,19.38,19.41,0,19.38,0,5000.0,19.21,0,0,25.0
141,19.38,19.35,19.38,19.41,0,19.38,0,5000.0,19.21,0,0,25.0
141,19.38,19.35,19.38,19.41,0,19.38,0,5000.0,19.21,0,0,25.0
141,19.38,19.35,19.38,19.41,0,19.38,0,5000.0,19.21,0,0,25.0
141,19.35,19.35,19.38,19.41,0,19.38,0,5000.0,19.21,0,0,25.0
141,19.35,19.35,19.38,19.41,0,19.38,0,5000.0,19.21,0,0,25.0
141,19.35,19.35,19.38,19.41,0,19.38,0,5000.0,19.21,0,0,25.0
141,19.35,19.35,19.38,19.41,0,19.38,0,5000.0,19.21,0,0,25.0
141,19.35,19.35,19.38,19.41,0,19.38,0,5000.0,19.21,0,0,25.0
141,19.35,19.35,19.38,19.41,0,19.38,0,5000.0,19.21,0,0,25.0
142,18.44,18.41,18.44,18.47,0,18.44,0,5000.0,19.21,0,0,25.0
142,18.44,18.41,18.44,18.47,0,18.44,0,5000.0,19.21,0,0,25.0
142,18.44,18.41,18.44,18.47,0,18.44,0,5000.0,19.21,0,0,25.0
142,18.44,18.41,18.44,18.47,0,18.44,0,5000.0,19.21,0,0,25.0
142,18.44,18.41,18.44,18.47,0,18.44,0,5000.0,19.21,0,0,25.0
142,18.44,18.41,18.44,18.47,0,18.44,0,5000.0,19.21,0,0,25.0
142,18.44,18.41,18.44,18.47,0,18.44,0,5000.0,19.21,0,0,25.0
142,18.44,18.41,18.44,18.47,0,18.44,0,5000.0,19.21,0,0,25.0
142,18.44,18.41,18.44,18.47,0,18.44,0,5000.0,19.21,0,0,25.0
142,18.44,18.41,18.44,18.47,0,18.44,0,5000.0,19.21,0,0,25.0
142,18.44,18.41,18.44,18.47,0,18.44,0,5000.0,19.21,0,0,25.0
142,18.44,18.41,18.44,18.47,0,18.44,0,5000.0,19.21,0,0,25.0
142,18.44,18.41,18.44,18.47,0,18.44,0,5000.0,19.21,0,0,25.0
142,18.44,18.41,18.44,18.47,0,18.44,0,5000.0,19.21,0,0,25.0
142,18.44,18.41,18.44,18.47,0,18.44,0,5000.0,19.21,0,0,25.0
142,18.44,18.41,18.44,18.47,0,18.44,0,5000.0,19.21,0,0,25.0
142,18.44,18.41,18.44,18.47,0,18.44,0,5000.0,19.21,0,0,25.0
142,18.44,18.41,18.44,18.47,0,18.44,0,5000.0,19.21,0,0,25.0
142,18.44,18.43,18.45,18.47,0,18.45,0,5000.0,19.21,0,0,25.0
142,18.44,18.43,18.45,18.47,0,18.45,0,5000.0,19.21,0,0,25.0
142,18.44,18.43,18.45,18.47,0,18.45,0,5000.0,19.21,0,0,25.0
142,18.44,18.43,18.45,18.47,0,18.45,0,5000.0,19.21,0,0,25.0
142,18.44,18.43,18.45,18.47,0,18.45,0,5000.0,19.21,0,0,25.0
142,18.44,18.43,18.45,18.47,0,18.45,0,5000.0,19.21,0,0,25.0
142,18.44,18.43,18.45,18.47,0,18.45,0,5000.0,19.21,0,0,25.0
142,18.44,18.43,18.45,18.47,0,18.45,0,5000.0,19.21,0,0,25.0
142,18.44,18.43,18.45,18.47,0,18.45,0,5000.0,19.21,0,0,25.0
142,18.44,18.43,18.45,18.47,0,18.45,0,5000.0,19.21,0,0,25.0
142,18.44,18.43,18.45,18.47,0,18.45,0,5000.0,19.21,0,0,25.0
142,18.44,18.43,18.45,18.47,0,18.45,0,5000.0,19.21,0,0,25.0
142,18.47,18.43,18.45,18.47,0,18.45,0,5000.0,19.21,0,0,25.0
142,18.47,18.43,18.45,18.47,0,18.45,0,5000.0,19.21,0,0,25.0
142,18.47,18.43,18.45,18.47,0,18.45,0,5000.0,19.21,0,0,25.0
142,18.47,18.43,18.45,18.47,0,18.45,0,5000.0,19.21,0,0,25.0
142,18.47,18.43,18.45,18.47,0,18.45,0,5000.0,19.21,0,0,25.0
142,18.47,18.43,18.45,18.47,0,18.45,0,5000.0,19.21,0,0,25.0
142,18.47,18.43,18.45,18.47,0,18.45,0,5000.0,19.21,0,0,25.0
142,18.47,18.43,18.45,18.47,0,18.45,0,5000.0,19.21,0,0,25.0
142,18.47,18.43,18.45,18.47,0,18.45,0,5000.0,19.21,0,0,25.0
142,18.47,18.43,18.45,18.47,0,18.45,0,5000.0,19.21,0,0,25.0
142,18.47,18.43,18.45,18.47,0,18.45,0,5000.0,19.21,0,0,25.0
142,18.47,18.43,18.45,18.47,0,18.45,0,5000.0,19.21,0,0,25.0
142,18.47,18.43,18.45,18.47,0,18.45,0,5000.0,19.21,0,0,25.0
142,18.47,18.43,18.45,18.47,0,18.45,0,5000.0,19.21,0,0,25.0
142,18.47,18.43,18.45,18.47,0,18.45,0,5000.0,19.21,0,0,25.0
142,18.47,18.43,18.45,18.47,0,18.45,0,5000.0,19.21,0,0,25.0
142,18.47,18.43,18.45,18.47,0,18.45,0,5000.0,19.21,0,0,25.0
142,18.47,18.43,18.45,18.47,0,18.45,0,5000.0,19.21,0,0,25.0
142,18.47,18.43,18.45,18.47,0,18.45,0,5000.0,19.21,0,0,25.0
143,18.62,18.59,18.62,18.65,0,18.62,0,5000.0,19.21,0,0,25.0
143,18.62,18.59,18.62,18.65,0,18.62,0,5000.0,19.21,0,0,25.0
143,18.62,18.59,18.62,18.65,0,18.62,0,5000.0,19.21,0,0,25.0
143,18.62,18.59,18.62,18.65,0,18.62,0,5000.0,19.21,0,0,25.0
143,18.62,18.59,18.62,18.65,0,18.62,0,5000.0,19.21,0,0,25.0
143,18.62,18.59,18.62,18.65,0,18.62,0,5000.0,19.21,0,0,25.0
143,18.62,18.59,18.62,18.65,0,18.62,0,5000.0,19.21,0,0,25.0
143,18.62,18.59,18.62,18.65,0,18.62,0,5000.0,19.21,0,0,25.0
143,18.62,18.59,18.62,18.65,0,18.62,0,5000.0,19.21,0,0,25.0
143,18.62,18.59,18.62,18.65,0,18.62,0,5000.0,19.21,0,0,25.0
143,18.62,18.59,18.62,18.65,0,18.62,0,5000.0,19.21,0,0,25.0
143,18.62,18.59,18.62,18.65,0,18.62,0,5000.0,19.21,0,0,25.0
143,18.62,18.59,18.62,18.65,0,18.62,0,5000.0,19.21,0,0,25.0
143,18.62,18.59,18.62,18.65,0,18.62,0,5000.0,19.21,0,0,25.0
143,18.62,18.59,18.62,18.65,0,18.62,0,5000.0,19.21,0,0,25.0
143,18.62,18.59,18.62,18.65,0,18.62,0,5000.0,19.21,0,0,25.0
143,18.62,18.59,18.62,18.65,0,18.62,0,5000.0,19.21,0,0,25.0
143,18.62,18.59,18.62,18.65,0,18.62,0,5000.0,19.21,0,0,25.0
143,18.62,18.6,18.62,18.65,0,18.62,0,5000.0,19.21,0,0,25.0
143,18.62,18.6,18.62,18.65,0,18.62,0,5000.0,19.21,0,0,25.0
143,18.62,18.6,18.62,18.65,0,18.62,0,5000.0,19.21,0,0,25.0
143,18.62,18.6,18.62,18.65,0,18.62,0,5000.0,19.21,0,0,25.0
143,18.62,18.6,18.62,18.65,0,18.62,0,5000.0,19.21,0,0,25.0
143,18.62,18.6,18.62,18.65,0,18.62,0,5000.0,19.21,0,0,25.0
143,18.62,18.6,18.62,18.65,0,18.62,0,5000.0,19.21,0,0,25.0
143,18.62,18.6,18.62,18.65,0,18.62,0,5000.0,19.21,0,0,25.0
143,18.62,18.6,18.62,18.65,0,18.62,0,5000.0,19.21,0,0,25.0
143,18.62,18.6,18.62,18.65,0,18.62,0,5000.0,19.21,0,0,25.0
143,18.62,18.6,18.62,18.65,0,18.62,0,5000.0,19.21,0,0,25.0
143,18.62,18.6,18.62,18.65,0,18.62,0,5000.0,19.21,0,0,25.0
143,18.62,18.6,18.62,18.65,0,18.62,0,5000.0,19.21,0,0,25.0
143,18.62,18.6,18.62,18.65,0,18.62,0,5000.0,19.21,0,0,25.0
143,18.62,18.6,18.62,18.65,0,18.62,0,5000.0,19.21,0,0,25.0
143,18.62,18.6,18.62,18.65,0,18.62,0,5000.0,19.21,0,0,25.0
143,18.62,18.6,18.62,18.65,0,18.62,0,5000.0,19.21,0,0,25.0
143,18.62,18.6,18.62,18.65,0,18.62,0,5000.0,19.21,0,0,25.0
143,18.62,18.6,18.62,18.65,0,18.62,0,5000.0,19.21,0,0,25.0
143,18.62,18.6,18.62,18.65,0,18.62,0,5000.0,19.21,0,0,25.0
143,18.62,18.6,18.62,18.65,0,18.62,0,5000.0,19.21,0,0,25.0
143,18.62,18.6,18.62,18.65,0,18.62,0,5000.0,19.21,0,0,25.0
143,18.62,18.6,18.62,18.65,0,18.62,0,5000.0,19.21,0,0,25.0
143,18.62,18.6,18.62,18.65,0,18.62,0,5000.0,19.21,0,0,25.0
143,18.62,18.6,18.62,18.65,0,18.62,0,5000.0,19.21,0,0,25.0
143,18.62,18.6,18.62,18.65,0,18.62,0,5000.0,19.21,0,0,25.0
143,18.62,18.6,18.62,18.65,0,18.62,0,5000.0,19.21,0,0,25.0
143,18.62,18.6,18.62,18.65,0,18.62,0,5000.0,19.21,0,0,25.0
143,18.62,18.6,18.62,18.65,0,18.62,0,5000.0,19.21,0,0,25.0
143,18.62,18.6,18.62,18.65,0,18.62,0,5000.0,19.21,0,0,25.0
143,18.62,18.6,18.62,18.65,0,18.62,0,5000.0,19.21,0,0,25.0
143,18.62,18.6,18.62,18.65,0,18.62,0,5000.0,19.21,0,0,25.0
144,19.33,19.3,19.33,19.36,0,19.33,0,5000.0,19.21,0,0,25.0
144,19.33,19.3,19.33,19.36,0,19.33,0,5000.0,19.21,0,0,25.0
144,19.33,19.3,19.33,19.36,0,19.33,0,5000.0,19.21,0,0,25.0
144,19.33,19.3,19.33,19.36,0,19.33,0,5000.0,19.21,0,0,25.0
144,19.33,19.3,19.33,19.36,0,19.33,0,5000.0,19.21,0,0,25.0
144,19.33,19.3,19.33,19.36,0,19.33,0,5000.0,19.21,0,0,25.0
144,19.33,19.3,19.33,19.36,0,19.33,0,5000.0,19.21,0,0,25.0
144,19.33,19.3,19.33,19.36,0,19.33,0,5000.0,19.21,0,0,25.0
144,19.33,19.3,19.33,19.36,0,19.33,0,5000.0,19.21,0,0,25.0
144,19.33,19.3,19.33,19.36,0,19.33,0,5000.0,19.21,0,0,25.0
144,19.33,19.3,19.33,19.36,0,19.33,0,5000.0,19.21,0,0,25.0
144,19.33,19.3,19.33,19.36,0,19.33,0,5000.0,19.21,0,0,25.0
144,19.33,19.3,19.33,19.36,0,19.33,0,5000.0,19.21,0,0,25.0
144,19.33,19.3,19.33,19.36,0,19.33,0,5000.0,19.21,0,0,25.0
144,19.33,19.3,19.33,19.36,0,19.33,0,5000.0,19.21,0,0,25.0
144,19.33,19.3,19.33,19.36,0,19.33,0,5000.0,19.21,0,0,25.0
144,19.33,19.3,19.33,19.36,0,19.33,0,5000.0,19.21,0,0,25.0
144,19.36,19.32,19.34,19.36,0,19.34,0,5000.0,19.21,0,0,25.0
144,19.36,19.32,19.34,19.36,0,19.34,0,5000.0,19.21,0,0,25.0
144,19.36,19.32,19.34,19.36,0,19.34,0,5000.0,19.21,0,0,25.0
144,19.36,19.32,19.34,19.36,0,19.34,0,5000.0,19.21,0,0,25.0
144,19.36,19.32,19.34,19.36,0,19.34,0,5000.0,19.21,0,0,25.0
144,19.36,19.32,19.34,19.36,0,19.34,0,5000.0,19.21,0,0,25.0
144,19.36,19.32,19.34,19.36,0,19.34,0,5000.0,19.21,0,0,25.0
144,19.36,19.32,19.34,19.36,0,19.34,0,5000.0,19.21,0,0,25.0
144,19.36,19.32,19.34,19.36,0,19.34,0,5000.0,19.21,0,0,25.0
144,19.36,19.32,19.34,19.36,0,19.34,0,5000.0,19.21,0,0,25.0
144,19.36,19.32,19.34,19.36,0,19.34,0,5000.0,19.21,0,0,25.0
144,19.36,19.32,19.34,19.36,0,19.34,0,5000.0,19.21,0,0,25.0
144,19.36,19.32,19.34,19.36,0,19.34,0,5000.0,19.21,0,0,25.0
144,19.36,19.32,19.34,19.36,0,19.34,0,5000.0,19.21,0,0,25.0
144,19.36,19.32,19.34,19.36,0,19.34,0,5000.0,19.21,0,0,25.0
144,19.36,19.32,19.34,19.36,0,19.34,0,5000.0,19.21,0,0,25.0
144,19.36,19.32,19.34,19.36,0,19.34,0,5000.0,19.21,0,0,25.0
144,19.36,19.32,19.34,19.36,0,19.34,0,5000.0,19.21,0,0,25.0
144,19.36,19.32,19.34,19.36,0,19.34,0,5000.0,19.21,0,0,25.0
144,19.36,19.32,19.34,19.36,0,19.34,0,5000.0,19.21,0,0,25.0
144,19.18,19.15,19.18,19.21,0,19.18,0,5000.0,19.21,0,0,25.0
145,19.18,19.15,19.18,19.21,0,19.18,0,5000.0,19.21,0,0,25.0
145,19.18,19.15,19.18,19.21,0,19.18,0,5000.0,19.21,0,0,25.0
145,19.18,19.15,19.18,19.21,0,19.18,0,5000.0,19.21,0,0,25.0
145,19.18,19.15,19.18,19.21,0,19.18,0,5000.0,19.21,0,0,25.0
145,19.18,19.15,19.18,19.21,0,19.18,0,5000.0,19.21,0,0,25.0
145,19.18,19.15,19.18,19.21,0,19.18,0,5000.0,19.21,0,0,25.0
145,19.18,19.15,19.18,19.21,0,19.18,0,5000.0,19.21,0,0,25.0
145,19.18,19.15,19.18,19.21,0,19.18,0,5000.0,19.21,0,0,25.0
145,19.18,19.15,19.18,19.21,0,19.18,0,5000.0,19.21,0,0,25.0
145,19.18,19.15,19.18,19.21,0,19.18,0,5000.0,19.21,0,0,25.0
145,19.18,19.15,19.18,19.21,0,19.18,0,5000.0,19.21,0,0,25.0
145,19.18,19.15,19.18,19.21,0,19.18,0,5000.0,19.21,0,0,25.0
145,19.18,19.15,19.18,19.21,0,19.18,0,5000.0,19.21,0,0,25.0
145,19.18,19.15,19.18,19.21,0,19.18,0,5000.0,19.21,0,0,25.0
145,19.18,19.15,19.18,19.21,0,19.18,0,5000.0,19.21,0,0,25.0
145,19.18,19.15,19.18,19.21,0,19.18,0,5000.0,19.21,0,0,25.0
145,19.18,19.15,19.18,19.21,0,19.18,0,5000.0,19.21,0,0,25.0
145,19.18,19.15,19.18,19.21,0,19.18,0,5000.0,19.21,0,0,25.0
145,19.18,19.15,19.18,19.21,0,19.18,0,5000.0,19.21,0,0,25.0
145,19.18,19.15,19.18,19.21,0,19.18,0,5000.0,19.21,0,0,25.0
145,19.18,19.15,19.16,19.18,0,19.16,0,5000.0,19.21,0,0,25.0
145,19.18,19.15,19.16,19.18,0,19.16,0,5000.0,19.21,0,0,25.0
145,19.18,19.15,19.16,19.18,0,19.16,0,5000.0,19.21,0,0,25.0
145,19.18,19.15,19.16,19.18,0,19.16,0,5000.0,19.21,0,0,25.0
145,19.18,19.15,19.16,19.18,0,19.16,0,5000.0,19.21,0,0,25.0
145,19.18,19.15,19.16,19.18,0,19.16,0,5000.0,19.21,0,0,25.0
145,19.18,19.15,19.16,19.18,0,19.16,0,5000.0,19.21,0,0,25.0
145,19.18,19.15,19.16,19.18,0,19.16,0,5000.0,19.21,0,0,25.0
145,19.18,19.15,19.16,19.18,0,19.16,0,5000.0,19.21,0,0,25.0
145,19.18,19.15,19.16,19.18,0,19.16,0,5000.0,19.21,0,0,25.0
145,19.18,19.15,19.16,19.18,0,19.16,0,5000.0,19.21,0,0,25.0
145,19.18,19.15,19.16,19.18,0,19.16,0,5000.0,19.21,0,0,25.0
145,19.18,19.15,19.16,19.18,0,19.16,0,5000.0,19.21,0,0,25.0
145,19.18,19.15,19.16,19.18,0,19.16,0,5000.0,19.21,0,0,25.0
145,19.18,19.15,19.16,19.18,0,19.16,0,5000.0,19.21,0,0,25.0
145,19.18,19.15,19.16,19.18,0,19.16,0,5000.0,19.21,0,0,25.0
145,19.18,19.15,19.16,19.18,0,19.16,0,5000.0,19.21,0,0,25.0
146,19.67,19.64,19.67,19.7,0,19.67,0,5000.0,19.21,0,0,25.0
146,19.67,19.64,19.67,19.7,0,19.67,0,5000.0,19.21,0,0,25.0
146,19.67,19.64,19.67,19.7,0,19.67,0,5000.0,19.21,0,0,25.0
146,19.67,19.64,19.67,19.7,0,19.67,0,5000.0,19.21,0,0,25.0
146,19.67,19.64,19.67,19.7,0,19.67,0,5000.0,19.21,0,0,25.0
146,19.67,19.64,19.67,19.7,0,19.67,0,5000.0,19.21,0,0,25.0
146,19.67,19.64,19.67,19.7,0,19.67,0,5000.0,19.21,0,0,25.0
146,19.67,19.64,19.67,19.7,0,19.67,0,5000.0,19.21,0,0,25.0
146,19.67,19.64,19.67,19.7,0,19.67,0,5000.0,19.21,0,0,25.0
146,19.67,19.64,19.67,19.7,0,19.67,0,5000.0,19.21,0,0,25.0
146,19.67,19.64,19.67,19.7,0,19.67,0,5000.0,19.21,0,0,25.0
146,19.67,19.64,19.67,19.7,0,19.67,0,5000.0,19.21,0,0,25.0
146,19.67,19.64,19.67,19.7,0,19.67,0,5000.0,19.21,0,0,25.0
146,19.67,19.64,19.67,19.7,0,19.67,0,5000.0,19.21,0,0,25.0
146,19.67,19.64,19.67,19.7,0,19.67,0,5000.0,19.21,0,0,25.0
146,19.67,19.64,19.67,19.7,0,19.67,0,5000.0,19.21,0,0,25.0
146,19.7,19.64,19.67,19.7,0,19.67,0,5000.0,19.21,0,0,25.0
146,19.7,19.64,19.67,19.7,0,19.67,0,5000.0,19.21,0,0,25.0
146,19.7,19.64,19.67,19.7,0,19.67,0,5000.0,19.21,0,0,25.0
146,19.7,19.64,19.67,19.7,0,19.67,0,5000.0,19.21,0,0,25.0
146,19.7,19.64,19.67,19.7,0,19.67,0,5000.0,19.21,0,0,25.0
146,19.7,19.64,19.67,19.7,0,19.67,0,5000.0,19.21,0,0,25.0
146,19.7,19.64,19.67,19.7,0,19.67,0,5000.0,19.21,0,0,25.0
146,19.7,19.64,19.67,19.7,0,19.67,0,5000.0,19.21,0,0,25.0
146,19.7,19.64,19.67,19.7,0,19.67,0,5000.0,19.21,0,0,25.0
146,19.7,19.64,19.67,19.7,0,19.67,0,5000.0,19.21,0,0,25.0
146,19.7,19.64,19.67,19.7,0,19.67,0,5000.0,19.21,0,0,25.0
146,19.7,19.64,19.67,19.7,0,19.67,0,5000.0,19.21,0,0,25.0
146,19.7,19.64,19.67,19.7,0,19.67,0,5000.0,19.21,0,0,25.0
146,19.7,19.64,19.67,19.7,0,19.67,0,5000.0,19.21,0,0,25.0
146,19.7,19.64,19.67,19.7,0,19.67,0,5000.0,19.21,0,0,25.0
146,19.7,19.64,19.67,19.7,0,19.67,0,5000.0,19.21,0,0,25.0
146,19.7,19.64,19.67,19.7,0,19.67,0,5000.0,19.21,0,0,25.0
146,19.7,19.64,19.67,19.7,0,19.67,0,5000.0,19.21,0,0,25.0
146,19.7,19.64,19.67,19.7,0,19.67,0,5000.0,19.21,0,0,25.0
146,19.7,19.64,19.67,19.7,0,19.67,0,5000.0,19.21,0,0,25.0
146,19.7,19.64,19.67,19.7,0,19.67,0,5000.0,19.21,0,0,25.0
146,19.7,19.64,19.67,19.7,0,19.67,0,5000.0,19.21,0,0,25.0
146,19.7,19.64,19.67,19.7,0,19.67,0,5000.0,19.21,0,0,25.0
146,19.7,19.64,19.67,19.7,0,19.67,0,5000.0,19.21,0,0,25.0
146,19.7,19.64,19.67,19.7,0,19.67,0,5000.0,19.21,0,0,25.0
146,19.7,19.64,19.67,19.7,0,19.67,0,5000.0,19.21,0,0,25.0
146,19.7,19.64,19.67,19.7,0,19.67,0,5000.0,19.21,0,0,25.0
146,19.7,19.64,19.67,19.7,0,19.67,0,5000.0,19.21,0,0,25.0
146,19.7,19.64,19.67,19.7,0,19.67,0,5000.0,19.21,0,0,25.0
146,19.7,19.64,19.67,19.7,0,19.67,0,5000.0,19.21,0,0,25.0
146,19.7,19.64,19.67,19.7,0,19.67,0,5000.0,19.21,0,0,25.0
146,19.7,19.64,19.67,19.7,0,19.67,0,5000.0,19.21,0,0,25.0
147,19.18,19.15,19.18,19.21,0,19.18,0,5000.0,19.21,0,0,25.0
147,19.18,19.15,19.18,19.21,0,19.18,0,5000.0,19.21,0,0,25.0
147,19.18,19.15,19.18,19.21,0,19.18,0,5000.0,19.21,0,0,25.0
147,19.18,19.15,19.18,19.21,0,19.18,0,5000.0,19.21,0,0,25.0
147,19.18,19.15,19.18,19.21,0,19.18,0,5000.0,19.21,0,0,25.0
147,19.18,19.15,19.18,19.21,0,19.18,0,5000.0,19.21,0,0,25.0
147,19.18,19.15,19.18,19.21,0,19.18,0,5000.0,19.21,0,0,25.0
147,19.18,19.15,19.18,19.21,0,19.18,0,5000.0,19.21,0,0,25.0
147,19.18,19.15,19.18,19.21,0,19.18,0,5000.0,19.21,0,0,25.0
147,19.18,19.15,19.18,19.21,0,19.18,0,5000.0,19.21,0,0,25.0
147,19.18,19.15,19.18,19.21,0,19.18,0,5000.0,19.21,0,0,25.0
147,19.18,19.15,19.18,19.21,0,19.18,0,5000.0,19.21,0,0,25.0
147,19.18,19.15,19.18,19.21,0,19.18,0,5000.0,19.21,0,0,25.0
147,19.18,19.15,19.18,19.21,0,19.18,0,5000.0,19.21,0,0,25.0
147,19.18,19.15,19.18,19.21,0,19.18,0,5000.0,19.21,0,0,25.0
147,19.18,19.15,19.18,19.21,0,19.18,0,5000.0,19.21,0,0,25.0
147,19.18,19.15,19.18,19.21,0,19.18,0,5000.0,19.21,0,0,25.0
147,19.21,19.15,19.18,19.21,0,19.18,0,5000.0,19.21,0,0,25.0
147,19.21,19.15,19.18,19.21,0,19.18,0,5000.0,19.21,0,0,25.0
147,19.21,19.15,19.18,19.21,0,19.18,0,5000.0,19.21,0,0,25.0
147,19.21,19.15,19.18,19.21,0,19.18,0,5000.0,19.21,0,0,25.0
147,19.21,19.15,19.18,19.21,0,19.18,0,5000.0,19.21,0,0,25.0
147,19.21,19.15,19.18,19.21,0,19.18,0,5000.0,19.21,0,0,25.0
147,19.21,19.15,19.18,19.21,0,19.18,0,5000.0,19.21,0,0,25.0
147,19.21,19.15,19.18,19.21,0,19.18,0,5000.0,19.21,0,0,25.0
147,19.21,19.15,19.18,19.21,0,19.18,0,5000.0,19.21,0,0,25.0
147,19.21,19.15,19.18,19.21,0,19.18,0,5000.0,19.21,0,0,25.0
147,19.21,19.15,19.18,19.21,0,19.18,0,5000.0,19.21,0,0,25.0
147,19.21,19.15,19.18,19.21,0,19.18,0,5000.0,19.21,0,0,25.0
147,19.21,19.15,19.18,19.21,0,19.18,0,5000.0,19.21,0,0,25.0
147,19.21,19.15,19.18,19.21,0,19.18,0,5000.0,19.21,0,0,25.0
147,19.21,19.15,19.18,19.21,0,19.18,0,5000.0,19.21,0,0,25.0
147,19.21,19.15,19.18,19.21,0,19.18,0,5000.0,19.21,0,0,25.0
147,19.21,19.15,19.18,19.21,0,19.18,0,5000.0,19.21,0,0,25.0
147,19.21,19.15,19.18,19.21,0,19.18,0,5000.0,19.21,0,0,25.0
147,19.21,19.15,19.18,19.21,0,19.18,0,5000.0,19.21,0,0,25.0
147,19.21,19.15,19.18,19.21,0,19.18,0,5000.0,19.21,0,0,25.0
147,19.21,19.15,19.18,19.21,0,19.18,0,5000.0,19.21,0,0,25.0
147,19.21,19.15,19.18,19.21,0,19.18,0,5000.0,19.21,0,0,25.0
147,19.21,19.15,19.18,19.21,0,19.18,0,5000.0,19.21,0,0,25.0
147,19.21,19.15,19.18,19.21,0,19.18,0,5000.0,19.21,0,0,25.0
147,19.21,19.16,19.19,19.21,0,19.19,0,5000.0,19.21,0,0,25.0
147,19.21,19.16,19.19,19.21,0,19.19,0,5000.0,19.21,0,0,25.0
147,19.21,19.16,19.19,19.21,0,19.19,0,5000.0,19.21,0,0,25.0
147,19.21,19.16,19.19,19.21,0,19.19,0,5000.0,19.21,0,0,25.0
147,19.21,19.16,19.19,19.21,0,19.19,0,5000.0,19.21,0,0,25.0
147,19.21,19.16,19.19,19.21,0,19.19,0,5000.0,19.21,0,0,25.0
147,18.77,18.74,18.77,18.8,0,18.77,0,5000.0,19.21,0,0,25.0
148,18.77,18.74,18.77,18.8,0,18.77,0,5000.0,19.21,0,0,25.0
148,18.77,18.74,18.77,18.8,0,18.77,0,5000.0,19.21,0,0,25.0
148,18.77,18.74,18.77,18.8,0,18.77,0,5000.0,19.21,0,0,25.0
148,18.77,18.74,18.77,18.8,0,18.77,0,5000.0,19.21,0,0,25.0
148,18.77,18.74,18.77,18.8,0,18.77,0,5000.0,19.21,0,0,25.0
148,18.77,18.74,18.77,18.8,0,18.77,0,5000.0,19.21,0,0,25.0
148,18.77,18.74,18.77,18.8,0,18.77,0,5000.0,19.21,0,0,25.0
148,18.77,18.74,18.77,18.8,0,18.77,0,5000.0,19.21,0,0,25.0
148,18.77,18.74,18.77,18.8,0,18.77,0,5000.0,19.21,0,0,25.0
148,18.77,18.74,18.77,18.8,0,18.77,0,5000.0,19.21,0,0,25.0
148,18.77,18.74,18.77,18.8,0,18.77,0,5000.0,19.21,0,0,25.0
148,18.77,18.74,18.77,18.8,0,18.77,0,5000.0,19.21,0,0,25.0
148,18.77,18.74,18.77,18.8,0,18.77,0,5000.0,19.21,0,0,25.0
148,18.77,18.74,18.77,18.8,0,18.77,0,5000.0,19.21,0,0,25.0
148,18.77,18.74,18.77,18.8,0,18.77,0,5000.0,19.21,0,0,25.0
148,18.77,18.74,18.77,18.8,0,18.77,0,5000.0,19.21,0,0,25.0
148,18.77,18.74,18.77,18.8,0,18.77,0,5000.0,19.21,0,0,25.0
148,18.8,18.74,18.75,18.77,0,18.75,0,5000.0,19.21,0,0,25.0
148,18.8,18.74,18.75,18.77,0,18.75,0,5000.0,19.21,0,0,25.0
148,18.8,18.74,18.75,18.77,0,18.75,0,5000.0,19.21,0,0,25.0
148,18.8,18.74,18.75,18.77,0,18.75,0,5000.0,19.21,0,0,25.0
148,18.8,18.74,18.75,18.77,0,18.75,0,5000.0,19.21,0,0,25.0
148,18.8,18.74,18.75,18.77,0,18.75,0,5000.0,19.21,0,0,25.0
148,18.8,18.74,18.75,18.77,0,18.75,0,5000.0,19.21,0,0,25.0
148,18.8,18.74,18.75,18.77,0,18.75,0,5000.0,19.21,0,0,25.0
148,18.8,18.74,18.75,18.77,0,18.75,0,5000.0,19.21,0,0,25.0
148,18.8,18.74,18.75,18.77,0,18.75,0,5000.0,19.21,0,0,25.0
148,18.8,18.74,18.75,18.77,0,18.75,0,5000.0,19.21,0,0,25.0
148,18.8,18.74,18.75,18.76,0,18.75,0,5000.0,19.21,0,0,25.0
148,18.8,18.74,18.75,18.76,0,18.75,0,5000.0,19.21,0,0,25.0
148,18.8,18.74,18.75,18.76,0,18.75,0,5000.0,19.21,0,0,25.0
148,18.8,18.74,18.75,18.76,0,18.75,0,5000.0,19.21,0,0,25.0
148,18.8,18.74,18.75,18.76,0,18.75,0,5000.0,19.21,0,0,25.0
148,18.8,18.74,18.75,18.76,0,18.75,0,5000.0,19.21,0,0,25.0
148,18.8,18.74,18.75,18.76,0,18.75,0,5000.0,19.21,0,0,25.0
148,18.8,18.74,18.75,18.76,0,18.75,0,5000.0,19.21,0,0,25.0
148,18.8,18.74,18.75,18.76,0,18.75,0,5000.0,19.21,0,0,25.0
148,18.8,18.74,18.75,18.76,0,18.75,0,5000.0,19.21,0,0,25.0
148,18.8,18.74,18.75,18.76,0,18.75,0,5000.0,19.21,0,0,25.0
148,18.8,18.74,18.75,18.76,0,18.75,0,5000.0,19.21,0,0,25.0
148,18.8,18.74,18.75,18.76,0,18.75,0,5000.0,19.21,0,0,25.0
148,18.8,18.74,18.75,18.76,0,18.75,0,5000.0,19.21,0,0,25.0
148,18.8,18.74,18.75,18.76,0,18.75,0,5000.0,19.21,0,0,25.0
148,18.8,18.74,18.75,18.76,0,18.75,0,5000.0,19.21,0,0,25.0
148,18.8,18.74,18.75,18.76,0,18.75,0,5000.0,19.21,0,0,25.0
148,18.8,18.74,18.75,18.76,0,18.75,0,5000.0,19.21,0,0,25.0
148,18.8,18.74,18.75,18.76,0,18.75,0,5000.0,19.21,0,0,25.0
149,18.01,17.98,18.01,18.04,0,18.01,0,5000.0,19.21,0,0,25.0
149,18.01,17.98,18.01,18.04,0,18.01,0,5000.0,19.21,0,0,25.0
149,18.01,17.98,18.01,18.04,0,18.01,0,5000.0,19.21,0,0,25.0
149,18.01,17.98,18.01,18.04,0,18.01,0,5000.0,19.21,0,0,25.0
149,18.01,17.98,18.01,18.04,0,18.01,0,5000.0,19.21,0,0,25.0
149,18.01,17.98,18.01,18.04,0,18.01,0,5000.0,19.21,0,0,25.0
149,18.01,17.98,18.01,18.04,0,18.01,0,5000.0,19.21,0,0,25.0
149,18.01,17.98,18.01,18.04,0,18.01,0,5000.0,19.21,0,0,25.0
149,18.01,17.98,18.01,18.04,0,18.01,0,5000.0,19.21,0,0,25.0
149,18.01,17.98,18.01,18.04,0,18.01,0,5000.0,19.21,0,0,25.0
149,18.01,17.98,18.01,18.04,0,18.01,0,5000.0,19.21,0,0,25.0
149,18.01,17.98,18.01,18.04,0,18.01,0,5000.0,19.21,0,0,25.0
149,18.01,17.98,18.01,18.04,0,18.01,0,5000.0,19.21,0,0,25.0
149,18.01,17.98,18.01,18.04,0,18.01,0,5000.0,19.21,0,0,25.0
149,18.01,17.98,18.01,18.04,0,18.01,0,5000.0,19.21,0,0,25.0
149,18.01,17.98,18.01,18.04,0,18.01,0,5000.0,19.21,0,0,25.0
149,18.01,17.98,18.01,18.04,0,18.01,0,5000.0,19.21,0,0,25.0
149,18.04,18.0,18.01,18.02,0,18.01,0,5000.0,19.21,0,0,25.0
149,18.04,18.0,18.01,18.02,0,18.01,0,5000.0,19.21,0,0,25.0
149,18.04,18.0,18.01,18.02,0,18.01,0,5000.0,19.21,0,0,25.0
149,18.04,18.0,18.01,18.02,0,18.01,0,5000.0,19.21,0,0,25.0
149,18.04,18.0,18.01,18.02,0,18.01,0,5000.0,19.21,0,0,25.0
149,18.04,18.0,18.01,18.02,0,18.01,0,5000.0,19.21,0,0,25.0
149,18.04,18.0,18.01,18.02,0,18.01,0,5000.0,19.21,0,0,25.0
149,18.04,18.0,18.01,18.02,0,18.01,0,5000.0,19.21,0,0,25.0
149,18.04,18.0,18.01,18.02,0,18.01,0,5000.0,19.21,0,0,25.0
149,18.04,18.0,18.01,18.02,0,18.01,0,5000.0,19.21,0,0,25.0
149,18.04,18.0,18.01,18.02,0,18.01,0,5000.0,19.21,0,0,25.0
149,18.04,18.0,18.01,18.02,0,18.01,0,5000.0,19.21,0,0,25.0
149,17.98,17.98,18.0,18.02,0,18.0,0,5000.0,19.21,0,0,25.0
149,17.98,17.98,18.0,18.02,0,18.0,0,5000.0,19.21,0,0,25.0
149,17.98,17.98,18.0,18.02,0,18.0,0,5000.0,19.21,0,0,25.0
149,17.98,17.98,18.0,18.02,0,18.0,0,5000.0,19.21,0,0,25.0
149,17.98,17.98,18.0,18.02,0,18.0,0,5000.0,19.21,0,0,25.0
149,17.98,17.98,18.0,18.02,0,18.0,0,5000.0,19.21,0,0,25.0
149,17.98,17.98,18.0,18.02,0,18.0,0,5000.0,19.21,0,0,25.0
149,17.98,17.98,18.0,18.02,0,18.0,0,5000.0,19.21,0,0,25.0
149,17.98,17.98,18.0,18.02,0,18.0,0,5000.0,19.21,0,0,25.0
149,17.98,17.98,18.0,18.02,0,18.0,0,5000.0,19.21,0,0,25.0
149,17.98,17.98,18.0,18.02,0,18.0,0,5000.0,19.21,0,0,25.0
149,17.98,17.98,18.0,18.02,0,18.0,0,5000.0,19.21,0,0,25.0
149,17.98,17.98,18.0,18.02,0,18.0,0,5000.0,19.21,0,0,25.0
149,17.98,17.98,18.0,18.02,0,18.0,0,5000.0,19.21,0,0,25.0
149,17.98,17.98,18.0,18.02,0,18.0,0,5000.0,19.21,0,0,25.0
149,17.98,17.98,18.0,18.02,0,18.0,0,5000.0,19.21,0,0,25.0
149,17.98,17.98,18.0,18.02,0,18.0,0,5000.0,19.21,0,0,25.0
149,17.98,17.98,18.0,18.02,0,18.0,0,5000.0,19.21,0,0,25.0
149,17.98,17.98,18.0,18.02,0,18.0,0,5000.0,19.21,0,0,25.0
150,17.37,17.34,17.37,17.4,0,17.37,0,5000.0,19.21,0,0,25.0
150,17.37,17.34,17.37,17.4,0,17.37,0,5000.0,19.21,0,0,25.0
150,17.37,17.34,17.37,17.4,0,17.37,0,5000.0,19.21,0,0,25.0
150,17.37,17.34,17.37,17.4,0,17.37,0,5000.0,19.21,0,0,25.0
150,17.37,17.34,17.37,17.4,0,17.37,0,5000.0,19.21,0,0,25.0
150,17.37,17.34,17.37,17.4,0,17.37,0,5000.0,19.21,0,0,25.0
150,17.37,17.34,17.37,17.4,0,17.37,0,5000.0,19.21,0,0,25.0
150,17.37,17.34,17.37,17.4,0,17.37,0,5000.0,19.21,0,0,25.0
150,17.37,17.34,17.37,17.4,0,17.37,0,5000.0,19.21,0,0,25.0
150,17.37,17.34,17.37,17.4,0,17.37,0,5000.0,19.21,0,0,25.0
150,17.37,17.34,17.37,17.4,0,17.37,0,5000.0,19.21,0,0,25.0
150,17.37,17.34,17.37,17.4,0,17.37,0,5000.0,19.21,0,0,25.0
150,17.37,17.34,17.37,17.4,0,17.37,0,5000.0,19.21,0,0,25.0
150,17.37,17.34,17.37,17.4,0,17.37,0,5000.0,19.21,0,0,25.0
150,17.37,17.34,17.37,17.4,0,17.37,0,5000.0,19.21,0,0,25.0
150,17.37,17.34,17.37,17.4,0,17.37,0,5000.0,19.21,0,0,25.0
150,17.37,17.34,17.37,17.4,0,17.37,0,5000.0,19.21,0,0,25.0
150,17.34,17.34,17.37,17.39,0,17.37,0,5000.0,19.21,0,0,25.0
150,17.34,17.34,17.37,17.39,0,17.37,0,5000.0,19.21,0,0,25.0
150,17.34,17.34,17.37,17.39,0,17.37,0,5000.0,19.21,0,0,25.0
150,17.34,17.34,17.37,17.39,0,17.37,0,5000.0,19.21,0,0,25.0
150,17.34,17.34,17.37,17.39,0,17.37,0,5000.0,19.21,0,0,25.0
150,17.34,17.34,17.37,17.39,0,17.37,0,5000.0,19.21,0,0,25.0
150,17.34,17.34,17.37,17.39,0,17.37,0,5000.0,19.21,0,0,25.0
150,17.34,17.34,17.37,17.39,0,17.37,0,5000.0,19.21,0,0,25.0
150,17.34,17.34,17.37,17.39,0,17.37,0,5000.0,19.21,0,0,25.0
150,17.34,17.34,17.37,17.39,0,17.37,0,5000.0,19.21,0,0,25.0
150,17.34,17.34,17.37,17.39,0,17.37,0,5000.0,19.21,0,0,25.0
150,17.34,17.34,17.37,17.39,0,17.37,0,5000.0,19.21,0,0,25.0
150,17.34,17.34,17.37,17.39,0,17.37,0,5000.0,19.21,0,0,25.0
150,17.34,17.34,17.37,17.39,0,17.37,0,5000.0,19.21,0,0,25.0
150,17.34,17.34,17.37,17.39,0,17.37,0,5000.0,19.21,0,0,25.0
150,17.34,17.34,17.37,17.39,0,17.37,0,5000.0,19.21,0,0,25.0
150,17.34,17.34,17.37,17.39,0,17.37,0,5000.0,19.21,0,0,25.0
150,17.34,17.34,17.37,17.39,0,17.37,0,5000.0,19.21,0,0,25.0
150,17.34,17.34,17.37,17.39,0,17.37,0,5000.0,19.21,0,0,25.0
150,17.34,17.34,17.37,17.39,0,17.37,0,5000.0,19.21,0,0,25.0
150,17.34,17.34,17.37,17.39,0,17.37,0,5000.0,19.21,0,0,25.0
150,17.34,17.34,17.37,17.39,0,17.37,0,5000.0,19.21,0,0,25.0
150,17.34,17.34,17.37,17.39,0,17.37,0,5000.0,19.21,0,0,25.0
150,17.34,17.34,17.37,17.39,0,17.37,0,5000.0,19.21,0,0,25.0
150,17.34,17.34,17.37,17.39,0,17.37,0,5000.0,19.21,0,0,25.0
150,17.34,17.34,17.37,17.39,0,17.37,0,5000.0,19.21,0,0,25.0
150,17.34,17.34,17.37,17.39,0,17.37,0,5000.0,19.21,0,0,25.0
150,17.34,17.34,17.37,17.39,0,17.37,0,5000.0,19.21,0,0,25.0
150,17.34,17.34,17.37,17.39,0,17.37,0,5000.0,19.21,0,0,25.0
150,17.34,17.34,17.37,17.39,0,17.37,0,5000.0,19.21,0,0,25.0
151,17.12,17.09,17.12,17.15,0,17.12,0,5000.0,19.21,0,0,25.0
151,17.12,17.09,17.12,17.15,0,17.12,0,5000.0,19.21,0,0,25.0
151,17.12,17.09,17.12,17.15,0,17.12,0,5000.0,19.21,0,0,25.0
151,17.12,17.09,17.12,17.15,0,17.12,0,5000.0,19.21,0,0,25.0
151,17.12,17.09,17.12,17.15,0,17.12,0,5000.0,19.21,0,0,25.0
151,17.12,17.09,17.12,17.15,0,17.12,0,5000.0,19.21,0,0,25.0
151,17.12,17.09,17.12,17.15,0,17.12,0,5000.0,19.21,0,0,25.0
151,17.12,17.09,17.12,17.15,0,17.12,0,5000.0,19.21,0,0,25.0
151,17.12,17.09,17.12,17.15,0,17.12,0,5000.0,19.21,0,0,25.0
151,17.12,17.09,17.12,17.15,0,17.12,0,5000.0,19.21,0,0,25.0
151,17.12,17.09,17.12,17.15,0,17.12,0,5000.0,19.21,0,0,25.0
151,17.12,17.09,17.12,17.15,0,17.12,0,5000.0,19.21,0,0,25.0
151,17.12,17.09,17.12,17.15,0,17.12,0,5000.0,19.21,0,0,25.0
151,17.12,17.09,17.12,17.15,0,17.12,0,5000.0,19.21,0,0,25.0
151,17.12,17.09,17.12,17.15,0,17.12,0,5000.0,19.21,0,0,25.0
151,17.12,17.09,17.12,17.15,0,17.12,0,5000.0,19.21,0,0,25.0
151,17.12,17.09,17.12,17.15,0,17.12,0,5000.0,19.21,0,0,25.0
151,17.12,17.09,17.12,17.15,0,17.12,0,5000.0,19.21,0,0,25.0
151,17.15,17.11,17.12,17.14,0,17.12,0,5000.0,19.21,0,0,25.0
151,17.15,17.11,17.12,17.14,0,17.12,0,5000.0,19.21,0,0,25.0
151,17.15,17.11,17.12,17.14,0,17.12,0,5000.0,19.21,0,0,25.0
151,17.15,17.11,17.12,17.14,0,17.12,0,5000.0,19.21,0,0,25.0
151,17.15,17.11,17.12,17.14,0,17.12,0,5000.0,19.21,0,0,25.0
151,17.15,17.11,17.12,17.14,0,17.12,0,5000.0,19.21,0,0,25.0
151,17.15,17.11,17.12,17.14,0,17.12,0,5000.0,19.21,0,0,25.0
151,17.15,17.11,17.12,17.14,0,17.12,0,5000.0,19.21,0,0,25.0
151,17.15,17.11,17.12,17.14,0,17.12,0,5000.0,19.21,0,0,25.0
151,17.15,17.11,17.12,17.14,0,17.12,0,5000.0,19.21,0,0,25.0
151,17.15,17.11,17.12,17.14,0,17.12,0,5000.0,19.21,0,0,25.0
151,17.15,17.11,17.12,17.14,0,17.12,0,5000.0,19.21,0,0,25.0
151,17.15,17.11,17.12,17.14,0,17.12,0,5000.0,19.21,0,0,25.0
151,17.15,17.11,17.12,17.14,0,17.12,0,5000.0,19.21,0,0,25.0
151,17.15,17.11,17.12,17.14,0,17.12,0,5000.0,19.21,0,0,25.0
151,17.15,17.11,17.12,17.14,0,17.12,0,5000.0,19.21,0,0,25.0
151,17.15,17.11,17.12,17.14,0,17.12,0,5000.0,19.21,0,0,25.0
151,17.15,17.11,17.12,17.14,0,17.12,0,5000.0,19.21,0,0,25.0
151,17.15,17.11,17.12,17.14,0,17.12,0,5000.0,19.21,0,0,25.0
151,17.15,17.11,17.12,17.14,0,17.12,0,5000.0,19.21,0,0,25.0
151,17.15,17.11,17.12,17.14,0,17.12,0,5000.0,19.21,0,0,25.0
151,17.15,17.11,17.12,17.14,0,17.12,0,5000.0,19.21,0,0,25.0
151,17.14,17.14,17.14,17.15,0,17.14,0,5000.0,19.21,0,0,25.0
151,17.14,17.14,17.14,17.15,0,17.14,0,5000.0,19.21,0,0,25.0
151,17.14,17.14,17.14,17.15,0,17.14,0,5000.0,19.21,0,0,25.0
151,17.14,17.14,17.14,17.15,0,17.14,0,5000.0,19.21,0,0,25.0
151,17.14,17.14,17.14,17.15,0,17.14,0,5000.0,19.21,0,0,25.0
151,17.14,17.14,17.14,17.15,0,17.14,0,5000.0,19.21,0,0,25.0
151,16.19,16.16,16.19,16.22,0,16.19,0,5000.0,19.21,0,0,25.0
152,16.19,16.16,16.19,16.22,0,16.19,0,5000.0,19.21,0,0,25.0
152,16.19,16.16,16.19,16.22,0,16.19,0,5000.0,19.21,0,0,25.0
152,16.19,16.16,16.19,16.22,0,16.19,0,5000.0,19.21,0,0,25.0
152,16.19,16.17,16.2,16.22,0,16.2,0,5000.0,19.21,0,0,25.0
152,16.19,16.17,16.2,16.22,0,16.2,0,5000.0,19.21,0,0,25.0
152,16.19,16.17,16.2,16.22,0,16.2,0,5000.0,19.21,0,0,25.0
152,16.19,16.17,16.2,16.22,0,16.2,0,5000.0,19.21,0,0,25.0
152,16.19,16.17,16.2,16.22,0,16.2,0,5000.0,19.21,0,0,25.0
152,16.19,16.17,16.2,16.22,0,16.2,0,5000.0,19.21,0,0,25.0
152,16.19,16.17,16.2,16.22,0,16.2,0,5000.0,19.21,0,0,25.0
152,16.19,16.17,16.2,16.22,0,16.2,0,5000.0,19.21,0,0,25.0
152,16.19,16.17,16.2,16.22,0,16.2,0,5000.0,19.21,0,0,25.0
152,16.19,16.17,16.2,16.22,0,16.2,0,5000.0,19.21,0,0,25.0
152,16.19,16.17,16.2,16.22,0,16.2,0,5000.0,19.21,0,0,25.0
152,16.19,16.17,16.2,16.22,0,16.2,0,5000.0,19.21,0,0,25.0
152,16.19,16.17,16.2,16.22,0,16.2,0,5000.0,19.21,0,0,25.0
152,16.19,16.17,16.2,16.22,0,16.2,0,5000.0,19.21,0,0,25.0
152,16.19,16.17,16.2,16.22,0,16.2,0,5000.0,19.21,0,0,25.0
152,16.19,16.17,16.2,16.22,0,16.2,0,5000.0,19.21,0,0,25.0
152,16.19,16.17,16.2,16.22,0,16.2,0,5000.0,19.21,0,0,25.0
152,16.19,16.17,16.2,16.22,0,16.2,0,5000.0,19.21,0,0,25.0
152,16.19,16.17,16.2,16.22,0,16.2,0,5000.0,19.21,0,0,25.0
152,16.19,16.17,16.2,16.22,0,16.2,0,5000.0,19.21,0,0,25.0
152,16.19,16.17,16.2,16.22,0,16.2,0,5000.0,19.21,0,0,25.0
152,16.19,16.17,16.2,16.22,0,16.2,0,5000.0,19.21,0,0,25.0
152,16.19,16.17,16.2,16.22,0,16.2,0,5000.0,19.21,0,0,25.0
152,16.19,16.17,16.2,16.22,0,16.2,0,5000.0,19.21,0,0,25.0
152,16.19,16.17,16.2,16.22,0,16.2,0,5000.0,19.21,0,0,25.0
152,16.19,16.17,16.2,16.22,0,16.2,0,5000.0,19.21,0,0,25.0
152,16.19,16.17,16.2,16.22,0,16.2,0,5000.0,19.21,0,0,25.0
152,16.19,16.17,16.2,16.22,0,16.2,0,5000.0,19.21,0,0,25.0
152,16.19,16.17,16.2,16.22,0,16.2,0,5000.0,19.21,0,0,25.0
152,16.19,16.17,16.2,16.22,0,16.2,0,5000.0,19.21,0,0,25.0
152,16.19,16.17,16.2,16.22,0,16.2,0,5000.0,19.21,0,0,25.0
152,16.19,16.17,16.2,16.22,0,16.2,0,5000.0,19.21,0,0,25.0
152,16.19,16.17,16.2,16.22,0,16.2,0,5000.0,19.21,0,0,25.0
152,16.19,16.17,16.2,16.22,0,16.2,0,5000.0,19.21,0,0,25.0
152,16.19,16.17,16.2,16.22,0,16.2,0,5000.0,19.21,0,0,25.0
152,16.19,16.17,16.2,16.22,0,16.2,0,5000.0,19.21,0,0,25.0
152,16.19,16.17,16.2,16.22,0,16.2,0,5000.0,19.21,0,0,25.0
152,16.19,16.17,16.2,16.22,0,16.2,0,5000.0,19.21,0,0,25.0
152,16.19,16.17,16.2,16.22,0,16.2,0,5000.0,19.21,0,0,25.0
152,16.19,16.17,16.2,16.22,0,16.2,0,5000.0,19.21,0,0,25.0
152,16.19,16.17,16.2,16.22,0,16.2,0,5000.0,19.21,0,0,25.0
152,16.19,16.17,16.2,16.22,0,16.2,0,5000.0,19.21,0,0,25.0
152,16.19,16.17,16.2,16.22,0,16.2,0,5000.0,19.21,0,0,25.0
152,16.19,16.17,16.2,16.22,0,16.2,0,5000.0,19.21,0,0,25.0
152,16.19,16.17,16.2,16.22,0,16.2,0,5000.0,19.21,0,0,25.0
153,15.61,15.58,15.61,15.64,0,15.61,0,5000.0,19.21,0,0,25.0
153,15.61,15.58,15.61,15.64,0,15.61,0,5000.0,19.21,0,0,25.0
153,15.61,15.58,15.61,15.64,0,15.61,0,5000.0,19.21,0,0,25.0
153,15.61,15.58,15.61,15.64,0,15.61,0,5000.0,19.21,0,0,25.0
153,15.61,15.58,15.61,15.64,0,15.61,0,5000.0,19.21,0,0,25.0
153,15.61,15.58,15.61,15.64,0,15.61,0,5000.0,19.21,0,0,25.0
153,15.61,15.58,15.61,15.64,0,15.61,0,5000.0,19.21,0,0,25.0
153,15.61,15.58,15.61,15.64,0,15.61,0,5000.0,19.21,0,0,25.0
153,15.61,15.58,15.61,15.64,0,15.61,0,5000.0,19.21,0,0,25.0
153,15.61,15.58,15.61,15.64,0,15.61,0,5000.0,19.21,0,0,25.0
153,15.61,15.58,15.61,15.64,0,15.61,0,5000.0,19.21,0,0,25.0
153,15.61,15.58,15.61,15.64,0,15.61,0,5000.0,19.21,0,0,25.0
153,15.61,15.58,15.61,15.64,0,15.61,0,5000.0,19.21,0,0,25.0
153,15.61,15.58,15.61,15.64,0,15.61,0,5000.0,19.21,0,0,25.0
153,15.61,15.58,15.61,15.64,0,15.61,0,5000.0,19.21,0,0,25.0
153,15.61,15.58,15.61,15.64,0,15.61,0,5000.0,19.21,0,0,25.0
153,15.61,15.58,15.61,15.64,0,15.61,0,5000.0,19.21,0,0,25.0
153,15.61,15.58,15.61,15.64,0,15.61,0,5000.0,19.21,0,0,25.0
153,15.58,15.58,15.61,15.64,0,15.61,0,5000.0,19.21,0,0,25.0
153,15.58,15.58,15.61,15.64,0,15.61,0,5000.0,19.21,0,0,25.0
153,15.58,15.58,15.61,15.64,0,15.61,0,5000.0,19.21,0,0,25.0
153,15.58,15.58,15.61,15.64,0,15.61,0,5000.0,19.21,0,0,25.0
153,15.58,15.58,15.61,15.64,0,15.61,0,5000.0,19.21,0,0,25.0
153,15.58,15.58,15.61,15.64,0,15.61,0,5000.0,19.21,0,0,25.0
153,15.58,15.58,15.61,15.64,0,15.61,0,5000.0,19.21,0,0,25.0
153,15.58,15.58,15.61,15.64,0,15.61,0,5000.0,19.21,0,0,25.0
153,15.58,15.58,15.61,15.64,0,15.61,0,5000.0,19.21,0,0,25.0
153,15.58,15.58,15.61,15.64,0,15.61,0,5000.0,19.21,0,0,25.0
153,15.58,15.58,15.59,15.61,0,15.59,0,5000.0,19.21,0,0,25.0
153,15.58,15.58,15.59,15.61,0,15.59,0,5000.0,19.21,0,0,25.0
153,15.58,15.58,15.59,15.61,0,15.59,0,5000.0,19.21,0,0,25.0
153,15.58,15.58,15.59,15.61,0,15.59,0,5000.0,19.21,0,0,25.0
153,15.58,15.58,15.59,15.61,0,15.59,0,5000.0,19.21,0,0,25.0
153,15.58,15.58,15.59,15.61,0,15.59,0,5000.0,19.21,0,0,25.0
153,15.58,15.58,15.59,15.61,0,15.59,0,5000.0,19.21,0,0,25.0
153,15.58,15.58,15.59,15.61,0,15.59,0,5000.0,19.21,0,0,25.0
153,15.58,15.58,15.59,15.61,0,15.59,0,5000.0,19.21,0,0,25.0
153,15.58,15.58,15.59,15.61,0,15.59,0,5000.0,19.21,0,0,25.0
153,15.58,15.58,15.59,15.61,0,15.59,0,5000.0,19.21,0,0,25.0
153,15.58,15.58,15.59,15.61,0,15.59,0,5000.0,19.21,0,0,25.0
153,15.58,15.58,15.59,15.61,0,15.59,0,5000.0,19.21,0,0,25.0
153,15.58,15.58,15.59,15.61,0,15.59,0,5000.0,19.21,0,0,25.0
153,15.58,15.58,15.59,15.61,0,15.59,0,5000.0,19.21,0,0,25.0
153,15.58,15.58,15.59,15.61,0,15.59,0,5000.0,19.21,0,0,25.0
153,15.58,15.58,15.59,15.61,0,15.59,0,5000.0,19.21,0,0,25.0
153,15.58,15.58,15.59,15.61,0,15.59,0,5000.0,19.21,0,0,25.0
154,15.72,15.69,15.72,15.75,0,15.72,0,5000.0,19.21,0,0,25.0
154,15.72,15.69,15.72,15.75,0,15.72,0,5000.0,19.21,0,0,25.0
154,15.72,15.69,15.72,15.75,0,15.72,0,5000.0,19.21,0,0,25.0
154,15.72,15.69,15.72,15.75,0,15.72,0,5000.0,19.21,0,0,25.0
154,15.72,15.69,15.72,15.75,0,15.72,0,5000.0,19.21,0,0,25.0
154,15.72,15.69,15.72,15.75,0,15.72,0,5000.0,19.21,0,0,25.0
154,15.72,15.69,15.72,15.75,0,15.72,0,5000.0,19.21,0,0,25.0
154,15.72,15.69,15.72,15.75,0,15.72,0,5000.0,19.21,0,0,25.0
154,15.72,15.69,15.72,15.75,0,15.72,0,5000.0,19.21,0,0,25.0
154,15.72,15.69,15.72,15.75,0,15.72,0,5000.0,19.21,0,0,25.0
154,15.72,15.69,15.72,15.75,0,15.72,0,5000.0,19.21,0,0,25.0
154,15.72,15.69,15.72,15.75,0,15.72,0,5000.0,19.21,0,0,25.0
154,15.72,15.69,15.72,15.75,0,15.72,0,5000.0,19.21,0,0,25.0
154,15.72,15.69,15.72,15.75,0,15.72,0,5000.0,19.21,0,0,25.0
154,15.72,15.69,15.72,15.75,0,15.72,0,5000.0,19.21,0,0,25.0
154,15.72,15.69,15.72,15.75,0,15.72,0,5000.0,19.21,0,0,25.0
154,15.72,15.69,15.72,15.75,0,15.72,0,5000.0,19.21,0,0,25.0
154,15.72,15.69,15.72,15.75,0,15.72,0,5000.0,19.21,0,0,25.0
154,15.72,15.72,15.73,15.75,0,15.73,0,5000.0,19.21,0,0,25.0
154,15.72,15.72,15.73,15.75,0,15.73,0,5000.0,19.21,0,0,25.0
154,15.72,15.72,15.73,15.75,0,15.73,0,5000.0,19.21,0,0,25.0
154,15.72,15.72,15.73,15.75,0,15.73,0,5000.0,19.21,0,0,25.0
154,15.72,15.72,15.73,15.75,0,15.73,0,5000.0,19.21,0,0,25.0
154,15.72,15.72,15.73,15.75,0,15.73,0,5000.0,19.21,0,0,25.0
154,15.72,15.72,15.73,15.75,0,15.73,0,5000.0,19.21,0,0,25.0
154,15.72,15.72,15.73,15.75,0,15.73,0,5000.0,19.21,0,0,25.0
154,15.72,15.72,15.73,15.75,0,15.73,0,5000.0,19.21,0,0,25.0
154,15.72,15.72,15.73,15.75,0,15.73,0,5000.0,19.21,0,0,25.0
154,15.72,15.72,15.73,15.75,0,15.73,0,5000.0,19.21,0,0,25.0
154,15.72,15.72,15.73,15.75,0,15.73,0,5000.0,19.21,0,0,25.0
154,15.72,15.72,15.73,15.73,0,15.73,0,5000.0,19.21,0,0,25.0
154,15.72,15.72,15.73,15.73,0,15.73,0,5000.0,19.21,0,0,25.0
154,15.72,15.72,15.73,15.73,0,15.73,0,5000.0,19.21,0,0,25.0
154,15.72,15.72,15.73,15.73,0,15.73,0,5000.0,19.21,0,0,25.0
154,15.72,15.72,15.73,15.73,0,15.73,0,5000.0,19.21,0,0,25.0
154,15.72,15.72,15.73,15.73,0,15.73,0,5000.0,19.21,0,0,25.0
154,15.72,15.72,15.73,15.73,0,15.73,0,5000.0,19.21,0,0,25.0
154,15.72,15.72,15.73,15.73,0,15.73,0,5000.0,19.21,0,0,25.0
154,15.72,15.72,15.73,15.73,0,15.73,0,5000.0,19.21,0,0,25.0
154,15.72,15.72,15.73,15.73,0,15.73,0,5000.0,19.21,0,0,25.0
154,15.72,15.72,15.73,15.73,0,15.73,0,5000.0,19.21,0,0,25.0
154,15.72,15.72,15.73,15.73,0,15.73,0,5000.0,19.21,0,0,25.0
154,15.72,15.72,15.73,15.73,0,15.73,0,5000.0,19.21,0,0,25.0
154,15.72,15.72,15.73,15.73,0,15.73,0,5000.0,19.21,0,0,25.0
154,15.72,15.72,15.73,15.73,0,15.73,0,5000.0,19.21,0,0,25.0
154,15.72,15.72,15.73,15.73,0,15.73,0,5000.0,19.21,0,0,25.0
154,15.72,15.72,15.73,15.73,0,15.73,0,5000.0,19.21,0,0,25.0
154,15.72,15.72,15.73,15.73,0,15.73,0,5000.0,19.21,0,0,25.0
154,15.72,15.72,15.73,15.73,0,15.73,0,5000.0,19.21,0,0,25.0
155,15.57,15.54,15.57,15.6,0,15.57,0,5000.0,19.21,0,0,25.0
155,15.57,15.54,15.57,15.6,0,15.57,0,5000.0,19.21,0,0,25.0
155,15.57,15.54,15.57,15.6,0,15.57,0,5000.0,19.21,0,0,25.0
155,15.57,15.54,15.57,15.6,0,15.57,0,5000.0,19.21,0,0,25.0
155,15.57,15.54,15.57,15.6,0,15.57,0,5000.0,19.21,0,0,25.0
155,15.57,15.54,15.57,15.6,0,15.57,0,5000.0,19.21,0,0,25.0
155,15.57,15.54,15.57,15.6,0,15.57,0,5000.0,19.21,0,0,25.0
155,15.57,15.54,15.57,15.6,0,15.57,0,5000.0,19.21,0,0,25.0
155,15.57,15.54,15.57,15.6,0,15.57,0,5000.0,19.21,0,0,25.0
155,15.57,15.54,15.57,15.6,0,15.57,0,5000.0,19.21,0,0,25.0
155,15.57,15.54,15.57,15.6,0,15.57,0,5000.0,19.21,0,0,25.0
155,15.57,15.54,15.57,15.6,0,15.57,0,5000.0,19.21,0,0,25.0
155,15.57,15.54,15.57,15.6,0,15.57,0,5000.0,19.21,0,0,25.0
155,15.57,15.54,15.57,15.6,0,15.57,0,5000.0,19.21,0,0,25.0
155,15.57,15.54,15.57,15.6,0,15.57,0,5000.0,19.21,0,0,25.0
155,15.57,15.54,15.57,15.6,0,15.57,0,5000.0,19.21,0,0,25.0
155,15.57,15.54,15.57,15.6,0,15.57,0,5000.0,19.21,0,0,25.0
155,15.57,15.54,15.57,15.6,0,15.57,0,5000.0,19.21,0,0,25.0
155,15.57,15.54,15.55,15.56,0,15.55,0,5000.0,19.21,0,0,25.0
155,15.57,15.54,15.55,15.56,0,15.55,0,5000.0,19.21,0,0,25.0
155,15.57,15.54,15.55,15.56,0,15.55,0,5000.0,19.21,0,0,25.0
155,15.57,15.54,15.55,15.56,0,15.55,0,5000.0,19.21,0,0,25.0
155,15.57,15.54,15.55,15.56,0,15.55,0,5000.0,19.21,0,0,25.0
155,15.57,15.54,15.55,15.56,0,15.55,0,5000.0,19.21,0,0,25.0
155,15.57,15.54,15.55,15.56,0,15.55,0,5000.0,19.21,0,0,25.0
155,15.57,15.54,15.55,15.56,0,15.55,0,5000.0,19.21,0,0,25.0
155,15.57,15.54,15.55,15.56,0,15.55,0,5000.0,19.21,0,0,25.0
155,15.57,15.54,15.55,15.56,0,15.55,0,5000.0,19.21,0,0,25.0
155,15.57,15.54,15.55,15.56,0,15.55,0,5000.0,19.21,0,0,25.0
155,15.57,15.54,15.55,15.56,0,15.55,0,5000.0,19.21,0,0,25.0
155,15.57,15.54,15.55,15.56,0,15.55,0,5000.0,19.21,0,0,25.0
155,15.57,15.54,15.55,15.56,0,15.55,0,5000.0,19.21,0,0,25.0
155,15.57,15.54,15.55,15.56,0,15.55,0,5000.0,19.21,0,0,25.0
155,15.57,15.54,15.55,15.56,0,15.55,0,5000.0,19.21,0,0,25.0
155,15.57,15.54,15.55,15.56,0,15.55,0,5000.0,19.21,0,0,25.0
155,15.57,15.54,15.55,15.56,0,15.55,0,5000.0,19.21,0,0,25.0
155,15.57,15.54,15.55,15.56,0,15.55,0,5000.0,19.21,0,0,25.0
155,15.57,15.54,15.55,15.56,0,15.55,0,5000.0,19.21,0,0,25.0
155,15.57,15.54,15.55,15.56,0,15.55,0,5000.0,19.21,0,0,25.0
155,15.57,15.54,15.55,15.56,0,15.55,0,5000.0,19.21,0,0,25.0
155,15.57,15.54,15.55,15.56,0,15.55,0,5000.0,19.21,0,0,25.0
155,15.57,15.54,15.55,15.56,0,15.55,0,5000.0,19.21,0,0,25.0
155,15.57,15.54,15.55,15.56,0,15.55,0,5000.0,19.21,0,0,25.0
155,15.57,15.54,15.55,15.56,0,15.55,0,5000.0,19.21,0,0,25.0
155,15.57,15.54,15.55,15.56,0,15.55,0,5000.0,19.21,0,0,25.0
155,15.57,15.54,15.55,15.56,0,15.55,0,5000.0,19.21,0,0,25.0
155,15.57,15.54,15.55,15.56,0,15.55,0,5000.0,19.21,0,0,25.0
155,15.57,15.54,15.55,15.56,0,15.55,0,5000.0,19.21,0,0,25.0
155,15.57,15.54,15.55,15.56,0,15.55,0,5000.0,19.21,0,0,25.0
155,15.57,15.54,15.55,15.56,0,15.55,0,5000.0,19.21,0,0,25.0
156,15.82,15.79,15.82,15.85,0,15.82,0,5000.0,19.21,0,0,25.0
156,15.82,15.79,15.82,15.85,0,15.82,0,5000.0,19.21,0,0,25.0
156,15.82,15.79,15.82,15.85,0,15.82,0,5000.0,19.21,0,0,25.0
156,15.82,15.79,15.82,15.85,0,15.82,0,5000.0,19.21,0,0,25.0
156,15.82,15.79,15.82,15.85,0,15.82,0,5000.0,19.21,0,0,25.0
156,15.82,15.79,15.82,15.85,0,15.82,0,5000.0,19.21,0,0,25.0
156,15.82,15.79,15.82,15.85,0,15.82,0,5000.0,19.21,0,0,25.0
156,15.82,15.79,15.82,15.85,0,15.82,0,5000.0,19.21,0,0,25.0
156,15.82,15.79,15.82,15.85,0,15.82,0,5000.0,19.21,0,0,25.0
156,15.82,15.79,15.82,15.85,0,15.82,0,5000.0,19.21,0,0,25.0
156,15.82,15.79,15.82,15.85,0,15.82,0,5000.0,19.21,0,0,25.0
156,15.82,15.79,15.82,15.85,0,15.82,0,5000.0,19.21,0,0,25.0
156,15.82,15.79,15.82,15.85,0,15.82,0,5000.0,19.21,0,0,25.0
156,15.82,15.79,15.82,15.85,0,15.82,0,5000.0,19.21,0,0,25.0
156,15.82,15.79,15.82,15.85,0,15.82,0,5000.0,19.21,0,0,25.0
156,15.82,15.79,15.82,15.85,0,15.82,0,5000.0,19.21,0,0,25.0
156,15.82,15.79,15.82,15.85,0,15.82,0,5000.0,19.21,0,0,25.0
156,15.85,15.81,15.82,15.83,0,15.82,0,5000.0,19.21,0,0,25.0
156,15.85,15.81,15.82,15.83,0,15.82,0,5000.0,19.21,0,0,25.0
156,15.85,15.81,15.82,15.83,0,15.82,0,5000.0,19.21,0,0,25.0
156,15.85,15.81,15.82,15.83,0,15.82,0,5000.0,19.21,0,0,25.0
156,15.85,15.81,15.82,15.83,0,15.82,0,5000.0,19.21,0,0,25.0
156,15.85,15.81,15.82,15.83,0,15.82,0,5000.0,19.21,0,0,25.0
156,15.85,15.81,15.82,15.83,0,15.82,0,5000.0,19.21,0,0,25.0
156,15.85,15.81,15.82,15.83,0,15.82,0,5000.0,19.21,0,0,25.0
156,15.85,15.81,15.82,15.83,0,15.82,0,5000.0,19.21,0,0,25.0
156,15.85,15.81,15.82,15.83,0,15.82,0,5000.0,19.21,0,0,25.0
156,15.85,15.81,15.82,15.83,0,15.82,0,5000.0,19.21,0,0,25.0
156,15.85,15.81,15.82,15.83,0,15.82,0,5000.0,19.21,0,0,25.0
156,15.85,15.81,15.82,15.83,0,15.82,0,5000.0,19.21,0,0,25.0
156,15.85,15.81,15.82,15.83,0,15.82,0,5000.0,19.21,0,0,25.0
156,15.85,15.81,15.82,15.83,0,15.82,0,5000.0,19.21,0,0,25.0
156,15.85,15.81,15.82,15.83,0,15.82,0,5000.0,19.21,0,0,25.0
156,15.85,15.81,15.82,15.83,0,15.82,0,5000.0,19.21,0,0,25.0
156,15.85,15.81,15.82,15.83,0,15.82,0,5000.0,19.21,0,0,25.0
156,15.85,15.81,15.82,15.83,0,15.82,0,5000.0,19.21,0,0,25.0
156,15.85,15.81,15.82,15.83,0,15.82,0,5000.0,19.21,0,0,25.0
156,15.85,15.81,15.82,15.83,0,15.82,0,5000.0,19.21,0,0,25.0
156,15.85,15.81,15.82,15.83,0,15.82,0,5000.0,19.21,0,0,25.0
156,15.85,15.81,15.82,15.83,0,15.82,0,5000.0,19.21,0,0,25.0
156,15.85,15.81,15.82,15.83,0,15.82,0,5000.0,19.21,0,0,25.0
156,15.85,15.81,15.82,15.83,0,15.82,0,5000.0,19.21,0,0,25.0
156,15.85,15.81,15.82,15.83,0,15.82,0,5000.0,19.21,0,0,25.0
156,15.85,15.81,15.82,15.83,0,15.82,0,5000.0,19.21,0,0,25.0
156,15.85,15.81,15.82,15.83,0,15.82,0,5000.0,19.21,0,0,25.0
156,15.85,15.81,15.82,15.83,0,15.82,0,5000.0,19.21,0,0,25.0
156,15.85,15.81,15.82,15.83,0,15.82,0,5000.0,19.21,0,0,25.0
156,15.85,15.81,15.82,15.83,0,15.82,0,5000.0,19.21,0,0,25.0
157,15.16,15.13,15.16,15.19,0,15.16,0,5000.0,19.21,0,0,25.0
157,15.16,15.13,15.16,15.19,0,15.16,0,5000.0,19.21,0,0,25.0
157,15.16,15.13,15.16,15.19,0,15.16,0,5000.0,19.21,0,0,25.0
157,15.16,15.13,15.16,15.19,0,15.16,0,5000.0,19.21,0,0,25.0
157,15.16,15.13,15.16,15.19,0,15.16,0,5000.0,19.21,0,0,25.0
157,15.16,15.13,15.16,15.19,0,15.16,0,5000.0,19.21,0,0,25.0
157,15.16,15.13,15.16,15.19,0,15.16,0,5000.0,19.21,0,0,25.0
157,15.16,15.13,15.16,15.19,0,15.16,0,5000.0,19.21,0,0,25.0
157,15.16,15.13,15.16,15.19,0,15.16,0,5000.0,19.21,0,0,25.0
157,15.16,15.13,15.16,15.19,0,15.16,0,5000.0,19.21,0,0,25.0
157,15.16,15.13,15.16,15.19,0,15.16,0,5000.0,19.21,0,0,25.0
157,15.16,15.13,15.16,15.19,0,15.16,0,5000.0,19.21,0,0,25.0
157,15.16,15.13,15.16,15.19,0,15.16,0,5000.0,19.21,0,0,25.0
157,15.16,15.13,15.16,15.19,0,15.16,0,5000.0,19.21,0,0,25.0
157,15.16,15.13,15.16,15.19,0,15.16,0,5000.0,19.21,0,0,25.0
157,15.16,15.13,15.16,15.19,0,15.16,0,5000.0,19.21,0,0,25.0
157,15.16,15.13,15.16,15.19,0,15.16,0,5000.0,19.21,0,0,25.0
157,15.16,15.13,15.16,15.19,0,15.16,0,5000.0,19.21,0,0,25.0
157,15.19,15.13,15.14,15.16,0,15.14,0,5000.0,19.21,0,0,25.0
157,15.19,15.13,15.14,15.16,0,15.14,0,5000.0,19.21,0,0,25.0
157,15.19,15.13,15.14,15.16,0,15.14,0,5000.0,19.21,0,0,25.0
157,15.19,15.13,15.14,15.16,0,15.14,0,5000.0,19.21,0,0,25.0
157,15.19,15.13,15.14,15.16,0,15.14,0,5000.0,19.21,0,0,25.0
157,15.19,15.13,15.14,15.16,0,15.14,0,5000.0,19.21,0,0,25.0
157,15.19,15.13,15.14,15.16,0,15.14,0,5000.0,19.21,0,0,25.0
157,15.19,15.13,15.14,15.16,0,15.14,0,5000.0,19.21,0,0,25.0
157,15.19,15.13,15.14,15.16,0,15.14,0,5000.0,19.21,0,0,25.0
157,15.19,15.13,15.14,15.16,0,15.14,0,5000.0,19.21,0,0,25.0
157,15.19,15.13,15.14,15.16,0,15.14,0,5000.0,19.21,0,0,25.0
157,15.19,15.13,15.14,15.16,0,15.14,0,5000.0,19.21,0,0,25.0
157,15.19,15.13,15.14,15.16,0,15.14,0,5000.0,19.21,0,0,25.0
157,15.19,15.13,15.14,15.16,0,15.14,0,5000.0,19.21,0,0,25.0
157,15.19,15.13,15.14,15.16,0,15.14,0,5000.0,19.21,0,0,25.0
157,15.19,15.13,15.14,15.16,0,15.14,0,5000.0,19.21,0,0,25.0
157,15.19,15.13,15.14,15.16,0,15.14,0,5000.0,19.21,0,0,25.0
157,15.19,15.13,15.14,15.16,0,15.14,0,5000.0,19.21,0,0,25.0
157,15.19,15.13,15.14,15.16,0,15.14,0,5000.0,19.21,0,0,25.0
157,15.19,15.13,15.14,15.16,0,15.14,0,5000.0,19.21,0,0,25.0
157,15.19,15.13,15.14,15.16,0,15.14,0,5000.0,19.21,0,0,25.0
157,15.19,15.13,15.14,15.16,0,15.14,0,5000.0,19.21,0,0,25.0
157,15.19,15.13,15.14,15.16,0,15.14,0,5000.0,19.21,0,0,25.0
157,15.19,15.13,15.14,15.16,0,15.14,0,5000.0,19.21,0,0,25.0
157,15.19,15.13,15.16,15.19,0,15.16,0,5000.0,19.21,0,0,25.0
157,15.19,15.13,15.16,15.19,0,15.16,0,5000.0,19.21,0,0,25.0
157,15.19,15.13,15.16,15.19,0,15.16,0,5000.0,19.21,0,0,25.0
157,15.19,15.13,15.16,15.19,0,15.16,0,5000.0,19.21,0,0,25.0
157,15.19,15.13,15.16,15.19,0,15.16,0,5000.0,19.21,0,0,25.0
157,15.19,15.13,15.16,15.19,0,15.16,0,5000.0,19.21,0,0,25.0
158,14.86,14.83,14.86,14.89,0,14.86,0,5000.0,19.21,0,0,25.0
158,14.86,14.83,14.86,14.89,0,14.86,0,5000.0,19.21,0,0,25.0
158,14.86,14.83,14.86,14.89,0,14.86,0,5000.0,19.21,0,0,25.0
158,14.86,14.83,14.86,14.89,0,14.86,0,5000.0,19.21,0,0,25.0
158,14.89,14.83,14.86,14.89,0,14.86,0,5000.0,19.21,0,0,25.0
158,14.89,14.83,14.86,14.89,0,14.86,0,5000.0,19.21,0,0,25.0
158,14.89,14.83,14.86,14.89,0,14.86,0,5000.0,19.21,0,0,25.0
158,14.89,14.83,14.86,14.89,0,14.86,0,5000.0,19.21,0,0,25.0
158,14.89,14.83,14.86,14.89,0,14.86,0,5000.0,19.21,0,0,25.0
158,14.89,14.83,14.86,14.89,0,14.86,0,5000.0,19.21,0,0,25.0
158,14.89,14.83,14.86,14.89,0,14.86,0,5000.0,19.21,0,0,25.0
158,14.89,14.83,14.86,14.89,0,14.86,0,5000.0,19.21,0,0,25.0
158,14.89,14.83,14.86,14.89,0,14.86,0,5000.0,19.21,0,0,25.0
158,14.89,14.83,14.86,14.89,0,14.86,0,5000.0,19.21,0,0,25.0
158,14.89,14.83,14.86,14.89,0,14.86,0,5000.0,19.21,0,0,25.0
158,14.89,14.83,14.86,14.89,0,14.86,0,5000.0,19.21,0,0,25.0
158,14.89,14.83,14.86,14.89,0,14.86,0,5000.0,19.21,0,0,25.0
158,14.89,14.83,14.86,14.89,0,14.86,0,5000.0,19.21,0,0,25.0
158,14.89,14.83,14.86,14.89,0,14.86,0,5000.0,19.21,0,0,25.0
158,14.89,14.83,14.86,14.89,0,14.86,0,5000.0,19.21,0,0,25.0
158,14.89,14.83,14.86,14.89,0,14.86,0,5000.0,19.21,0,0,25.0
158,14.89,14.83,14.86,14.89,0,14.86,0,5000.0,19.21,0,0,25.0
158,14.89,14.83,14.86,14.89,0,14.86,0,5000.0,19.21,0,0,25.0
158,14.89,14.83,14.86,14.89,0,14.86,0,5000.0,19.21,0,0,25.0
158,14.89,14.83,14.86,14.89,0,14.86,0,5000.0,19.21,0,0,25.0
158,14.89,14.83,14.86,14.89,0,14.86,0,5000.0,19.21,0,0,25.0
158,14.89,14.83,14.86,14.89,0,14.86,0,5000.0,19.21,0,0,25.0
158,14.89,14.83,14.86,14.89,0,14.86,0,5000.0,19.21,0,0,25.0
158,14.89,14.83,14.86,14.89,0,14.86,0,5000.0,19.21,0,0,25.0
158,14.89,14.83,14.86,14.89,0,14.86,0,5000.0,19.21,0,0,25.0
158,14.89,14.83,14.86,14.89,0,14.86,0,5000.0,19.21,0,0,25.0
158,14.89,14.83,14.86,14.89,0,14.86,0,5000.0,19.21,0,0,25.0
158,14.89,14.83,14.86,14.89,0,14.86,0,5000.0,19.21,0,0,25.0
158,14.89,14.83,14.86,14.89,0,14.86,0,5000.0,19.21,0,0,25.0
158,14.89,14.83,14.86,14.89,0,14.86,0,5000.0,19.21,0,0,25.0
158,14.89,14.83,14.86,14.89,0,14.86,0,5000.0,19.21,0,0,25.0
158,14.89,14.83,14.86,14.89,0,14.86,0,5000.0,19.21,0,0,25.0
158,14.89,14.83,14.86,14.89,0,14.86,0,5000.0,19.21,0,0,25.0
158,14.89,14.83,14.86,14.89,0,14.86,0,5000.0,19.21,0,0,25.0
158,14.89,14.83,14.86,14.89,0,14.86,0,5000.0,19.21,0,0,25.0
158,14.89,14.83,14.86,14.89,0,14.86,0,5000.0,19.21,0,0,25.0
158,14.89,14.83,14.86,14.89,0,14.86,0,5000.0,19.21,0,0,25.0
158,14.89,14.87,14.88,14.89,0,14.88,0,5000.0,19.21,0,0,25.0
158,14.89,14.87,14.88,14.89,0,14.88,0,5000.0,19.21,0,0,25.0
158,14.89,14.87,14.88,14.89,0,14.88,0,5000.0,19.21,0,0,25.0
158,14.89,14.87,14.88,14.89,0,14.88,0,5000.0,19.21,0,0,25.0
158,14.89,14.87,14.88,14.89,0,14.88,0,5000.0,19.21,0,0,25.0
158,14.89,14.87,14.88,14.89,0,14.88,0,5000.0,19.21,0,0,25.0
158,14.89,14.87,14.88,14.89,0,14.88,0,5000.0,19.21,0,0,25.0
159,15.09,15.06,15.09,15.12,0,15.09,0,5000.0,19.21,0,0,25.0
159,15.09,15.06,15.09,15.12,0,15.09,0,5000.0,19.21,0,0,25.0
159,15.09,15.06,15.09,15.12,0,15.09,0,5000.0,19.21,0,0,25.0
159,15.09,15.06,15.09,15.12,0,15.09,0,5000.0,19.21,0,0,25.0
159,15.09,15.06,15.09,15.12,0,15.09,0,5000.0,19.21,0,0,25.0
159,15.09,15.06,15.09,15.12,0,15.09,0,5000.0,19.21,0,0,25.0
159,15.09,15.06,15.09,15.12,0,15.09,0,5000.0,19.21,0,0,25.0
159,15.09,15.06,15.09,15.12,0,15.09,0,5000.0,19.21,0,0,25.0
159,15.09,15.06,15.09,15.12,0,15.09,0,5000.0,19.21,0,0,25.0
159,15.09,15.06,15.09,15.12,0,15.09,0,5000.0,19.21,0,0,25.0
159,15.09,15.06,15.09,15.12,0,15.09,0,5000.0,19.21,0,0,25.0
159,15.09,15.06,15.09,15.12,0,15.09,0,5000.0,19.21,0,0,25.0
159,15.09,15.06,15.09,15.12,0,15.09,0,5000.0,19.21,0,0,25.0
159,15.09,15.06,15.09,15.12,0,15.09,0,5000.0,19.21,0,0,25.0
159,15.09,15.06,15.09,15.12,0,15.09,0,5000.0,19.21,0,0,25.0
159,15.09,15.06,15.09,15.12,0,15.09,0,5000.0,19.21,0,0,25.0
159,15.09,15.06,15.09,15.12,0,15.09,0,5000.0,19.21,0,0,25.0
159,15.09,15.07,15.08,15.09,0,15.08,0,5000.0,19.21,0,0,25.0
159,15.09,15.07,15.08,15.09,0,15.08,0,5000.0,19.21,0,0,25.0
159,15.09,15.07,15.08,15.09,0,15.08,0,5000.0,19.21,0,0,25.0
159,15.09,15.07,15.08,15.09,0,15.08,0,5000.0,19.21,0,0,25.0
159,15.09,15.07,15.08,15.09,0,15.08,0,5000.0,19.21,0,0,25.0
159,15.09,15.07,15.08,15.09,0,15.08,0,5000.0,19.21,0,0,25.0
159,15.09,15.07,15.08,15.09,0,15.08,0,5000.0,19.21,0,0,25.0
159,15.09,15.07,15.08,15.09,0,15.08,0,5000.0,19.21,0,0,25.0
159,15.09,15.07,15.08,15.09,0,15.08,0,5000.0,19.21,0,0,25.0
159,15.09,15.07,15.08,15.09,0,15.08,0,5000.0,19.21,0,0,25.0
159,15.09,15.07,15.08,15.09,0,15.08,0,5000.0,19.21,0,0,25.0
159,15.09,15.07,15.08,15.09,0,15.08,0,5000.0,19.21,0,0,25.0
159,15.09,15.07,15.08,15.09,0,15.08,0,5000.0,19.21,0,0,25.0
159,15.09,15.07,15.08,15.09,0,15.08,0,5000.0,19.21,0,0,25.0
159,15.09,15.07,15.08,15.09,0,15.08,0,5000.0,19.21,0,0,25.0
159,15.09,15.07,15.08,15.09,0,15.08,0,5000.0,19.21,0,0,25.0
159,15.09,15.07,15.08,15.09,0,15.08,0,5000.0,19.21,0,0,25.0
159,15.09,15.07,15.08,15.09,0,15.08,0,5000.0,19.21,0,0,25.0
159,15.09,15.07,15.08,15.09,0,15.08,0,5000.0,19.21,0,0,25.0
159,15.09,15.07,15.08,15.09,0,15.08,0,5000.0,19.21,0,0,25.0
159,15.09,15.07,15.08,15.09,0,15.08,0,5000.0,19.21,0,0,25.0
159,15.09,15.07,15.08,15.09,0,15.08,0,5000.0,19.21,0,0,25.0
159,15.09,15.07,15.08,15.09,0,15.08,0,5000.0,19.21,0,0,25.0
159,15.09,15.07,15.08,15.09,0,15.08,0,5000.0,19.21,0,0,25.0
159,15.09,15.07,15.08,15.09,0,15.08,0,5000.0,19.21,0,0,25.0
159,15.07,15.07,15.08,15.09,0,15.08,0,5000.0,19.21,0,0,25.0
159,15.07,15.07,15.08,15.09,0,15.08,0,5000.0,19.21,0,0,25.0
159,15.07,15.07,15.08,15.09,0,15.08,0,5000.0,19.21,0,0,25.0
159,15.07,15.07,15.08,15.09,0,15.08,0,5000.0,19.21,0,0,25.0
159,15.07,15.07,15.08,15.09,0,15.08,0,5000.0,19.21,0,0,25.0
159,15.07,15.07,15.08,15.09,0,15.08,0,5000.0,19.21,0,0,25.0
160,15.27,15.24,15.27,15.3,0,15.27,0,5000.0,19.21,0,0,25.0
160,15.27,15.24,15.27,15.3,0,15.27,0,5000.0,19.21,0,0,25.0
160,15.27,15.24,15.27,15.3,0,15.27,0,5000.0,19.21,0,0,25.0
160,15.27,15.24,15.27,15.3,0,15.27,0,5000.0,19.21,0,0,25.0
160,15.27,15.24,15.27,15.3,0,15.27,0,5000.0,19.21,0,0,25.0
160,15.27,15.24,15.25,15.27,0,15.25,0,5000.0,19.21,0,0,25.0
160,15.27,15.24,15.25,15.27,0,15.25,0,5000.0,19.21,0,0,25.0
160,15.27,15.24,15.25,15.27,0,15.25,0,5000.0,19.21,0,0,25.0
160,15.27,15.24,15.25,15.27,0,15.25,0,5000.0,19.21,0,0,25.0
160,15.27,15.24,15.25,15.27,0,15.25,0,5000.0,19.21,0,0,25.0
160,15.27,15.24,15.25,15.27,0,15.25,0,5000.0,19.21,0,0,25.0
160,15.27,15.24,15.25,15.27,0,15.25,0,5000.0,19.21,0,0,25.0
160,15.27,15.24,15.25,15.27,0,15.25,0,5000.0,19.21,0,0,25.0
160,15.27,15.24,15.25,15.27,0,15.25,0,5000.0,19.21,0,0,25.0
160,15.27,15.24,15.25,15.27,0,15.25,0,5000.0,19.21,0,0,25.0
160,15.27,15.24,15.25,15.27,0,15.25,0,5000.0,19.21,0,0,25.0
160,15.27,15.24,15.25,15.27,0,15.25,0,5000.0,19.21,0,0,25.0
160,15.27,15.24,15.25,15.27,0,15.25,0,5000.0,19.21,0,0,25.0
160,15.27,15.24,15.25,15.27,0,15.25,0,5000.0,19.21,0,0,25.0
160,15.27,15.24,15.25,15.27,0,15.25,0,5000.0,19.21,0,0,25.0
160,15.27,15.24,15.25,15.27,0,15.25,0,5000.0,19.21,0,0,25.0
160,15.27,15.24,15.25,15.27,0,15.25,0,5000.0,19.21,0,0,25.0
160,15.27,15.24,15.25,15.27,0,15.25,0,5000.0,19.21,0,0,25.0
160,15.27,15.24,15.25,15.27,0,15.25,0,5000.0,19.21,0,0,25.0
160,15.27,15.26,15.27,15.27,0,15.27,0,5000.0,19.21,0,0,25.0
160,15.27,15.26,15.27,15.27,0,15.27,0,5000.0,19.21,0,0,25.0
160,15.27,15.26,15.27,15.27,0,15.27,0,5000.0,19.21,0,0,25.0
160,15.27,15.26,15.27,15.27,0,15.27,0,5000.0,19.21,0,0,25.0
160,15.27,15.26,15.27,15.27,0,15.27,0,5000.0,19.21,0,0,25.0
160,15.27,15.26,15.27,15.27,0,15.27,0,5000.0,19.21,0,0,25.0
160,15.26,15.24,15.25,15.25,0,15.25,0,5000.0,19.21,0,0,25.0
160,15.26,15.24,15.25,15.25,0,15.25,0,5000.0,19.21,0,0,25.0
160,15.26,15.24,15.25,15.25,0,15.25,0,5000.0,19.21,0,0,25.0
160,15.26,15.24,15.25,15.25,0,15.25,0,5000.0,19.21,0,0,25.0
160,15.26,15.24,15.25,15.25,0,15.25,0,5000.0,19.21,0,0,25.0
161,16.13,16.1,16.13,16.16,0,16.13,0,5000.0,19.21,0,0,25.0
161,16.13,16.1,16.11,16.12,0,16.11,0,5000.0,19.21,0,0,25.0
161,16.13,16.1,16.11,16.12,0,16.11,0,5000.0,19.21,0,0,25.0
161,16.13,16.1,16.11,16.12,0,16.11,0,5000.0,19.21,0,0,25.0
161,16.13,16.1,16.11,16.12,0,16.11,0,5000.0,19.21,0,0,25.0
161,16.13,16.1,16.11,16.12,0,16.11,0,5000.0,19.21,0,0,25.0
161,16.13,16.1,16.11,16.12,0,16.11,0,5000.0,19.21,0,0,25.0
161,16.13,16.1,16.11,16.12,0,16.11,0,5000.0,19.21,0,0,25.0
161,16.13,16.1,16.11,16.12,0,16.11,0,5000.0,19.21,0,0,25.0
161,16.13,16.1,16.11,16.12,0,16.11,0,5000.0,19.21,0,0,25.0
161,16.13,16.1,16.11,16.12,0,16.11,0,5000.0,19.21,0,0,25.0
161,16.13,16.1,16.11,16.12,0,16.11,0,5000.0,19.21,0,0,25.0
161,16.13,16.1,16.11,16.12,0,16.11,0,5000.0,19.21,0,0,25.0
161,16.13,16.1,16.11,16.12,0,16.11,0,5000.0,19.21,0,0,25.0
161,16.13,16.1,16.11,16.12,0,16.11,0,5000.0,19.21,0,0,25.0
161,16.13,16.1,16.11,16.12,0,16.11,0,5000.0,19.21,0,0,25.0
161,16.13,16.1,16.11,16.12,0,16.11,0,5000.0,19.21,0,0,25.0
161,16.13,16.1,16.11,16.12,0,16.11,0,5000.0,19.21,0,0,25.0
161,16.13,16.1,16.11,16.12,0,16.11,0,5000.0,19.21,0,0,25.0
161,16.13,16.1,16.11,16.12,0,16.11,0,5000.0,19.21,0,0,25.0
161,16.13,16.1,16.11,16.12,0,16.11,0,5000.0,19.21,0,0,25.0
161,16.13,16.1,16.11,16.12,0,16.11,0,5000.0,19.21,0,0,25.0
161,16.13,16.1,16.11,16.12,0,16.11,0,5000.0,19.21,0,0,25.0
161,16.13,16.1,16.11,16.12,0,16.11,0,5000.0,19.21,0,0,25.0
161,16.13,16.1,16.11,16.12,0,16.11,0,5000.0,19.21,0,0,25.0
161,16.13,16.1,16.11,16.12,0,16.11,0,5000.0,19.21,0,0,25.0
161,16.13,16.1,16.11,16.12,0,16.11,0,5000.0,19.21,0,0,25.0
161,16.13,16.1,16.11,16.12,0,16.11,0,5000.0,19.21,0,0,25.0
161,16.13,16.1,16.11,16.12,0,16.11,0,5000.0,19.21,0,0,25.0
161,16.13,16.1,16.11,16.12,0,16.11,0,5000.0,19.21,0,0,25.0
161,16.13,16.1,16.11,16.12,0,16.11,0,5000.0,19.21,0,0,25.0
161,16.13,16.1,16.11,16.12,0,16.11,0,5000.0,19.21,0,0,25.0
161,16.13,16.1,16.11,16.12,0,16.11,0,5000.0,19.21,0,0,25.0
161,16.13,16.1,16.11,16.12,0,16.11,0,5000.0,19.21,0,0,25.0
161,16.13,16.1,16.11,16.12,0,16.11,0,5000.0,19.21,0,0,25.0
161,16.13,16.1,16.11,16.12,0,16.11,0,5000.0,19.21,0,0,25.0
161,16.12,16.1,16.11,16.12,0,16.11,0,5000.0,19.21,0,0,25.0
161,16.12,16.1,16.11,16.12,0,16.11,0,5000.0,19.21,0,0,25.0
161,16.12,16.1,16.11,16.12,0,16.11,0,5000.0,19.21,0,0,25.0
161,16.12,16.1,16.11,16.12,0,16.11,0,5000.0,19.21,0,0,25.0
161,16.12,16.1,16.11,16.12,0,16.11,0,5000.0,19.21,0,0,25.0
161,16.12,16.1,16.11,16.12,0,16.11,0,5000.0,19.21,0,0,25.0
162,16.26,16.23,16.26,16.29,0,16.26,0,5000.0,19.21,0,0,25.0
162,16.26,16.23,16.26,16.29,0,16.26,0,5000.0,19.21,0,0,25.0
162,16.26,16.23,16.26,16.29,0,16.26,0,5000.0,19.21,0,0,25.0
162,16.26,16.23,16.26,16.29,0,16.26,0,5000.0,19.21,0,0,25.0
162,16.26,16.23,16.26,16.29,0,16.26,0,5000.0,19.21,0,0,25.0
162,16.26,16.23,16.26,16.29,0,16.26,0,5000.0,19.21,0,0,25.0
162,16.26,16.23,16.26,16.29,0,16.26,0,5000.0,19.21,0,0,25.0
162,16.26,16.23,16.26,16.29,0,16.26,0,5000.0,19.21,0,0,25.0
162,16.26,16.23,16.26,16.29,0,16.26,0,5000.0,19.21,0,0,25.0
162,16.26,16.23,16.26,16.29,0,16.26,0,5000.0,19.21,0,0,25.0
162,16.26,16.23,16.26,16.29,0,16.26,0,5000.0,19.21,0,0,25.0
162,16.26,16.23,16.26,16.29,0,16.26,0,5000.0,19.21,0,0,25.0
162,16.26,16.23,16.26,16.29,0,16.26,0,5000.0,19.21,0,0,25.0
162,16.26,16.23,16.26,16.29,0,16.26,0,5000.0,19.21,0,0,25.0
162,16.26,16.23,16.26,16.29,0,16.26,0,5000.0,19.21,0,0,25.0
162,16.26,16.23,16.26,16.29,0,16.26,0,5000.0,19.21,0,0,25.0
162,16.26,16.23,16.26,16.29,0,16.26,0,5000.0,19.21,0,0,25.0
162,16.26,16.23,16.26,16.29,0,16.26,0,5000.0,19.21,0,0,25.0
162,16.26,16.23,16.26,16.29,0,16.26,0,5000.0,19.21,0,0,25.0
162,16.26,16.23,16.26,16.29,0,16.26,0,5000.0,19.21,0,0,25.0
162,16.26,16.23,16.26,16.29,0,16.26,0,5000.0,19.21,0,0,25.0
162,16.26,16.23,16.26,16.29,0,16.26,0,5000.0,19.21,0,0,25.0
162,16.26,16.23,16.26,16.29,0,16.26,0,5000.0,19.21,0,0,25.0
162,16.26,16.23,16.26,16.29,0,16.26,0,5000.0,19.21,0,0,25.0
162,16.26,16.23,16.26,16.29,0,16.26,0,5000.0,19.21,0,0,25.0
162,16.26,16.23,16.26,16.29,0,16.26,0,5000.0,19.21,0,0,25.0
162,16.26,16.23,16.26,16.29,0,16.26,0,5000.0,19.21,0,0,25.0
162,16.26,16.23,16.26,16.29,0,16.26,0,5000.0,19.21,0,0,25.0
162,16.26,16.23,16.26,16.29,0,16.26,0,5000.0,19.21,0,0,25.0
162,16.26,16.23,16.26,16.29,0,16.26,0,5000.0,19.21,0,0,25.0
162,16.29,16.23,16.26,16.29,0,16.26,0,5000.0,19.21,0,0,25.0
162,16.29,16.23,16.26,16.29,0,16.26,0,5000.0,19.21,0,0,25.0
162,16.29,16.23,16.26,16.29,0,16.26,0,5000.0,19.21,0,0,25.0
162,16.29,16.23,16.26,16.29,0,16.26,0,5000.0,19.21,0,0,25.0
162,16.29,16.23,16.26,16.29,0,16.26,0,5000.0,19.21,0,0,25.0
162,16.29,16.23,16.26,16.29,0,16.26,0,5000.0,19.21,0,0,25.0
162,16.29,16.23,16.26,16.29,0,16.26,0,5000.0,19.21,0,0,25.0
162,16.29,16.23,16.26,16.29,0,16.26,0,5000.0,19.21,0,0,25.0
162,16.29,16.23,16.26,16.29,0,16.26,0,5000.0,19.21,0,0,25.0
162,16.29,16.23,16.26,16.29,0,16.26,0,5000.0,19.21,0,0,25.0
162,16.29,16.23,16.26,16.29,0,16.26,0,5000.0,19.21,0,0,25.0
162,16.29,16.23,16.26,16.29,0,16.26,0,5000.0,19.21,0,0,25.0
162,16.29,16.23,16.26,16.29,0,16.26,0,5000.0,19.21,0,0,25.0
162,16.29,16.23,16.26,16.29,0,16.26,0,5000.0,19.21,0,0,25.0
162,16.29,16.23,16.26,16.29,0,16.26,0,5000.0,19.21,0,0,25.0
162,16.29,16.23,16.26,16.29,0,16.26,0,5000.0,19.21,0,0,25.0
162,16.29,16.23,16.26,16.29,0,16.26,0,5000.0,19.21,0,0,25.0
162,16.29,16.23,16.26,16.29,0,16.26,0,5000.0,19.21,0,0,25.0
163,16.26,16.23,16.26,16.29,0,16.26,0,5000.0,19.21,0,0,25.0
163,16.26,16.23,16.26,16.29,0,16.26,0,5000.0,19.21,0,0,25.0
163,16.26,16.23,16.26,16.29,0,16.26,0,5000.0,19.21,0,0,25.0
163,16.26,16.23,16.26,16.29,0,16.26,0,5000.0,19.21,0,0,25.0
163,16.26,16.25,16.27,16.28,0,16.27,0,5000.0,19.21,0,0,25.0
163,16.26,16.25,16.27,16.28,0,16.27,0,5000.0,19.21,0,0,25.0
163,16.26,16.25,16.27,16.28,0,16.27,0,5000.0,19.21,0,0,25.0
163,16.26,16.25,16.27,16.28,0,16.27,0,5000.0,19.21,0,0,25.0
163,16.26,16.25,16.27,16.28,0,16.27,0,5000.0,19.21,0,0,25.0
163,16.26,16.25,16.27,16.28,0,16.27,0,5000.0,19.21,0,0,25.0
163,16.26,16.25,16.27,16.28,0,16.27,0,5000.0,19.21,0,0,25.0
163,16.26,16.25,16.27,16.28,0,16.27,0,5000.0,19.21,0,0,25.0
163,16.26,16.25,16.27,16.28,0,16.27,0,5000.0,19.21,0,0,25.0
163,16.26,16.25,16.27,16.28,0,16.27,0,5000.0,19.21,0,0,25.0
163,16.26,16.25,16.27,16.28,0,16.27,0,5000.0,19.21,0,0,25.0
163,16.26,16.25,16.27,16.28,0,16.27,0,5000.0,19.21,0,0,25.0
163,16.26,16.25,16.27,16.28,0,16.27,0,5000.0,19.21,0,0,25.0
163,16.26,16.25,16.27,16.28,0,16.27,0,5000.0,19.21,0,0,25.0
163,16.26,16.25,16.27,16.28,0,16.27,0,5000.0,19.21,0,0,25.0
163,16.26,16.25,16.27,16.28,0,16.27,0,5000.0,19.21,0,0,25.0
163,16.26,16.25,16.27,16.28,0,16.27,0,5000.0,19.21,0,0,25.0
163,16.26,16.25,16.27,16.28,0,16.27,0,5000.0,19.21,0,0,25.0
163,16.26,16.25,16.27,16.28,0,16.27,0,5000.0,19.21,0,0,25.0
163,16.26,16.25,16.27,16.28,0,16.27,0,5000.0,19.21,0,0,25.0
163,16.26,16.25,16.27,16.28,0,16.27,0,5000.0,19.21,0,0,25.0
163,16.26,16.25,16.27,16.28,0,16.27,0,5000.0,19.21,0,0,25.0
163,16.26,16.25,16.27,16.28,0,16.27,0,5000.0,19.21,0,0,25.0
163,16.26,16.25,16.27,16.28,0,16.27,0,5000.0,19.21,0,0,25.0
163,16.26,16.25,16.27,16.28,0,16.27,0,5000.0,19.21,0,0,25.0
163,16.26,16.25,16.27,16.28,0,16.27,0,5000.0,19.21,0,0,25.0
163,16.26,16.25,16.27,16.28,0,16.27,0,5000.0,19.21,0,0,25.0
163,16.26,16.25,16.27,16.28,0,16.27,0,5000.0,19.21,0,0,25.0
163,16.26,16.25,16.27,16.28,0,16.27,0,5000.0,19.21,0,0,25.0
163,16.26,16.25,16.27,16.28,0,16.27,0,5000.0,19.21,0,0,25.0
163,16.26,16.25,16.27,16.28,0,16.27,0,5000.0,19.21,0,0,25.0
163,16.26,16.25,16.27,16.28,0,16.27,0,5000.0,19.21,0,0,25.0
163,16.26,16.25,16.27,16.28,0,16.27,0,5000.0,19.21,0,0,25.0
163,16.26,16.25,16.27,16.28,0,16.27,0,5000.0,19.21,0,0,25.0
163,16.26,16.25,16.27,16.28,0,16.27,0,5000.0,19.21,0,0,25.0
163,16.26,16.25,16.27,16.28,0,16.27,0,5000.0,19.21,0,0,25.0
163,16.26,16.25,16.27,16.28,0,16.27,0,5000.0,19.21,0,0,25.0
163,16.26,16.25,16.27,16.28,0,16.27,0,5000.0,19.21,0,0,25.0
163,16.26,16.25,16.27,16.28,0,16.27,0,5000.0,19.21,0,0,25.0
163,16.26,16.25,16.27,16.28,0,16.27,0,5000.0,19.21,0,0,25.0
163,16.26,16.25,16.27,16.28,0,16.27,0,5000.0,19.21,0,0,25.0
163,16.26,16.25,16.27,16.28,0,16.27,0,5000.0,19.21,0,0,25.0
163,16.26,16.25,16.27,16.28,0,16.27,0,5000.0,19.21,0,0,25.0
163,16.26,16.25,16.27,16.28,0,16.27,0,5000.0,19.21,0,0,25.0
164,16.41,16.38,16.41,16.44,0,16.41,0,5000.0,19.21,0,0,25.0
164,16.41,16.38,16.41,16.44,0,16.41,0,5000.0,19.21,0,0,25.0
164,16.41,16.38,16.41,16.44,0,16.41,0,5000.0,19.21,0,0,25.0
164,16.44,16.39,16.41,16.44,0,16.41,0,5000.0,19.21,0,0,25.0
164,16.44,16.39,16.41,16.44,0,16.41,0,5000.0,19.21,0,0,25.0
164,16.44,16.39,16.41,16.44,0,16.41,0,5000.0,19.21,0,0,25.0
164,16.44,16.39,16.41,16.44,0,16.41,0,5000.0,19.21,0,0,25.0
164,16.44,16.39,16.41,16.44,0,16.41,0,5000.0,19.21,0,0,25.0
164,16.44,16.39,16.41,16.44,0,16.41,0,5000.0,19.21,0,0,25.0
164,16.44,16.39,16.41,16.44,0,16.41,0,5000.0,19.21,0,0,25.0
164,16.44,16.39,16.41,16.44,0,16.41,0,5000.0,19.21,0,0,25.0
164,16.44,16.39,16.41,16.44,0,16.41,0,5000.0,19.21,0,0,25.0
164,16.44,16.39,16.41,16.44,0,16.41,0,5000.0,19.21,0,0,25.0
164,16.44,16.39,16.41,16.44,0,16.41,0,5000.0,19.21,0,0,25.0
164,16.44,16.39,16.41,16.44,0,16.41,0,5000.0,19.21,0,0,25.0
164,16.44,16.39,16.41,16.44,0,16.41,0,5000.0,19.21,0,0,25.0
164,16.44,16.39,16.41,16.44,0,16.41,0,5000.0,19.21,0,0,25.0
164,16.44,16.39,16.41,16.44,0,16.41,0,5000.0,19.21,0,0,25.0
164,16.44,16.39,16.41,16.44,0,16.41,0,5000.0,19.21,0,0,25.0
164,16.44,16.39,16.41,16.44,0,16.41,0,5000.0,19.21,0,0,25.0
164,16.44,16.39,16.41,16.44,0,16.41,0,5000.0,19.21,0,0,25.0
164,16.44,16.39,16.41,16.44,0,16.41,0,5000.0,19.21,0,0,25.0
164,16.44,16.39,16.41,16.44,0,16.41,0,5000.0,19.21,0,0,25.0
164,16.44,16.39,16.41,16.44,0,16.41,0,5000.0,19.21,0,0,25.0
164,16.38,16.38,16.41,16.44,0,16.41,0,5000.0,19.21,0,0,25.0
164,16.38,16.38,16.41,16.44,0,16.41,0,5000.0,19.21,0,0,25.0
164,16.38,16.38,16.41,16.44,0,16.41,0,5000.0,19.21,0,0,25.0
164,16.38,16.38,16.41,16.44,0,16.41,0,5000.0,19.21,0,0,25.0
164,16.38,16.38,16.41,16.44,0,16.41,0,5000.0,19.21,0,0,25.0
164,16.38,16.38,16.41,16.44,0,16.41,0,5000.0,19.21,0,0,25.0
164,16.38,16.38,16.41,16.44,0,16.41,0,5000.0,19.21,0,0,25.0
164,16.38,16.38,16.41,16.44,0,16.41,0,5000.0,19.21,0,0,25.0
164,16.38,16.38,16.41,16.44,0,16.41,0,5000.0,19.21,0,0,25.0
164,16.38,16.38,16.41,16.44,0,16.41,0,5000.0,19.21,0,0,25.0
164,16.38,16.38,16.41,16.44,0,16.41,0,5000.0,19.21,0,0,25.0
164,16.38,16.38,16.41,16.44,0,16.41,0,5000.0,19.21,0,0,25.0
164,16.38,16.38,16.41,16.44,0,16.41,0,5000.0,19.21,0,0,25.0
164,16.38,16.38,16.41,16.44,0,16.41,0,5000.0,19.21,0,0,25.0
164,16.38,16.38,16.41,16.44,0,16.41,0,5000.0,19.21,0,0,25.0
164,16.38,16.38,16.41,16.44,0,16.41,0,5000.0,19.21,0,0,25.0
164,16.38,16.38,16.41,16.44,0,16.41,0,5000.0,19.21,0,0,25.0
165,16.06,16.03,16.06,16.09,0,16.06,0,5000.0,19.21,0,0,25.0
165,16.06,16.03,16.06,16.09,0,16.06,0,5000.0,19.21,0,0,25.0
165,16.06,16.03,16.06,16.09,0,16.06,0,5000.0,19.21,0,0,25.0
165,16.06,16.03,16.06,16.09,0,16.06,0,5000.0,19.21,0,0,25.0
165,16.06,16.03,16.06,16.09,0,16.06,0,5000.0,19.21,0,0,25.0
165,16.06,16.03,16.06,16.09,0,16.06,0,5000.0,19.21,0,0,25.0
165,16.06,16.03,16.06,16.09,0,16.06,0,5000.0,19.21,0,0,25.0
165,16.06,16.03,16.06,16.09,0,16.06,0,5000.0,19.21,0,0,25.0
165,16.06,16.03,16.06,16.09,0,16.06,0,5000.0,19.21,0,0,25.0
165,16.06,16.03,16.06,16.09,0,16.06,0,5000.0,19.21,0,0,25.0
165,16.06,16.03,16.06,16.09,0,16.06,0,5000.0,19.21,0,0,25.0
165,16.06,16.03,16.06,16.09,0,16.06,0,5000.0,19.21,0,0,25.0
165,16.06,16.03,16.06,16.09,0,16.06,0,5000.0,19.21,0,0,25.0
165,16.06,16.03,16.06,16.09,0,16.06,0,5000.0,19.21,0,0,25.0
165,16.06,16.03,16.06,16.09,0,16.06,0,5000.0,19.21,0,0,25.0
165,16.06,16.03,16.06,16.09,0,16.06,0,5000.0,19.21,0,0,25.0
165,16.06,16.06,16.07,16.09,0,16.07,0,5000.0,19.21,0,0,25.0
165,16.06,16.06,16.07,16.09,0,16.07,0,5000.0,19.21,0,0,25.0
165,16.06,16.06,16.07,16.09,0,16.07,0,5000.0,19.21,0,0,25.0
165,16.06,16.06,16.07,16.09,0,16.07,0,5000.0,19.21,0,0,25.0
165,16.06,16.06,16.07,16.09,0,16.07,0,5000.0,19.21,0,0,25.0
165,16.06,16.06,16.07,16.09,0,16.07,0,5000.0,19.21,0,0,25.0
165,16.06,16.06,16.07,16.09,0,16.07,0,5000.0,19.21,0,0,25.0
165,16.06,16.06,16.07,16.09,0,16.07,0,5000.0,19.21,0,0,25.0
165,16.06,16.06,16.07,16.09,0,16.07,0,5000.0,19.21,0,0,25.0
165,16.06,16.06,16.07,16.09,0,16.07,0,5000.0,19.21,0,0,25.0
165,16.06,16.06,16.07,16.09,0,16.07,0,5000.0,19.21,0,0,25.0
165,16.06,16.06,16.07,16.09,0,16.07,0,5000.0,19.21,0,0,25.0
165,16.06,16.06,16.07,16.09,0,16.07,0,5000.0,19.21,0,0,25.0
