tick,last,bid,mid,ask,current_bid,mid,current_ask,position,position_vwap,pnl_per_share,realized
26,20.29,20.3,20.31,20.32,20.25,20.31,20.37,0.0,0.0,0.0,0.0
26,20.29,20.3,20.31,20.32,20.25,20.31,20.37,0.0,0.0,0.0,0.0
26,20.29,20.3,20.31,20.32,20.25,20.31,20.37,0.0,0.0,0.0,0.0
26,20.29,20.3,20.31,20.32,20.25,20.31,20.37,0.0,0.0,0.0,0.0
26,20.29,20.3,20.31,20.32,20.25,20.31,20.37,0.0,0.0,0.0,0.0
26,20.29,20.3,20.31,20.32,20.25,20.31,20.37,0.0,0.0,0.0,0.0
26,20.29,20.3,20.31,20.32,20.25,20.31,20.37,0.0,0.0,0.0,0.0
26,20.29,20.3,20.31,20.32,20.25,20.31,20.37,0.0,0.0,0.0,0.0
26,20.29,20.3,20.31,20.32,20.25,20.31,20.37,0.0,0.0,0.0,0.0
26,20.29,20.3,20.31,20.32,20.25,20.31,20.37,0.0,0.0,0.0,0.0
26,20.29,20.3,20.31,20.32,20.25,20.31,20.37,0.0,0.0,0.0,0.0
26,20.29,20.3,20.31,20.32,20.25,20.31,20.37,0.0,0.0,0.0,0.0
26,20.29,20.3,20.31,20.32,20.25,20.31,20.37,0.0,0.0,0.0,0.0
26,20.29,20.3,20.31,20.32,20.25,20.31,20.37,0.0,0.0,0.0,0.0
27,20.38,20.35,20.36,20.37,20.25,20.36,20.37,0.0,0.0,0.0,0.0
27,20.38,20.35,20.36,20.37,20.25,20.36,20.37,0.0,0.0,0.0,0.0
27,20.38,20.35,20.36,20.37,20.25,20.36,20.37,0.0,0.0,0.0,0.0
27,20.38,20.35,20.36,20.37,20.25,20.36,20.37,0.0,0.0,0.0,0.0
27,20.38,20.35,20.36,20.37,20.25,20.36,20.37,0.0,0.0,0.0,0.0
27,20.38,20.35,20.36,20.37,20.25,20.36,20.37,0.0,0.0,0.0,0.0
27,20.38,20.35,20.36,20.37,20.25,20.36,20.37,0.0,0.0,0.0,0.0
27,20.38,20.35,20.36,20.37,20.25,20.36,20.37,0.0,0.0,0.0,0.0
27,20.38,20.35,20.36,20.37,20.25,20.36,20.37,0.0,0.0,0.0,0.0
27,20.38,20.35,20.36,20.37,20.25,20.36,20.37,0.0,0.0,0.0,0.0
27,20.38,20.35,20.36,20.37,20.25,20.36,20.37,0.0,0.0,0.0,0.0
27,20.38,20.35,20.36,20.37,20.25,20.36,20.37,0.0,0.0,0.0,0.0
27,20.37,20.39,20.4,20.41,20.34,20.4,20.64,-5000.0,20.37,-0.03,25.0
27,20.37,20.39,20.4,20.41,20.34,20.4,20.64,-5000.0,20.37,-0.03,25.0
27,20.37,20.39,20.4,20.41,20.34,20.4,20.64,-5000.0,20.37,-0.03,25.0
27,20.37,20.39,20.4,20.41,20.34,20.4,20.64,-5000.0,20.37,-0.03,25.0
27,20.37,20.39,20.4,20.41,20.34,20.4,20.64,-5000.0,20.37,-0.03,25.0
27,20.37,20.39,20.4,20.41,20.34,20.4,20.64,-5000.0,20.37,-0.03,25.0
27,20.37,20.39,20.4,20.41,20.34,20.4,20.64,-5000.0,20.37,-0.03,25.0
27,20.37,20.39,20.4,20.41,20.34,20.4,20.64,-5000.0,20.37,-0.03,25.0
27,20.37,20.39,20.4,20.41,20.34,20.4,20.64,-5000.0,20.37,-0.03,25.0
27,20.39,20.39,20.4,20.41,20.34,20.4,20.46,0.0,0.0,0.0,-225.0
27,20.39,20.39,20.4,20.41,20.34,20.4,20.46,0.0,0.0,0.0,-225.0
27,20.39,20.39,20.4,20.41,20.34,20.4,20.46,0.0,0.0,0.0,-225.0
27,20.39,20.39,20.4,20.41,20.34,20.4,20.46,0.0,0.0,0.0,-225.0
27,20.39,20.39,20.4,20.41,20.34,20.4,20.46,0.0,0.0,0.0,-225.0
27,20.39,20.39,20.4,20.41,20.34,20.4,20.46,0.0,0.0,0.0,-225.0
27,20.39,20.39,20.4,20.41,20.34,20.4,20.46,0.0,0.0,0.0,-225.0
27,20.39,20.39,20.4,20.41,20.34,20.4,20.46,0.0,0.0,0.0,-225.0
27,20.39,20.39,20.4,20.41,20.34,20.4,20.46,0.0,0.0,0.0,-225.0
27,20.39,20.39,20.4,20.41,20.34,20.4,20.46,0.0,0.0,0.0,-225.0
27,20.39,20.39,20.4,20.41,20.34,20.4,20.46,0.0,0.0,0.0,-225.0
27,20.39,20.39,20.4,20.41,20.34,20.4,20.46,0.0,0.0,0.0,-225.0
27,20.39,20.39,20.4,20.41,20.34,20.4,20.46,0.0,0.0,0.0,-225.0
27,20.39,20.39,20.4,20.41,20.34,20.4,20.46,0.0,0.0,0.0,-225.0
27,20.39,20.39,20.4,20.41,20.34,20.4,20.46,0.0,0.0,0.0,-225.0
27,20.39,20.39,20.4,20.41,20.34,20.4,20.46,0.0,0.0,0.0,-225.0
27,20.39,20.39,20.4,20.41,20.34,20.4,20.46,0.0,0.0,0.0,-225.0
27,20.39,20.39,20.4,20.41,20.34,20.4,20.46,0.0,0.0,0.0,-225.0
27,20.39,20.39,20.4,20.41,20.34,20.4,20.46,0.0,0.0,0.0,-225.0
27,20.39,20.39,20.4,20.41,20.34,20.4,20.46,0.0,0.0,0.0,-225.0
27,20.39,20.39,20.4,20.41,20.34,20.4,20.46,0.0,0.0,0.0,-225.0
27,20.39,20.39,20.4,20.41,20.34,20.4,20.46,0.0,0.0,0.0,-225.0
27,20.39,20.39,20.4,20.41,20.34,20.4,20.46,0.0,0.0,0.0,-225.0
27,20.31,20.28,20.31,20.34,20.07,20.31,20.37,5000.0,20.34,-0.03,-200.0
28,20.31,20.28,20.31,20.34,20.07,20.31,20.37,5000.0,20.34,-0.03,-200.0
28,20.31,20.28,20.31,20.34,20.07,20.31,20.37,5000.0,20.34,-0.03,-200.0
28,20.31,20.28,20.31,20.34,20.07,20.31,20.37,5000.0,20.34,-0.03,-200.0
28,20.31,20.28,20.31,20.34,20.07,20.31,20.37,5000.0,20.34,-0.03,-200.0
28,20.31,20.28,20.31,20.34,20.07,20.31,20.37,5000.0,20.34,-0.03,-200.0
28,20.31,20.28,20.31,20.34,20.07,20.31,20.37,5000.0,20.34,-0.03,-200.0
28,20.31,20.28,20.3,20.32,20.07,20.3,20.37,5000.0,20.34,-0.04,-200.0
28,20.31,20.28,20.3,20.32,20.07,20.3,20.37,5000.0,20.34,-0.04,-200.0
28,20.31,20.28,20.3,20.32,20.07,20.3,20.37,5000.0,20.34,-0.04,-200.0
28,20.31,20.28,20.3,20.32,20.07,20.3,20.37,5000.0,20.34,-0.04,-200.0
28,20.31,20.28,20.3,20.32,20.07,20.3,20.37,5000.0,20.34,-0.04,-200.0
28,20.31,20.28,20.3,20.32,20.07,20.3,20.37,5000.0,20.34,-0.04,-200.0
28,20.31,20.28,20.3,20.32,20.07,20.3,20.37,5000.0,20.34,-0.04,-200.0
28,20.31,20.28,20.3,20.32,20.07,20.3,20.37,5000.0,20.34,-0.04,-200.0
28,20.31,20.28,20.3,20.32,20.07,20.3,20.37,5000.0,20.34,-0.04,-200.0
28,20.31,20.28,20.3,20.32,20.07,20.3,20.37,5000.0,20.34,-0.04,-200.0
28,20.28,20.28,20.3,20.32,20.24,20.3,20.36,0.0,0.0,0.0,-550.0
28,20.28,20.28,20.3,20.32,20.24,20.3,20.36,0.0,0.0,0.0,-550.0
28,20.28,20.28,20.3,20.32,20.24,20.3,20.36,0.0,0.0,0.0,-550.0
28,20.28,20.28,20.3,20.32,20.24,20.3,20.36,0.0,0.0,0.0,-550.0
28,20.28,20.28,20.3,20.32,20.24,20.3,20.36,0.0,0.0,0.0,-550.0
28,20.28,20.28,20.3,20.32,20.24,20.3,20.36,0.0,0.0,0.0,-550.0
28,20.28,20.28,20.3,20.32,20.24,20.3,20.36,0.0,0.0,0.0,-550.0
28,20.28,20.28,20.3,20.32,20.24,20.3,20.36,0.0,0.0,0.0,-550.0
28,20.28,20.28,20.3,20.32,20.24,20.3,20.36,0.0,0.0,0.0,-550.0
28,20.28,20.28,20.3,20.32,20.24,20.3,20.36,0.0,0.0,0.0,-550.0
28,20.28,20.28,20.3,20.32,20.24,20.3,20.36,0.0,0.0,0.0,-550.0
28,20.28,20.28,20.3,20.32,20.24,20.3,20.36,0.0,0.0,0.0,-550.0
28,20.28,20.28,20.3,20.32,20.24,20.3,20.36,0.0,0.0,0.0,-550.0
28,20.28,20.28,20.3,20.32,20.24,20.3,20.36,0.0,0.0,0.0,-550.0
28,20.28,20.28,20.3,20.32,20.24,20.3,20.36,0.0,0.0,0.0,-550.0
28,20.28,20.28,20.3,20.32,20.24,20.3,20.36,0.0,0.0,0.0,-550.0
28,20.28,20.28,20.3,20.32,20.24,20.3,20.36,0.0,0.0,0.0,-550.0
28,20.28,20.28,20.3,20.32,20.24,20.3,20.36,0.0,0.0,0.0,-550.0
28,20.28,20.28,20.3,20.32,20.24,20.3,20.36,0.0,0.0,0.0,-550.0
28,20.28,20.28,20.3,20.32,20.24,20.3,20.36,0.0,0.0,0.0,-550.0
28,20.28,20.28,20.3,20.32,20.24,20.3,20.36,0.0,0.0,0.0,-550.0
28,20.28,20.28,20.3,20.32,20.24,20.3,20.36,0.0,0.0,0.0,-550.0
28,20.28,20.28,20.3,20.32,20.24,20.3,20.36,0.0,0.0,0.0,-550.0
28,20.28,20.28,20.3,20.32,20.24,20.3,20.36,0.0,0.0,0.0,-550.0
28,20.28,20.28,20.3,20.32,20.24,20.3,20.36,0.0,0.0,0.0,-550.0
29,20.29,20.26,20.29,20.32,20.24,20.29,20.36,0.0,0.0,0.0,-550.0
29,20.29,20.26,20.29,20.32,20.24,20.29,20.36,0.0,0.0,0.0,-550.0
29,20.29,20.26,20.29,20.32,20.24,20.29,20.36,0.0,0.0,0.0,-550.0
29,20.29,20.26,20.29,20.32,20.24,20.29,20.36,0.0,0.0,0.0,-550.0
29,20.29,20.26,20.29,20.32,20.24,20.29,20.36,0.0,0.0,0.0,-550.0
29,20.29,20.26,20.29,20.32,20.24,20.29,20.36,0.0,0.0,0.0,-550.0
29,20.29,20.26,20.29,20.32,20.24,20.29,20.36,0.0,0.0,0.0,-550.0
29,20.29,20.26,20.29,20.32,20.24,20.29,20.36,0.0,0.0,0.0,-550.0
29,20.29,20.26,20.29,20.32,20.24,20.29,20.36,0.0,0.0,0.0,-550.0
29,20.29,20.26,20.29,20.32,20.24,20.29,20.36,0.0,0.0,0.0,-550.0
29,20.29,20.26,20.29,20.32,20.24,20.29,20.36,0.0,0.0,0.0,-550.0
29,20.29,20.26,20.29,20.32,20.24,20.29,20.36,0.0,0.0,0.0,-550.0
29,20.29,20.26,20.29,20.32,20.24,20.29,20.36,0.0,0.0,0.0,-550.0
29,20.29,20.26,20.29,20.32,20.24,20.29,20.36,0.0,0.0,0.0,-550.0
29,20.29,20.26,20.29,20.32,20.24,20.29,20.36,0.0,0.0,0.0,-550.0
29,20.29,20.26,20.29,20.32,20.24,20.29,20.36,0.0,0.0,0.0,-550.0
29,20.29,20.26,20.29,20.32,20.24,20.29,20.36,0.0,0.0,0.0,-550.0
29,20.29,20.26,20.29,20.32,20.24,20.29,20.36,0.0,0.0,0.0,-550.0
29,20.29,20.26,20.29,20.32,20.24,20.29,20.36,0.0,0.0,0.0,-550.0
29,20.29,20.26,20.29,20.32,20.24,20.29,20.36,0.0,0.0,0.0,-550.0
29,20.29,20.26,20.29,20.32,20.24,20.29,20.36,0.0,0.0,0.0,-550.0
29,20.29,20.26,20.29,20.32,20.24,20.29,20.36,0.0,0.0,0.0,-550.0
29,20.29,20.26,20.29,20.32,20.24,20.29,20.36,0.0,0.0,0.0,-550.0
29,20.29,20.26,20.29,20.32,20.24,20.29,20.36,0.0,0.0,0.0,-550.0
29,20.29,20.26,20.29,20.32,20.24,20.29,20.36,0.0,0.0,0.0,-550.0
29,20.32,20.26,20.29,20.32,20.24,20.29,20.36,0.0,0.0,0.0,-550.0
29,20.32,20.26,20.29,20.32,20.24,20.29,20.36,0.0,0.0,0.0,-550.0
29,20.32,20.26,20.29,20.32,20.24,20.29,20.36,0.0,0.0,0.0,-550.0
29,20.32,20.26,20.29,20.32,20.24,20.29,20.36,0.0,0.0,0.0,-550.0
29,20.32,20.26,20.29,20.32,20.24,20.29,20.36,0.0,0.0,0.0,-550.0
29,20.32,20.26,20.29,20.32,20.24,20.29,20.36,0.0,0.0,0.0,-550.0
29,20.32,20.26,20.29,20.32,20.24,20.29,20.36,0.0,0.0,0.0,-550.0
29,20.32,20.26,20.29,20.32,20.24,20.29,20.36,0.0,0.0,0.0,-550.0
29,20.32,20.26,20.29,20.32,20.24,20.29,20.36,0.0,0.0,0.0,-550.0
29,20.32,20.26,20.29,20.32,20.24,20.29,20.36,0.0,0.0,0.0,-550.0
29,20.32,20.26,20.29,20.32,20.24,20.29,20.36,0.0,0.0,0.0,-550.0
29,20.32,20.26,20.29,20.32,20.24,20.29,20.36,0.0,0.0,0.0,-550.0
29,20.32,20.26,20.29,20.32,20.24,20.29,20.36,0.0,0.0,0.0,-550.0
29,20.32,20.26,20.29,20.32,20.24,20.29,20.36,0.0,0.0,0.0,-550.0
29,20.32,20.26,20.29,20.32,20.24,20.29,20.36,0.0,0.0,0.0,-550.0
29,20.32,20.26,20.29,20.32,20.24,20.29,20.36,0.0,0.0,0.0,-550.0
29,20.32,20.26,20.29,20.32,20.24,20.29,20.36,0.0,0.0,0.0,-550.0
29,20.32,20.26,20.29,20.32,20.24,20.29,20.36,0.0,0.0,0.0,-550.0
29,20.32,20.26,20.29,20.32,20.24,20.29,20.36,0.0,0.0,0.0,-550.0
29,20.32,20.26,20.29,20.32,20.24,20.29,20.36,0.0,0.0,0.0,-550.0
29,20.32,20.26,20.29,20.32,20.24,20.29,20.36,0.0,0.0,0.0,-550.0
29,20.32,20.26,20.29,20.32,20.24,20.29,20.36,0.0,0.0,0.0,-550.0
29,20.32,20.26,20.29,20.32,20.24,20.29,20.36,0.0,0.0,0.0,-550.0
29,20.32,20.26,20.29,20.32,20.24,20.29,20.36,0.0,0.0,0.0,-550.0
29,20.32,20.26,20.29,20.32,20.24,20.29,20.36,0.0,0.0,0.0,-550.0
29,20.32,20.26,20.29,20.32,20.24,20.29,20.36,0.0,0.0,0.0,-550.0
29,20.32,20.26,20.29,20.32,20.24,20.29,20.36,0.0,0.0,0.0,-550.0
29,20.32,20.26,20.29,20.32,20.24,20.29,20.36,0.0,0.0,0.0,-550.0
29,20.19,20.16,20.19,20.22,19.95,20.19,20.25,5000.0,20.24,-0.05,-525.0
30,20.19,20.16,20.19,20.22,19.95,20.19,20.25,5000.0,20.24,-0.05,-525.0
30,20.19,20.16,20.19,20.22,19.95,20.19,20.25,5000.0,20.24,-0.05,-525.0
30,20.19,20.16,20.19,20.22,19.95,20.19,20.25,5000.0,20.24,-0.05,-525.0
30,20.19,20.16,20.19,20.22,19.95,20.19,20.25,5000.0,20.24,-0.05,-525.0
30,20.19,20.16,20.19,20.22,19.95,20.19,20.25,5000.0,20.24,-0.05,-525.0
30,20.19,20.16,20.19,20.22,19.95,20.19,20.25,5000.0,20.24,-0.05,-525.0
30,20.16,20.16,20.18,20.19,20.11,20.18,20.25,0.0,0.0,0.0,-975.0
30,20.16,20.16,20.18,20.19,20.11,20.18,20.25,0.0,0.0,0.0,-975.0
30,20.16,20.16,20.18,20.19,20.11,20.18,20.25,0.0,0.0,0.0,-975.0
30,20.16,20.16,20.18,20.19,20.11,20.18,20.25,0.0,0.0,0.0,-975.0
30,20.16,20.16,20.18,20.19,20.11,20.18,20.25,0.0,0.0,0.0,-975.0
30,20.16,20.16,20.18,20.19,20.11,20.18,20.25,0.0,0.0,0.0,-975.0
30,20.16,20.16,20.18,20.19,20.11,20.18,20.25,0.0,0.0,0.0,-975.0
30,20.16,20.16,20.18,20.19,20.11,20.18,20.25,0.0,0.0,0.0,-975.0
30,20.16,20.16,20.18,20.19,20.11,20.18,20.25,0.0,0.0,0.0,-975.0
30,20.16,20.16,20.18,20.19,20.11,20.18,20.25,0.0,0.0,0.0,-975.0
30,20.16,20.16,20.18,20.19,20.11,20.18,20.25,0.0,0.0,0.0,-975.0
30,20.16,20.16,20.18,20.19,20.11,20.18,20.25,0.0,0.0,0.0,-975.0
30,20.16,20.16,20.18,20.19,20.11,20.18,20.25,0.0,0.0,0.0,-975.0
30,20.16,20.16,20.18,20.19,20.11,20.18,20.25,0.0,0.0,0.0,-975.0
30,20.16,20.16,20.18,20.19,20.11,20.18,20.25,0.0,0.0,0.0,-975.0
30,20.16,20.16,20.18,20.19,20.11,20.18,20.25,0.0,0.0,0.0,-975.0
30,20.16,20.16,20.18,20.19,20.11,20.18,20.25,0.0,0.0,0.0,-975.0
30,20.16,20.16,20.18,20.19,20.11,20.18,20.25,0.0,0.0,0.0,-975.0
30,20.16,20.16,20.18,20.19,20.11,20.18,20.25,0.0,0.0,0.0,-975.0
30,20.16,20.16,20.18,20.19,20.11,20.18,20.25,0.0,0.0,0.0,-975.0
30,20.16,20.16,20.18,20.19,20.11,20.18,20.25,0.0,0.0,0.0,-975.0
30,20.16,20.16,20.18,20.19,20.11,20.18,20.25,0.0,0.0,0.0,-975.0
30,20.16,20.16,20.18,20.19,20.11,20.18,20.25,0.0,0.0,0.0,-975.0
30,20.16,20.16,20.18,20.19,20.11,20.18,20.25,0.0,0.0,0.0,-975.0
30,20.16,20.16,20.18,20.19,20.11,20.18,20.25,0.0,0.0,0.0,-975.0
30,20.16,20.16,20.18,20.19,20.11,20.18,20.25,0.0,0.0,0.0,-975.0
30,20.16,20.16,20.18,20.19,20.11,20.18,20.25,0.0,0.0,0.0,-975.0
30,20.16,20.16,20.18,20.19,20.11,20.18,20.25,0.0,0.0,0.0,-975.0
30,20.16,20.16,20.18,20.19,20.11,20.18,20.25,0.0,0.0,0.0,-975.0
30,20.16,20.16,20.18,20.19,20.11,20.18,20.25,0.0,0.0,0.0,-975.0
30,20.16,20.16,20.18,20.19,20.11,20.18,20.25,0.0,0.0,0.0,-975.0
30,20.16,20.16,20.18,20.19,20.11,20.18,20.25,0.0,0.0,0.0,-975.0
30,20.16,20.16,20.18,20.19,20.11,20.18,20.25,0.0,0.0,0.0,-975.0
30,20.16,20.16,20.18,20.19,20.11,20.18,20.25,0.0,0.0,0.0,-975.0
30,20.16,20.16,20.18,20.19,20.11,20.18,20.25,0.0,0.0,0.0,-975.0
30,20.16,20.16,20.18,20.19,20.11,20.18,20.25,0.0,0.0,0.0,-975.0
30,20.16,20.16,20.18,20.19,20.11,20.18,20.25,0.0,0.0,0.0,-975.0
30,20.16,20.16,20.18,20.19,20.11,20.18,20.25,0.0,0.0,0.0,-975.0
31,20.22,20.19,20.22,20.25,20.11,20.22,20.25,0.0,0.0,0.0,-975.0
31,20.22,20.19,20.22,20.25,20.11,20.22,20.25,0.0,0.0,0.0,-975.0
31,20.22,20.19,20.22,20.25,20.11,20.22,20.25,0.0,0.0,0.0,-975.0
31,20.22,20.19,20.22,20.25,20.11,20.22,20.25,0.0,0.0,0.0,-975.0
31,20.22,20.19,20.22,20.25,20.11,20.22,20.25,0.0,0.0,0.0,-975.0
31,20.22,20.19,20.22,20.25,20.11,20.22,20.25,0.0,0.0,0.0,-975.0
31,20.22,20.19,20.22,20.25,20.11,20.22,20.25,0.0,0.0,0.0,-975.0
31,20.22,20.19,20.22,20.25,20.11,20.22,20.25,0.0,0.0,0.0,-975.0
31,20.22,20.19,20.22,20.25,20.11,20.22,20.25,0.0,0.0,0.0,-975.0
31,20.22,20.19,20.22,20.25,20.11,20.22,20.25,0.0,0.0,0.0,-975.0
31,20.22,20.19,20.22,20.25,20.11,20.22,20.25,0.0,0.0,0.0,-975.0
31,20.22,20.19,20.22,20.25,20.11,20.22,20.25,0.0,0.0,0.0,-975.0
31,20.22,20.19,20.22,20.25,20.11,20.22,20.25,0.0,0.0,0.0,-975.0
31,20.22,20.19,20.22,20.25,20.11,20.22,20.25,0.0,0.0,0.0,-975.0
31,20.22,20.19,20.22,20.25,20.11,20.22,20.25,0.0,0.0,0.0,-975.0
31,20.22,20.19,20.22,20.25,20.11,20.22,20.25,0.0,0.0,0.0,-975.0
31,20.22,20.19,20.22,20.25,20.11,20.22,20.25,0.0,0.0,0.0,-975.0
31,20.22,20.19,20.22,20.25,20.11,20.22,20.25,0.0,0.0,0.0,-975.0
31,20.22,20.19,20.22,20.25,20.11,20.22,20.25,0.0,0.0,0.0,-975.0
31,20.22,20.19,20.22,20.25,20.11,20.22,20.25,0.0,0.0,0.0,-975.0
31,20.22,20.19,20.22,20.25,20.11,20.22,20.25,0.0,0.0,0.0,-975.0
31,20.22,20.19,20.22,20.25,20.11,20.22,20.25,0.0,0.0,0.0,-975.0
31,20.22,20.19,20.22,20.25,20.11,20.22,20.25,0.0,0.0,0.0,-975.0
31,20.22,20.19,20.22,20.25,20.11,20.22,20.25,0.0,0.0,0.0,-975.0
31,20.22,20.19,20.22,20.25,20.11,20.22,20.25,0.0,0.0,0.0,-975.0
31,20.22,20.19,20.22,20.25,20.11,20.22,20.25,0.0,0.0,0.0,-975.0
31,20.22,20.22,20.23,20.25,20.11,20.23,20.25,0.0,0.0,0.0,-975.0
31,20.22,20.22,20.23,20.25,20.11,20.23,20.25,0.0,0.0,0.0,-975.0
31,20.22,20.22,20.23,20.25,20.11,20.23,20.25,0.0,0.0,0.0,-975.0
31,20.22,20.22,20.23,20.25,20.11,20.23,20.25,0.0,0.0,0.0,-975.0
31,20.22,20.22,20.23,20.25,20.11,20.23,20.25,0.0,0.0,0.0,-975.0
31,20.22,20.22,20.23,20.25,20.11,20.23,20.25,0.0,0.0,0.0,-975.0
31,20.22,20.22,20.23,20.25,20.11,20.23,20.25,0.0,0.0,0.0,-975.0
31,20.22,20.22,20.23,20.25,20.11,20.23,20.25,0.0,0.0,0.0,-975.0
31,20.22,20.22,20.23,20.25,20.11,20.23,20.25,0.0,0.0,0.0,-975.0
31,20.22,20.22,20.23,20.25,20.11,20.23,20.25,0.0,0.0,0.0,-975.0
31,20.22,20.22,20.23,20.25,20.11,20.23,20.25,0.0,0.0,0.0,-975.0
31,20.22,20.22,20.23,20.25,20.11,20.23,20.25,0.0,0.0,0.0,-975.0
31,20.22,20.22,20.23,20.25,20.11,20.23,20.25,0.0,0.0,0.0,-975.0
31,20.22,20.22,20.23,20.25,20.11,20.23,20.25,0.0,0.0,0.0,-975.0
31,20.22,20.22,20.23,20.25,20.11,20.23,20.25,0.0,0.0,0.0,-975.0
31,20.22,20.22,20.23,20.25,20.11,20.23,20.25,0.0,0.0,0.0,-975.0
31,20.22,20.22,20.23,20.25,20.11,20.23,20.25,0.0,0.0,0.0,-975.0
31,20.22,20.22,20.23,20.25,20.11,20.23,20.25,0.0,0.0,0.0,-975.0
31,20.22,20.22,20.23,20.25,20.11,20.23,20.25,0.0,0.0,0.0,-975.0
31,20.22,20.22,20.23,20.25,20.11,20.23,20.25,0.0,0.0,0.0,-975.0
31,20.22,20.22,20.23,20.25,20.11,20.23,20.25,0.0,0.0,0.0,-975.0
31,20.22,20.22,20.23,20.25,20.11,20.23,20.25,0.0,0.0,0.0,-975.0
31,20.22,20.22,20.23,20.25,20.11,20.23,20.25,0.0,0.0,0.0,-975.0
31,20.22,20.22,20.23,20.25,20.11,20.23,20.25,0.0,0.0,0.0,-975.0
31,20.22,20.22,20.23,20.25,20.11,20.23,20.25,0.0,0.0,0.0,-975.0
31,20.22,20.22,20.23,20.25,20.11,20.23,20.25,0.0,0.0,0.0,-975.0
31,20.22,20.22,20.23,20.25,20.11,20.23,20.25,0.0,0.0,0.0,-975.0
31,20.22,20.22,20.23,20.25,20.11,20.23,20.25,0.0,0.0,0.0,-975.0
31,20.26,20.23,20.24,20.25,20.11,20.24,20.25,0.0,0.0,0.0,-975.0
32,20.26,20.23,20.24,20.25,20.11,20.24,20.25,0.0,0.0,0.0,-975.0
32,20.26,20.23,20.24,20.25,20.11,20.24,20.25,0.0,0.0,0.0,-975.0
32,20.26,20.23,20.24,20.25,20.11,20.24,20.25,0.0,0.0,0.0,-975.0
32,20.26,20.23,20.24,20.25,20.11,20.24,20.25,0.0,0.0,0.0,-975.0
32,20.26,20.23,20.24,20.25,20.11,20.24,20.25,0.0,0.0,0.0,-975.0
32,20.26,20.23,20.24,20.25,20.11,20.24,20.25,0.0,0.0,0.0,-975.0
32,20.26,20.23,20.24,20.25,20.11,20.24,20.25,0.0,0.0,0.0,-975.0
32,20.26,20.23,20.24,20.25,20.11,20.24,20.25,0.0,0.0,0.0,-975.0
32,20.26,20.23,20.24,20.25,20.11,20.24,20.25,0.0,0.0,0.0,-975.0
32,20.26,20.23,20.24,20.25,20.11,20.24,20.25,0.0,0.0,0.0,-975.0
32,20.26,20.23,20.24,20.25,20.11,20.24,20.25,0.0,0.0,0.0,-975.0
32,20.26,20.23,20.24,20.25,20.11,20.24,20.25,0.0,0.0,0.0,-975.0
32,20.26,20.23,20.24,20.25,20.11,20.24,20.25,0.0,0.0,0.0,-975.0
32,20.26,20.23,20.24,20.25,20.11,20.24,20.25,0.0,0.0,0.0,-975.0
32,20.26,20.23,20.24,20.25,20.11,20.24,20.25,0.0,0.0,0.0,-975.0
32,20.26,20.23,20.24,20.25,20.11,20.24,20.25,0.0,0.0,0.0,-975.0
32,20.26,20.23,20.24,20.25,20.11,20.24,20.25,0.0,0.0,0.0,-975.0
32,20.26,20.23,20.24,20.25,20.11,20.24,20.25,0.0,0.0,0.0,-975.0
32,20.26,20.23,20.24,20.25,20.11,20.24,20.25,0.0,0.0,0.0,-975.0
32,20.26,20.23,20.24,20.25,20.11,20.24,20.25,0.0,0.0,0.0,-975.0
32,20.26,20.23,20.24,20.25,20.11,20.24,20.25,0.0,0.0,0.0,-975.0
32,20.26,20.23,20.24,20.25,20.11,20.24,20.25,0.0,0.0,0.0,-975.0
32,20.26,20.23,20.24,20.25,20.11,20.24,20.25,0.0,0.0,0.0,-975.0
32,20.25,20.23,20.24,20.25,20.17,20.24,20.52,-5000.0,20.25,0.01,-950.0
32,20.25,20.23,20.24,20.25,20.17,20.24,20.52,-5000.0,20.25,0.01,-950.0
32,20.25,20.23,20.24,20.25,20.17,20.24,20.52,-5000.0,20.25,0.01,-950.0
32,20.25,20.23,20.24,20.25,20.17,20.24,20.52,-5000.0,20.25,0.01,-950.0
32,20.25,20.23,20.24,20.25,20.17,20.24,20.52,-5000.0,20.25,0.01,-950.0
32,20.25,20.23,20.24,20.25,20.17,20.24,20.52,-5000.0,20.25,0.01,-950.0
32,20.25,20.23,20.24,20.25,20.17,20.24,20.52,-5000.0,20.25,0.01,-950.0
32,20.25,20.23,20.24,20.25,20.17,20.24,20.31,0.0,0.0,0.0,-1000.0
32,20.25,20.23,20.24,20.25,20.17,20.24,20.31,0.0,0.0,0.0,-1000.0
32,20.25,20.23,20.24,20.25,20.17,20.24,20.31,0.0,0.0,0.0,-1000.0
32,20.25,20.23,20.24,20.25,20.17,20.24,20.31,0.0,0.0,0.0,-1000.0
32,20.25,20.23,20.24,20.25,20.17,20.24,20.31,0.0,0.0,0.0,-1000.0
32,20.25,20.23,20.24,20.25,20.17,20.24,20.31,0.0,0.0,0.0,-1000.0
32,20.25,20.23,20.24,20.25,20.17,20.24,20.31,0.0,0.0,0.0,-1000.0
32,20.25,20.23,20.24,20.25,20.17,20.24,20.31,0.0,0.0,0.0,-1000.0
32,20.25,20.23,20.24,20.25,20.17,20.24,20.31,0.0,0.0,0.0,-1000.0
32,20.25,20.23,20.24,20.25,20.17,20.24,20.31,0.0,0.0,0.0,-1000.0
32,20.25,20.23,20.24,20.25,20.17,20.24,20.31,0.0,0.0,0.0,-1000.0
32,20.23,20.23,20.24,20.25,20.17,20.24,20.31,0.0,0.0,0.0,-1000.0
33,20.29,20.26,20.29,20.31,20.17,20.29,20.31,0.0,0.0,0.0,-1000.0
33,20.29,20.26,20.29,20.31,20.17,20.29,20.31,0.0,0.0,0.0,-1000.0
33,20.29,20.26,20.29,20.31,20.17,20.29,20.31,0.0,0.0,0.0,-1000.0
33,20.29,20.26,20.29,20.31,20.17,20.29,20.31,0.0,0.0,0.0,-1000.0
33,20.29,20.26,20.29,20.31,20.17,20.29,20.31,0.0,0.0,0.0,-1000.0
33,20.29,20.26,20.29,20.31,20.17,20.29,20.31,0.0,0.0,0.0,-1000.0
33,20.29,20.26,20.29,20.31,20.17,20.29,20.31,0.0,0.0,0.0,-1000.0
33,20.29,20.26,20.29,20.31,20.17,20.29,20.31,0.0,0.0,0.0,-1000.0
33,20.29,20.26,20.29,20.31,20.17,20.29,20.31,0.0,0.0,0.0,-1000.0
33,20.29,20.26,20.29,20.31,20.17,20.29,20.31,0.0,0.0,0.0,-1000.0
33,20.29,20.26,20.28,20.3,20.17,20.28,20.31,0.0,0.0,0.0,-1000.0
33,20.29,20.26,20.28,20.3,20.17,20.28,20.31,0.0,0.0,0.0,-1000.0
33,20.29,20.26,20.28,20.3,20.17,20.28,20.31,0.0,0.0,0.0,-1000.0
33,20.29,20.26,20.28,20.3,20.17,20.28,20.31,0.0,0.0,0.0,-1000.0
33,20.29,20.26,20.28,20.3,20.17,20.28,20.31,0.0,0.0,0.0,-1000.0
33,20.29,20.26,20.28,20.3,20.17,20.28,20.31,0.0,0.0,0.0,-1000.0
33,20.29,20.26,20.28,20.3,20.17,20.28,20.31,0.0,0.0,0.0,-1000.0
33,20.29,20.26,20.28,20.3,20.17,20.28,20.31,0.0,0.0,0.0,-1000.0
33,20.29,20.26,20.28,20.3,20.17,20.28,20.31,0.0,0.0,0.0,-1000.0
33,20.29,20.26,20.28,20.3,20.17,20.28,20.31,0.0,0.0,0.0,-1000.0
33,20.29,20.26,20.28,20.3,20.17,20.28,20.31,0.0,0.0,0.0,-1000.0
33,20.29,20.26,20.28,20.3,20.17,20.28,20.31,0.0,0.0,0.0,-1000.0
33,20.29,20.26,20.28,20.3,20.17,20.28,20.31,0.0,0.0,0.0,-1000.0
33,20.29,20.26,20.28,20.3,20.17,20.28,20.31,0.0,0.0,0.0,-1000.0
33,20.29,20.26,20.28,20.3,20.17,20.28,20.31,0.0,0.0,0.0,-1000.0
33,20.29,20.26,20.28,20.3,20.17,20.28,20.31,0.0,0.0,0.0,-1000.0
33,20.29,20.26,20.28,20.3,20.17,20.28,20.31,0.0,0.0,0.0,-1000.0
33,20.29,20.26,20.28,20.3,20.17,20.28,20.31,0.0,0.0,0.0,-1000.0
33,20.29,20.26,20.28,20.3,20.17,20.28,20.31,0.0,0.0,0.0,-1000.0
33,20.29,20.26,20.28,20.3,20.17,20.28,20.31,0.0,0.0,0.0,-1000.0
33,20.29,20.26,20.28,20.3,20.17,20.28,20.31,0.0,0.0,0.0,-1000.0
33,20.29,20.26,20.28,20.3,20.17,20.28,20.31,0.0,0.0,0.0,-1000.0
33,20.29,20.26,20.28,20.3,20.17,20.28,20.31,0.0,0.0,0.0,-1000.0
33,20.29,20.26,20.28,20.3,20.17,20.28,20.31,0.0,0.0,0.0,-1000.0
33,20.29,20.26,20.28,20.3,20.17,20.28,20.31,0.0,0.0,0.0,-1000.0
33,20.29,20.26,20.28,20.3,20.17,20.28,20.31,0.0,0.0,0.0,-1000.0
33,20.29,20.26,20.28,20.3,20.17,20.28,20.31,0.0,0.0,0.0,-1000.0
33,20.29,20.26,20.28,20.3,20.17,20.28,20.31,0.0,0.0,0.0,-1000.0
33,20.29,20.26,20.28,20.3,20.17,20.28,20.31,0.0,0.0,0.0,-1000.0
33,20.29,20.26,20.28,20.3,20.17,20.28,20.31,0.0,0.0,0.0,-1000.0
33,20.29,20.26,20.28,20.3,20.17,20.28,20.31,0.0,0.0,0.0,-1000.0
33,20.29,20.26,20.28,20.3,20.17,20.28,20.31,0.0,0.0,0.0,-1000.0
33,20.29,20.26,20.28,20.3,20.17,20.28,20.31,0.0,0.0,0.0,-1000.0
33,20.29,20.26,20.28,20.3,20.17,20.28,20.31,0.0,0.0,0.0,-1000.0
33,20.29,20.26,20.28,20.3,20.17,20.28,20.31,0.0,0.0,0.0,-1000.0
33,20.29,20.26,20.28,20.3,20.17,20.28,20.31,0.0,0.0,0.0,-1000.0
33,20.29,20.26,20.28,20.3,20.17,20.28,20.31,0.0,0.0,0.0,-1000.0
33,20.29,20.26,20.28,20.3,20.17,20.28,20.31,0.0,0.0,0.0,-1000.0
33,20.29,20.26,20.28,20.3,20.17,20.28,20.31,0.0,0.0,0.0,-1000.0
33,20.29,20.26,20.28,20.3,20.17,20.28,20.31,0.0,0.0,0.0,-1000.0
33,20.29,20.26,20.28,20.3,20.17,20.28,20.31,0.0,0.0,0.0,-1000.0
33,20.29,20.26,20.28,20.3,20.17,20.28,20.31,0.0,0.0,0.0,-1000.0
34,20.24,20.21,20.24,20.27,20.17,20.24,20.31,0.0,0.0,0.0,-1000.0
34,20.24,20.21,20.24,20.27,20.17,20.24,20.31,0.0,0.0,0.0,-1000.0
34,20.24,20.21,20.24,20.27,20.17,20.24,20.31,0.0,0.0,0.0,-1000.0
34,20.24,20.21,20.24,20.27,20.17,20.24,20.31,0.0,0.0,0.0,-1000.0
34,20.24,20.21,20.24,20.27,20.17,20.24,20.31,0.0,0.0,0.0,-1000.0
34,20.24,20.21,20.24,20.27,20.17,20.24,20.31,0.0,0.0,0.0,-1000.0
34,20.24,20.21,20.24,20.27,20.17,20.24,20.31,0.0,0.0,0.0,-1000.0
34,20.24,20.21,20.24,20.27,20.17,20.24,20.31,0.0,0.0,0.0,-1000.0
34,20.24,20.21,20.24,20.27,20.17,20.24,20.31,0.0,0.0,0.0,-1000.0
34,20.24,20.21,20.24,20.27,20.17,20.24,20.31,0.0,0.0,0.0,-1000.0
34,20.24,20.21,20.24,20.27,20.17,20.24,20.31,0.0,0.0,0.0,-1000.0
34,20.24,20.25,20.26,20.27,20.17,20.26,20.31,0.0,0.0,0.0,-1000.0
34,20.24,20.25,20.26,20.27,20.17,20.26,20.31,0.0,0.0,0.0,-1000.0
34,20.24,20.25,20.26,20.27,20.17,20.26,20.31,0.0,0.0,0.0,-1000.0
34,20.24,20.25,20.26,20.27,20.17,20.26,20.31,0.0,0.0,0.0,-1000.0
34,20.24,20.25,20.26,20.27,20.17,20.26,20.31,0.0,0.0,0.0,-1000.0
34,20.24,20.25,20.26,20.27,20.17,20.26,20.31,0.0,0.0,0.0,-1000.0
34,20.24,20.25,20.26,20.27,20.17,20.26,20.31,0.0,0.0,0.0,-1000.0
34,20.24,20.25,20.26,20.27,20.17,20.26,20.31,0.0,0.0,0.0,-1000.0
34,20.24,20.25,20.26,20.27,20.17,20.26,20.31,0.0,0.0,0.0,-1000.0
34,20.24,20.25,20.26,20.27,20.17,20.26,20.31,0.0,0.0,0.0,-1000.0
34,20.24,20.25,20.26,20.27,20.17,20.26,20.31,0.0,0.0,0.0,-1000.0
34,20.24,20.25,20.26,20.27,20.17,20.26,20.31,0.0,0.0,0.0,-1000.0
34,20.24,20.25,20.26,20.27,20.17,20.26,20.31,0.0,0.0,0.0,-1000.0
34,20.24,20.25,20.26,20.27,20.17,20.26,20.31,0.0,0.0,0.0,-1000.0
34,20.24,20.25,20.26,20.27,20.17,20.26,20.31,0.0,0.0,0.0,-1000.0
34,20.24,20.25,20.26,20.27,20.17,20.26,20.31,0.0,0.0,0.0,-1000.0
34,20.24,20.25,20.26,20.27,20.17,20.26,20.31,0.0,0.0,0.0,-1000.0
34,20.24,20.25,20.26,20.27,20.17,20.26,20.31,0.0,0.0,0.0,-1000.0
34,20.24,20.25,20.26,20.27,20.17,20.26,20.31,0.0,0.0,0.0,-1000.0
34,20.24,20.25,20.26,20.27,20.17,20.26,20.31,0.0,0.0,0.0,-1000.0
34,20.24,20.25,20.26,20.27,20.17,20.26,20.31,0.0,0.0,0.0,-1000.0
34,20.24,20.25,20.26,20.27,20.17,20.26,20.31,0.0,0.0,0.0,-1000.0
34,20.24,20.25,20.26,20.27,20.17,20.26,20.31,0.0,0.0,0.0,-1000.0
34,20.24,20.25,20.26,20.27,20.17,20.26,20.31,0.0,0.0,0.0,-1000.0
34,20.24,20.25,20.26,20.27,20.17,20.26,20.31,0.0,0.0,0.0,-1000.0
34,20.24,20.25,20.26,20.27,20.17,20.26,20.31,0.0,0.0,0.0,-1000.0
34,20.24,20.25,20.26,20.27,20.17,20.26,20.31,0.0,0.0,0.0,-1000.0
34,20.25,20.25,20.26,20.27,20.17,20.26,20.31,0.0,0.0,0.0,-1000.0
34,20.25,20.25,20.26,20.27,20.17,20.26,20.31,0.0,0.0,0.0,-1000.0
34,20.25,20.25,20.26,20.27,20.17,20.26,20.31,0.0,0.0,0.0,-1000.0
34,20.25,20.25,20.26,20.27,20.17,20.26,20.31,0.0,0.0,0.0,-1000.0
34,20.25,20.25,20.26,20.27,20.17,20.26,20.31,0.0,0.0,0.0,-1000.0
34,20.25,20.25,20.26,20.27,20.17,20.26,20.31,0.0,0.0,0.0,-1000.0
34,20.25,20.25,20.26,20.27,20.17,20.26,20.31,0.0,0.0,0.0,-1000.0
34,20.25,20.25,20.26,20.27,20.17,20.26,20.31,0.0,0.0,0.0,-1000.0
34,20.25,20.25,20.26,20.27,20.17,20.26,20.31,0.0,0.0,0.0,-1000.0
34,20.25,20.25,20.26,20.27,20.17,20.26,20.31,0.0,0.0,0.0,-1000.0
34,20.25,20.25,20.26,20.27,20.17,20.26,20.31,0.0,0.0,0.0,-1000.0
34,20.25,20.25,20.26,20.27,20.17,20.26,20.31,0.0,0.0,0.0,-1000.0
34,20.25,20.25,20.26,20.27,20.17,20.26,20.31,0.0,0.0,0.0,-1000.0
34,20.25,20.25,20.26,20.27,20.17,20.26,20.31,0.0,0.0,0.0,-1000.0
34,20.25,20.25,20.26,20.27,20.17,20.26,20.31,0.0,0.0,0.0,-1000.0
35,20.27,20.24,20.27,20.3,20.17,20.27,20.31,0.0,0.0,0.0,-1000.0
35,20.27,20.24,20.27,20.3,20.17,20.27,20.31,0.0,0.0,0.0,-1000.0
35,20.27,20.24,20.27,20.3,20.17,20.27,20.31,0.0,0.0,0.0,-1000.0
35,20.27,20.24,20.27,20.3,20.17,20.27,20.31,0.0,0.0,0.0,-1000.0
35,20.27,20.24,20.27,20.3,20.17,20.27,20.31,0.0,0.0,0.0,-1000.0
35,20.27,20.24,20.27,20.3,20.17,20.27,20.31,0.0,0.0,0.0,-1000.0
35,20.27,20.24,20.27,20.3,20.17,20.27,20.31,0.0,0.0,0.0,-1000.0
35,20.27,20.24,20.27,20.3,20.17,20.27,20.31,0.0,0.0,0.0,-1000.0
35,20.27,20.24,20.27,20.3,20.17,20.27,20.31,0.0,0.0,0.0,-1000.0
35,20.27,20.24,20.27,20.3,20.17,20.27,20.31,0.0,0.0,0.0,-1000.0
35,20.27,20.24,20.27,20.3,20.17,20.27,20.31,0.0,0.0,0.0,-1000.0
35,20.27,20.24,20.27,20.3,20.17,20.27,20.31,0.0,0.0,0.0,-1000.0
35,20.27,20.24,20.27,20.3,20.17,20.27,20.31,0.0,0.0,0.0,-1000.0
35,20.27,20.24,20.27,20.3,20.17,20.27,20.31,0.0,0.0,0.0,-1000.0
35,20.27,20.24,20.27,20.3,20.17,20.27,20.31,0.0,0.0,0.0,-1000.0
35,20.27,20.24,20.27,20.3,20.17,20.27,20.31,0.0,0.0,0.0,-1000.0
35,20.27,20.24,20.27,20.3,20.17,20.27,20.31,0.0,0.0,0.0,-1000.0
35,20.27,20.24,20.27,20.3,20.17,20.27,20.31,0.0,0.0,0.0,-1000.0
35,20.27,20.24,20.27,20.3,20.17,20.27,20.31,0.0,0.0,0.0,-1000.0
35,20.27,20.24,20.27,20.3,20.17,20.27,20.31,0.0,0.0,0.0,-1000.0
35,20.27,20.24,20.27,20.3,20.17,20.27,20.31,0.0,0.0,0.0,-1000.0
35,20.27,20.24,20.27,20.3,20.17,20.27,20.31,0.0,0.0,0.0,-1000.0
35,20.27,20.24,20.27,20.3,20.17,20.27,20.31,0.0,0.0,0.0,-1000.0
35,20.27,20.24,20.27,20.3,20.17,20.27,20.31,0.0,0.0,0.0,-1000.0
35,20.27,20.24,20.27,20.3,20.17,20.27,20.31,0.0,0.0,0.0,-1000.0
35,20.27,20.24,20.25,20.27,20.17,20.25,20.31,0.0,0.0,0.0,-1000.0
35,20.27,20.24,20.25,20.27,20.17,20.25,20.31,0.0,0.0,0.0,-1000.0
35,20.27,20.24,20.25,20.27,20.17,20.25,20.31,0.0,0.0,0.0,-1000.0
35,20.27,20.24,20.25,20.27,20.17,20.25,20.31,0.0,0.0,0.0,-1000.0
35,20.27,20.24,20.25,20.27,20.17,20.25,20.31,0.0,0.0,0.0,-1000.0
35,20.27,20.24,20.25,20.27,20.17,20.25,20.31,0.0,0.0,0.0,-1000.0
35,20.27,20.24,20.25,20.27,20.17,20.25,20.31,0.0,0.0,0.0,-1000.0
35,20.27,20.24,20.25,20.27,20.17,20.25,20.31,0.0,0.0,0.0,-1000.0
35,20.27,20.24,20.25,20.27,20.17,20.25,20.31,0.0,0.0,0.0,-1000.0
35,20.27,20.24,20.25,20.27,20.17,20.25,20.31,0.0,0.0,0.0,-1000.0
35,20.27,20.24,20.25,20.27,20.17,20.25,20.31,0.0,0.0,0.0,-1000.0
35,20.27,20.24,20.25,20.27,20.17,20.25,20.31,0.0,0.0,0.0,-1000.0
35,20.27,20.24,20.25,20.27,20.17,20.25,20.31,0.0,0.0,0.0,-1000.0
35,20.27,20.24,20.25,20.27,20.17,20.25,20.31,0.0,0.0,0.0,-1000.0
35,20.27,20.24,20.25,20.27,20.17,20.25,20.31,0.0,0.0,0.0,-1000.0
35,20.27,20.24,20.25,20.27,20.17,20.25,20.31,0.0,0.0,0.0,-1000.0
35,20.27,20.24,20.25,20.27,20.17,20.25,20.31,0.0,0.0,0.0,-1000.0
35,20.27,20.24,20.25,20.27,20.17,20.25,20.31,0.0,0.0,0.0,-1000.0
35,20.27,20.24,20.25,20.27,20.17,20.25,20.31,0.0,0.0,0.0,-1000.0
35,20.27,20.24,20.25,20.27,20.17,20.25,20.31,0.0,0.0,0.0,-1000.0
35,20.27,20.24,20.25,20.27,20.17,20.25,20.31,0.0,0.0,0.0,-1000.0
35,20.27,20.24,20.25,20.27,20.17,20.25,20.31,0.0,0.0,0.0,-1000.0
35,20.27,20.24,20.25,20.27,20.17,20.25,20.31,0.0,0.0,0.0,-1000.0
35,20.27,20.24,20.25,20.27,20.17,20.25,20.31,0.0,0.0,0.0,-1000.0
35,20.27,20.24,20.25,20.27,20.17,20.25,20.31,0.0,0.0,0.0,-1000.0
35,20.27,20.24,20.25,20.27,20.17,20.25,20.31,0.0,0.0,0.0,-1000.0
35,20.27,20.24,20.25,20.27,20.17,20.25,20.31,0.0,0.0,0.0,-1000.0
35,20.27,20.24,20.25,20.27,20.17,20.25,20.31,0.0,0.0,0.0,-1000.0
35,20.25,20.22,20.25,20.28,20.17,20.25,20.31,0.0,0.0,0.0,-1000.0
36,20.25,20.22,20.25,20.28,20.17,20.25,20.31,0.0,0.0,0.0,-1000.0
36,20.25,20.22,20.25,20.28,20.17,20.25,20.31,0.0,0.0,0.0,-1000.0
36,20.25,20.22,20.25,20.28,20.17,20.25,20.31,0.0,0.0,0.0,-1000.0
36,20.25,20.22,20.25,20.28,20.17,20.25,20.31,0.0,0.0,0.0,-1000.0
36,20.25,20.22,20.25,20.28,20.17,20.25,20.31,0.0,0.0,0.0,-1000.0
36,20.25,20.22,20.25,20.28,20.17,20.25,20.31,0.0,0.0,0.0,-1000.0
36,20.25,20.22,20.25,20.28,20.17,20.25,20.31,0.0,0.0,0.0,-1000.0
36,20.25,20.22,20.25,20.28,20.17,20.25,20.31,0.0,0.0,0.0,-1000.0
36,20.25,20.22,20.25,20.28,20.17,20.25,20.31,0.0,0.0,0.0,-1000.0
36,20.25,20.22,20.25,20.28,20.17,20.25,20.31,0.0,0.0,0.0,-1000.0
36,20.25,20.22,20.25,20.28,20.17,20.25,20.31,0.0,0.0,0.0,-1000.0
36,20.25,20.22,20.25,20.28,20.17,20.25,20.31,0.0,0.0,0.0,-1000.0
36,20.25,20.22,20.25,20.28,20.17,20.25,20.31,0.0,0.0,0.0,-1000.0
36,20.25,20.22,20.25,20.28,20.17,20.25,20.31,0.0,0.0,0.0,-1000.0
36,20.25,20.22,20.25,20.28,20.17,20.25,20.31,0.0,0.0,0.0,-1000.0
36,20.25,20.22,20.25,20.28,20.17,20.25,20.31,0.0,0.0,0.0,-1000.0
36,20.25,20.22,20.25,20.28,20.17,20.25,20.31,0.0,0.0,0.0,-1000.0
36,20.25,20.22,20.25,20.28,20.17,20.25,20.31,0.0,0.0,0.0,-1000.0
36,20.25,20.22,20.25,20.28,20.17,20.25,20.31,0.0,0.0,0.0,-1000.0
36,20.25,20.22,20.25,20.28,20.17,20.25,20.31,0.0,0.0,0.0,-1000.0
36,20.25,20.22,20.25,20.28,20.17,20.25,20.31,0.0,0.0,0.0,-1000.0
36,20.25,20.22,20.25,20.28,20.17,20.25,20.31,0.0,0.0,0.0,-1000.0
36,20.25,20.22,20.25,20.28,20.17,20.25,20.31,0.0,0.0,0.0,-1000.0
36,20.25,20.22,20.25,20.28,20.17,20.25,20.31,0.0,0.0,0.0,-1000.0
36,20.25,20.22,20.25,20.28,20.17,20.25,20.31,0.0,0.0,0.0,-1000.0
36,20.25,20.22,20.24,20.26,20.17,20.24,20.31,0.0,0.0,0.0,-1000.0
36,20.25,20.22,20.24,20.26,20.17,20.24,20.31,0.0,0.0,0.0,-1000.0
36,20.25,20.22,20.24,20.26,20.17,20.24,20.31,0.0,0.0,0.0,-1000.0
36,20.25,20.22,20.24,20.26,20.17,20.24,20.31,0.0,0.0,0.0,-1000.0
36,20.25,20.22,20.24,20.26,20.17,20.24,20.31,0.0,0.0,0.0,-1000.0
36,20.25,20.22,20.24,20.26,20.17,20.24,20.31,0.0,0.0,0.0,-1000.0
36,20.25,20.22,20.24,20.26,20.17,20.24,20.31,0.0,0.0,0.0,-1000.0
36,20.25,20.22,20.24,20.26,20.17,20.24,20.31,0.0,0.0,0.0,-1000.0
36,20.25,20.22,20.24,20.26,20.17,20.24,20.31,0.0,0.0,0.0,-1000.0
36,20.25,20.22,20.24,20.26,20.17,20.24,20.31,0.0,0.0,0.0,-1000.0
36,20.25,20.22,20.24,20.26,20.17,20.24,20.31,0.0,0.0,0.0,-1000.0
36,20.25,20.22,20.24,20.26,20.17,20.24,20.31,0.0,0.0,0.0,-1000.0
36,20.25,20.22,20.24,20.26,20.17,20.24,20.31,0.0,0.0,0.0,-1000.0
36,20.25,20.22,20.24,20.26,20.17,20.24,20.31,0.0,0.0,0.0,-1000.0
36,20.25,20.22,20.23,20.23,20.17,20.23,20.31,0.0,0.0,0.0,-1000.0
36,20.25,20.22,20.23,20.23,20.17,20.23,20.31,0.0,0.0,0.0,-1000.0
36,20.25,20.22,20.23,20.23,20.17,20.23,20.31,0.0,0.0,0.0,-1000.0
36,20.25,20.22,20.23,20.23,20.17,20.23,20.31,0.0,0.0,0.0,-1000.0
36,20.25,20.22,20.23,20.23,20.17,20.23,20.31,0.0,0.0,0.0,-1000.0
36,20.25,20.22,20.23,20.23,20.17,20.23,20.31,0.0,0.0,0.0,-1000.0
36,20.25,20.22,20.23,20.23,20.17,20.23,20.31,0.0,0.0,0.0,-1000.0
36,20.25,20.22,20.23,20.23,20.17,20.23,20.31,0.0,0.0,0.0,-1000.0
36,20.25,20.22,20.23,20.23,20.17,20.23,20.31,0.0,0.0,0.0,-1000.0
36,20.25,20.22,20.23,20.23,20.17,20.23,20.31,0.0,0.0,0.0,-1000.0
36,20.25,20.22,20.23,20.23,20.17,20.23,20.31,0.0,0.0,0.0,-1000.0
36,20.25,20.22,20.23,20.23,20.17,20.23,20.31,0.0,0.0,0.0,-1000.0
36,20.22,20.22,20.23,20.23,20.17,20.23,20.31,0.0,0.0,0.0,-1000.0
36,20.22,20.22,20.23,20.23,20.17,20.23,20.31,0.0,0.0,0.0,-1000.0
37,20.2,20.17,20.2,20.23,20.17,20.2,20.31,0.0,0.0,0.0,-1000.0
37,20.2,20.17,20.2,20.23,20.17,20.2,20.31,0.0,0.0,0.0,-1000.0
37,20.2,20.17,20.2,20.23,20.17,20.2,20.31,0.0,0.0,0.0,-1000.0
37,20.2,20.17,20.2,20.23,20.17,20.2,20.31,0.0,0.0,0.0,-1000.0
37,20.2,20.17,20.2,20.23,20.17,20.2,20.31,0.0,0.0,0.0,-1000.0
37,20.2,20.17,20.2,20.23,20.17,20.2,20.31,0.0,0.0,0.0,-1000.0
37,20.2,20.17,20.2,20.23,20.17,20.2,20.31,0.0,0.0,0.0,-1000.0
37,20.2,20.17,20.2,20.23,20.17,20.2,20.31,0.0,0.0,0.0,-1000.0
37,20.2,20.17,20.2,20.23,20.17,20.2,20.31,0.0,0.0,0.0,-1000.0
37,20.2,20.17,20.2,20.23,20.17,20.2,20.31,0.0,0.0,0.0,-1000.0
37,20.2,20.17,20.2,20.23,20.17,20.2,20.31,0.0,0.0,0.0,-1000.0
37,20.2,20.17,20.2,20.23,20.17,20.2,20.31,0.0,0.0,0.0,-1000.0
37,20.2,20.17,20.2,20.23,20.17,20.2,20.31,0.0,0.0,0.0,-1000.0
37,20.2,20.17,20.2,20.23,20.17,20.2,20.31,0.0,0.0,0.0,-1000.0
37,20.2,20.17,20.2,20.23,20.17,20.2,20.31,0.0,0.0,0.0,-1000.0
37,20.2,20.17,20.2,20.23,20.17,20.2,20.31,0.0,0.0,0.0,-1000.0
37,20.2,20.17,20.2,20.23,20.17,20.2,20.31,0.0,0.0,0.0,-1000.0
37,20.2,20.17,20.2,20.23,20.17,20.2,20.31,0.0,0.0,0.0,-1000.0
37,20.2,20.17,20.2,20.23,20.17,20.2,20.31,0.0,0.0,0.0,-1000.0
37,20.2,20.17,20.2,20.23,20.17,20.2,20.31,0.0,0.0,0.0,-1000.0
37,20.2,20.17,20.2,20.23,20.17,20.2,20.31,0.0,0.0,0.0,-1000.0
37,20.2,20.17,20.2,20.23,20.17,20.2,20.31,0.0,0.0,0.0,-1000.0
37,20.2,20.17,20.2,20.23,20.17,20.2,20.31,0.0,0.0,0.0,-1000.0
37,20.2,20.17,20.2,20.23,20.17,20.2,20.31,0.0,0.0,0.0,-1000.0
37,20.17,20.2,20.21,20.23,19.97,20.21,20.27,5000.0,20.17,0.04,-975.0
37,20.17,20.2,20.21,20.23,19.97,20.21,20.27,5000.0,20.17,0.04,-975.0
37,20.17,20.2,20.21,20.23,19.97,20.21,20.27,5000.0,20.17,0.04,-975.0
37,20.17,20.2,20.21,20.23,19.97,20.21,20.27,5000.0,20.17,0.04,-975.0
37,20.17,20.2,20.21,20.23,19.97,20.21,20.27,5000.0,20.17,0.04,-975.0
37,20.17,20.2,20.21,20.23,19.97,20.21,20.27,5000.0,20.17,0.04,-975.0
37,20.17,20.2,20.21,20.23,19.97,20.21,20.27,5000.0,20.17,0.04,-975.0
37,20.17,20.2,20.21,20.23,19.97,20.21,20.27,5000.0,20.17,0.04,-975.0
37,20.17,20.2,20.21,20.23,19.97,20.21,20.27,5000.0,20.17,0.04,-975.0
37,20.17,20.2,20.21,20.23,19.97,20.21,20.27,5000.0,20.17,0.04,-975.0
37,20.17,20.2,20.21,20.23,19.97,20.21,20.27,5000.0,20.17,0.04,-975.0
37,20.17,20.2,20.21,20.23,19.97,20.21,20.27,5000.0,20.17,0.04,-975.0
37,20.17,20.2,20.21,20.23,19.97,20.21,20.27,5000.0,20.17,0.04,-975.0
37,20.17,20.2,20.21,20.23,19.97,20.21,20.27,5000.0,20.17,0.04,-975.0
37,20.17,20.2,20.21,20.23,19.97,20.21,20.27,5000.0,20.17,0.04,-975.0
37,20.17,20.2,20.21,20.23,19.97,20.21,20.27,5000.0,20.17,0.04,-975.0
37,20.17,20.2,20.21,20.23,19.97,20.21,20.27,5000.0,20.17,0.04,-975.0
37,20.17,20.2,20.21,20.23,19.97,20.21,20.27,5000.0,20.17,0.04,-975.0
37,20.17,20.2,20.21,20.23,19.97,20.21,20.27,5000.0,20.17,0.04,-975.0
37,20.23,20.2,20.21,20.23,19.97,20.21,20.27,5000.0,20.17,0.04,-975.0
38,20.15,20.12,20.15,20.18,19.97,20.15,20.27,5000.0,20.17,-0.02,-975.0
38,20.15,20.12,20.15,20.18,19.97,20.15,20.27,5000.0,20.17,-0.02,-975.0
38,20.15,20.12,20.15,20.18,19.97,20.15,20.27,5000.0,20.17,-0.02,-975.0
38,20.15,20.12,20.15,20.18,19.97,20.15,20.27,5000.0,20.17,-0.02,-975.0
38,20.15,20.12,20.15,20.18,19.97,20.15,20.27,5000.0,20.17,-0.02,-975.0
38,20.15,20.12,20.15,20.18,19.97,20.15,20.27,5000.0,20.17,-0.02,-975.0
38,20.15,20.12,20.15,20.18,19.97,20.15,20.27,5000.0,20.17,-0.02,-975.0
38,20.15,20.12,20.15,20.18,19.97,20.15,20.27,5000.0,20.17,-0.02,-975.0
38,20.15,20.12,20.15,20.18,19.97,20.15,20.27,5000.0,20.17,-0.02,-975.0
38,20.15,20.12,20.15,20.18,19.97,20.15,20.27,5000.0,20.17,-0.02,-975.0
38,20.15,20.12,20.15,20.18,19.97,20.15,20.27,5000.0,20.17,-0.02,-975.0
38,20.15,20.12,20.15,20.18,19.97,20.15,20.27,5000.0,20.17,-0.02,-975.0
38,20.15,20.12,20.15,20.18,19.97,20.15,20.27,5000.0,20.17,-0.02,-975.0
38,20.15,20.12,20.15,20.18,19.97,20.15,20.27,5000.0,20.17,-0.02,-975.0
38,20.15,20.12,20.15,20.18,19.97,20.15,20.27,5000.0,20.17,-0.02,-975.0
38,20.15,20.12,20.15,20.18,19.97,20.15,20.27,5000.0,20.17,-0.02,-975.0
38,20.15,20.12,20.15,20.18,19.97,20.15,20.27,5000.0,20.17,-0.02,-975.0
38,20.15,20.12,20.15,20.18,19.97,20.15,20.27,5000.0,20.17,-0.02,-975.0
38,20.15,20.12,20.15,20.18,19.97,20.15,20.27,5000.0,20.17,-0.02,-975.0
38,20.12,20.14,20.15,20.16,19.97,20.15,20.27,5000.0,20.17,-0.02,-975.0
38,20.12,20.14,20.15,20.16,19.97,20.15,20.27,5000.0,20.17,-0.02,-975.0
38,20.12,20.14,20.15,20.16,19.97,20.15,20.27,5000.0,20.17,-0.02,-975.0
38,20.12,20.14,20.15,20.16,19.97,20.15,20.27,5000.0,20.17,-0.02,-975.0
38,20.12,20.14,20.15,20.16,19.97,20.15,20.27,5000.0,20.17,-0.02,-975.0
38,20.12,20.14,20.15,20.16,19.97,20.15,20.27,5000.0,20.17,-0.02,-975.0
38,20.12,20.14,20.15,20.16,19.97,20.15,20.27,5000.0,20.17,-0.02,-975.0
38,20.12,20.14,20.15,20.16,19.97,20.15,20.27,5000.0,20.17,-0.02,-975.0
38,20.12,20.14,20.15,20.16,19.97,20.15,20.27,5000.0,20.17,-0.02,-975.0
38,20.12,20.14,20.15,20.16,19.97,20.15,20.27,5000.0,20.17,-0.02,-975.0
38,20.14,20.14,20.15,20.16,19.97,20.15,20.27,5000.0,20.17,-0.02,-975.0
38,20.14,20.14,20.15,20.16,19.97,20.15,20.27,5000.0,20.17,-0.02,-975.0
38,20.14,20.14,20.15,20.16,19.97,20.15,20.27,5000.0,20.17,-0.02,-975.0
38,20.14,20.14,20.15,20.16,19.97,20.15,20.27,5000.0,20.17,-0.02,-975.0
38,20.14,20.14,20.15,20.16,19.97,20.15,20.27,5000.0,20.17,-0.02,-975.0
38,20.14,20.14,20.15,20.16,19.97,20.15,20.27,5000.0,20.17,-0.02,-975.0
38,20.14,20.14,20.15,20.16,19.97,20.15,20.27,5000.0,20.17,-0.02,-975.0
38,20.14,20.14,20.15,20.16,19.97,20.15,20.27,5000.0,20.17,-0.02,-975.0
38,20.14,20.14,20.15,20.16,19.97,20.15,20.27,5000.0,20.17,-0.02,-975.0
38,20.14,20.14,20.15,20.16,19.97,20.15,20.27,5000.0,20.17,-0.02,-975.0
38,20.14,20.14,20.15,20.16,19.97,20.15,20.27,5000.0,20.17,-0.02,-975.0
38,20.14,20.14,20.15,20.16,19.97,20.15,20.27,5000.0,20.17,-0.02,-975.0
39,20.1,20.07,20.1,20.13,19.97,20.1,20.27,5000.0,20.17,-0.07,-975.0
39,20.1,20.07,20.1,20.13,19.97,20.1,20.27,5000.0,20.17,-0.07,-975.0
39,20.1,20.07,20.1,20.13,19.97,20.1,20.27,5000.0,20.17,-0.07,-975.0
39,20.1,20.07,20.1,20.13,19.97,20.1,20.27,5000.0,20.17,-0.07,-975.0
39,20.1,20.07,20.1,20.13,19.97,20.1,20.27,5000.0,20.17,-0.07,-975.0
39,20.1,20.07,20.1,20.13,19.97,20.1,20.27,5000.0,20.17,-0.07,-975.0
39,20.1,20.07,20.1,20.13,19.97,20.1,20.27,5000.0,20.17,-0.07,-975.0
39,20.1,20.07,20.1,20.13,19.97,20.1,20.27,5000.0,20.17,-0.07,-975.0
39,20.1,20.07,20.1,20.13,19.97,20.1,20.27,5000.0,20.17,-0.07,-975.0
39,20.1,20.07,20.1,20.13,19.97,20.1,20.27,5000.0,20.17,-0.07,-975.0
39,20.1,20.07,20.1,20.13,19.97,20.1,20.27,5000.0,20.17,-0.07,-975.0
39,20.1,20.07,20.1,20.13,19.97,20.1,20.27,5000.0,20.17,-0.07,-975.0
39,20.1,20.07,20.1,20.13,19.97,20.1,20.27,5000.0,20.17,-0.07,-975.0
39,20.1,20.07,20.1,20.13,19.97,20.1,20.27,5000.0,20.17,-0.07,-975.0
39,20.1,20.07,20.1,20.13,19.97,20.1,20.27,5000.0,20.17,-0.07,-975.0
39,20.1,20.07,20.1,20.13,19.97,20.1,20.27,5000.0,20.17,-0.07,-975.0
39,20.1,20.07,20.1,20.13,19.97,20.1,20.27,5000.0,20.17,-0.07,-975.0
39,20.1,20.07,20.1,20.13,19.97,20.1,20.27,5000.0,20.17,-0.07,-975.0
39,20.1,20.07,20.1,20.13,19.97,20.1,20.27,5000.0,20.17,-0.07,-975.0
39,20.1,20.07,20.1,20.13,19.97,20.1,20.27,5000.0,20.17,-0.07,-975.0
39,20.1,20.07,20.1,20.13,19.97,20.1,20.27,5000.0,20.17,-0.07,-975.0
39,20.1,20.08,20.09,20.11,19.97,20.09,20.27,5000.0,20.17,-0.08,-975.0
39,20.1,20.08,20.09,20.11,19.97,20.09,20.27,5000.0,20.17,-0.08,-975.0
39,20.1,20.08,20.09,20.11,19.97,20.09,20.27,5000.0,20.17,-0.08,-975.0
39,20.1,20.08,20.09,20.11,19.97,20.09,20.27,5000.0,20.17,-0.08,-975.0
39,20.1,20.08,20.09,20.11,19.97,20.09,20.27,5000.0,20.17,-0.08,-975.0
39,20.1,20.08,20.09,20.11,19.97,20.09,20.27,5000.0,20.17,-0.08,-975.0
39,20.1,20.08,20.09,20.11,19.97,20.09,20.27,5000.0,20.17,-0.08,-975.0
39,20.1,20.08,20.09,20.11,19.97,20.09,20.27,5000.0,20.17,-0.08,-975.0
39,20.1,20.08,20.09,20.11,19.97,20.09,20.27,5000.0,20.17,-0.08,-975.0
39,20.07,20.07,20.09,20.11,19.97,20.09,20.27,5000.0,20.17,-0.08,-975.0
39,20.07,20.07,20.09,20.11,19.97,20.09,20.27,5000.0,20.17,-0.08,-975.0
39,20.07,20.07,20.09,20.11,19.97,20.09,20.27,5000.0,20.17,-0.08,-975.0
39,20.07,20.07,20.09,20.11,19.97,20.09,20.27,5000.0,20.17,-0.08,-975.0
39,20.07,20.07,20.09,20.11,19.97,20.09,20.27,5000.0,20.17,-0.08,-975.0
39,20.07,20.07,20.09,20.11,19.97,20.09,20.27,5000.0,20.17,-0.08,-975.0
39,20.07,20.07,20.09,20.11,19.97,20.09,20.27,5000.0,20.17,-0.08,-975.0
39,20.07,20.07,20.09,20.11,19.97,20.09,20.27,5000.0,20.17,-0.08,-975.0
39,20.07,20.07,20.09,20.11,19.97,20.09,20.27,5000.0,20.17,-0.08,-975.0
39,20.07,20.07,20.09,20.11,19.97,20.09,20.27,5000.0,20.17,-0.08,-975.0
39,20.07,20.07,20.09,20.11,19.97,20.09,20.27,5000.0,20.17,-0.08,-975.0
39,20.12,20.09,20.12,20.15,19.97,20.12,20.27,5000.0,20.17,-0.05,-975.0
40,20.12,20.09,20.12,20.15,19.97,20.12,20.27,5000.0,20.17,-0.05,-975.0
40,20.12,20.09,20.12,20.15,19.97,20.12,20.27,5000.0,20.17,-0.05,-975.0
40,20.12,20.09,20.12,20.15,19.97,20.12,20.27,5000.0,20.17,-0.05,-975.0
40,20.12,20.09,20.12,20.15,19.97,20.12,20.27,5000.0,20.17,-0.05,-975.0
40,20.12,20.09,20.12,20.15,19.97,20.12,20.27,5000.0,20.17,-0.05,-975.0
40,20.12,20.09,20.12,20.15,19.97,20.12,20.27,5000.0,20.17,-0.05,-975.0
40,20.12,20.09,20.12,20.15,19.97,20.12,20.27,5000.0,20.17,-0.05,-975.0
40,20.12,20.09,20.12,20.15,19.97,20.12,20.27,5000.0,20.17,-0.05,-975.0
40,20.12,20.09,20.12,20.15,19.97,20.12,20.27,5000.0,20.17,-0.05,-975.0
40,20.12,20.11,20.12,20.14,19.97,20.12,20.27,5000.0,20.17,-0.05,-975.0
40,20.12,20.11,20.12,20.14,19.97,20.12,20.27,5000.0,20.17,-0.05,-975.0
40,20.12,20.11,20.12,20.14,19.97,20.12,20.27,5000.0,20.17,-0.05,-975.0
40,20.12,20.11,20.12,20.14,19.97,20.12,20.27,5000.0,20.17,-0.05,-975.0
40,20.12,20.11,20.12,20.14,19.97,20.12,20.27,5000.0,20.17,-0.05,-975.0
40,20.12,20.11,20.12,20.14,19.97,20.12,20.27,5000.0,20.17,-0.05,-975.0
40,20.12,20.11,20.12,20.14,19.97,20.12,20.27,5000.0,20.17,-0.05,-975.0
40,20.12,20.11,20.12,20.14,19.97,20.12,20.27,5000.0,20.17,-0.05,-975.0
40,20.12,20.11,20.12,20.14,19.97,20.12,20.27,5000.0,20.17,-0.05,-975.0
40,20.12,20.11,20.12,20.14,19.97,20.12,20.27,5000.0,20.17,-0.05,-975.0
40,20.14,20.11,20.12,20.14,19.97,20.12,20.27,5000.0,20.17,-0.05,-975.0
40,20.14,20.11,20.12,20.14,19.97,20.12,20.27,5000.0,20.17,-0.05,-975.0
40,20.14,20.11,20.12,20.14,19.97,20.12,20.27,5000.0,20.17,-0.05,-975.0
40,20.14,20.11,20.12,20.14,19.97,20.12,20.27,5000.0,20.17,-0.05,-975.0
40,20.14,20.11,20.12,20.14,19.97,20.12,20.27,5000.0,20.17,-0.05,-975.0
40,20.14,20.11,20.12,20.14,19.97,20.12,20.27,5000.0,20.17,-0.05,-975.0
40,20.14,20.11,20.12,20.14,19.97,20.12,20.27,5000.0,20.17,-0.05,-975.0
40,20.14,20.11,20.12,20.14,19.97,20.12,20.27,5000.0,20.17,-0.05,-975.0
40,20.14,20.11,20.12,20.14,19.97,20.12,20.27,5000.0,20.17,-0.05,-975.0
40,20.14,20.11,20.12,20.14,19.97,20.12,20.27,5000.0,20.17,-0.05,-975.0
40,20.14,20.11,20.12,20.14,19.97,20.12,20.27,5000.0,20.17,-0.05,-975.0
40,20.14,20.11,20.12,20.14,19.97,20.12,20.27,5000.0,20.17,-0.05,-975.0
40,20.14,20.11,20.12,20.14,19.97,20.12,20.27,5000.0,20.17,-0.05,-975.0
40,20.14,20.11,20.12,20.14,19.97,20.12,20.27,5000.0,20.17,-0.05,-975.0
40,20.14,20.11,20.12,20.14,19.97,20.12,20.27,5000.0,20.17,-0.05,-975.0
40,20.14,20.11,20.12,20.14,19.97,20.12,20.27,5000.0,20.17,-0.05,-975.0
40,20.14,20.11,20.12,20.14,19.97,20.12,20.27,5000.0,20.17,-0.05,-975.0
40,20.14,20.11,20.12,20.14,19.97,20.12,20.27,5000.0,20.17,-0.05,-975.0
40,20.14,20.11,20.12,20.14,19.97,20.12,20.27,5000.0,20.17,-0.05,-975.0
40,20.14,20.11,20.12,20.14,19.97,20.12,20.27,5000.0,20.17,-0.05,-975.0
40,20.14,20.11,20.12,20.14,19.97,20.12,20.27,5000.0,20.17,-0.05,-975.0
40,20.11,20.08,20.11,20.14,19.97,20.11,20.27,5000.0,20.17,-0.06,-975.0
41,20.11,20.08,20.11,20.14,19.97,20.11,20.27,5000.0,20.17,-0.06,-975.0
41,20.11,20.08,20.11,20.14,19.97,20.11,20.27,5000.0,20.17,-0.06,-975.0
41,20.11,20.08,20.11,20.14,19.97,20.11,20.27,5000.0,20.17,-0.06,-975.0
41,20.11,20.08,20.11,20.14,19.97,20.11,20.27,5000.0,20.17,-0.06,-975.0
41,20.11,20.08,20.11,20.14,19.97,20.11,20.27,5000.0,20.17,-0.06,-975.0
41,20.11,20.08,20.11,20.14,19.97,20.11,20.27,5000.0,20.17,-0.06,-975.0
41,20.11,20.08,20.11,20.14,19.97,20.11,20.27,5000.0,20.17,-0.06,-975.0
41,20.11,20.08,20.11,20.14,19.97,20.11,20.27,5000.0,20.17,-0.06,-975.0
41,20.11,20.08,20.11,20.14,19.97,20.11,20.27,5000.0,20.17,-0.06,-975.0
41,20.11,20.13,20.13,20.14,19.97,20.13,20.27,5000.0,20.17,-0.04,-975.0
41,20.11,20.13,20.13,20.14,19.97,20.13,20.27,5000.0,20.17,-0.04,-975.0
41,20.11,20.13,20.13,20.14,19.97,20.13,20.27,5000.0,20.17,-0.04,-975.0
41,20.11,20.13,20.13,20.14,19.97,20.13,20.27,5000.0,20.17,-0.04,-975.0
41,20.11,20.13,20.13,20.14,19.97,20.13,20.27,5000.0,20.17,-0.04,-975.0
41,20.11,20.13,20.13,20.14,19.97,20.13,20.27,5000.0,20.17,-0.04,-975.0
41,20.11,20.13,20.13,20.14,19.97,20.13,20.27,5000.0,20.17,-0.04,-975.0
41,20.11,20.13,20.13,20.14,19.97,20.13,20.27,5000.0,20.17,-0.04,-975.0
41,20.11,20.13,20.13,20.14,19.97,20.13,20.27,5000.0,20.17,-0.04,-975.0
41,20.11,20.13,20.13,20.14,19.97,20.13,20.27,5000.0,20.17,-0.04,-975.0
41,20.14,20.13,20.13,20.14,19.97,20.13,20.27,5000.0,20.17,-0.04,-975.0
41,20.14,20.13,20.13,20.14,19.97,20.13,20.27,5000.0,20.17,-0.04,-975.0
41,20.14,20.13,20.13,20.14,19.97,20.13,20.27,5000.0,20.17,-0.04,-975.0
41,20.14,20.13,20.13,20.14,19.97,20.13,20.27,5000.0,20.17,-0.04,-975.0
41,20.14,20.13,20.13,20.14,19.97,20.13,20.27,5000.0,20.17,-0.04,-975.0
41,20.14,20.13,20.13,20.14,19.97,20.13,20.27,5000.0,20.17,-0.04,-975.0
41,20.14,20.13,20.13,20.14,19.97,20.13,20.27,5000.0,20.17,-0.04,-975.0
41,20.14,20.13,20.13,20.14,19.97,20.13,20.27,5000.0,20.17,-0.04,-975.0
41,20.14,20.13,20.13,20.14,19.97,20.13,20.27,5000.0,20.17,-0.04,-975.0
41,20.14,20.13,20.13,20.14,19.97,20.13,20.27,5000.0,20.17,-0.04,-975.0
41,20.14,20.13,20.13,20.14,19.97,20.13,20.27,5000.0,20.17,-0.04,-975.0
41,20.14,20.13,20.13,20.14,19.97,20.13,20.27,5000.0,20.17,-0.04,-975.0
41,20.14,20.13,20.13,20.14,19.97,20.13,20.27,5000.0,20.17,-0.04,-975.0
41,20.14,20.13,20.13,20.14,19.97,20.13,20.27,5000.0,20.17,-0.04,-975.0
41,20.14,20.13,20.13,20.14,19.97,20.13,20.27,5000.0,20.17,-0.04,-975.0
41,20.14,20.13,20.13,20.14,19.97,20.13,20.27,5000.0,20.17,-0.04,-975.0
41,20.14,20.13,20.13,20.14,19.97,20.13,20.27,5000.0,20.17,-0.04,-975.0
41,20.14,20.13,20.13,20.14,19.97,20.13,20.27,5000.0,20.17,-0.04,-975.0
41,20.14,20.13,20.13,20.14,19.97,20.13,20.27,5000.0,20.17,-0.04,-975.0
41,20.14,20.13,20.13,20.14,19.97,20.13,20.27,5000.0,20.17,-0.04,-975.0
42,20.11,20.08,20.11,20.14,19.97,20.11,20.27,5000.0,20.17,-0.06,-975.0
42,20.11,20.08,20.11,20.14,19.97,20.11,20.27,5000.0,20.17,-0.06,-975.0
42,20.11,20.08,20.11,20.14,19.97,20.11,20.27,5000.0,20.17,-0.06,-975.0
42,20.11,20.08,20.11,20.14,19.97,20.11,20.27,5000.0,20.17,-0.06,-975.0
42,20.11,20.08,20.11,20.14,19.97,20.11,20.27,5000.0,20.17,-0.06,-975.0
42,20.11,20.08,20.11,20.14,19.97,20.11,20.27,5000.0,20.17,-0.06,-975.0
42,20.11,20.08,20.11,20.14,19.97,20.11,20.27,5000.0,20.17,-0.06,-975.0
42,20.11,20.08,20.11,20.14,19.97,20.11,20.27,5000.0,20.17,-0.06,-975.0
42,20.11,20.08,20.11,20.14,19.97,20.11,20.27,5000.0,20.17,-0.06,-975.0
42,20.11,20.08,20.11,20.14,19.97,20.11,20.27,5000.0,20.17,-0.06,-975.0
42,20.11,20.08,20.11,20.14,19.97,20.11,20.27,5000.0,20.17,-0.06,-975.0
42,20.11,20.08,20.11,20.14,19.97,20.11,20.27,5000.0,20.17,-0.06,-975.0
42,20.11,20.08,20.11,20.14,19.97,20.11,20.27,5000.0,20.17,-0.06,-975.0
42,20.11,20.08,20.11,20.14,19.97,20.11,20.27,5000.0,20.17,-0.06,-975.0
42,20.11,20.08,20.11,20.14,19.97,20.11,20.27,5000.0,20.17,-0.06,-975.0
42,20.11,20.08,20.11,20.14,19.97,20.11,20.27,5000.0,20.17,-0.06,-975.0
42,20.11,20.08,20.11,20.14,19.97,20.11,20.27,5000.0,20.17,-0.06,-975.0
42,20.11,20.08,20.11,20.14,19.97,20.11,20.27,5000.0,20.17,-0.06,-975.0
42,20.11,20.08,20.11,20.14,19.97,20.11,20.27,5000.0,20.17,-0.06,-975.0
42,20.11,20.08,20.11,20.14,19.97,20.11,20.27,5000.0,20.17,-0.06,-975.0
42,20.11,20.08,20.1,20.12,19.97,20.1,20.27,5000.0,20.17,-0.07,-975.0
42,20.11,20.08,20.1,20.12,19.97,20.1,20.27,5000.0,20.17,-0.07,-975.0
42,20.11,20.08,20.1,20.12,19.97,20.1,20.27,5000.0,20.17,-0.07,-975.0
42,20.11,20.08,20.1,20.12,19.97,20.1,20.27,5000.0,20.17,-0.07,-975.0
42,20.11,20.08,20.1,20.12,19.97,20.1,20.27,5000.0,20.17,-0.07,-975.0
42,20.11,20.08,20.1,20.12,19.97,20.1,20.27,5000.0,20.17,-0.07,-975.0
42,20.11,20.08,20.1,20.12,19.97,20.1,20.27,5000.0,20.17,-0.07,-975.0
42,20.11,20.08,20.1,20.12,19.97,20.1,20.27,5000.0,20.17,-0.07,-975.0
42,20.11,20.08,20.1,20.12,19.97,20.1,20.27,5000.0,20.17,-0.07,-975.0
42,20.11,20.08,20.1,20.12,19.97,20.1,20.27,5000.0,20.17,-0.07,-975.0
42,20.11,20.08,20.1,20.12,19.97,20.1,20.27,5000.0,20.17,-0.07,-975.0
42,20.12,20.08,20.1,20.12,19.97,20.1,20.27,5000.0,20.17,-0.07,-975.0
42,20.12,20.08,20.1,20.12,19.97,20.1,20.27,5000.0,20.17,-0.07,-975.0
42,20.12,20.08,20.1,20.12,19.97,20.1,20.27,5000.0,20.17,-0.07,-975.0
42,20.12,20.08,20.1,20.12,19.97,20.1,20.27,5000.0,20.17,-0.07,-975.0
42,20.12,20.08,20.1,20.12,19.97,20.1,20.27,5000.0,20.17,-0.07,-975.0
42,20.12,20.08,20.1,20.12,19.97,20.1,20.27,5000.0,20.17,-0.07,-975.0
42,20.12,20.08,20.1,20.12,19.97,20.1,20.27,5000.0,20.17,-0.07,-975.0
42,20.12,20.08,20.1,20.12,19.97,20.1,20.27,5000.0,20.17,-0.07,-975.0
42,20.12,20.08,20.1,20.12,19.97,20.1,20.27,5000.0,20.17,-0.07,-975.0
42,20.12,20.08,20.1,20.12,19.97,20.1,20.27,5000.0,20.17,-0.07,-975.0
42,20.12,20.08,20.1,20.12,19.97,20.1,20.27,5000.0,20.17,-0.07,-975.0
43,20.04,20.01,20.04,20.07,19.97,20.04,20.27,5000.0,20.17,-0.13,-975.0
43,20.04,20.01,20.04,20.07,19.97,20.04,20.27,5000.0,20.17,-0.13,-975.0
43,20.04,20.01,20.04,20.07,19.97,20.04,20.27,5000.0,20.17,-0.13,-975.0
43,20.04,20.01,20.04,20.07,19.97,20.04,20.27,5000.0,20.17,-0.13,-975.0
43,20.04,20.01,20.04,20.07,19.97,20.04,20.27,5000.0,20.17,-0.13,-975.0
43,20.04,20.01,20.04,20.07,19.97,20.04,20.27,5000.0,20.17,-0.13,-975.0
43,20.04,20.01,20.04,20.07,19.97,20.04,20.27,5000.0,20.17,-0.13,-975.0
43,20.04,20.01,20.04,20.07,19.97,20.04,20.27,5000.0,20.17,-0.13,-975.0
43,20.04,20.01,20.04,20.07,19.97,20.04,20.27,5000.0,20.17,-0.13,-975.0
43,20.04,20.01,20.04,20.07,19.97,20.04,20.27,5000.0,20.17,-0.13,-975.0
43,20.01,20.01,20.04,20.07,19.98,20.04,20.1,0.0,0.0,0.0,-1825.0
43,20.01,20.01,20.04,20.07,19.98,20.04,20.1,0.0,0.0,0.0,-1825.0
43,20.01,20.01,20.04,20.07,19.98,20.04,20.1,0.0,0.0,0.0,-1825.0
43,20.01,20.01,20.04,20.07,19.98,20.04,20.1,0.0,0.0,0.0,-1825.0
43,20.01,20.01,20.04,20.07,19.98,20.04,20.1,0.0,0.0,0.0,-1825.0
43,20.01,20.01,20.04,20.07,19.98,20.04,20.1,0.0,0.0,0.0,-1825.0
43,20.01,20.01,20.04,20.07,19.98,20.04,20.1,0.0,0.0,0.0,-1825.0
43,20.01,20.01,20.04,20.07,19.98,20.04,20.1,0.0,0.0,0.0,-1825.0
43,20.01,20.01,20.04,20.07,19.98,20.04,20.1,0.0,0.0,0.0,-1825.0
43,20.01,20.01,20.04,20.07,19.98,20.04,20.1,0.0,0.0,0.0,-1825.0
43,20.01,20.06,20.06,20.07,19.98,20.06,20.1,0.0,0.0,0.0,-1825.0
43,20.01,20.06,20.06,20.07,19.98,20.06,20.1,0.0,0.0,0.0,-1825.0
43,20.01,20.06,20.06,20.07,19.98,20.06,20.1,0.0,0.0,0.0,-1825.0
43,20.01,20.06,20.06,20.07,19.98,20.06,20.1,0.0,0.0,0.0,-1825.0
43,20.01,20.06,20.06,20.07,19.98,20.06,20.1,0.0,0.0,0.0,-1825.0
43,20.01,20.06,20.06,20.07,19.98,20.06,20.1,0.0,0.0,0.0,-1825.0
43,20.01,20.06,20.06,20.07,19.98,20.06,20.1,0.0,0.0,0.0,-1825.0
43,20.01,20.06,20.06,20.07,19.98,20.06,20.1,0.0,0.0,0.0,-1825.0
43,20.01,20.06,20.06,20.07,19.98,20.06,20.1,0.0,0.0,0.0,-1825.0
43,20.01,20.06,20.06,20.07,19.98,20.06,20.1,0.0,0.0,0.0,-1825.0
43,20.01,20.06,20.06,20.07,19.98,20.06,20.1,0.0,0.0,0.0,-1825.0
43,20.01,20.06,20.06,20.07,19.98,20.06,20.1,0.0,0.0,0.0,-1825.0
43,20.01,20.06,20.06,20.07,19.98,20.06,20.1,0.0,0.0,0.0,-1825.0
43,20.01,20.06,20.06,20.07,19.98,20.06,20.1,0.0,0.0,0.0,-1825.0
43,20.01,20.06,20.06,20.07,19.98,20.06,20.1,0.0,0.0,0.0,-1825.0
43,20.01,20.06,20.06,20.07,19.98,20.06,20.1,0.0,0.0,0.0,-1825.0
43,20.01,20.06,20.06,20.07,19.98,20.06,20.1,0.0,0.0,0.0,-1825.0
43,20.01,20.06,20.06,20.07,19.98,20.06,20.1,0.0,0.0,0.0,-1825.0
43,20.01,20.06,20.06,20.07,19.98,20.06,20.1,0.0,0.0,0.0,-1825.0
43,20.01,20.06,20.06,20.07,19.98,20.06,20.1,0.0,0.0,0.0,-1825.0
43,20.01,20.06,20.06,20.07,19.98,20.06,20.1,0.0,0.0,0.0,-1825.0
43,20.01,20.06,20.06,20.07,19.98,20.06,20.1,0.0,0.0,0.0,-1825.0
43,20.01,20.06,20.06,20.07,19.98,20.06,20.1,0.0,0.0,0.0,-1825.0
43,20.01,20.06,20.06,20.07,19.98,20.06,20.1,0.0,0.0,0.0,-1825.0
43,20.01,20.06,20.06,20.07,19.98,20.06,20.1,0.0,0.0,0.0,-1825.0
43,20.01,20.06,20.06,20.07,19.98,20.06,20.1,0.0,0.0,0.0,-1825.0
44,19.94,19.91,19.94,19.97,19.7,19.94,20.0,5000.0,19.98,-0.04,-1800.0
44,19.94,19.91,19.94,19.97,19.7,19.94,20.0,5000.0,19.98,-0.04,-1800.0
44,19.94,19.91,19.94,19.97,19.7,19.94,20.0,5000.0,19.98,-0.04,-1800.0
44,19.94,19.91,19.94,19.97,19.7,19.94,20.0,5000.0,19.98,-0.04,-1800.0
44,19.94,19.91,19.94,19.97,19.7,19.94,20.0,5000.0,19.98,-0.04,-1800.0
44,19.94,19.91,19.94,19.97,19.7,19.94,20.0,5000.0,19.98,-0.04,-1800.0
44,19.94,19.91,19.94,19.97,19.7,19.94,20.0,5000.0,19.98,-0.04,-1800.0
44,19.94,19.91,19.94,19.97,19.7,19.94,20.0,5000.0,19.98,-0.04,-1800.0
44,19.94,19.91,19.94,19.97,19.7,19.94,20.0,5000.0,19.98,-0.04,-1800.0
44,19.91,19.96,19.96,19.97,19.9,19.96,20.02,0.0,0.0,0.0,-2200.0
44,19.91,19.96,19.96,19.97,19.9,19.96,20.02,0.0,0.0,0.0,-2200.0
44,19.91,19.96,19.96,19.97,19.9,19.96,20.02,0.0,0.0,0.0,-2200.0
44,19.91,19.96,19.96,19.97,19.9,19.96,20.02,0.0,0.0,0.0,-2200.0
44,19.91,19.96,19.96,19.97,19.9,19.96,20.02,0.0,0.0,0.0,-2200.0
44,19.91,19.96,19.96,19.97,19.9,19.96,20.02,0.0,0.0,0.0,-2200.0
44,19.91,19.96,19.96,19.97,19.9,19.96,20.02,0.0,0.0,0.0,-2200.0
44,19.91,19.96,19.96,19.97,19.9,19.96,20.02,0.0,0.0,0.0,-2200.0
44,19.91,19.96,19.96,19.97,19.9,19.96,20.02,0.0,0.0,0.0,-2200.0
44,19.91,19.96,19.96,19.97,19.9,19.96,20.02,0.0,0.0,0.0,-2200.0
44,19.91,19.96,19.96,19.97,19.9,19.96,20.02,0.0,0.0,0.0,-2200.0
44,19.91,19.96,19.96,19.97,19.9,19.96,20.02,0.0,0.0,0.0,-2200.0
44,19.91,19.96,19.96,19.97,19.9,19.96,20.02,0.0,0.0,0.0,-2200.0
44,19.91,19.96,19.96,19.97,19.9,19.96,20.02,0.0,0.0,0.0,-2200.0
44,19.91,19.96,19.96,19.97,19.9,19.96,20.02,0.0,0.0,0.0,-2200.0
44,19.91,19.96,19.96,19.97,19.9,19.96,20.02,0.0,0.0,0.0,-2200.0
44,19.91,19.96,19.96,19.97,19.9,19.96,20.02,0.0,0.0,0.0,-2200.0
44,19.91,19.96,19.96,19.97,19.9,19.96,20.02,0.0,0.0,0.0,-2200.0
44,19.91,19.96,19.96,19.97,19.9,19.96,20.02,0.0,0.0,0.0,-2200.0
44,19.91,19.96,19.96,19.97,19.9,19.96,20.02,0.0,0.0,0.0,-2200.0
44,19.91,19.96,19.96,19.97,19.9,19.96,20.02,0.0,0.0,0.0,-2200.0
44,19.91,19.96,19.96,19.97,19.9,19.96,20.02,0.0,0.0,0.0,-2200.0
44,19.91,19.96,19.96,19.97,19.9,19.96,20.02,0.0,0.0,0.0,-2200.0
44,19.91,19.96,19.96,19.97,19.9,19.96,20.02,0.0,0.0,0.0,-2200.0
44,19.91,19.96,19.96,19.97,19.9,19.96,20.02,0.0,0.0,0.0,-2200.0
44,19.91,19.96,19.96,19.97,19.9,19.96,20.02,0.0,0.0,0.0,-2200.0
44,19.91,19.96,19.96,19.97,19.9,19.96,20.02,0.0,0.0,0.0,-2200.0
44,19.91,19.96,19.96,19.97,19.9,19.96,20.02,0.0,0.0,0.0,-2200.0
44,19.91,19.96,19.96,19.97,19.9,19.96,20.02,0.0,0.0,0.0,-2200.0
44,19.91,19.96,19.96,19.97,19.9,19.96,20.02,0.0,0.0,0.0,-2200.0
44,19.91,19.96,19.96,19.97,19.9,19.96,20.02,0.0,0.0,0.0,-2200.0
44,19.91,19.96,19.96,19.97,19.9,19.96,20.02,0.0,0.0,0.0,-2200.0
44,19.91,19.96,19.96,19.97,19.9,19.96,20.02,0.0,0.0,0.0,-2200.0
44,19.91,19.96,19.96,19.97,19.9,19.96,20.02,0.0,0.0,0.0,-2200.0
44,19.91,19.96,19.96,19.97,19.9,19.96,20.02,0.0,0.0,0.0,-2200.0
44,19.91,19.96,19.96,19.97,19.9,19.96,20.02,0.0,0.0,0.0,-2200.0
44,19.91,19.96,19.96,19.97,19.9,19.96,20.02,0.0,0.0,0.0,-2200.0
45,19.93,19.9,19.93,19.96,19.9,19.93,20.02,0.0,0.0,0.0,-2200.0
45,19.93,19.9,19.93,19.96,19.9,19.93,20.02,0.0,0.0,0.0,-2200.0
45,19.93,19.9,19.93,19.96,19.9,19.93,20.02,0.0,0.0,0.0,-2200.0
45,19.93,19.9,19.93,19.96,19.9,19.93,20.02,0.0,0.0,0.0,-2200.0
45,19.93,19.9,19.93,19.96,19.9,19.93,20.02,0.0,0.0,0.0,-2200.0
45,19.93,19.9,19.93,19.96,19.9,19.93,20.02,0.0,0.0,0.0,-2200.0
45,19.93,19.9,19.93,19.96,19.9,19.93,20.02,0.0,0.0,0.0,-2200.0
45,19.93,19.9,19.93,19.96,19.9,19.93,20.02,0.0,0.0,0.0,-2200.0
45,19.93,19.9,19.93,19.96,19.9,19.93,20.02,0.0,0.0,0.0,-2200.0
45,19.93,19.9,19.93,19.96,19.9,19.93,20.02,0.0,0.0,0.0,-2200.0
45,19.93,19.9,19.93,19.96,19.9,19.93,20.02,0.0,0.0,0.0,-2200.0
45,19.96,19.9,19.93,19.96,19.9,19.93,20.02,0.0,0.0,0.0,-2200.0
45,19.96,19.9,19.93,19.96,19.9,19.93,20.02,0.0,0.0,0.0,-2200.0
45,19.96,19.9,19.93,19.96,19.9,19.93,20.02,0.0,0.0,0.0,-2200.0
45,19.96,19.9,19.93,19.96,19.9,19.93,20.02,0.0,0.0,0.0,-2200.0
45,19.96,19.9,19.93,19.96,19.9,19.93,20.02,0.0,0.0,0.0,-2200.0
45,19.96,19.9,19.93,19.96,19.9,19.93,20.02,0.0,0.0,0.0,-2200.0
45,19.96,19.9,19.93,19.96,19.9,19.93,20.02,0.0,0.0,0.0,-2200.0
45,19.96,19.9,19.93,19.96,19.9,19.93,20.02,0.0,0.0,0.0,-2200.0
45,19.96,19.9,19.93,19.96,19.9,19.93,20.02,0.0,0.0,0.0,-2200.0
45,19.96,19.9,19.93,19.96,19.9,19.93,20.02,0.0,0.0,0.0,-2200.0
45,19.96,19.9,19.93,19.96,19.9,19.93,20.02,0.0,0.0,0.0,-2200.0
45,19.96,19.9,19.93,19.96,19.9,19.93,20.02,0.0,0.0,0.0,-2200.0
45,19.96,19.9,19.93,19.96,19.9,19.93,20.02,0.0,0.0,0.0,-2200.0
45,19.96,19.9,19.93,19.96,19.9,19.93,20.02,0.0,0.0,0.0,-2200.0
45,19.96,19.9,19.93,19.96,19.9,19.93,20.02,0.0,0.0,0.0,-2200.0
45,19.96,19.9,19.93,19.96,19.9,19.93,20.02,0.0,0.0,0.0,-2200.0
45,19.96,19.9,19.93,19.96,19.9,19.93,20.02,0.0,0.0,0.0,-2200.0
45,19.96,19.9,19.93,19.96,19.9,19.93,20.02,0.0,0.0,0.0,-2200.0
45,19.96,19.9,19.93,19.96,19.9,19.93,20.02,0.0,0.0,0.0,-2200.0
45,19.96,19.9,19.93,19.96,19.9,19.93,20.02,0.0,0.0,0.0,-2200.0
45,19.96,19.9,19.93,19.96,19.9,19.93,20.02,0.0,0.0,0.0,-2200.0
45,19.96,19.9,19.93,19.96,19.9,19.93,20.02,0.0,0.0,0.0,-2200.0
45,19.96,19.9,19.93,19.96,19.9,19.93,20.02,0.0,0.0,0.0,-2200.0
45,19.96,19.9,19.93,19.96,19.9,19.93,20.02,0.0,0.0,0.0,-2200.0
45,19.96,19.9,19.93,19.96,19.9,19.93,20.02,0.0,0.0,0.0,-2200.0
45,19.96,19.9,19.93,19.96,19.9,19.93,20.02,0.0,0.0,0.0,-2200.0
45,19.96,19.9,19.93,19.96,19.9,19.93,20.02,0.0,0.0,0.0,-2200.0
45,19.96,19.9,19.93,19.96,19.9,19.93,20.02,0.0,0.0,0.0,-2200.0
45,19.96,19.9,19.93,19.96,19.9,19.93,20.02,0.0,0.0,0.0,-2200.0
45,19.96,19.9,19.93,19.96,19.9,19.93,20.02,0.0,0.0,0.0,-2200.0
