tick,last,bid,mid,ask,current_bid,mid,current_ask,position,position_vwap,pnl_per_share,realized
161,20.39,20.36,20.37,20.38,20.32,20.37,20.42,0.0,0.0,0.0,-21504.5
161,20.39,20.36,20.37,20.38,20.32,20.37,20.42,0.0,0.0,0.0,-21504.5
161,20.39,20.36,20.37,20.38,20.32,20.37,20.42,0.0,0.0,0.0,-21504.5
161,20.39,20.36,20.37,20.38,20.32,20.37,20.42,0.0,0.0,0.0,-21504.5
161,20.39,20.36,20.37,20.38,20.32,20.37,20.42,0.0,0.0,0.0,-21504.5
161,20.39,20.37,20.38,20.38,20.32,20.38,20.42,0.0,0.0,0.0,-21504.5
161,20.39,20.37,20.38,20.38,20.32,20.38,20.42,0.0,0.0,0.0,-21504.5
161,20.39,20.37,20.38,20.38,20.32,20.38,20.42,0.0,0.0,0.0,-21504.5
161,20.39,20.37,20.38,20.38,20.32,20.38,20.42,0.0,0.0,0.0,-21504.5
161,20.39,20.37,20.38,20.38,20.32,20.38,20.42,0.0,0.0,0.0,-21504.5
161,20.39,20.37,20.38,20.38,20.32,20.38,20.42,0.0,0.0,0.0,-21504.5
161,20.39,20.37,20.38,20.38,20.32,20.38,20.42,0.0,0.0,0.0,-21504.5
161,20.39,20.37,20.38,20.38,20.32,20.38,20.42,0.0,0.0,0.0,-21504.5
161,20.39,20.37,20.38,20.38,20.32,20.38,20.42,0.0,0.0,0.0,-21504.5
161,20.39,20.37,20.38,20.38,20.32,20.38,20.42,0.0,0.0,0.0,-21504.5
161,20.39,20.37,20.38,20.38,20.32,20.38,20.42,0.0,0.0,0.0,-21504.5
161,20.39,20.37,20.38,20.38,20.32,20.38,20.42,0.0,0.0,0.0,-21504.5
161,20.39,20.37,20.38,20.38,20.32,20.38,20.42,0.0,0.0,0.0,-21504.5
161,20.39,20.37,20.38,20.38,20.32,20.38,20.42,0.0,0.0,0.0,-21504.5
162,20.42,20.39,20.41,20.42,20.32,20.41,20.42,0.0,0.0,0.0,-21504.5
162,20.42,20.39,20.41,20.42,20.32,20.41,20.42,0.0,0.0,0.0,-21504.5
162,20.42,20.39,20.41,20.42,20.32,20.41,20.42,0.0,0.0,0.0,-21504.5
162,20.42,20.39,20.41,20.42,20.32,20.41,20.42,0.0,0.0,0.0,-21504.5
162,20.42,20.39,20.41,20.42,20.32,20.41,20.42,0.0,0.0,0.0,-21504.5
162,20.42,20.39,20.41,20.42,20.32,20.41,20.42,0.0,0.0,0.0,-21504.5
162,20.42,20.39,20.41,20.42,20.32,20.41,20.42,0.0,0.0,0.0,-21504.5
162,20.42,20.39,20.41,20.42,20.32,20.41,20.42,0.0,0.0,0.0,-21504.5
162,20.42,20.39,20.41,20.42,20.32,20.41,20.42,0.0,0.0,0.0,-21504.5
162,20.42,20.39,20.41,20.42,20.32,20.41,20.42,0.0,0.0,0.0,-21504.5
162,20.42,20.39,20.41,20.42,20.32,20.41,20.42,0.0,0.0,0.0,-21504.5
162,20.42,20.39,20.41,20.42,20.32,20.41,20.42,0.0,0.0,0.0,-21504.5
162,20.42,20.39,20.41,20.42,20.32,20.41,20.42,0.0,0.0,0.0,-21504.5
162,20.42,20.39,20.41,20.42,20.32,20.41,20.42,0.0,0.0,0.0,-21504.5
162,20.42,20.39,20.41,20.42,20.32,20.41,20.42,0.0,0.0,0.0,-21504.5
162,20.42,20.39,20.41,20.42,20.32,20.41,20.42,0.0,0.0,0.0,-21504.5
162,20.42,20.39,20.41,20.42,20.32,20.41,20.42,0.0,0.0,0.0,-21504.5
162,20.42,20.39,20.41,20.42,20.32,20.41,20.42,0.0,0.0,0.0,-21504.5
162,20.42,20.39,20.41,20.42,20.32,20.41,20.42,0.0,0.0,0.0,-21504.5
162,20.42,20.39,20.41,20.42,20.32,20.41,20.42,0.0,0.0,0.0,-21504.5
162,20.45,20.39,20.42,20.45,20.37,20.42,20.62,-5000.0,20.42,-0.0,-21479.5
162,20.45,20.39,20.42,20.45,20.37,20.42,20.62,-5000.0,20.42,-0.0,-21479.5
162,20.45,20.39,20.42,20.45,20.37,20.42,20.62,-5000.0,20.42,-0.0,-21479.5
162,20.45,20.39,20.42,20.45,20.37,20.42,20.62,-5000.0,20.42,-0.0,-21479.5
162,20.45,20.39,20.42,20.45,20.37,20.42,20.62,-5000.0,20.42,-0.0,-21479.5
162,20.45,20.39,20.42,20.45,20.37,20.42,20.62,-5000.0,20.42,-0.0,-21479.5
162,20.45,20.39,20.42,20.45,20.37,20.42,20.62,-5000.0,20.42,-0.0,-21479.5
162,20.45,20.41,20.43,20.45,20.38,20.43,20.48,0.0,0.0,0.0,-21679.5
162,20.45,20.41,20.43,20.45,20.38,20.43,20.48,0.0,0.0,0.0,-21679.5
162,20.45,20.41,20.43,20.45,20.38,20.43,20.48,0.0,0.0,0.0,-21679.5
162,20.45,20.41,20.43,20.45,20.38,20.43,20.48,0.0,0.0,0.0,-21679.5
162,20.45,20.41,20.43,20.45,20.38,20.43,20.48,0.0,0.0,0.0,-21679.5
162,20.45,20.41,20.43,20.45,20.38,20.43,20.48,0.0,0.0,0.0,-21679.5
162,20.45,20.41,20.43,20.45,20.38,20.43,20.48,0.0,0.0,0.0,-21679.5
162,20.45,20.41,20.43,20.45,20.38,20.43,20.48,0.0,0.0,0.0,-21679.5
162,20.45,20.41,20.43,20.45,20.38,20.43,20.48,0.0,0.0,0.0,-21679.5
162,20.45,20.41,20.43,20.45,20.38,20.43,20.48,0.0,0.0,0.0,-21679.5
162,20.45,20.41,20.43,20.45,20.38,20.43,20.48,0.0,0.0,0.0,-21679.5
163,20.48,20.45,20.46,20.48,20.38,20.46,20.48,0.0,0.0,0.0,-21679.5
163,20.48,20.45,20.46,20.48,20.38,20.46,20.48,0.0,0.0,0.0,-21679.5
163,20.48,20.45,20.46,20.48,20.38,20.46,20.48,0.0,0.0,0.0,-21679.5
163,20.48,20.45,20.46,20.48,20.38,20.46,20.48,0.0,0.0,0.0,-21679.5
163,20.48,20.45,20.46,20.48,20.38,20.46,20.48,0.0,0.0,0.0,-21679.5
163,20.48,20.45,20.46,20.48,20.38,20.46,20.48,0.0,0.0,0.0,-21679.5
163,20.48,20.45,20.46,20.48,20.38,20.46,20.48,0.0,0.0,0.0,-21679.5
163,20.48,20.45,20.46,20.48,20.38,20.46,20.48,0.0,0.0,0.0,-21679.5
163,20.48,20.45,20.46,20.48,20.38,20.46,20.48,0.0,0.0,0.0,-21679.5
163,20.48,20.45,20.46,20.48,20.38,20.46,20.48,0.0,0.0,0.0,-21679.5
163,20.48,20.45,20.46,20.48,20.38,20.46,20.48,0.0,0.0,0.0,-21679.5
163,20.48,20.45,20.46,20.48,20.38,20.46,20.48,0.0,0.0,0.0,-21679.5
163,20.48,20.45,20.46,20.48,20.38,20.46,20.48,0.0,0.0,0.0,-21679.5
163,20.48,20.45,20.46,20.48,20.38,20.46,20.48,0.0,0.0,0.0,-21679.5
163,20.48,20.45,20.46,20.48,20.38,20.46,20.48,0.0,0.0,0.0,-21679.5
163,20.48,20.45,20.46,20.48,20.38,20.46,20.48,0.0,0.0,0.0,-21679.5
163,20.48,20.45,20.46,20.48,20.38,20.46,20.48,0.0,0.0,0.0,-21679.5
163,20.48,20.45,20.46,20.48,20.38,20.46,20.48,0.0,0.0,0.0,-21679.5
163,20.48,20.45,20.46,20.48,20.38,20.46,20.48,0.0,0.0,0.0,-21679.5
163,20.45,20.45,20.46,20.48,20.38,20.46,20.48,0.0,0.0,0.0,-21679.5
163,20.45,20.45,20.46,20.48,20.38,20.46,20.48,0.0,0.0,0.0,-21679.5
163,20.45,20.45,20.46,20.48,20.38,20.46,20.48,0.0,0.0,0.0,-21679.5
163,20.45,20.45,20.46,20.48,20.38,20.46,20.48,0.0,0.0,0.0,-21679.5
163,20.45,20.45,20.46,20.48,20.38,20.46,20.48,0.0,0.0,0.0,-21679.5
163,20.45,20.45,20.46,20.48,20.38,20.46,20.48,0.0,0.0,0.0,-21679.5
163,20.45,20.45,20.46,20.48,20.38,20.46,20.48,0.0,0.0,0.0,-21679.5
163,20.45,20.45,20.46,20.48,20.38,20.46,20.48,0.0,0.0,0.0,-21679.5
163,20.45,20.45,20.46,20.48,20.38,20.46,20.48,0.0,0.0,0.0,-21679.5
163,20.45,20.45,20.46,20.48,20.38,20.46,20.48,0.0,0.0,0.0,-21679.5
163,20.45,20.45,20.46,20.48,20.38,20.46,20.48,0.0,0.0,0.0,-21679.5
163,20.45,20.45,20.46,20.48,20.38,20.46,20.48,0.0,0.0,0.0,-21679.5
163,20.45,20.45,20.46,20.48,20.38,20.46,20.48,0.0,0.0,0.0,-21679.5
163,20.45,20.45,20.46,20.48,20.38,20.46,20.48,0.0,0.0,0.0,-21679.5
163,20.45,20.45,20.46,20.48,20.38,20.46,20.48,0.0,0.0,0.0,-21679.5
163,20.45,20.45,20.46,20.48,20.38,20.46,20.48,0.0,0.0,0.0,-21679.5
163,20.45,20.45,20.46,20.48,20.38,20.46,20.48,0.0,0.0,0.0,-21679.5
163,20.45,20.45,20.46,20.48,20.38,20.46,20.48,0.0,0.0,0.0,-21679.5
163,20.45,20.45,20.46,20.48,20.38,20.46,20.48,0.0,0.0,0.0,-21679.5
163,20.45,20.45,20.46,20.48,20.38,20.46,20.48,0.0,0.0,0.0,-21679.5
163,20.45,20.45,20.46,20.48,20.38,20.46,20.48,0.0,0.0,0.0,-21679.5
163,20.45,20.45,20.46,20.48,20.38,20.46,20.48,0.0,0.0,0.0,-21679.5
163,20.48,20.5,20.51,20.51,20.46,20.51,20.71,-5000.0,20.48,-0.03,-21654.5
164,20.48,20.45,20.48,20.51,20.46,20.48,20.71,-5000.0,20.48,-0.0,-21654.5
164,20.48,20.45,20.48,20.51,20.46,20.48,20.71,-5000.0,20.48,-0.0,-21654.5
164,20.48,20.45,20.48,20.51,20.46,20.48,20.71,-5000.0,20.48,-0.0,-21654.5
164,20.48,20.45,20.48,20.51,20.46,20.48,20.71,-5000.0,20.48,-0.0,-21654.5
164,20.48,20.45,20.48,20.51,20.46,20.48,20.71,-5000.0,20.48,-0.0,-21654.5
164,20.51,20.5,20.51,20.51,20.46,20.51,20.56,0.0,0.0,0.0,-21854.5
164,20.51,20.5,20.51,20.51,20.46,20.51,20.56,0.0,0.0,0.0,-21854.5
164,20.51,20.5,20.51,20.51,20.46,20.51,20.56,0.0,0.0,0.0,-21854.5
164,20.51,20.5,20.51,20.51,20.46,20.51,20.56,0.0,0.0,0.0,-21854.5
164,20.51,20.5,20.51,20.51,20.46,20.51,20.56,0.0,0.0,0.0,-21854.5
164,20.51,20.5,20.51,20.51,20.46,20.51,20.56,0.0,0.0,0.0,-21854.5
164,20.51,20.5,20.51,20.51,20.46,20.51,20.56,0.0,0.0,0.0,-21854.5
164,20.51,20.5,20.51,20.51,20.46,20.51,20.56,0.0,0.0,0.0,-21854.5
164,20.51,20.5,20.51,20.51,20.46,20.51,20.56,0.0,0.0,0.0,-21854.5
164,20.51,20.5,20.51,20.51,20.46,20.51,20.56,0.0,0.0,0.0,-21854.5
164,20.51,20.5,20.51,20.51,20.46,20.51,20.56,0.0,0.0,0.0,-21854.5
164,20.51,20.5,20.51,20.51,20.46,20.51,20.56,0.0,0.0,0.0,-21854.5
164,20.51,20.5,20.51,20.51,20.46,20.51,20.56,0.0,0.0,0.0,-21854.5
164,20.51,20.5,20.51,20.51,20.46,20.51,20.56,0.0,0.0,0.0,-21854.5
164,20.51,20.5,20.51,20.51,20.46,20.51,20.56,0.0,0.0,0.0,-21854.5
164,20.51,20.5,20.51,20.51,20.46,20.51,20.56,0.0,0.0,0.0,-21854.5
164,20.51,20.5,20.51,20.51,20.46,20.51,20.56,0.0,0.0,0.0,-21854.5
164,20.51,20.5,20.51,20.51,20.46,20.51,20.56,0.0,0.0,0.0,-21854.5
164,20.51,20.5,20.51,20.51,20.46,20.51,20.56,0.0,0.0,0.0,-21854.5
164,20.51,20.5,20.51,20.51,20.46,20.51,20.56,0.0,0.0,0.0,-21854.5
164,20.51,20.5,20.51,20.51,20.46,20.51,20.56,0.0,0.0,0.0,-21854.5
164,20.51,20.5,20.51,20.51,20.46,20.51,20.56,0.0,0.0,0.0,-21854.5
164,20.51,20.5,20.51,20.51,20.46,20.51,20.56,0.0,0.0,0.0,-21854.5
164,20.51,20.5,20.51,20.51,20.46,20.51,20.56,0.0,0.0,0.0,-21854.5
164,20.51,20.5,20.51,20.51,20.46,20.51,20.56,0.0,0.0,0.0,-21854.5
164,20.51,20.5,20.51,20.51,20.46,20.51,20.56,0.0,0.0,0.0,-21854.5
164,20.51,20.5,20.51,20.51,20.46,20.51,20.56,0.0,0.0,0.0,-21854.5
164,20.51,20.5,20.51,20.51,20.46,20.51,20.56,0.0,0.0,0.0,-21854.5
164,20.51,20.5,20.51,20.51,20.46,20.51,20.56,0.0,0.0,0.0,-21854.5
164,20.51,20.5,20.51,20.51,20.46,20.51,20.56,0.0,0.0,0.0,-21854.5
164,20.51,20.5,20.51,20.51,20.46,20.51,20.56,0.0,0.0,0.0,-21854.5
164,20.51,20.5,20.51,20.51,20.46,20.51,20.56,0.0,0.0,0.0,-21854.5
164,20.51,20.5,20.51,20.51,20.46,20.51,20.56,0.0,0.0,0.0,-21854.5
165,20.46,20.46,20.48,20.49,20.46,20.48,20.56,0.0,0.0,0.0,-21854.5
165,20.46,20.46,20.48,20.49,20.46,20.48,20.56,0.0,0.0,0.0,-21854.5
165,20.46,20.46,20.48,20.49,20.46,20.48,20.56,0.0,0.0,0.0,-21854.5
165,20.46,20.46,20.48,20.49,20.46,20.48,20.56,0.0,0.0,0.0,-21854.5
165,20.46,20.46,20.48,20.49,20.46,20.48,20.56,0.0,0.0,0.0,-21854.5
165,20.46,20.46,20.48,20.49,20.46,20.48,20.56,0.0,0.0,0.0,-21854.5
165,20.46,20.46,20.48,20.49,20.46,20.48,20.56,0.0,0.0,0.0,-21854.5
165,20.46,20.46,20.48,20.49,20.46,20.48,20.56,0.0,0.0,0.0,-21854.5
165,20.46,20.46,20.48,20.49,20.46,20.48,20.56,0.0,0.0,0.0,-21854.5
165,20.46,20.46,20.48,20.49,20.46,20.48,20.56,0.0,0.0,0.0,-21854.5
165,20.46,20.46,20.48,20.49,20.46,20.48,20.56,0.0,0.0,0.0,-21854.5
165,20.46,20.46,20.48,20.49,20.46,20.48,20.56,0.0,0.0,0.0,-21854.5
165,20.46,20.46,20.48,20.49,20.46,20.48,20.56,0.0,0.0,0.0,-21854.5
165,20.46,20.46,20.48,20.49,20.46,20.48,20.56,0.0,0.0,0.0,-21854.5
165,20.46,20.46,20.48,20.49,20.46,20.48,20.56,0.0,0.0,0.0,-21854.5
165,20.46,20.46,20.48,20.49,20.46,20.48,20.56,0.0,0.0,0.0,-21854.5
165,20.46,20.46,20.48,20.49,20.46,20.48,20.56,0.0,0.0,0.0,-21854.5
165,20.46,20.46,20.48,20.49,20.46,20.48,20.56,0.0,0.0,0.0,-21854.5
165,20.46,20.46,20.48,20.49,20.46,20.48,20.56,0.0,0.0,0.0,-21854.5
165,20.46,20.46,20.48,20.49,20.46,20.48,20.56,0.0,0.0,0.0,-21854.5
165,20.46,20.46,20.48,20.49,20.46,20.48,20.56,0.0,0.0,0.0,-21854.5
165,20.46,20.46,20.48,20.49,20.46,20.48,20.56,0.0,0.0,0.0,-21854.5
165,20.46,20.46,20.48,20.49,20.46,20.48,20.56,0.0,0.0,0.0,-21854.5
165,20.46,20.46,20.48,20.49,20.46,20.48,20.56,0.0,0.0,0.0,-21854.5
165,20.46,20.46,20.48,20.49,20.46,20.48,20.56,0.0,0.0,0.0,-21854.5
165,20.46,20.46,20.48,20.49,20.46,20.48,20.56,0.0,0.0,0.0,-21854.5
165,20.46,20.46,20.48,20.49,20.46,20.48,20.56,0.0,0.0,0.0,-21854.5
165,20.46,20.46,20.48,20.49,20.46,20.48,20.56,0.0,0.0,0.0,-21854.5
165,20.46,20.46,20.48,20.49,20.46,20.48,20.56,0.0,0.0,0.0,-21854.5
165,20.46,20.46,20.48,20.49,20.46,20.48,20.56,0.0,0.0,0.0,-21854.5
165,20.46,20.46,20.48,20.49,20.46,20.48,20.56,0.0,0.0,0.0,-21854.5
165,20.46,20.46,20.48,20.49,20.46,20.48,20.56,0.0,0.0,0.0,-21854.5
165,20.46,20.46,20.48,20.49,20.46,20.48,20.56,0.0,0.0,0.0,-21854.5
165,20.46,20.46,20.48,20.49,20.46,20.48,20.56,0.0,0.0,0.0,-21854.5
165,20.46,20.46,20.48,20.49,20.46,20.48,20.56,0.0,0.0,0.0,-21854.5
165,20.46,20.46,20.48,20.49,20.46,20.48,20.56,0.0,0.0,0.0,-21854.5
165,20.46,20.46,20.48,20.49,20.46,20.48,20.56,0.0,0.0,0.0,-21854.5
165,20.46,20.46,20.48,20.49,20.46,20.48,20.56,0.0,0.0,0.0,-21854.5
165,20.46,20.46,20.48,20.49,20.46,20.48,20.56,0.0,0.0,0.0,-21854.5
165,20.46,20.46,20.48,20.49,20.46,20.48,20.56,0.0,0.0,0.0,-21854.5
165,20.46,20.46,20.48,20.49,20.46,20.48,20.56,0.0,0.0,0.0,-21854.5
165,20.46,20.46,20.48,20.49,20.46,20.48,20.56,0.0,0.0,0.0,-21854.5
165,20.46,20.46,20.48,20.49,20.46,20.48,20.56,0.0,0.0,0.0,-21854.5
165,20.46,20.46,20.48,20.49,20.46,20.48,20.56,0.0,0.0,0.0,-21854.5
165,20.46,20.44,20.45,20.46,20.25,20.45,20.5,5000.0,20.46,-0.01,-21829.5
166,20.45,20.42,20.45,20.48,20.25,20.45,20.5,5000.0,20.46,-0.01,-21829.5
166,20.45,20.42,20.45,20.48,20.25,20.45,20.5,5000.0,20.46,-0.01,-21829.5
166,20.45,20.42,20.45,20.48,20.25,20.45,20.5,5000.0,20.46,-0.01,-21829.5
166,20.45,20.42,20.45,20.48,20.25,20.45,20.5,5000.0,20.46,-0.01,-21829.5
166,20.45,20.42,20.45,20.48,20.25,20.45,20.5,5000.0,20.46,-0.01,-21829.5
166,20.45,20.42,20.45,20.48,20.25,20.45,20.5,5000.0,20.46,-0.01,-21829.5
166,20.45,20.45,20.46,20.48,20.25,20.46,20.5,5000.0,20.46,0.0,-21829.5
166,20.45,20.45,20.46,20.48,20.25,20.46,20.5,5000.0,20.46,0.0,-21829.5
166,20.45,20.45,20.46,20.48,20.25,20.46,20.5,5000.0,20.46,0.0,-21829.5
166,20.45,20.45,20.46,20.48,20.25,20.46,20.5,5000.0,20.46,0.0,-21829.5
166,20.45,20.45,20.46,20.48,20.25,20.46,20.5,5000.0,20.46,0.0,-21829.5
166,20.45,20.45,20.46,20.48,20.25,20.46,20.5,5000.0,20.46,0.0,-21829.5
166,20.45,20.45,20.46,20.48,20.25,20.46,20.5,5000.0,20.46,0.0,-21829.5
166,20.45,20.45,20.46,20.48,20.25,20.46,20.5,5000.0,20.46,0.0,-21829.5
166,20.45,20.45,20.46,20.48,20.25,20.46,20.5,5000.0,20.46,0.0,-21829.5
166,20.45,20.45,20.46,20.48,20.25,20.46,20.5,5000.0,20.46,0.0,-21829.5
166,20.45,20.45,20.46,20.48,20.25,20.46,20.5,5000.0,20.46,0.0,-21829.5
166,20.45,20.45,20.46,20.48,20.25,20.46,20.5,5000.0,20.46,0.0,-21829.5
166,20.45,20.45,20.46,20.48,20.25,20.46,20.5,5000.0,20.46,0.0,-21829.5
166,20.45,20.45,20.46,20.48,20.25,20.46,20.5,5000.0,20.46,0.0,-21829.5
166,20.45,20.45,20.46,20.48,20.25,20.46,20.5,5000.0,20.46,0.0,-21829.5
166,20.45,20.45,20.46,20.48,20.25,20.46,20.5,5000.0,20.46,0.0,-21829.5
166,20.45,20.45,20.46,20.48,20.25,20.46,20.5,5000.0,20.46,0.0,-21829.5
166,20.45,20.45,20.46,20.48,20.25,20.46,20.5,5000.0,20.46,0.0,-21829.5
166,20.45,20.45,20.46,20.48,20.25,20.46,20.5,5000.0,20.46,0.0,-21829.5
166,20.48,20.45,20.46,20.48,20.25,20.46,20.5,5000.0,20.46,0.0,-21829.5
166,20.48,20.45,20.46,20.48,20.25,20.46,20.5,5000.0,20.46,0.0,-21829.5
166,20.48,20.45,20.46,20.48,20.25,20.46,20.5,5000.0,20.46,0.0,-21829.5
166,20.48,20.45,20.46,20.48,20.25,20.46,20.5,5000.0,20.46,0.0,-21829.5
166,20.48,20.45,20.46,20.48,20.25,20.46,20.5,5000.0,20.46,0.0,-21829.5
166,20.48,20.45,20.46,20.48,20.25,20.46,20.5,5000.0,20.46,0.0,-21829.5
166,20.48,20.45,20.46,20.48,20.25,20.46,20.5,5000.0,20.46,0.0,-21829.5
166,20.48,20.45,20.46,20.48,20.25,20.46,20.5,5000.0,20.46,0.0,-21829.5
166,20.48,20.45,20.46,20.48,20.25,20.46,20.5,5000.0,20.46,0.0,-21829.5
166,20.48,20.47,20.48,20.48,20.25,20.48,20.5,5000.0,20.46,0.02,-21829.5
166,20.48,20.47,20.48,20.48,20.25,20.48,20.5,5000.0,20.46,0.02,-21829.5
167,20.4,20.37,20.4,20.43,20.25,20.4,20.5,5000.0,20.46,-0.06,-21829.5
167,20.4,20.37,20.4,20.43,20.25,20.4,20.5,5000.0,20.46,-0.06,-21829.5
167,20.4,20.37,20.4,20.43,20.25,20.4,20.5,5000.0,20.46,-0.06,-21829.5
167,20.4,20.37,20.4,20.43,20.25,20.4,20.5,5000.0,20.46,-0.06,-21829.5
167,20.4,20.37,20.4,20.43,20.25,20.4,20.5,5000.0,20.46,-0.06,-21829.5
167,20.4,20.38,20.41,20.43,20.25,20.41,20.5,5000.0,20.46,-0.05,-21829.5
167,20.4,20.38,20.41,20.43,20.25,20.41,20.5,5000.0,20.46,-0.05,-21829.5
167,20.38,20.37,20.38,20.38,20.25,20.38,20.5,5000.0,20.46,-0.08,-21829.5
167,20.38,20.37,20.38,20.38,20.25,20.38,20.5,5000.0,20.46,-0.08,-21829.5
167,20.38,20.37,20.38,20.38,20.25,20.38,20.5,5000.0,20.46,-0.08,-21829.5
168,20.37,20.34,20.36,20.38,20.25,20.36,20.5,5000.0,20.46,-0.1,-21829.5
168,20.37,20.34,20.36,20.38,20.25,20.36,20.5,5000.0,20.46,-0.1,-21829.5
168,20.37,20.35,20.37,20.38,20.25,20.37,20.5,5000.0,20.46,-0.09,-21829.5
168,20.37,20.35,20.37,20.38,20.25,20.37,20.5,5000.0,20.46,-0.09,-21829.5
168,20.39,20.35,20.37,20.38,20.32,20.37,21.02,-20000.0,20.38,0.01,-22104.5
169,20.39,20.33,20.36,20.39,20.31,20.36,20.56,-5000.0,20.38,0.02,-22304.5
170,20.33,20.36,20.38,20.39,20.33,20.38,20.43,0.0,0.0,0.0,-22354.5
170,20.39,20.37,20.38,20.39,20.18,20.38,20.43,5000.0,20.39,-0.01,-22404.5
171,20.26,20.23,20.26,20.29,20.18,20.26,20.43,5000.0,20.39,-0.13,-22404.5
171,20.26,20.28,20.29,20.29,20.18,20.29,20.43,5000.0,20.39,-0.1,-22404.5
171,20.28,20.28,20.29,20.29,20.18,20.29,20.43,5000.0,20.39,-0.1,-22404.5
171,20.28,20.28,20.29,20.29,20.18,20.29,20.43,5000.0,20.39,-0.1,-22404.5
171,20.28,20.28,20.29,20.29,20.18,20.29,20.43,5000.0,20.39,-0.1,-22404.5
172,20.24,20.23,20.25,20.27,20.18,20.25,20.43,5000.0,20.39,-0.14,-22404.5
172,20.24,20.23,20.25,20.26,20.18,20.25,20.43,5000.0,20.39,-0.14,-22404.5
172,20.24,20.23,20.25,20.26,20.18,20.25,20.43,5000.0,20.39,-0.14,-22404.5
172,20.24,20.23,20.25,20.26,20.18,20.25,20.43,5000.0,20.39,-0.14,-22404.5
172,20.26,20.23,20.25,20.26,20.2,20.25,20.3,2600.0,20.39,-0.14,-22704.5
173,20.18,20.2,20.21,20.22,20.16,20.21,20.56,-10000.0,20.26,0.05,-23054.5
174,20.2,20.17,20.2,20.23,20.15,20.2,20.4,-5000.0,20.26,0.06,-22904.5
174,20.23,20.22,20.23,20.23,20.18,20.23,20.28,0.0,0.0,0.0,-22804.5
174,20.23,20.22,20.23,20.23,20.03,20.23,20.28,5000.0,20.23,0.0,-22854.5
175,20.15,20.12,20.15,20.18,20.03,20.15,20.28,5000.0,20.23,-0.08,-22854.5
175,20.15,20.12,20.15,20.18,20.03,20.15,20.28,5000.0,20.23,-0.08,-22854.5
175,20.15,20.12,20.15,20.18,20.03,20.15,20.28,5000.0,20.23,-0.08,-22854.5
175,20.12,20.12,20.15,20.18,20.03,20.15,20.28,5000.0,20.23,-0.08,-22854.5
176,20.15,20.12,20.15,20.18,20.03,20.15,20.28,5000.0,20.23,-0.08,-22854.5
176,20.15,20.12,20.15,20.18,20.03,20.15,20.28,5000.0,20.23,-0.08,-22854.5
176,20.15,20.17,20.18,20.18,20.03,20.18,20.28,5000.0,20.23,-0.05,-22854.5
176,20.15,20.17,20.18,20.18,20.03,20.18,20.28,5000.0,20.23,-0.05,-22854.5
176,20.15,20.17,20.18,20.18,20.03,20.18,20.28,5000.0,20.23,-0.05,-22854.5
176,20.15,20.17,20.18,20.18,20.03,20.18,20.28,5000.0,20.23,-0.05,-22854.5
176,20.15,20.17,20.18,20.18,20.03,20.18,20.28,5000.0,20.23,-0.05,-22854.5
176,20.15,20.17,20.18,20.18,20.03,20.18,20.28,5000.0,20.23,-0.05,-22854.5
176,20.15,20.17,20.18,20.18,20.03,20.18,20.28,5000.0,20.23,-0.05,-22854.5
176,20.15,20.17,20.18,20.18,20.03,20.18,20.28,5000.0,20.23,-0.05,-22854.5
176,20.15,20.17,20.18,20.18,20.03,20.18,20.28,5000.0,20.23,-0.05,-22854.5
176,20.15,20.17,20.18,20.18,20.03,20.18,20.28,5000.0,20.23,-0.05,-22854.5
176,20.15,20.17,20.18,20.18,20.03,20.18,20.28,5000.0,20.23,-0.05,-22854.5
176,20.15,20.17,20.18,20.18,20.03,20.18,20.28,5000.0,20.23,-0.05,-22854.5
176,20.15,20.17,20.18,20.18,20.03,20.18,20.28,5000.0,20.23,-0.05,-22854.5
176,20.15,20.17,20.18,20.18,20.03,20.18,20.28,5000.0,20.23,-0.05,-22854.5
176,20.15,20.17,20.18,20.18,20.03,20.18,20.28,5000.0,20.23,-0.05,-22854.5
176,20.15,20.17,20.18,20.18,20.03,20.18,20.28,5000.0,20.23,-0.05,-22854.5
176,20.15,20.17,20.18,20.18,20.03,20.18,20.28,5000.0,20.23,-0.05,-22854.5
176,20.15,20.17,20.18,20.18,20.03,20.18,20.28,5000.0,20.23,-0.05,-22854.5
176,20.15,20.17,20.18,20.18,20.03,20.18,20.28,5000.0,20.23,-0.05,-22854.5
176,20.15,20.17,20.18,20.18,20.03,20.18,20.28,5000.0,20.23,-0.05,-22854.5
177,20.1,20.07,20.1,20.13,20.03,20.1,20.28,5000.0,20.23,-0.13,-22854.5
177,20.1,20.07,20.1,20.13,20.03,20.1,20.28,5000.0,20.23,-0.13,-22854.5
177,20.1,20.07,20.1,20.13,20.03,20.1,20.28,5000.0,20.23,-0.13,-22854.5
177,20.1,20.07,20.1,20.13,20.03,20.1,20.28,5000.0,20.23,-0.13,-22854.5
177,20.1,20.07,20.1,20.13,20.03,20.1,20.28,5000.0,20.23,-0.13,-22854.5
177,20.1,20.1,20.12,20.13,20.03,20.12,20.28,5000.0,20.23,-0.11,-22854.5
177,20.1,20.1,20.12,20.13,20.03,20.12,20.28,5000.0,20.23,-0.11,-22854.5
177,20.1,20.1,20.11,20.12,20.03,20.11,20.28,5000.0,20.23,-0.12,-22854.5
178,20.03,20.03,20.05,20.06,20.03,20.05,20.28,5000.0,20.23,-0.18,-22854.5
178,20.03,20.03,20.05,20.06,20.03,20.05,20.28,5000.0,20.23,-0.18,-22854.5
178,20.03,20.03,20.05,20.06,20.03,20.05,20.28,5000.0,20.23,-0.18,-22854.5
178,20.03,20.04,20.05,20.06,20.03,20.05,20.28,5000.0,20.23,-0.18,-22854.5
178,20.03,20.04,20.05,20.06,20.03,20.05,20.28,5000.0,20.23,-0.18,-22854.5
179,20.02,20.03,20.04,20.05,20.03,20.04,20.28,5000.0,20.23,-0.19,-22854.5
179,20.02,20.03,20.04,20.05,20.03,20.04,20.28,5000.0,20.23,-0.19,-22854.5
179,20.02,20.03,20.04,20.05,20.03,20.04,20.28,5000.0,20.23,-0.19,-22854.5
179,20.02,20.03,20.04,20.05,20.03,20.04,20.28,5000.0,20.23,-0.19,-22854.5
179,20.02,20.03,20.04,20.05,20.03,20.04,20.28,5000.0,20.23,-0.19,-22854.5
180,20.01,19.98,20.01,20.04,19.66,20.01,20.06,10000.0,20.13,-0.12,-22829.5
181,20.0,19.99,20.01,20.03,19.66,20.01,20.06,10000.0,20.13,-0.12,-22829.5
181,20.0,19.99,20.01,20.03,19.66,20.01,20.06,10000.0,20.13,-0.12,-22829.5
181,20.0,19.99,19.99,20.0,19.66,19.99,20.06,10000.0,20.13,-0.14,-22829.5
182,19.97,19.99,19.99,20.0,19.66,19.99,20.06,10000.0,20.13,-0.14,-22829.5
182,19.99,19.94,19.95,19.96,19.66,19.95,20.06,10000.0,20.13,-0.18,-22829.5
183,19.92,19.89,19.92,19.95,19.66,19.92,20.06,10000.0,20.13,-0.21,-22829.5
183,19.92,19.9,19.92,19.95,19.66,19.92,20.06,10000.0,20.13,-0.21,-22829.5
183,19.89,19.89,19.92,19.95,19.66,19.92,20.06,10000.0,20.13,-0.21,-22829.5
184,19.88,19.84,19.86,19.88,19.66,19.86,20.06,10000.0,20.13,-0.27,-22829.5
184,19.84,19.84,19.86,19.88,19.66,19.86,20.06,10000.0,20.13,-0.27,-22829.5
185,19.85,19.82,19.85,19.88,19.66,19.85,20.06,10000.0,20.13,-0.28,-22829.5
185,19.82,19.82,19.85,19.88,19.66,19.85,20.06,10000.0,20.13,-0.28,-22829.5
185,19.82,19.82,19.84,19.87,19.66,19.84,20.06,10000.0,20.13,-0.29,-22829.5
186,19.83,19.78,19.8,19.83,19.66,19.8,20.06,10000.0,20.13,-0.33,-22829.5
186,19.83,19.78,19.8,19.83,19.66,19.8,20.06,10000.0,20.13,-0.33,-22829.5
187,19.8,19.78,19.8,19.83,19.66,19.8,20.06,10000.0,20.13,-0.33,-22829.5
187,19.8,19.78,19.8,19.83,19.66,19.8,20.06,10000.0,20.13,-0.33,-22829.5
187,19.83,19.78,19.8,19.83,19.75,19.8,20.0,-5000.0,19.83,0.03,-25754.5
188,19.83,19.82,19.84,19.86,19.75,19.84,20.0,-5000.0,19.83,-0.01,-25754.5
188,19.83,19.82,19.84,19.86,19.75,19.84,20.0,-5000.0,19.83,-0.01,-25754.5
188,19.83,19.82,19.84,19.86,19.75,19.84,20.0,-5000.0,19.83,-0.01,-25754.5
188,19.83,19.82,19.84,19.86,19.75,19.84,20.0,-5000.0,19.83,-0.01,-25754.5
188,19.83,19.82,19.84,19.86,19.75,19.84,20.0,-5000.0,19.83,-0.01,-25754.5
188,19.83,19.82,19.84,19.86,19.75,19.84,20.0,-5000.0,19.83,-0.01,-25754.5
188,19.83,19.82,19.84,19.86,19.75,19.84,20.0,-5000.0,19.83,-0.01,-25754.5
188,19.83,19.82,19.84,19.86,19.75,19.84,20.0,-5000.0,19.83,-0.01,-25754.5
188,19.83,19.82,19.84,19.86,19.75,19.84,20.0,-5000.0,19.83,-0.01,-25754.5
188,19.86,19.82,19.84,19.86,19.79,19.84,19.89,0.0,0.0,0.0,-25954.5
188,19.86,19.82,19.84,19.86,19.79,19.84,19.89,0.0,0.0,0.0,-25954.5
188,19.86,19.82,19.84,19.86,19.79,19.84,19.89,0.0,0.0,0.0,-25954.5
188,19.86,19.82,19.84,19.86,19.79,19.84,19.89,0.0,0.0,0.0,-25954.5
188,19.86,19.82,19.84,19.86,19.79,19.84,19.89,0.0,0.0,0.0,-25954.5
188,19.86,19.82,19.84,19.86,19.79,19.84,19.89,0.0,0.0,0.0,-25954.5
188,19.86,19.82,19.84,19.86,19.79,19.84,19.89,0.0,0.0,0.0,-25954.5
188,19.86,19.82,19.84,19.86,19.79,19.84,19.89,0.0,0.0,0.0,-25954.5
188,19.86,19.82,19.84,19.86,19.79,19.84,19.89,0.0,0.0,0.0,-25954.5
188,19.86,19.82,19.84,19.86,19.79,19.84,19.89,0.0,0.0,0.0,-25954.5
188,19.86,19.82,19.84,19.86,19.79,19.84,19.89,0.0,0.0,0.0,-25954.5
188,19.86,19.82,19.84,19.86,19.79,19.84,19.89,0.0,0.0,0.0,-25954.5
188,19.86,19.82,19.84,19.86,19.79,19.84,19.89,0.0,0.0,0.0,-25954.5
188,19.86,19.82,19.84,19.86,19.79,19.84,19.89,0.0,0.0,0.0,-25954.5
188,19.86,19.82,19.84,19.86,19.79,19.84,19.89,0.0,0.0,0.0,-25954.5
188,19.86,19.82,19.84,19.86,19.79,19.84,19.89,0.0,0.0,0.0,-25954.5
188,19.86,19.82,19.84,19.86,19.79,19.84,19.89,0.0,0.0,0.0,-25954.5
189,19.79,19.79,19.8,19.82,19.79,19.8,19.89,0.0,0.0,0.0,-25954.5
189,19.79,19.79,19.8,19.82,19.79,19.8,19.89,0.0,0.0,0.0,-25954.5
189,19.79,19.79,19.8,19.82,19.79,19.8,19.89,0.0,0.0,0.0,-25954.5
189,19.79,19.79,19.8,19.82,19.79,19.8,19.89,0.0,0.0,0.0,-25954.5
189,19.79,19.79,19.8,19.82,19.79,19.8,19.89,0.0,0.0,0.0,-25954.5
189,19.79,19.79,19.8,19.82,19.79,19.8,19.89,0.0,0.0,0.0,-25954.5
189,19.79,19.79,19.8,19.82,19.79,19.8,19.89,0.0,0.0,0.0,-25954.5
189,19.79,19.79,19.8,19.82,19.79,19.8,19.89,0.0,0.0,0.0,-25954.5
189,19.79,19.79,19.8,19.82,19.79,19.8,19.89,0.0,0.0,0.0,-25954.5
189,19.79,19.79,19.8,19.82,19.79,19.8,19.89,0.0,0.0,0.0,-25954.5
189,19.79,19.81,19.81,19.82,19.79,19.81,19.89,0.0,0.0,0.0,-25954.5
189,19.79,19.81,19.81,19.82,19.79,19.81,19.89,0.0,0.0,0.0,-25954.5
189,19.79,19.81,19.81,19.82,19.79,19.81,19.89,0.0,0.0,0.0,-25954.5
189,19.79,19.81,19.81,19.82,19.79,19.81,19.89,0.0,0.0,0.0,-25954.5
189,19.79,19.81,19.81,19.82,19.79,19.81,19.89,0.0,0.0,0.0,-25954.5
189,19.79,19.81,19.81,19.82,19.79,19.81,19.89,0.0,0.0,0.0,-25954.5
189,19.79,19.81,19.81,19.82,19.79,19.81,19.89,0.0,0.0,0.0,-25954.5
189,19.79,19.81,19.81,19.82,19.79,19.81,19.89,0.0,0.0,0.0,-25954.5
189,19.79,19.81,19.81,19.82,19.79,19.81,19.89,0.0,0.0,0.0,-25954.5
189,19.79,19.81,19.81,19.82,19.79,19.81,19.89,0.0,0.0,0.0,-25954.5
189,19.82,19.81,19.81,19.82,19.79,19.81,19.89,0.0,0.0,0.0,-25954.5
189,19.82,19.81,19.81,19.82,19.79,19.81,19.89,0.0,0.0,0.0,-25954.5
189,19.82,19.81,19.81,19.82,19.79,19.81,19.89,0.0,0.0,0.0,-25954.5
189,19.82,19.81,19.81,19.82,19.79,19.81,19.89,0.0,0.0,0.0,-25954.5
189,19.82,19.81,19.81,19.82,19.79,19.81,19.89,0.0,0.0,0.0,-25954.5
189,19.82,19.81,19.81,19.82,19.79,19.81,19.89,0.0,0.0,0.0,-25954.5
189,19.82,19.81,19.81,19.82,19.79,19.81,19.89,0.0,0.0,0.0,-25954.5
189,19.82,19.81,19.81,19.82,19.79,19.81,19.89,0.0,0.0,0.0,-25954.5
189,19.82,19.81,19.81,19.82,19.79,19.81,19.89,0.0,0.0,0.0,-25954.5
189,19.82,19.81,19.81,19.82,19.79,19.81,19.89,0.0,0.0,0.0,-25954.5
189,19.82,19.81,19.81,19.82,19.79,19.81,19.89,0.0,0.0,0.0,-25954.5
189,19.82,19.81,19.81,19.82,19.79,19.81,19.89,0.0,0.0,0.0,-25954.5
189,19.82,19.81,19.81,19.82,19.79,19.81,19.89,0.0,0.0,0.0,-25954.5
189,19.82,19.81,19.81,19.82,19.79,19.81,19.89,0.0,0.0,0.0,-25954.5
189,19.82,19.81,19.81,19.82,19.79,19.81,19.89,0.0,0.0,0.0,-25954.5
189,19.82,19.81,19.81,19.82,19.79,19.81,19.89,0.0,0.0,0.0,-25954.5
189,19.82,19.81,19.81,19.82,19.79,19.81,19.89,0.0,0.0,0.0,-25954.5
189,19.82,19.81,19.81,19.82,19.79,19.81,19.89,0.0,0.0,0.0,-25954.5
189,19.82,19.81,19.81,19.82,19.79,19.81,19.89,0.0,0.0,0.0,-25954.5
189,19.82,19.81,19.81,19.82,19.79,19.81,19.89,0.0,0.0,0.0,-25954.5
189,19.82,19.81,19.81,19.82,19.79,19.81,19.89,0.0,0.0,0.0,-25954.5
189,19.82,19.81,19.81,19.82,19.79,19.81,19.89,0.0,0.0,0.0,-25954.5
189,19.81,19.81,19.81,19.82,19.79,19.81,19.89,0.0,0.0,0.0,-25954.5
190,19.84,19.81,19.84,19.87,19.79,19.84,19.89,0.0,0.0,0.0,-25954.5
190,19.84,19.81,19.84,19.87,19.79,19.84,19.89,0.0,0.0,0.0,-25954.5
190,19.84,19.81,19.84,19.87,19.79,19.84,19.89,0.0,0.0,0.0,-25954.5
190,19.84,19.81,19.84,19.87,19.79,19.84,19.89,0.0,0.0,0.0,-25954.5
190,19.84,19.81,19.84,19.87,19.79,19.84,19.89,0.0,0.0,0.0,-25954.5
190,19.84,19.81,19.84,19.87,19.79,19.84,19.89,0.0,0.0,0.0,-25954.5
190,19.84,19.81,19.84,19.87,19.79,19.84,19.89,0.0,0.0,0.0,-25954.5
190,19.84,19.81,19.84,19.87,19.79,19.84,19.89,0.0,0.0,0.0,-25954.5
190,19.84,19.81,19.84,19.87,19.79,19.84,19.89,0.0,0.0,0.0,-25954.5
190,19.81,19.82,19.83,19.84,19.79,19.83,19.89,0.0,0.0,0.0,-25954.5
190,19.81,19.82,19.83,19.84,19.79,19.83,19.89,0.0,0.0,0.0,-25954.5
190,19.81,19.82,19.83,19.84,19.79,19.83,19.89,0.0,0.0,0.0,-25954.5
190,19.81,19.82,19.83,19.84,19.79,19.83,19.89,0.0,0.0,0.0,-25954.5
190,19.81,19.82,19.83,19.84,19.79,19.83,19.89,0.0,0.0,0.0,-25954.5
190,19.81,19.82,19.83,19.84,19.79,19.83,19.89,0.0,0.0,0.0,-25954.5
190,19.81,19.82,19.83,19.84,19.79,19.83,19.89,0.0,0.0,0.0,-25954.5
190,19.81,19.82,19.83,19.84,19.79,19.83,19.89,0.0,0.0,0.0,-25954.5
190,19.81,19.82,19.83,19.84,19.79,19.83,19.89,0.0,0.0,0.0,-25954.5
190,19.81,19.82,19.83,19.84,19.79,19.83,19.89,0.0,0.0,0.0,-25954.5
190,19.81,19.82,19.83,19.84,19.79,19.83,19.89,0.0,0.0,0.0,-25954.5
190,19.84,19.82,19.83,19.84,19.79,19.83,19.89,0.0,0.0,0.0,-25954.5
190,19.84,19.82,19.83,19.84,19.79,19.83,19.89,0.0,0.0,0.0,-25954.5
190,19.84,19.82,19.83,19.84,19.79,19.83,19.89,0.0,0.0,0.0,-25954.5
190,19.84,19.82,19.83,19.84,19.79,19.83,19.89,0.0,0.0,0.0,-25954.5
190,19.84,19.82,19.83,19.84,19.79,19.83,19.89,0.0,0.0,0.0,-25954.5
190,19.84,19.82,19.83,19.84,19.79,19.83,19.89,0.0,0.0,0.0,-25954.5
190,19.84,19.82,19.83,19.84,19.79,19.83,19.89,0.0,0.0,0.0,-25954.5
190,19.84,19.82,19.83,19.84,19.79,19.83,19.89,0.0,0.0,0.0,-25954.5
190,19.84,19.82,19.83,19.84,19.79,19.83,19.89,0.0,0.0,0.0,-25954.5
190,19.84,19.82,19.83,19.84,19.79,19.83,19.89,0.0,0.0,0.0,-25954.5
190,19.84,19.82,19.83,19.84,19.79,19.83,19.89,0.0,0.0,0.0,-25954.5
190,19.84,19.82,19.83,19.84,19.79,19.83,19.89,0.0,0.0,0.0,-25954.5
190,19.84,19.82,19.83,19.84,19.79,19.83,19.89,0.0,0.0,0.0,-25954.5
190,19.84,19.82,19.83,19.84,19.79,19.83,19.89,0.0,0.0,0.0,-25954.5
190,19.84,19.82,19.83,19.84,19.79,19.83,19.89,0.0,0.0,0.0,-25954.5
190,19.84,19.82,19.83,19.84,19.79,19.83,19.89,0.0,0.0,0.0,-25954.5
190,19.84,19.82,19.83,19.84,19.79,19.83,19.89,0.0,0.0,0.0,-25954.5
190,19.84,19.82,19.83,19.84,19.79,19.83,19.89,0.0,0.0,0.0,-25954.5
190,19.84,19.82,19.83,19.84,19.79,19.83,19.89,0.0,0.0,0.0,-25954.5
190,19.84,19.82,19.83,19.84,19.79,19.83,19.89,0.0,0.0,0.0,-25954.5
190,19.84,19.82,19.83,19.84,19.79,19.83,19.89,0.0,0.0,0.0,-25954.5
190,19.84,19.82,19.83,19.84,19.79,19.83,19.89,0.0,0.0,0.0,-25954.5
190,19.86,19.83,19.86,19.89,19.79,19.86,19.89,0.0,0.0,0.0,-25954.5
191,19.86,19.83,19.86,19.89,19.79,19.86,19.89,0.0,0.0,0.0,-25954.5
191,19.86,19.83,19.86,19.89,19.79,19.86,19.89,0.0,0.0,0.0,-25954.5
191,19.86,19.83,19.86,19.89,19.79,19.86,19.89,0.0,0.0,0.0,-25954.5
191,19.86,19.83,19.86,19.89,19.79,19.86,19.89,0.0,0.0,0.0,-25954.5
191,19.86,19.83,19.86,19.89,19.79,19.86,19.89,0.0,0.0,0.0,-25954.5
191,19.86,19.83,19.86,19.89,19.79,19.86,19.89,0.0,0.0,0.0,-25954.5
191,19.86,19.83,19.86,19.89,19.79,19.86,19.89,0.0,0.0,0.0,-25954.5
191,19.86,19.83,19.86,19.89,19.79,19.86,19.89,0.0,0.0,0.0,-25954.5
191,19.86,19.83,19.86,19.89,19.79,19.86,19.89,0.0,0.0,0.0,-25954.5
191,19.86,19.83,19.84,19.85,19.79,19.84,19.89,0.0,0.0,0.0,-25954.5
191,19.86,19.83,19.84,19.85,19.79,19.84,19.89,0.0,0.0,0.0,-25954.5
191,19.86,19.83,19.84,19.85,19.79,19.84,19.89,0.0,0.0,0.0,-25954.5
191,19.86,19.83,19.84,19.85,19.79,19.84,19.89,0.0,0.0,0.0,-25954.5
191,19.86,19.83,19.84,19.85,19.79,19.84,19.89,0.0,0.0,0.0,-25954.5
191,19.86,19.83,19.84,19.85,19.79,19.84,19.89,0.0,0.0,0.0,-25954.5
191,19.86,19.83,19.84,19.85,19.79,19.84,19.89,0.0,0.0,0.0,-25954.5
191,19.86,19.83,19.84,19.85,19.79,19.84,19.89,0.0,0.0,0.0,-25954.5
191,19.86,19.83,19.84,19.85,19.79,19.84,19.89,0.0,0.0,0.0,-25954.5
191,19.86,19.83,19.84,19.85,19.79,19.84,19.89,0.0,0.0,0.0,-25954.5
191,19.86,19.83,19.84,19.85,19.79,19.84,19.89,0.0,0.0,0.0,-25954.5
191,19.85,19.83,19.84,19.85,19.79,19.84,19.89,0.0,0.0,0.0,-25954.5
191,19.85,19.83,19.84,19.85,19.79,19.84,19.89,0.0,0.0,0.0,-25954.5
191,19.85,19.83,19.84,19.85,19.79,19.84,19.89,0.0,0.0,0.0,-25954.5
191,19.85,19.83,19.84,19.85,19.79,19.84,19.89,0.0,0.0,0.0,-25954.5
191,19.85,19.83,19.84,19.85,19.79,19.84,19.89,0.0,0.0,0.0,-25954.5
191,19.85,19.83,19.84,19.85,19.79,19.84,19.89,0.0,0.0,0.0,-25954.5
191,19.85,19.83,19.84,19.85,19.79,19.84,19.89,0.0,0.0,0.0,-25954.5
191,19.85,19.83,19.84,19.85,19.79,19.84,19.89,0.0,0.0,0.0,-25954.5
191,19.85,19.83,19.84,19.85,19.79,19.84,19.89,0.0,0.0,0.0,-25954.5
191,19.85,19.83,19.84,19.85,19.79,19.84,19.89,0.0,0.0,0.0,-25954.5
191,19.85,19.83,19.84,19.85,19.79,19.84,19.89,0.0,0.0,0.0,-25954.5
191,19.89,19.83,19.86,19.89,19.81,19.86,20.06,-5000.0,19.89,0.03,-25929.5
191,19.89,19.83,19.86,19.89,19.81,19.86,20.06,-5000.0,19.89,0.03,-25929.5
191,19.89,19.83,19.86,19.89,19.81,19.86,20.06,-5000.0,19.89,0.03,-25929.5
191,19.89,19.83,19.86,19.89,19.81,19.86,20.06,-5000.0,19.89,0.03,-25929.5
191,19.89,19.83,19.86,19.89,19.81,19.86,20.06,-5000.0,19.89,0.03,-25929.5
191,19.89,19.83,19.86,19.89,19.81,19.86,20.06,-5000.0,19.89,0.03,-25929.5
191,19.89,19.83,19.86,19.89,19.81,19.86,20.06,-5000.0,19.89,0.03,-25929.5
191,19.89,19.83,19.86,19.89,19.81,19.86,20.06,-5000.0,19.89,0.03,-25929.5
191,19.93,19.9,19.91,19.93,19.86,19.91,19.96,0.0,0.0,0.0,-25979.5
192,19.93,19.9,19.91,19.93,19.86,19.91,19.96,0.0,0.0,0.0,-25979.5
192,19.93,19.9,19.91,19.93,19.86,19.91,19.96,0.0,0.0,0.0,-25979.5
192,19.93,19.9,19.91,19.93,19.86,19.91,19.96,0.0,0.0,0.0,-25979.5
192,19.93,19.9,19.91,19.93,19.86,19.91,19.96,0.0,0.0,0.0,-25979.5
192,19.93,19.9,19.91,19.93,19.86,19.91,19.96,0.0,0.0,0.0,-25979.5
192,19.93,19.9,19.91,19.93,19.86,19.91,19.96,0.0,0.0,0.0,-25979.5
192,19.93,19.9,19.91,19.93,19.86,19.91,19.96,0.0,0.0,0.0,-25979.5
192,19.93,19.95,19.95,19.96,19.86,19.95,19.96,0.0,0.0,0.0,-25979.5
192,19.93,19.95,19.95,19.96,19.86,19.95,19.96,0.0,0.0,0.0,-25979.5
192,19.93,19.95,19.95,19.96,19.86,19.95,19.96,0.0,0.0,0.0,-25979.5
192,19.93,19.95,19.95,19.96,19.86,19.95,19.96,0.0,0.0,0.0,-25979.5
192,19.93,19.95,19.95,19.96,19.86,19.95,19.96,0.0,0.0,0.0,-25979.5
192,19.93,19.95,19.95,19.96,19.86,19.95,19.96,0.0,0.0,0.0,-25979.5
192,19.93,19.95,19.95,19.96,19.86,19.95,19.96,0.0,0.0,0.0,-25979.5
192,19.93,19.95,19.95,19.96,19.86,19.95,19.96,0.0,0.0,0.0,-25979.5
192,19.93,19.95,19.95,19.96,19.86,19.95,19.96,0.0,0.0,0.0,-25979.5
192,19.93,19.95,19.95,19.96,19.86,19.95,19.96,0.0,0.0,0.0,-25979.5
192,19.93,19.95,19.95,19.96,19.86,19.95,19.96,0.0,0.0,0.0,-25979.5
192,19.94,19.94,19.95,19.96,19.86,19.95,19.96,0.0,0.0,0.0,-25979.5
192,19.94,19.94,19.95,19.96,19.86,19.95,19.96,0.0,0.0,0.0,-25979.5
192,19.94,19.94,19.95,19.96,19.86,19.95,19.96,0.0,0.0,0.0,-25979.5
192,19.94,19.94,19.95,19.96,19.86,19.95,19.96,0.0,0.0,0.0,-25979.5
192,19.94,19.94,19.95,19.96,19.86,19.95,19.96,0.0,0.0,0.0,-25979.5
192,19.94,19.94,19.95,19.96,19.86,19.95,19.96,0.0,0.0,0.0,-25979.5
192,19.94,19.94,19.95,19.96,19.86,19.95,19.96,0.0,0.0,0.0,-25979.5
192,19.94,19.94,19.95,19.96,19.86,19.95,19.96,0.0,0.0,0.0,-25979.5
192,19.94,19.94,19.95,19.96,19.86,19.95,19.96,0.0,0.0,0.0,-25979.5
192,19.94,19.94,19.95,19.96,19.86,19.95,19.96,0.0,0.0,0.0,-25979.5
192,19.94,19.94,19.95,19.96,19.86,19.95,19.96,0.0,0.0,0.0,-25979.5
192,19.94,19.94,19.95,19.96,19.86,19.95,19.96,0.0,0.0,0.0,-25979.5
192,19.94,19.94,19.95,19.96,19.86,19.95,19.96,0.0,0.0,0.0,-25979.5
192,19.94,19.94,19.95,19.96,19.86,19.95,19.96,0.0,0.0,0.0,-25979.5
192,19.94,19.94,19.95,19.96,19.86,19.95,19.96,0.0,0.0,0.0,-25979.5
192,19.94,19.94,19.95,19.96,19.86,19.95,19.96,0.0,0.0,0.0,-25979.5
192,19.94,19.94,19.95,19.96,19.86,19.95,19.96,0.0,0.0,0.0,-25979.5
192,19.94,19.94,19.95,19.96,19.86,19.95,19.96,0.0,0.0,0.0,-25979.5
192,19.94,19.94,19.95,19.96,19.86,19.95,19.96,0.0,0.0,0.0,-25979.5
192,19.94,19.94,19.95,19.96,19.86,19.95,19.96,0.0,0.0,0.0,-25979.5
192,19.94,19.94,19.95,19.96,19.86,19.95,19.96,0.0,0.0,0.0,-25979.5
192,19.94,19.94,19.95,19.95,19.86,19.95,19.96,0.0,0.0,0.0,-25979.5
193,19.95,19.92,19.94,19.96,19.86,19.94,19.96,0.0,0.0,0.0,-25979.5
193,19.95,19.92,19.94,19.96,19.86,19.94,19.96,0.0,0.0,0.0,-25979.5
193,19.95,19.92,19.94,19.96,19.86,19.94,19.96,0.0,0.0,0.0,-25979.5
193,19.95,19.92,19.94,19.96,19.86,19.94,19.96,0.0,0.0,0.0,-25979.5
193,19.95,19.92,19.94,19.96,19.86,19.94,19.96,0.0,0.0,0.0,-25979.5
193,19.95,19.92,19.94,19.96,19.86,19.94,19.96,0.0,0.0,0.0,-25979.5
193,19.95,19.92,19.94,19.96,19.86,19.94,19.96,0.0,0.0,0.0,-25979.5
193,19.95,19.92,19.94,19.96,19.86,19.94,19.96,0.0,0.0,0.0,-25979.5
193,19.95,19.92,19.94,19.96,19.86,19.94,19.96,0.0,0.0,0.0,-25979.5
193,19.96,19.97,19.98,19.98,19.93,19.98,20.18,-5000.0,19.96,-0.02,-25954.5
193,19.96,19.97,19.98,19.98,19.93,19.98,20.18,-5000.0,19.96,-0.02,-25954.5
193,19.96,19.97,19.98,19.98,19.93,19.98,20.18,-5000.0,19.96,-0.02,-25954.5
193,19.96,19.97,19.98,19.98,19.93,19.98,20.18,-5000.0,19.96,-0.02,-25954.5
193,19.96,19.97,19.98,19.98,19.93,19.98,20.18,-5000.0,19.96,-0.02,-25954.5
193,19.96,19.97,19.98,19.98,19.93,19.98,20.18,-5000.0,19.96,-0.02,-25954.5
193,19.96,19.97,19.98,19.98,19.93,19.98,20.18,-5000.0,19.96,-0.02,-25954.5
193,19.96,19.97,19.98,19.98,19.93,19.98,20.18,-5000.0,19.96,-0.02,-25954.5
193,19.98,19.97,19.98,19.98,19.93,19.98,20.03,0.0,0.0,0.0,-26104.5
193,19.98,19.97,19.98,19.98,19.93,19.98,20.03,0.0,0.0,0.0,-26104.5
193,19.98,19.97,19.98,19.98,19.93,19.98,20.03,0.0,0.0,0.0,-26104.5
193,19.98,19.97,19.98,19.98,19.93,19.98,20.03,0.0,0.0,0.0,-26104.5
193,19.98,19.97,19.98,19.98,19.93,19.98,20.03,0.0,0.0,0.0,-26104.5
193,19.98,19.97,19.98,19.98,19.93,19.98,20.03,0.0,0.0,0.0,-26104.5
193,19.98,19.97,19.98,19.98,19.93,19.98,20.03,0.0,0.0,0.0,-26104.5
193,19.98,19.97,19.98,19.98,19.93,19.98,20.03,0.0,0.0,0.0,-26104.5
193,19.98,19.97,19.98,19.98,19.93,19.98,20.03,0.0,0.0,0.0,-26104.5
193,19.98,19.97,19.98,19.98,19.93,19.98,20.03,0.0,0.0,0.0,-26104.5
193,19.98,19.97,19.98,19.98,19.93,19.98,20.03,0.0,0.0,0.0,-26104.5
193,19.98,19.97,19.98,19.98,19.93,19.98,20.03,0.0,0.0,0.0,-26104.5
193,19.98,19.97,19.98,19.98,19.93,19.98,20.03,0.0,0.0,0.0,-26104.5
193,19.98,19.97,19.98,19.98,19.93,19.98,20.03,0.0,0.0,0.0,-26104.5
193,19.98,19.97,19.98,19.98,19.93,19.98,20.03,0.0,0.0,0.0,-26104.5
193,19.98,19.97,19.98,19.98,19.93,19.98,20.03,0.0,0.0,0.0,-26104.5
193,19.98,19.97,19.98,19.98,19.93,19.98,20.03,0.0,0.0,0.0,-26104.5
193,19.98,19.97,19.98,19.98,19.93,19.98,20.03,0.0,0.0,0.0,-26104.5
194,19.9,19.87,19.9,19.93,19.7,19.9,19.95,5000.0,19.93,-0.03,-26079.5
194,19.9,19.87,19.9,19.93,19.7,19.9,19.95,5000.0,19.93,-0.03,-26079.5
194,19.9,19.87,19.9,19.93,19.7,19.9,19.95,5000.0,19.93,-0.03,-26079.5
194,19.9,19.87,19.9,19.93,19.7,19.9,19.95,5000.0,19.93,-0.03,-26079.5
194,19.9,19.88,19.91,19.93,19.7,19.91,19.95,5000.0,19.93,-0.02,-26079.5
194,19.9,19.88,19.91,19.93,19.7,19.91,19.95,5000.0,19.93,-0.02,-26079.5
194,19.9,19.88,19.91,19.93,19.7,19.91,19.95,5000.0,19.93,-0.02,-26079.5
194,19.9,19.88,19.91,19.93,19.7,19.91,19.95,5000.0,19.93,-0.02,-26079.5
194,19.9,19.88,19.91,19.93,19.7,19.91,19.95,5000.0,19.93,-0.02,-26079.5
194,19.9,19.88,19.91,19.93,19.7,19.91,19.95,5000.0,19.93,-0.02,-26079.5
194,19.9,19.88,19.91,19.93,19.7,19.91,19.95,5000.0,19.93,-0.02,-26079.5
194,19.9,19.88,19.91,19.93,19.7,19.91,19.95,5000.0,19.93,-0.02,-26079.5
194,19.9,19.88,19.91,19.93,19.7,19.91,19.95,5000.0,19.93,-0.02,-26079.5
194,19.9,19.88,19.91,19.93,19.7,19.91,19.95,5000.0,19.93,-0.02,-26079.5
194,19.9,19.88,19.91,19.93,19.7,19.91,19.95,5000.0,19.93,-0.02,-26079.5
194,19.9,19.88,19.91,19.93,19.7,19.91,19.95,5000.0,19.93,-0.02,-26079.5
194,19.9,19.88,19.91,19.93,19.7,19.91,19.95,5000.0,19.93,-0.02,-26079.5
194,19.9,19.88,19.91,19.93,19.7,19.91,19.95,5000.0,19.93,-0.02,-26079.5
194,19.9,19.88,19.91,19.93,19.7,19.91,19.95,5000.0,19.93,-0.02,-26079.5
194,19.9,19.88,19.91,19.93,19.7,19.91,19.95,5000.0,19.93,-0.02,-26079.5
194,19.9,19.88,19.91,19.93,19.7,19.91,19.95,5000.0,19.93,-0.02,-26079.5
194,19.9,19.88,19.91,19.93,19.7,19.91,19.95,5000.0,19.93,-0.02,-26079.5
194,19.9,19.88,19.91,19.93,19.7,19.91,19.95,5000.0,19.93,-0.02,-26079.5
194,19.9,19.88,19.91,19.93,19.7,19.91,19.95,5000.0,19.93,-0.02,-26079.5
194,19.9,19.88,19.91,19.93,19.7,19.91,19.95,5000.0,19.93,-0.02,-26079.5
194,19.9,19.88,19.91,19.93,19.7,19.91,19.95,5000.0,19.93,-0.02,-26079.5
194,19.9,19.88,19.91,19.93,19.7,19.91,19.95,5000.0,19.93,-0.02,-26079.5
194,19.9,19.88,19.91,19.93,19.7,19.91,19.95,5000.0,19.93,-0.02,-26079.5
194,19.9,19.88,19.91,19.93,19.7,19.91,19.95,5000.0,19.93,-0.02,-26079.5
194,19.88,19.88,19.89,19.91,19.7,19.89,19.95,5000.0,19.93,-0.04,-26079.5
195,19.88,19.88,19.89,19.91,19.7,19.89,19.95,5000.0,19.93,-0.04,-26079.5
195,19.88,19.88,19.89,19.91,19.7,19.89,19.95,5000.0,19.93,-0.04,-26079.5
195,19.88,19.88,19.89,19.91,19.7,19.89,19.95,5000.0,19.93,-0.04,-26079.5
195,19.88,19.88,19.89,19.91,19.7,19.89,19.95,5000.0,19.93,-0.04,-26079.5
195,19.88,19.9,19.91,19.91,19.7,19.91,19.95,5000.0,19.93,-0.02,-26079.5
195,19.88,19.9,19.91,19.91,19.7,19.91,19.95,5000.0,19.93,-0.02,-26079.5
195,19.88,19.9,19.91,19.91,19.7,19.91,19.95,5000.0,19.93,-0.02,-26079.5
195,19.88,19.9,19.91,19.91,19.7,19.91,19.95,5000.0,19.93,-0.02,-26079.5
195,19.88,19.9,19.91,19.91,19.7,19.91,19.95,5000.0,19.93,-0.02,-26079.5
195,19.88,19.9,19.91,19.91,19.7,19.91,19.95,5000.0,19.93,-0.02,-26079.5
195,19.88,19.9,19.91,19.91,19.7,19.91,19.95,5000.0,19.93,-0.02,-26079.5
195,19.88,19.9,19.91,19.91,19.7,19.91,19.95,5000.0,19.93,-0.02,-26079.5
195,19.88,19.9,19.91,19.91,19.7,19.91,19.95,5000.0,19.93,-0.02,-26079.5
195,19.91,19.9,19.91,19.91,19.7,19.91,19.95,5000.0,19.93,-0.02,-26079.5
195,19.91,19.9,19.91,19.91,19.7,19.91,19.95,5000.0,19.93,-0.02,-26079.5
195,19.91,19.9,19.91,19.91,19.7,19.91,19.95,5000.0,19.93,-0.02,-26079.5
195,19.91,19.9,19.91,19.91,19.7,19.91,19.95,5000.0,19.93,-0.02,-26079.5
195,19.91,19.9,19.91,19.91,19.7,19.91,19.95,5000.0,19.93,-0.02,-26079.5
195,19.91,19.9,19.91,19.91,19.7,19.91,19.95,5000.0,19.93,-0.02,-26079.5
195,19.91,19.9,19.91,19.91,19.7,19.91,19.95,5000.0,19.93,-0.02,-26079.5
195,19.91,19.9,19.91,19.91,19.7,19.91,19.95,5000.0,19.93,-0.02,-26079.5
195,19.91,19.9,19.91,19.91,19.7,19.91,19.95,5000.0,19.93,-0.02,-26079.5
195,19.91,19.9,19.91,19.91,19.7,19.91,19.95,5000.0,19.93,-0.02,-26079.5
195,19.91,19.9,19.91,19.91,19.7,19.91,19.95,5000.0,19.93,-0.02,-26079.5
195,19.91,19.9,19.91,19.91,19.7,19.91,19.95,5000.0,19.93,-0.02,-26079.5
195,19.91,19.9,19.91,19.91,19.7,19.91,19.95,5000.0,19.93,-0.02,-26079.5
195,19.91,19.9,19.91,19.91,19.7,19.91,19.95,5000.0,19.93,-0.02,-26079.5
195,19.91,19.9,19.91,19.91,19.7,19.91,19.95,5000.0,19.93,-0.02,-26079.5
195,19.91,19.9,19.91,19.91,19.7,19.91,19.95,5000.0,19.93,-0.02,-26079.5
195,19.91,19.9,19.91,19.91,19.7,19.91,19.95,5000.0,19.93,-0.02,-26079.5
195,19.87,19.88,19.89,19.9,19.7,19.89,19.95,5000.0,19.93,-0.04,-26079.5
196,19.87,19.88,19.89,19.9,19.7,19.89,19.95,5000.0,19.93,-0.04,-26079.5
196,19.87,19.88,19.89,19.9,19.7,19.89,19.95,5000.0,19.93,-0.04,-26079.5
196,19.87,19.88,19.89,19.9,19.7,19.89,19.95,5000.0,19.93,-0.04,-26079.5
196,19.87,19.88,19.89,19.9,19.7,19.89,19.95,5000.0,19.93,-0.04,-26079.5
196,19.9,19.88,19.89,19.9,19.7,19.89,19.95,5000.0,19.93,-0.04,-26079.5
196,19.9,19.88,19.89,19.9,19.7,19.89,19.95,5000.0,19.93,-0.04,-26079.5
196,19.88,19.84,19.86,19.88,19.7,19.86,19.95,5000.0,19.93,-0.07,-26079.5
196,19.9,19.84,19.87,19.9,19.7,19.87,19.95,5000.0,19.93,-0.06,-26079.5
197,19.85,19.82,19.85,19.88,19.7,19.85,19.95,5000.0,19.93,-0.08,-26079.5
197,19.85,19.83,19.84,19.85,19.7,19.84,19.95,5000.0,19.93,-0.09,-26079.5
197,19.85,19.83,19.84,19.85,19.7,19.84,19.95,5000.0,19.93,-0.09,-26079.5
197,19.85,19.83,19.84,19.84,19.7,19.84,19.95,5000.0,19.93,-0.09,-26079.5
197,19.85,19.83,19.84,19.84,19.7,19.84,19.95,5000.0,19.93,-0.09,-26079.5
198,19.83,19.8,19.82,19.84,19.7,19.82,19.95,5000.0,19.93,-0.11,-26079.5
198,19.86,19.83,19.84,19.84,19.79,19.84,20.34,-15000.0,19.846666666666668,0.01,-26429.5
199,19.86,19.83,19.86,19.89,19.81,19.86,20.06,-5000.0,19.846666666666668,-0.01,-26462.833333333332
199,19.89,19.83,19.85,19.87,19.8,19.85,19.9,0.0,0.0,0.0,-26729.5
199,19.83,19.83,19.85,19.87,19.65,19.85,19.9,5000.0,19.87,-0.02,-26779.5
200,19.88,19.86,19.88,19.9,19.65,19.88,19.9,5000.0,19.87,0.01,-26779.5
200,19.88,19.86,19.88,19.9,19.65,19.88,19.9,5000.0,19.87,0.01,-26779.5
200,19.88,19.86,19.88,19.9,19.65,19.88,19.9,5000.0,19.87,0.01,-26779.5
200,19.88,19.86,19.88,19.9,19.65,19.88,19.9,5000.0,19.87,0.01,-26779.5
200,19.88,19.86,19.88,19.9,19.65,19.88,19.9,5000.0,19.87,0.01,-26779.5
200,19.88,19.86,19.88,19.9,19.65,19.88,19.9,5000.0,19.87,0.01,-26779.5
200,19.88,19.86,19.88,19.9,19.65,19.88,19.9,5000.0,19.87,0.01,-26779.5
200,19.88,19.86,19.88,19.9,19.65,19.88,19.9,5000.0,19.87,0.01,-26779.5
200,19.88,19.86,19.88,19.9,19.65,19.88,19.9,5000.0,19.87,0.01,-26779.5
200,19.88,19.86,19.88,19.89,19.65,19.88,19.9,5000.0,19.87,0.01,-26779.5
200,19.88,19.86,19.88,19.89,19.65,19.88,19.9,5000.0,19.87,0.01,-26779.5
200,19.88,19.86,19.88,19.89,19.65,19.88,19.9,5000.0,19.87,0.01,-26779.5
200,19.88,19.86,19.88,19.89,19.65,19.88,19.9,5000.0,19.87,0.01,-26779.5
200,19.88,19.86,19.88,19.89,19.65,19.88,19.9,5000.0,19.87,0.01,-26779.5
200,19.88,19.86,19.88,19.89,19.65,19.88,19.9,5000.0,19.87,0.01,-26779.5
200,19.88,19.86,19.88,19.89,19.65,19.88,19.9,5000.0,19.87,0.01,-26779.5
200,19.88,19.86,19.88,19.89,19.65,19.88,19.9,5000.0,19.87,0.01,-26779.5
200,19.88,19.86,19.88,19.89,19.65,19.88,19.9,5000.0,19.87,0.01,-26779.5
200,19.88,19.86,19.87,19.88,19.65,19.87,19.9,5000.0,19.87,0.0,-26779.5
200,19.88,19.86,19.87,19.88,19.65,19.87,19.9,5000.0,19.87,0.0,-26779.5
200,19.88,19.86,19.87,19.88,19.65,19.87,19.9,5000.0,19.87,0.0,-26779.5
200,19.88,19.86,19.87,19.88,19.65,19.87,19.9,5000.0,19.87,0.0,-26779.5
200,19.88,19.86,19.87,19.88,19.65,19.87,19.9,5000.0,19.87,0.0,-26779.5
200,19.88,19.86,19.87,19.88,19.65,19.87,19.9,5000.0,19.87,0.0,-26779.5
200,19.88,19.86,19.87,19.88,19.65,19.87,19.9,5000.0,19.87,0.0,-26779.5
200,19.88,19.86,19.87,19.88,19.65,19.87,19.9,5000.0,19.87,0.0,-26779.5
200,19.88,19.86,19.87,19.88,19.65,19.87,19.9,5000.0,19.87,0.0,-26779.5
200,19.91,19.88,19.89,19.9,19.65,19.89,19.9,5000.0,19.87,0.02,-26779.5
201,19.91,19.88,19.89,19.9,19.65,19.89,19.9,5000.0,19.87,0.02,-26779.5
201,19.91,19.88,19.89,19.9,19.65,19.89,19.9,5000.0,19.87,0.02,-26779.5
201,19.91,19.88,19.89,19.9,19.65,19.89,19.9,5000.0,19.87,0.02,-26779.5
201,19.91,19.88,19.89,19.9,19.65,19.89,19.9,5000.0,19.87,0.02,-26779.5
201,19.91,19.88,19.89,19.9,19.65,19.89,19.9,5000.0,19.87,0.02,-26779.5
201,19.91,19.88,19.89,19.9,19.65,19.89,19.9,5000.0,19.87,0.02,-26779.5
201,19.91,19.88,19.89,19.9,19.65,19.89,19.9,5000.0,19.87,0.02,-26779.5
201,19.91,19.88,19.89,19.9,19.65,19.89,19.9,5000.0,19.87,0.02,-26779.5
201,19.91,19.88,19.89,19.9,19.65,19.89,19.9,5000.0,19.87,0.02,-26779.5
201,19.91,19.88,19.89,19.9,19.65,19.89,19.9,5000.0,19.87,0.02,-26779.5
201,19.91,19.88,19.89,19.9,19.65,19.89,19.9,5000.0,19.87,0.02,-26779.5
201,19.91,19.88,19.89,19.9,19.65,19.89,19.9,5000.0,19.87,0.02,-26779.5
201,19.91,19.88,19.89,19.9,19.65,19.89,19.9,5000.0,19.87,0.02,-26779.5
201,19.91,19.88,19.89,19.9,19.65,19.89,19.9,5000.0,19.87,0.02,-26779.5
201,19.91,19.88,19.89,19.9,19.65,19.89,19.9,5000.0,19.87,0.02,-26779.5
201,19.91,19.88,19.89,19.9,19.65,19.89,19.9,5000.0,19.87,0.02,-26779.5
201,19.94,19.89,19.91,19.92,19.86,19.91,19.96,0.0,0.0,0.0,-26604.5
201,19.94,19.89,19.91,19.92,19.86,19.91,19.96,0.0,0.0,0.0,-26604.5
201,19.94,19.89,19.91,19.92,19.86,19.91,19.96,0.0,0.0,0.0,-26604.5
201,19.94,19.89,19.91,19.92,19.86,19.91,19.96,0.0,0.0,0.0,-26604.5
201,19.94,19.89,19.91,19.92,19.86,19.91,19.96,0.0,0.0,0.0,-26604.5
201,19.94,19.89,19.91,19.92,19.86,19.91,19.96,0.0,0.0,0.0,-26604.5
201,19.94,19.89,19.91,19.92,19.86,19.91,19.96,0.0,0.0,0.0,-26604.5
201,19.94,19.89,19.91,19.92,19.86,19.91,19.96,0.0,0.0,0.0,-26604.5
201,19.94,19.89,19.91,19.92,19.86,19.91,19.96,0.0,0.0,0.0,-26604.5
201,19.94,19.89,19.91,19.92,19.86,19.91,19.96,0.0,0.0,0.0,-26604.5
201,19.94,19.89,19.91,19.92,19.86,19.91,19.96,0.0,0.0,0.0,-26604.5
201,19.94,19.89,19.91,19.92,19.86,19.91,19.96,0.0,0.0,0.0,-26604.5
201,19.94,19.89,19.91,19.92,19.86,19.91,19.96,0.0,0.0,0.0,-26604.5
201,19.94,19.89,19.91,19.92,19.86,19.91,19.96,0.0,0.0,0.0,-26604.5
201,19.94,19.89,19.91,19.92,19.86,19.91,19.96,0.0,0.0,0.0,-26604.5
201,19.94,19.89,19.91,19.92,19.86,19.91,19.96,0.0,0.0,0.0,-26604.5
201,19.94,19.89,19.91,19.92,19.86,19.91,19.96,0.0,0.0,0.0,-26604.5
201,19.94,19.89,19.91,19.92,19.86,19.91,19.96,0.0,0.0,0.0,-26604.5
201,19.94,19.89,19.91,19.92,19.86,19.91,19.96,0.0,0.0,0.0,-26604.5
201,19.94,19.89,19.91,19.94,19.86,19.91,19.96,0.0,0.0,0.0,-26604.5
202,19.92,19.89,19.92,19.95,19.86,19.92,19.96,0.0,0.0,0.0,-26604.5
202,19.92,19.89,19.92,19.95,19.86,19.92,19.96,0.0,0.0,0.0,-26604.5
202,19.92,19.89,19.92,19.95,19.86,19.92,19.96,0.0,0.0,0.0,-26604.5
202,19.92,19.89,19.92,19.95,19.86,19.92,19.96,0.0,0.0,0.0,-26604.5
202,19.92,19.89,19.92,19.95,19.86,19.92,19.96,0.0,0.0,0.0,-26604.5
202,19.92,19.89,19.92,19.95,19.86,19.92,19.96,0.0,0.0,0.0,-26604.5
202,19.92,19.89,19.92,19.95,19.86,19.92,19.96,0.0,0.0,0.0,-26604.5
202,19.92,19.89,19.92,19.95,19.86,19.92,19.96,0.0,0.0,0.0,-26604.5
202,19.92,19.89,19.92,19.95,19.86,19.92,19.96,0.0,0.0,0.0,-26604.5
202,19.92,19.93,19.94,19.95,19.86,19.94,19.96,0.0,0.0,0.0,-26604.5
202,19.92,19.93,19.94,19.95,19.86,19.94,19.96,0.0,0.0,0.0,-26604.5
202,19.92,19.93,19.94,19.95,19.86,19.94,19.96,0.0,0.0,0.0,-26604.5
202,19.92,19.93,19.94,19.95,19.86,19.94,19.96,0.0,0.0,0.0,-26604.5
202,19.92,19.93,19.94,19.95,19.86,19.94,19.96,0.0,0.0,0.0,-26604.5
202,19.92,19.93,19.94,19.95,19.86,19.94,19.96,0.0,0.0,0.0,-26604.5
202,19.92,19.93,19.94,19.95,19.86,19.94,19.96,0.0,0.0,0.0,-26604.5
202,19.92,19.93,19.94,19.95,19.86,19.94,19.96,0.0,0.0,0.0,-26604.5
202,19.92,19.93,19.94,19.95,19.86,19.94,19.96,0.0,0.0,0.0,-26604.5
202,19.92,19.93,19.94,19.95,19.86,19.94,19.96,0.0,0.0,0.0,-26604.5
202,19.92,19.93,19.94,19.95,19.86,19.94,19.96,0.0,0.0,0.0,-26604.5
202,19.92,19.93,19.94,19.95,19.86,19.94,19.96,0.0,0.0,0.0,-26604.5
202,19.92,19.93,19.94,19.95,19.86,19.94,19.96,0.0,0.0,0.0,-26604.5
202,19.92,19.93,19.94,19.95,19.86,19.94,19.96,0.0,0.0,0.0,-26604.5
202,19.92,19.93,19.94,19.95,19.86,19.94,19.96,0.0,0.0,0.0,-26604.5
202,19.92,19.93,19.94,19.95,19.86,19.94,19.96,0.0,0.0,0.0,-26604.5
202,19.92,19.93,19.94,19.95,19.86,19.94,19.96,0.0,0.0,0.0,-26604.5
202,19.92,19.93,19.94,19.95,19.86,19.94,19.96,0.0,0.0,0.0,-26604.5
202,19.92,19.93,19.94,19.95,19.86,19.94,19.96,0.0,0.0,0.0,-26604.5
202,19.92,19.93,19.94,19.95,19.86,19.94,19.96,0.0,0.0,0.0,-26604.5
202,19.92,19.93,19.94,19.95,19.86,19.94,19.96,0.0,0.0,0.0,-26604.5
202,19.92,19.93,19.94,19.95,19.86,19.94,19.96,0.0,0.0,0.0,-26604.5
202,19.92,19.93,19.94,19.95,19.86,19.94,19.96,0.0,0.0,0.0,-26604.5
202,19.92,19.93,19.94,19.95,19.86,19.94,19.96,0.0,0.0,0.0,-26604.5
202,19.92,19.93,19.94,19.95,19.86,19.94,19.96,0.0,0.0,0.0,-26604.5
202,19.92,19.93,19.94,19.95,19.86,19.94,19.96,0.0,0.0,0.0,-26604.5
202,19.92,19.93,19.94,19.95,19.86,19.94,19.96,0.0,0.0,0.0,-26604.5
202,19.92,19.93,19.94,19.95,19.86,19.94,19.96,0.0,0.0,0.0,-26604.5
202,19.92,19.93,19.94,19.95,19.86,19.94,19.96,0.0,0.0,0.0,-26604.5
202,19.92,19.93,19.94,19.95,19.86,19.94,19.96,0.0,0.0,0.0,-26604.5
202,19.92,19.93,19.94,19.95,19.86,19.94,19.96,0.0,0.0,0.0,-26604.5
202,19.92,19.93,19.94,19.95,19.86,19.94,19.96,0.0,0.0,0.0,-26604.5
203,19.88,19.86,19.88,19.91,19.86,19.88,19.96,0.0,0.0,0.0,-26604.5
203,19.88,19.86,19.88,19.91,19.86,19.88,19.96,0.0,0.0,0.0,-26604.5
203,19.88,19.86,19.88,19.91,19.86,19.88,19.96,0.0,0.0,0.0,-26604.5
203,19.88,19.86,19.88,19.91,19.86,19.88,19.96,0.0,0.0,0.0,-26604.5
203,19.88,19.86,19.88,19.91,19.86,19.88,19.96,0.0,0.0,0.0,-26604.5
203,19.88,19.86,19.88,19.91,19.86,19.88,19.96,0.0,0.0,0.0,-26604.5
203,19.88,19.86,19.88,19.91,19.86,19.88,19.96,0.0,0.0,0.0,-26604.5
203,19.88,19.86,19.88,19.91,19.86,19.88,19.96,0.0,0.0,0.0,-26604.5
203,19.88,19.86,19.88,19.91,19.86,19.88,19.96,0.0,0.0,0.0,-26604.5
203,19.88,19.86,19.88,19.91,19.86,19.88,19.96,0.0,0.0,0.0,-26604.5
203,19.88,19.86,19.87,19.87,19.86,19.87,19.96,0.0,0.0,0.0,-26604.5
203,19.88,19.86,19.87,19.87,19.86,19.87,19.96,0.0,0.0,0.0,-26604.5
203,19.88,19.86,19.87,19.87,19.86,19.87,19.96,0.0,0.0,0.0,-26604.5
203,19.88,19.86,19.87,19.87,19.86,19.87,19.96,0.0,0.0,0.0,-26604.5
203,19.88,19.86,19.87,19.87,19.86,19.87,19.96,0.0,0.0,0.0,-26604.5
203,19.88,19.86,19.87,19.87,19.86,19.87,19.96,0.0,0.0,0.0,-26604.5
203,19.88,19.86,19.87,19.87,19.86,19.87,19.96,0.0,0.0,0.0,-26604.5
203,19.88,19.86,19.87,19.87,19.86,19.87,19.96,0.0,0.0,0.0,-26604.5
203,19.88,19.86,19.87,19.87,19.86,19.87,19.96,0.0,0.0,0.0,-26604.5
203,19.88,19.86,19.87,19.87,19.86,19.87,19.96,0.0,0.0,0.0,-26604.5
203,19.88,19.86,19.87,19.87,19.86,19.87,19.96,0.0,0.0,0.0,-26604.5
203,19.88,19.86,19.87,19.87,19.86,19.87,19.96,0.0,0.0,0.0,-26604.5
203,19.88,19.86,19.87,19.87,19.86,19.87,19.96,0.0,0.0,0.0,-26604.5
203,19.88,19.86,19.87,19.87,19.86,19.87,19.96,0.0,0.0,0.0,-26604.5
203,19.88,19.86,19.87,19.87,19.86,19.87,19.96,0.0,0.0,0.0,-26604.5
203,19.88,19.86,19.87,19.87,19.86,19.87,19.96,0.0,0.0,0.0,-26604.5
203,19.88,19.86,19.87,19.87,19.86,19.87,19.96,0.0,0.0,0.0,-26604.5
203,19.88,19.86,19.87,19.87,19.86,19.87,19.96,0.0,0.0,0.0,-26604.5
203,19.88,19.86,19.87,19.87,19.86,19.87,19.96,0.0,0.0,0.0,-26604.5
203,19.88,19.86,19.87,19.87,19.86,19.87,19.96,0.0,0.0,0.0,-26604.5
203,19.88,19.86,19.87,19.87,19.86,19.87,19.96,0.0,0.0,0.0,-26604.5
203,19.88,19.86,19.87,19.87,19.86,19.87,19.96,0.0,0.0,0.0,-26604.5
203,19.87,19.86,19.87,19.87,19.86,19.87,19.96,0.0,0.0,0.0,-26604.5
203,19.87,19.86,19.87,19.87,19.86,19.87,19.96,0.0,0.0,0.0,-26604.5
203,19.87,19.86,19.87,19.87,19.86,19.87,19.96,0.0,0.0,0.0,-26604.5
203,19.87,19.86,19.87,19.87,19.86,19.87,19.96,0.0,0.0,0.0,-26604.5
203,19.87,19.86,19.87,19.87,19.86,19.87,19.96,0.0,0.0,0.0,-26604.5
203,19.87,19.86,19.87,19.87,19.86,19.87,19.96,0.0,0.0,0.0,-26604.5
203,19.87,19.86,19.87,19.87,19.86,19.87,19.96,0.0,0.0,0.0,-26604.5
203,19.87,19.86,19.87,19.87,19.86,19.87,19.96,0.0,0.0,0.0,-26604.5
203,19.87,19.86,19.87,19.87,19.86,19.87,19.96,0.0,0.0,0.0,-26604.5
203,19.87,19.86,19.87,19.87,19.86,19.87,19.96,0.0,0.0,0.0,-26604.5
204,19.86,19.86,19.88,19.89,19.86,19.88,19.96,0.0,0.0,0.0,-26604.5
204,19.86,19.86,19.88,19.89,19.86,19.88,19.96,0.0,0.0,0.0,-26604.5
204,19.86,19.86,19.88,19.89,19.86,19.88,19.96,0.0,0.0,0.0,-26604.5
204,19.86,19.86,19.88,19.89,19.86,19.88,19.96,0.0,0.0,0.0,-26604.5
204,19.86,19.86,19.88,19.89,19.86,19.88,19.96,0.0,0.0,0.0,-26604.5
204,19.86,19.86,19.88,19.89,19.86,19.88,19.96,0.0,0.0,0.0,-26604.5
204,19.86,19.86,19.88,19.89,19.86,19.88,19.96,0.0,0.0,0.0,-26604.5
204,19.86,19.86,19.88,19.89,19.86,19.88,19.96,0.0,0.0,0.0,-26604.5
204,19.86,19.86,19.88,19.89,19.86,19.88,19.96,0.0,0.0,0.0,-26604.5
204,19.86,19.86,19.88,19.89,19.86,19.88,19.96,0.0,0.0,0.0,-26604.5
204,19.86,19.86,19.88,19.89,19.86,19.88,19.96,0.0,0.0,0.0,-26604.5
204,19.86,19.86,19.88,19.89,19.86,19.88,19.96,0.0,0.0,0.0,-26604.5
204,19.86,19.86,19.88,19.89,19.86,19.88,19.96,0.0,0.0,0.0,-26604.5
204,19.86,19.86,19.88,19.89,19.86,19.88,19.96,0.0,0.0,0.0,-26604.5
204,19.86,19.86,19.88,19.89,19.86,19.88,19.96,0.0,0.0,0.0,-26604.5
204,19.86,19.86,19.88,19.89,19.86,19.88,19.96,0.0,0.0,0.0,-26604.5
204,19.86,19.86,19.88,19.89,19.86,19.88,19.96,0.0,0.0,0.0,-26604.5
204,19.86,19.86,19.88,19.89,19.86,19.88,19.96,0.0,0.0,0.0,-26604.5
204,19.86,19.86,19.88,19.89,19.86,19.88,19.96,0.0,0.0,0.0,-26604.5
204,19.86,19.86,19.88,19.89,19.86,19.88,19.96,0.0,0.0,0.0,-26604.5
204,19.86,19.86,19.88,19.89,19.86,19.88,19.96,0.0,0.0,0.0,-26604.5
204,19.86,19.86,19.88,19.89,19.86,19.88,19.96,0.0,0.0,0.0,-26604.5
204,19.89,19.86,19.88,19.89,19.86,19.88,19.96,0.0,0.0,0.0,-26604.5
204,19.89,19.86,19.88,19.89,19.86,19.88,19.96,0.0,0.0,0.0,-26604.5
204,19.89,19.86,19.88,19.89,19.86,19.88,19.96,0.0,0.0,0.0,-26604.5
204,19.89,19.86,19.88,19.89,19.86,19.88,19.96,0.0,0.0,0.0,-26604.5
204,19.89,19.86,19.88,19.89,19.86,19.88,19.96,0.0,0.0,0.0,-26604.5
204,19.89,19.86,19.88,19.89,19.86,19.88,19.96,0.0,0.0,0.0,-26604.5
204,19.89,19.86,19.88,19.89,19.86,19.88,19.96,0.0,0.0,0.0,-26604.5
204,19.89,19.86,19.88,19.89,19.86,19.88,19.96,0.0,0.0,0.0,-26604.5
204,19.89,19.86,19.88,19.89,19.86,19.88,19.96,0.0,0.0,0.0,-26604.5
204,19.89,19.86,19.88,19.89,19.86,19.88,19.96,0.0,0.0,0.0,-26604.5
204,19.89,19.86,19.88,19.89,19.86,19.88,19.96,0.0,0.0,0.0,-26604.5
204,19.89,19.86,19.88,19.89,19.86,19.88,19.96,0.0,0.0,0.0,-26604.5
204,19.89,19.86,19.88,19.89,19.86,19.88,19.96,0.0,0.0,0.0,-26604.5
204,19.89,19.86,19.88,19.89,19.86,19.88,19.96,0.0,0.0,0.0,-26604.5
204,19.89,19.86,19.88,19.89,19.86,19.88,19.96,0.0,0.0,0.0,-26604.5
204,19.89,19.86,19.88,19.89,19.86,19.88,19.96,0.0,0.0,0.0,-26604.5
204,19.89,19.86,19.88,19.89,19.86,19.88,19.96,0.0,0.0,0.0,-26604.5
204,19.89,19.86,19.88,19.89,19.86,19.88,19.96,0.0,0.0,0.0,-26604.5
204,19.89,19.86,19.88,19.89,19.86,19.88,19.96,0.0,0.0,0.0,-26604.5
204,19.89,19.86,19.88,19.89,19.86,19.88,19.96,0.0,0.0,0.0,-26604.5
204,19.89,19.86,19.88,19.89,19.86,19.88,19.96,0.0,0.0,0.0,-26604.5
205,19.87,19.86,19.88,19.9,19.86,19.88,19.96,0.0,0.0,0.0,-26604.5
205,19.87,19.86,19.88,19.9,19.86,19.88,19.96,0.0,0.0,0.0,-26604.5
205,19.87,19.86,19.88,19.9,19.86,19.88,19.96,0.0,0.0,0.0,-26604.5
205,19.87,19.86,19.88,19.9,19.86,19.88,19.96,0.0,0.0,0.0,-26604.5
205,19.87,19.86,19.88,19.9,19.86,19.88,19.96,0.0,0.0,0.0,-26604.5
205,19.87,19.86,19.88,19.9,19.86,19.88,19.96,0.0,0.0,0.0,-26604.5
205,19.87,19.86,19.88,19.9,19.86,19.88,19.96,0.0,0.0,0.0,-26604.5
205,19.87,19.86,19.88,19.9,19.86,19.88,19.96,0.0,0.0,0.0,-26604.5
205,19.87,19.86,19.88,19.9,19.86,19.88,19.96,0.0,0.0,0.0,-26604.5
205,19.9,19.86,19.88,19.9,19.86,19.88,19.96,0.0,0.0,0.0,-26604.5
205,19.9,19.86,19.88,19.9,19.86,19.88,19.96,0.0,0.0,0.0,-26604.5
205,19.9,19.86,19.88,19.9,19.86,19.88,19.96,0.0,0.0,0.0,-26604.5
205,19.9,19.86,19.88,19.9,19.86,19.88,19.96,0.0,0.0,0.0,-26604.5
205,19.9,19.86,19.88,19.9,19.86,19.88,19.96,0.0,0.0,0.0,-26604.5
205,19.9,19.86,19.88,19.9,19.86,19.88,19.96,0.0,0.0,0.0,-26604.5
205,19.9,19.86,19.88,19.9,19.86,19.88,19.96,0.0,0.0,0.0,-26604.5
205,19.9,19.86,19.88,19.9,19.86,19.88,19.96,0.0,0.0,0.0,-26604.5
205,19.9,19.86,19.88,19.9,19.86,19.88,19.96,0.0,0.0,0.0,-26604.5
205,19.9,19.86,19.88,19.9,19.86,19.88,19.96,0.0,0.0,0.0,-26604.5
205,19.9,19.86,19.88,19.9,19.86,19.88,19.96,0.0,0.0,0.0,-26604.5
205,19.9,19.86,19.88,19.9,19.86,19.88,19.96,0.0,0.0,0.0,-26604.5
205,19.9,19.86,19.88,19.9,19.86,19.88,19.96,0.0,0.0,0.0,-26604.5
205,19.9,19.86,19.88,19.9,19.86,19.88,19.96,0.0,0.0,0.0,-26604.5
205,19.9,19.86,19.88,19.9,19.86,19.88,19.96,0.0,0.0,0.0,-26604.5
205,19.9,19.86,19.88,19.9,19.86,19.88,19.96,0.0,0.0,0.0,-26604.5
205,19.9,19.86,19.88,19.9,19.86,19.88,19.96,0.0,0.0,0.0,-26604.5
205,19.9,19.86,19.88,19.9,19.86,19.88,19.96,0.0,0.0,0.0,-26604.5
205,19.9,19.86,19.88,19.9,19.86,19.88,19.96,0.0,0.0,0.0,-26604.5
205,19.9,19.86,19.88,19.9,19.86,19.88,19.96,0.0,0.0,0.0,-26604.5
205,19.9,19.86,19.88,19.9,19.86,19.88,19.96,0.0,0.0,0.0,-26604.5
205,19.9,19.86,19.88,19.9,19.86,19.88,19.96,0.0,0.0,0.0,-26604.5
205,19.9,19.86,19.88,19.9,19.86,19.88,19.96,0.0,0.0,0.0,-26604.5
205,19.9,19.86,19.88,19.9,19.86,19.88,19.96,0.0,0.0,0.0,-26604.5
205,19.9,19.86,19.88,19.9,19.86,19.88,19.96,0.0,0.0,0.0,-26604.5
205,19.9,19.86,19.88,19.9,19.86,19.88,19.96,0.0,0.0,0.0,-26604.5
205,19.9,19.86,19.88,19.9,19.86,19.88,19.96,0.0,0.0,0.0,-26604.5
205,19.9,19.86,19.88,19.9,19.86,19.88,19.96,0.0,0.0,0.0,-26604.5
205,19.9,19.86,19.88,19.9,19.86,19.88,19.96,0.0,0.0,0.0,-26604.5
205,19.9,19.86,19.88,19.9,19.86,19.88,19.96,0.0,0.0,0.0,-26604.5
205,19.9,19.86,19.88,19.9,19.86,19.88,19.96,0.0,0.0,0.0,-26604.5
205,19.9,19.86,19.88,19.9,19.86,19.88,19.96,0.0,0.0,0.0,-26604.5
205,19.9,19.87,19.88,19.9,19.86,19.88,19.96,0.0,0.0,0.0,-26604.5
206,19.89,19.86,19.89,19.92,19.86,19.89,19.96,0.0,0.0,0.0,-26604.5
206,19.89,19.86,19.89,19.92,19.86,19.89,19.96,0.0,0.0,0.0,-26604.5
206,19.89,19.86,19.89,19.92,19.86,19.89,19.96,0.0,0.0,0.0,-26604.5
206,19.89,19.86,19.89,19.92,19.86,19.89,19.96,0.0,0.0,0.0,-26604.5
206,19.89,19.86,19.89,19.92,19.86,19.89,19.96,0.0,0.0,0.0,-26604.5
206,19.89,19.86,19.89,19.92,19.86,19.89,19.96,0.0,0.0,0.0,-26604.5
206,19.89,19.86,19.89,19.92,19.86,19.89,19.96,0.0,0.0,0.0,-26604.5
206,19.89,19.86,19.89,19.92,19.86,19.89,19.96,0.0,0.0,0.0,-26604.5
206,19.89,19.86,19.89,19.92,19.86,19.89,19.96,0.0,0.0,0.0,-26604.5
206,19.89,19.89,19.9,19.91,19.86,19.9,19.96,0.0,0.0,0.0,-26604.5
206,19.89,19.89,19.9,19.91,19.86,19.9,19.96,0.0,0.0,0.0,-26604.5
206,19.89,19.89,19.9,19.91,19.86,19.9,19.96,0.0,0.0,0.0,-26604.5
206,19.89,19.89,19.9,19.91,19.86,19.9,19.96,0.0,0.0,0.0,-26604.5
206,19.89,19.89,19.9,19.91,19.86,19.9,19.96,0.0,0.0,0.0,-26604.5
206,19.89,19.89,19.9,19.91,19.86,19.9,19.96,0.0,0.0,0.0,-26604.5
206,19.89,19.89,19.9,19.91,19.86,19.9,19.96,0.0,0.0,0.0,-26604.5
206,19.89,19.89,19.9,19.91,19.86,19.9,19.96,0.0,0.0,0.0,-26604.5
206,19.89,19.89,19.9,19.91,19.86,19.9,19.96,0.0,0.0,0.0,-26604.5
206,19.89,19.89,19.9,19.91,19.86,19.9,19.96,0.0,0.0,0.0,-26604.5
206,19.89,19.89,19.9,19.91,19.86,19.9,19.96,0.0,0.0,0.0,-26604.5
206,19.89,19.89,19.9,19.91,19.86,19.9,19.96,0.0,0.0,0.0,-26604.5
206,19.89,19.89,19.9,19.91,19.86,19.9,19.96,0.0,0.0,0.0,-26604.5
206,19.89,19.89,19.9,19.91,19.86,19.9,19.96,0.0,0.0,0.0,-26604.5
206,19.89,19.89,19.9,19.91,19.86,19.9,19.96,0.0,0.0,0.0,-26604.5
206,19.89,19.89,19.9,19.91,19.86,19.9,19.96,0.0,0.0,0.0,-26604.5
206,19.89,19.89,19.9,19.91,19.86,19.9,19.96,0.0,0.0,0.0,-26604.5
206,19.89,19.89,19.9,19.91,19.86,19.9,19.96,0.0,0.0,0.0,-26604.5
206,19.89,19.89,19.9,19.91,19.86,19.9,19.96,0.0,0.0,0.0,-26604.5
206,19.89,19.89,19.9,19.91,19.86,19.9,19.96,0.0,0.0,0.0,-26604.5
206,19.89,19.89,19.9,19.91,19.86,19.9,19.96,0.0,0.0,0.0,-26604.5
206,19.89,19.89,19.9,19.91,19.86,19.9,19.96,0.0,0.0,0.0,-26604.5
206,19.89,19.89,19.9,19.91,19.86,19.9,19.96,0.0,0.0,0.0,-26604.5
206,19.89,19.89,19.9,19.91,19.86,19.9,19.96,0.0,0.0,0.0,-26604.5
206,19.89,19.89,19.9,19.91,19.86,19.9,19.96,0.0,0.0,0.0,-26604.5
206,19.89,19.89,19.9,19.91,19.86,19.9,19.96,0.0,0.0,0.0,-26604.5
206,19.89,19.89,19.9,19.91,19.86,19.9,19.96,0.0,0.0,0.0,-26604.5
206,19.89,19.89,19.9,19.91,19.86,19.9,19.96,0.0,0.0,0.0,-26604.5
206,19.89,19.89,19.9,19.91,19.86,19.9,19.96,0.0,0.0,0.0,-26604.5
206,19.89,19.89,19.9,19.91,19.86,19.9,19.96,0.0,0.0,0.0,-26604.5
206,19.89,19.89,19.9,19.91,19.86,19.9,19.96,0.0,0.0,0.0,-26604.5
207,19.85,19.86,19.87,19.88,19.86,19.87,19.96,0.0,0.0,0.0,-26604.5
207,19.85,19.86,19.87,19.88,19.86,19.87,19.96,0.0,0.0,0.0,-26604.5
207,19.85,19.86,19.87,19.88,19.86,19.87,19.96,0.0,0.0,0.0,-26604.5
207,19.85,19.86,19.87,19.88,19.86,19.87,19.96,0.0,0.0,0.0,-26604.5
207,19.85,19.86,19.87,19.88,19.86,19.87,19.96,0.0,0.0,0.0,-26604.5
207,19.85,19.86,19.87,19.88,19.86,19.87,19.96,0.0,0.0,0.0,-26604.5
207,19.85,19.86,19.87,19.88,19.86,19.87,19.96,0.0,0.0,0.0,-26604.5
207,19.85,19.86,19.87,19.88,19.86,19.87,19.96,0.0,0.0,0.0,-26604.5
207,19.85,19.86,19.87,19.88,19.86,19.87,19.96,0.0,0.0,0.0,-26604.5
207,19.85,19.86,19.87,19.87,19.86,19.87,19.96,0.0,0.0,0.0,-26604.5
207,19.85,19.86,19.87,19.87,19.86,19.87,19.96,0.0,0.0,0.0,-26604.5
207,19.85,19.86,19.87,19.87,19.86,19.87,19.96,0.0,0.0,0.0,-26604.5
207,19.85,19.86,19.87,19.87,19.86,19.87,19.96,0.0,0.0,0.0,-26604.5
207,19.85,19.86,19.87,19.87,19.86,19.87,19.96,0.0,0.0,0.0,-26604.5
207,19.85,19.86,19.87,19.87,19.86,19.87,19.96,0.0,0.0,0.0,-26604.5
207,19.85,19.86,19.87,19.87,19.86,19.87,19.96,0.0,0.0,0.0,-26604.5
207,19.85,19.86,19.87,19.87,19.86,19.87,19.96,0.0,0.0,0.0,-26604.5
207,19.85,19.86,19.87,19.87,19.86,19.87,19.96,0.0,0.0,0.0,-26604.5
207,19.85,19.86,19.87,19.87,19.86,19.87,19.96,0.0,0.0,0.0,-26604.5
207,19.85,19.86,19.87,19.87,19.86,19.87,19.96,0.0,0.0,0.0,-26604.5
207,19.85,19.86,19.87,19.87,19.86,19.87,19.96,0.0,0.0,0.0,-26604.5
207,19.85,19.86,19.87,19.87,19.86,19.87,19.96,0.0,0.0,0.0,-26604.5
207,19.85,19.86,19.87,19.87,19.86,19.87,19.96,0.0,0.0,0.0,-26604.5
207,19.85,19.86,19.87,19.87,19.86,19.87,19.96,0.0,0.0,0.0,-26604.5
207,19.85,19.86,19.87,19.87,19.86,19.87,19.96,0.0,0.0,0.0,-26604.5
207,19.85,19.86,19.87,19.87,19.86,19.87,19.96,0.0,0.0,0.0,-26604.5
207,19.85,19.86,19.87,19.87,19.86,19.87,19.96,0.0,0.0,0.0,-26604.5
207,19.85,19.86,19.87,19.87,19.86,19.87,19.96,0.0,0.0,0.0,-26604.5
207,19.85,19.86,19.87,19.87,19.86,19.87,19.96,0.0,0.0,0.0,-26604.5
207,19.85,19.86,19.87,19.87,19.86,19.87,19.96,0.0,0.0,0.0,-26604.5
207,19.87,19.86,19.87,19.87,19.86,19.87,19.96,0.0,0.0,0.0,-26604.5
207,19.87,19.86,19.87,19.87,19.86,19.87,19.96,0.0,0.0,0.0,-26604.5
207,19.87,19.86,19.87,19.87,19.86,19.87,19.96,0.0,0.0,0.0,-26604.5
207,19.87,19.86,19.87,19.87,19.86,19.87,19.96,0.0,0.0,0.0,-26604.5
207,19.87,19.86,19.87,19.87,19.86,19.87,19.96,0.0,0.0,0.0,-26604.5
207,19.87,19.86,19.87,19.87,19.86,19.87,19.96,0.0,0.0,0.0,-26604.5
207,19.87,19.86,19.87,19.87,19.86,19.87,19.96,0.0,0.0,0.0,-26604.5
207,19.87,19.86,19.87,19.87,19.86,19.87,19.96,0.0,0.0,0.0,-26604.5
207,19.87,19.86,19.87,19.87,19.86,19.87,19.96,0.0,0.0,0.0,-26604.5
207,19.87,19.86,19.87,19.87,19.86,19.87,19.96,0.0,0.0,0.0,-26604.5
207,19.87,19.86,19.87,19.87,19.86,19.87,19.96,0.0,0.0,0.0,-26604.5
207,19.88,19.86,19.87,19.88,19.86,19.87,19.96,0.0,0.0,0.0,-26604.5
208,19.82,19.79,19.82,19.85,19.62,19.82,19.87,5000.0,19.86,-0.04,-26579.5
208,19.82,19.79,19.82,19.85,19.62,19.82,19.87,5000.0,19.86,-0.04,-26579.5
208,19.82,19.79,19.82,19.85,19.62,19.82,19.87,5000.0,19.86,-0.04,-26579.5
208,19.82,19.79,19.82,19.85,19.62,19.82,19.87,5000.0,19.86,-0.04,-26579.5
208,19.79,19.79,19.82,19.85,19.62,19.82,19.87,5000.0,19.86,-0.04,-26579.5
208,19.79,19.79,19.82,19.85,19.62,19.82,19.87,5000.0,19.86,-0.04,-26579.5
208,19.79,19.81,19.83,19.85,19.62,19.83,19.87,5000.0,19.86,-0.03,-26579.5
208,19.79,19.81,19.83,19.85,19.62,19.83,19.87,5000.0,19.86,-0.03,-26579.5
209,19.81,19.78,19.81,19.84,19.62,19.81,19.87,5000.0,19.86,-0.05,-26579.5
209,19.84,19.81,19.82,19.84,19.62,19.82,19.87,5000.0,19.86,-0.04,-26579.5
209,19.84,19.81,19.82,19.84,19.62,19.82,19.87,5000.0,19.86,-0.04,-26579.5
209,19.84,19.81,19.82,19.84,19.62,19.82,19.87,5000.0,19.86,-0.04,-26579.5
209,19.84,19.81,19.82,19.84,19.62,19.82,19.87,5000.0,19.86,-0.04,-26579.5
210,19.75,19.72,19.75,19.78,19.62,19.75,19.87,5000.0,19.86,-0.11,-26579.5
210,19.75,19.72,19.75,19.78,19.62,19.75,19.87,5000.0,19.86,-0.11,-26579.5
210,19.75,19.72,19.75,19.78,19.62,19.75,19.87,5000.0,19.86,-0.11,-26579.5
210,19.75,19.72,19.74,19.76,19.62,19.74,19.87,5000.0,19.86,-0.12,-26579.5
210,19.72,19.72,19.73,19.74,19.62,19.73,19.87,5000.0,19.86,-0.13,-26579.5
211,19.74,19.71,19.73,19.76,19.62,19.73,19.87,5000.0,19.86,-0.13,-26579.5
211,19.74,19.71,19.73,19.76,19.62,19.73,19.87,5000.0,19.86,-0.13,-26579.5
211,19.74,19.71,19.73,19.74,19.62,19.73,19.87,5000.0,19.86,-0.13,-26579.5
211,19.74,19.71,19.73,19.74,19.62,19.73,19.87,5000.0,19.86,-0.13,-26579.5
211,19.74,19.71,19.73,19.74,19.62,19.73,19.87,5000.0,19.86,-0.13,-26579.5
212,19.72,19.69,19.71,19.74,19.62,19.71,19.87,5000.0,19.86,-0.15,-26579.5
212,19.72,19.69,19.71,19.74,19.62,19.71,19.87,5000.0,19.86,-0.15,-26579.5
212,19.72,19.69,19.71,19.74,19.62,19.71,19.87,5000.0,19.86,-0.15,-26579.5
212,19.69,19.69,19.71,19.73,19.62,19.71,19.87,5000.0,19.86,-0.15,-26579.5
212,19.69,19.69,19.71,19.73,19.62,19.71,19.87,5000.0,19.86,-0.15,-26579.5
213,19.79,19.76,19.77,19.78,19.72,19.77,21.32,-50000.0,19.746,-0.02,-26954.5
215,19.75,19.74,19.74,19.75,19.69,19.74,19.94,-5000.0,19.747272727272726,0.01,-31040.863636363636
215,19.74,19.74,19.74,19.75,19.69,19.74,19.94,-5000.0,19.747272727272726,0.01,-31040.863636363636
215,19.74,19.74,19.74,19.75,19.69,19.74,19.94,-5000.0,19.747272727272726,0.01,-31040.863636363636
215,19.74,19.74,19.74,19.75,19.69,19.74,19.94,-5000.0,19.747272727272726,0.01,-31040.863636363636
215,19.74,19.74,19.74,19.75,19.69,19.74,19.94,-5000.0,19.747272727272726,0.01,-31040.863636363636
215,19.74,19.74,19.74,19.75,19.69,19.74,19.94,-5000.0,19.747272727272726,0.01,-31040.863636363636
215,19.75,19.74,19.74,19.75,19.69,19.74,19.79,0.0,0.0,0.0,-31104.5
216,19.66,19.63,19.66,19.69,19.69,19.66,19.79,0.0,0.0,0.0,-31104.5
216,19.66,19.63,19.66,19.69,19.69,19.66,19.79,0.0,0.0,0.0,-31104.5
216,19.66,19.63,19.66,19.69,19.69,19.66,19.79,0.0,0.0,0.0,-31104.5
216,19.66,19.63,19.66,19.69,19.69,19.66,19.79,0.0,0.0,0.0,-31104.5
216,19.66,19.63,19.66,19.69,19.69,19.66,19.79,0.0,0.0,0.0,-31104.5
216,19.66,19.63,19.66,19.69,19.69,19.66,19.79,0.0,0.0,0.0,-31104.5
216,19.66,19.63,19.66,19.69,19.69,19.66,19.79,0.0,0.0,0.0,-31104.5
216,19.66,19.63,19.66,19.69,19.69,19.66,19.79,0.0,0.0,0.0,-31104.5
216,19.66,19.63,19.66,19.69,19.69,19.66,19.79,0.0,0.0,0.0,-31104.5
216,19.66,19.63,19.66,19.69,19.69,19.66,19.79,0.0,0.0,0.0,-31104.5
216,19.69,19.63,19.64,19.66,19.44,19.64,19.69,5000.0,19.69,-0.05,-31154.5
216,19.63,19.63,19.64,19.66,19.44,19.64,19.69,5000.0,19.69,-0.05,-31154.5
216,19.63,19.63,19.64,19.66,19.44,19.64,19.69,5000.0,19.69,-0.05,-31154.5
217,19.68,19.65,19.66,19.66,19.44,19.66,19.69,5000.0,19.69,-0.03,-31154.5
217,19.68,19.65,19.66,19.66,19.44,19.66,19.69,5000.0,19.69,-0.03,-31154.5
217,19.68,19.68,19.69,19.69,19.64,19.69,20.19,-15000.0,19.673333333333332,-0.02,-31354.5
218,19.65,19.62,19.65,19.68,19.64,19.65,20.19,-15000.0,19.675,0.03,-31629.5
218,19.68,19.67,19.68,19.68,19.63,19.68,19.88,-5000.0,19.675,-0.0,-31779.5
218,19.68,19.67,19.68,19.68,19.63,19.68,19.88,-5000.0,19.675,-0.0,-31779.5
218,19.68,19.67,19.68,19.68,19.63,19.68,19.88,-5000.0,19.675,-0.0,-31779.5
218,19.68,19.67,19.68,19.68,19.63,19.68,19.88,-5000.0,19.675,-0.0,-31779.5
218,19.68,19.67,19.68,19.68,19.63,19.68,19.88,-5000.0,19.675,-0.0,-31779.5
218,19.68,19.67,19.68,19.68,19.63,19.68,19.73,0.0,0.0,0.0,-31854.5
219,19.63,19.63,19.64,19.66,19.63,19.64,19.73,0.0,0.0,0.0,-31854.5
219,19.63,19.63,19.64,19.66,19.63,19.64,19.73,0.0,0.0,0.0,-31854.5
219,19.63,19.63,19.64,19.66,19.63,19.64,19.73,0.0,0.0,0.0,-31854.5
219,19.63,19.63,19.64,19.66,19.63,19.64,19.73,0.0,0.0,0.0,-31854.5
219,19.63,19.63,19.64,19.66,19.63,19.64,19.73,0.0,0.0,0.0,-31854.5
219,19.63,19.63,19.64,19.66,19.63,19.64,19.73,0.0,0.0,0.0,-31854.5
219,19.63,19.63,19.64,19.66,19.63,19.64,19.73,0.0,0.0,0.0,-31854.5
219,19.63,19.63,19.64,19.66,19.63,19.64,19.73,0.0,0.0,0.0,-31854.5
219,19.63,19.63,19.64,19.66,19.63,19.64,19.73,0.0,0.0,0.0,-31854.5
219,19.63,19.63,19.64,19.66,19.63,19.64,19.73,0.0,0.0,0.0,-31854.5
219,19.63,19.64,19.65,19.66,19.63,19.65,19.73,0.0,0.0,0.0,-31854.5
219,19.63,19.64,19.65,19.66,19.63,19.65,19.73,0.0,0.0,0.0,-31854.5
219,19.63,19.64,19.65,19.66,19.63,19.65,19.73,0.0,0.0,0.0,-31854.5
219,19.63,19.64,19.65,19.66,19.63,19.65,19.73,0.0,0.0,0.0,-31854.5
219,19.63,19.64,19.65,19.66,19.63,19.65,19.73,0.0,0.0,0.0,-31854.5
219,19.63,19.64,19.65,19.66,19.63,19.65,19.73,0.0,0.0,0.0,-31854.5
219,19.63,19.64,19.65,19.66,19.63,19.65,19.73,0.0,0.0,0.0,-31854.5
219,19.63,19.64,19.65,19.66,19.63,19.65,19.73,0.0,0.0,0.0,-31854.5
219,19.63,19.64,19.65,19.66,19.63,19.65,19.73,0.0,0.0,0.0,-31854.5
219,19.63,19.64,19.65,19.66,19.63,19.65,19.73,0.0,0.0,0.0,-31854.5
219,19.63,19.64,19.65,19.66,19.63,19.65,19.73,0.0,0.0,0.0,-31854.5
219,19.63,19.64,19.65,19.66,19.63,19.65,19.73,0.0,0.0,0.0,-31854.5
219,19.63,19.64,19.65,19.66,19.63,19.65,19.73,0.0,0.0,0.0,-31854.5
219,19.63,19.64,19.65,19.66,19.63,19.65,19.73,0.0,0.0,0.0,-31854.5
219,19.63,19.64,19.65,19.66,19.63,19.65,19.73,0.0,0.0,0.0,-31854.5
219,19.63,19.64,19.65,19.66,19.63,19.65,19.73,0.0,0.0,0.0,-31854.5
219,19.63,19.64,19.65,19.66,19.63,19.65,19.73,0.0,0.0,0.0,-31854.5
219,19.63,19.64,19.65,19.66,19.63,19.65,19.73,0.0,0.0,0.0,-31854.5
219,19.63,19.64,19.65,19.66,19.63,19.65,19.73,0.0,0.0,0.0,-31854.5
219,19.63,19.64,19.65,19.66,19.63,19.65,19.73,0.0,0.0,0.0,-31854.5
219,19.63,19.63,19.64,19.66,19.63,19.64,19.73,0.0,0.0,0.0,-31854.5
219,19.63,19.63,19.64,19.66,19.63,19.64,19.73,0.0,0.0,0.0,-31854.5
219,19.63,19.63,19.64,19.66,19.63,19.64,19.73,0.0,0.0,0.0,-31854.5
219,19.63,19.63,19.64,19.66,19.63,19.64,19.73,0.0,0.0,0.0,-31854.5
219,19.63,19.63,19.64,19.66,19.63,19.64,19.73,0.0,0.0,0.0,-31854.5
219,19.63,19.63,19.64,19.66,19.63,19.64,19.73,0.0,0.0,0.0,-31854.5
219,19.63,19.63,19.64,19.66,19.63,19.64,19.73,0.0,0.0,0.0,-31854.5
219,19.63,19.63,19.64,19.66,19.63,19.64,19.73,0.0,0.0,0.0,-31854.5
219,19.63,19.63,19.64,19.66,19.63,19.64,19.73,0.0,0.0,0.0,-31854.5
219,19.63,19.63,19.64,19.66,19.63,19.64,19.73,0.0,0.0,0.0,-31854.5
220,19.66,19.63,19.66,19.69,19.46,19.66,19.71,5000.0,19.63,0.03,-31829.5
220,19.66,19.63,19.66,19.69,19.46,19.66,19.71,5000.0,19.63,0.03,-31829.5
220,19.66,19.63,19.66,19.69,19.46,19.66,19.71,5000.0,19.63,0.03,-31829.5
220,19.66,19.63,19.66,19.69,19.46,19.66,19.71,5000.0,19.63,0.03,-31829.5
220,19.66,19.63,19.66,19.69,19.46,19.66,19.71,5000.0,19.63,0.03,-31829.5
220,19.66,19.63,19.66,19.69,19.46,19.66,19.71,5000.0,19.63,0.03,-31829.5
220,19.66,19.63,19.66,19.69,19.46,19.66,19.71,5000.0,19.63,0.03,-31829.5
220,19.63,19.63,19.66,19.69,19.46,19.66,19.71,5000.0,19.63,0.03,-31829.5
220,19.63,19.63,19.66,19.69,19.46,19.66,19.71,5000.0,19.63,0.03,-31829.5
220,19.63,19.63,19.66,19.69,19.46,19.66,19.71,5000.0,19.63,0.03,-31829.5
220,19.63,19.63,19.66,19.69,19.46,19.66,19.71,5000.0,19.63,0.03,-31829.5
220,19.63,19.63,19.66,19.69,19.46,19.66,19.71,5000.0,19.63,0.03,-31829.5
220,19.63,19.63,19.66,19.69,19.46,19.66,19.71,5000.0,19.63,0.03,-31829.5
220,19.63,19.63,19.66,19.69,19.46,19.66,19.71,5000.0,19.63,0.03,-31829.5
220,19.63,19.63,19.66,19.69,19.46,19.66,19.71,5000.0,19.63,0.03,-31829.5
220,19.63,19.63,19.66,19.69,19.46,19.66,19.71,5000.0,19.63,0.03,-31829.5
220,19.63,19.63,19.66,19.69,19.46,19.66,19.71,5000.0,19.63,0.03,-31829.5
220,19.63,19.63,19.66,19.69,19.46,19.66,19.71,5000.0,19.63,0.03,-31829.5
220,19.63,19.63,19.66,19.69,19.46,19.66,19.71,5000.0,19.63,0.03,-31829.5
220,19.63,19.63,19.66,19.69,19.46,19.66,19.71,5000.0,19.63,0.03,-31829.5
220,19.63,19.63,19.66,19.69,19.46,19.66,19.71,5000.0,19.63,0.03,-31829.5
220,19.63,19.63,19.66,19.69,19.46,19.66,19.71,5000.0,19.63,0.03,-31829.5
220,19.63,19.63,19.66,19.69,19.46,19.66,19.71,5000.0,19.63,0.03,-31829.5
220,19.63,19.63,19.66,19.69,19.46,19.66,19.71,5000.0,19.63,0.03,-31829.5
220,19.63,19.64,19.66,19.69,19.46,19.66,19.71,5000.0,19.63,0.03,-31829.5
220,19.63,19.64,19.66,19.69,19.46,19.66,19.71,5000.0,19.63,0.03,-31829.5
220,19.63,19.64,19.66,19.69,19.46,19.66,19.71,5000.0,19.63,0.03,-31829.5
220,19.63,19.64,19.66,19.69,19.46,19.66,19.71,5000.0,19.63,0.03,-31829.5
220,19.63,19.64,19.66,19.69,19.46,19.66,19.71,5000.0,19.63,0.03,-31829.5
220,19.63,19.64,19.66,19.69,19.46,19.66,19.71,5000.0,19.63,0.03,-31829.5
220,19.63,19.64,19.66,19.69,19.46,19.66,19.71,5000.0,19.63,0.03,-31829.5
220,19.63,19.64,19.66,19.69,19.46,19.66,19.71,5000.0,19.63,0.03,-31829.5
221,19.76,19.73,19.76,19.79,19.71,19.76,19.81,0.0,0.0,0.0,-31404.5
221,19.76,19.73,19.76,19.79,19.71,19.76,19.81,0.0,0.0,0.0,-31404.5
221,19.76,19.73,19.76,19.79,19.71,19.76,19.81,0.0,0.0,0.0,-31404.5
221,19.76,19.73,19.76,19.79,19.71,19.76,19.81,0.0,0.0,0.0,-31404.5
221,19.76,19.73,19.76,19.79,19.71,19.76,19.81,0.0,0.0,0.0,-31404.5
221,19.76,19.73,19.76,19.79,19.71,19.76,19.81,0.0,0.0,0.0,-31404.5
221,19.76,19.73,19.76,19.79,19.71,19.76,19.81,0.0,0.0,0.0,-31404.5
221,19.76,19.73,19.76,19.79,19.71,19.76,19.81,0.0,0.0,0.0,-31404.5
221,19.76,19.73,19.76,19.79,19.71,19.76,19.81,0.0,0.0,0.0,-31404.5
221,19.76,19.73,19.76,19.79,19.71,19.76,19.81,0.0,0.0,0.0,-31404.5
221,19.76,19.73,19.76,19.79,19.71,19.76,19.81,0.0,0.0,0.0,-31404.5
221,19.76,19.73,19.76,19.79,19.71,19.76,19.81,0.0,0.0,0.0,-31404.5
221,19.76,19.73,19.76,19.79,19.71,19.76,19.81,0.0,0.0,0.0,-31404.5
221,19.76,19.73,19.76,19.79,19.71,19.76,19.81,0.0,0.0,0.0,-31404.5
221,19.76,19.73,19.76,19.79,19.71,19.76,19.81,0.0,0.0,0.0,-31404.5
221,19.76,19.73,19.76,19.79,19.71,19.76,19.81,0.0,0.0,0.0,-31404.5
221,19.76,19.73,19.76,19.79,19.71,19.76,19.81,0.0,0.0,0.0,-31404.5
221,19.76,19.73,19.76,19.79,19.71,19.76,19.81,0.0,0.0,0.0,-31404.5
221,19.76,19.73,19.76,19.78,19.71,19.76,19.81,0.0,0.0,0.0,-31404.5
221,19.76,19.73,19.76,19.78,19.71,19.76,19.81,0.0,0.0,0.0,-31404.5
221,19.76,19.73,19.76,19.78,19.71,19.76,19.81,0.0,0.0,0.0,-31404.5
221,19.76,19.73,19.76,19.78,19.71,19.76,19.81,0.0,0.0,0.0,-31404.5
221,19.76,19.73,19.76,19.78,19.71,19.76,19.81,0.0,0.0,0.0,-31404.5
221,19.76,19.73,19.76,19.78,19.71,19.76,19.81,0.0,0.0,0.0,-31404.5
221,19.76,19.73,19.76,19.78,19.71,19.76,19.81,0.0,0.0,0.0,-31404.5
221,19.76,19.73,19.76,19.78,19.71,19.76,19.81,0.0,0.0,0.0,-31404.5
221,19.76,19.73,19.76,19.78,19.71,19.76,19.81,0.0,0.0,0.0,-31404.5
221,19.76,19.73,19.76,19.78,19.71,19.76,19.81,0.0,0.0,0.0,-31404.5
221,19.76,19.73,19.76,19.78,19.71,19.76,19.81,0.0,0.0,0.0,-31404.5
221,19.78,19.73,19.76,19.78,19.71,19.76,19.81,0.0,0.0,0.0,-31404.5
221,19.78,19.73,19.76,19.78,19.71,19.76,19.81,0.0,0.0,0.0,-31404.5
221,19.78,19.73,19.76,19.78,19.71,19.76,19.81,0.0,0.0,0.0,-31404.5
221,19.78,19.73,19.76,19.78,19.71,19.76,19.81,0.0,0.0,0.0,-31404.5
221,19.78,19.73,19.76,19.78,19.71,19.76,19.81,0.0,0.0,0.0,-31404.5
221,19.78,19.73,19.76,19.78,19.71,19.76,19.81,0.0,0.0,0.0,-31404.5
221,19.78,19.73,19.76,19.78,19.71,19.76,19.81,0.0,0.0,0.0,-31404.5
221,19.78,19.73,19.76,19.78,19.71,19.76,19.81,0.0,0.0,0.0,-31404.5
221,19.78,19.73,19.76,19.78,19.71,19.76,19.81,0.0,0.0,0.0,-31404.5
222,19.76,19.73,19.76,19.79,19.71,19.76,19.81,0.0,0.0,0.0,-31404.5
222,19.76,19.73,19.76,19.79,19.71,19.76,19.81,0.0,0.0,0.0,-31404.5
222,19.76,19.73,19.76,19.79,19.71,19.76,19.81,0.0,0.0,0.0,-31404.5
222,19.76,19.73,19.76,19.79,19.71,19.76,19.81,0.0,0.0,0.0,-31404.5
222,19.76,19.73,19.76,19.79,19.71,19.76,19.81,0.0,0.0,0.0,-31404.5
222,19.76,19.73,19.76,19.79,19.71,19.76,19.81,0.0,0.0,0.0,-31404.5
222,19.76,19.73,19.76,19.79,19.71,19.76,19.81,0.0,0.0,0.0,-31404.5
222,19.76,19.73,19.76,19.79,19.71,19.76,19.81,0.0,0.0,0.0,-31404.5
222,19.76,19.73,19.76,19.79,19.71,19.76,19.81,0.0,0.0,0.0,-31404.5
222,19.76,19.73,19.76,19.79,19.71,19.76,19.81,0.0,0.0,0.0,-31404.5
222,19.76,19.73,19.76,19.79,19.71,19.76,19.81,0.0,0.0,0.0,-31404.5
222,19.79,19.73,19.76,19.78,19.71,19.76,19.81,0.0,0.0,0.0,-31404.5
222,19.79,19.73,19.76,19.78,19.71,19.76,19.81,0.0,0.0,0.0,-31404.5
222,19.79,19.73,19.76,19.78,19.71,19.76,19.81,0.0,0.0,0.0,-31404.5
222,19.79,19.73,19.76,19.78,19.71,19.76,19.81,0.0,0.0,0.0,-31404.5
222,19.79,19.73,19.76,19.78,19.71,19.76,19.81,0.0,0.0,0.0,-31404.5
222,19.79,19.73,19.76,19.78,19.71,19.76,19.81,0.0,0.0,0.0,-31404.5
222,19.79,19.73,19.76,19.78,19.71,19.76,19.81,0.0,0.0,0.0,-31404.5
222,19.79,19.73,19.76,19.78,19.71,19.76,19.81,0.0,0.0,0.0,-31404.5
222,19.79,19.73,19.76,19.78,19.71,19.76,19.81,0.0,0.0,0.0,-31404.5
222,19.79,19.73,19.76,19.78,19.71,19.76,19.81,0.0,0.0,0.0,-31404.5
222,19.79,19.73,19.76,19.78,19.71,19.76,19.81,0.0,0.0,0.0,-31404.5
222,19.79,19.73,19.76,19.78,19.71,19.76,19.81,0.0,0.0,0.0,-31404.5
222,19.79,19.73,19.76,19.78,19.71,19.76,19.81,0.0,0.0,0.0,-31404.5
222,19.79,19.73,19.76,19.78,19.71,19.76,19.81,0.0,0.0,0.0,-31404.5
222,19.79,19.73,19.76,19.78,19.71,19.76,19.81,0.0,0.0,0.0,-31404.5
222,19.79,19.73,19.76,19.78,19.71,19.76,19.81,0.0,0.0,0.0,-31404.5
222,19.79,19.73,19.76,19.78,19.71,19.76,19.81,0.0,0.0,0.0,-31404.5
222,19.79,19.73,19.76,19.78,19.71,19.76,19.81,0.0,0.0,0.0,-31404.5
222,19.79,19.73,19.76,19.78,19.71,19.76,19.81,0.0,0.0,0.0,-31404.5
222,19.79,19.74,19.76,19.78,19.71,19.76,19.81,0.0,0.0,0.0,-31404.5
222,19.79,19.74,19.76,19.78,19.71,19.76,19.81,0.0,0.0,0.0,-31404.5
222,19.79,19.74,19.76,19.78,19.71,19.76,19.81,0.0,0.0,0.0,-31404.5
222,19.79,19.74,19.76,19.78,19.71,19.76,19.81,0.0,0.0,0.0,-31404.5
222,19.79,19.74,19.76,19.78,19.71,19.76,19.81,0.0,0.0,0.0,-31404.5
222,19.79,19.74,19.76,19.78,19.71,19.76,19.81,0.0,0.0,0.0,-31404.5
222,19.79,19.74,19.76,19.78,19.71,19.76,19.81,0.0,0.0,0.0,-31404.5
222,19.79,19.74,19.76,19.78,19.71,19.76,19.81,0.0,0.0,0.0,-31404.5
222,19.79,19.74,19.76,19.78,19.71,19.76,19.81,0.0,0.0,0.0,-31404.5
222,19.79,19.74,19.76,19.78,19.71,19.76,19.81,0.0,0.0,0.0,-31404.5
223,19.71,19.71,19.73,19.74,19.71,19.73,19.81,0.0,0.0,0.0,-31404.5
223,19.71,19.71,19.73,19.74,19.71,19.73,19.81,0.0,0.0,0.0,-31404.5
223,19.71,19.71,19.73,19.74,19.71,19.73,19.81,0.0,0.0,0.0,-31404.5
223,19.71,19.71,19.73,19.74,19.71,19.73,19.81,0.0,0.0,0.0,-31404.5
223,19.71,19.71,19.73,19.74,19.71,19.73,19.81,0.0,0.0,0.0,-31404.5
223,19.71,19.71,19.73,19.74,19.71,19.73,19.81,0.0,0.0,0.0,-31404.5
223,19.71,19.71,19.73,19.74,19.71,19.73,19.81,0.0,0.0,0.0,-31404.5
223,19.71,19.71,19.73,19.74,19.71,19.73,19.81,0.0,0.0,0.0,-31404.5
223,19.71,19.71,19.73,19.74,19.71,19.73,19.81,0.0,0.0,0.0,-31404.5
223,19.71,19.71,19.73,19.74,19.71,19.73,19.81,0.0,0.0,0.0,-31404.5
223,19.71,19.68,19.7,19.71,19.5,19.7,19.75,5000.0,19.71,-0.01,-31379.5
223,19.71,19.68,19.7,19.71,19.5,19.7,19.75,5000.0,19.71,-0.01,-31379.5
223,19.71,19.68,19.7,19.71,19.5,19.7,19.75,5000.0,19.71,-0.01,-31379.5
223,19.71,19.68,19.7,19.71,19.5,19.7,19.75,5000.0,19.71,-0.01,-31379.5
223,19.71,19.68,19.7,19.71,19.5,19.7,19.75,5000.0,19.71,-0.01,-31379.5
223,19.71,19.68,19.7,19.71,19.5,19.7,19.75,5000.0,19.71,-0.01,-31379.5
223,19.71,19.68,19.7,19.71,19.5,19.7,19.75,5000.0,19.71,-0.01,-31379.5
223,19.71,19.68,19.7,19.71,19.5,19.7,19.75,5000.0,19.71,-0.01,-31379.5
223,19.71,19.68,19.7,19.71,19.5,19.7,19.75,5000.0,19.71,-0.01,-31379.5
223,19.71,19.68,19.7,19.71,19.5,19.7,19.75,5000.0,19.71,-0.01,-31379.5
223,19.71,19.68,19.7,19.71,19.5,19.7,19.75,5000.0,19.71,-0.01,-31379.5
223,19.71,19.68,19.7,19.71,19.5,19.7,19.75,5000.0,19.71,-0.01,-31379.5
223,19.71,19.68,19.7,19.71,19.5,19.7,19.75,5000.0,19.71,-0.01,-31379.5
223,19.71,19.68,19.7,19.71,19.5,19.7,19.75,5000.0,19.71,-0.01,-31379.5
223,19.71,19.68,19.7,19.71,19.5,19.7,19.75,5000.0,19.71,-0.01,-31379.5
223,19.71,19.68,19.7,19.71,19.5,19.7,19.75,5000.0,19.71,-0.01,-31379.5
223,19.71,19.68,19.7,19.71,19.5,19.7,19.75,5000.0,19.71,-0.01,-31379.5
223,19.71,19.68,19.7,19.71,19.5,19.7,19.75,5000.0,19.71,-0.01,-31379.5
223,19.71,19.68,19.7,19.71,19.5,19.7,19.75,5000.0,19.71,-0.01,-31379.5
223,19.71,19.68,19.7,19.71,19.5,19.7,19.75,5000.0,19.71,-0.01,-31379.5
223,19.71,19.68,19.7,19.71,19.5,19.7,19.75,5000.0,19.71,-0.01,-31379.5
223,19.71,19.68,19.7,19.71,19.5,19.7,19.75,5000.0,19.71,-0.01,-31379.5
223,19.71,19.68,19.7,19.71,19.5,19.7,19.75,5000.0,19.71,-0.01,-31379.5
223,19.71,19.68,19.7,19.71,19.5,19.7,19.75,5000.0,19.71,-0.01,-31379.5
224,19.65,19.62,19.65,19.68,19.5,19.65,19.75,5000.0,19.71,-0.06,-31379.5
224,19.65,19.62,19.65,19.68,19.5,19.65,19.75,5000.0,19.71,-0.06,-31379.5
224,19.65,19.62,19.65,19.68,19.5,19.65,19.75,5000.0,19.71,-0.06,-31379.5
224,19.65,19.62,19.65,19.68,19.5,19.65,19.75,5000.0,19.71,-0.06,-31379.5
224,19.65,19.62,19.65,19.68,19.5,19.65,19.75,5000.0,19.71,-0.06,-31379.5
224,19.65,19.62,19.65,19.68,19.5,19.65,19.75,5000.0,19.71,-0.06,-31379.5
224,19.65,19.62,19.65,19.68,19.5,19.65,19.75,5000.0,19.71,-0.06,-31379.5
224,19.65,19.65,19.66,19.68,19.5,19.66,19.75,5000.0,19.71,-0.05,-31379.5
224,19.68,19.65,19.66,19.68,19.5,19.66,19.75,5000.0,19.71,-0.05,-31379.5
224,19.68,19.65,19.66,19.68,19.5,19.66,19.75,5000.0,19.71,-0.05,-31379.5
225,19.69,19.66,19.67,19.68,19.5,19.67,19.75,5000.0,19.71,-0.04,-31379.5
225,19.69,19.66,19.67,19.68,19.5,19.67,19.75,5000.0,19.71,-0.04,-31379.5
225,19.69,19.66,19.67,19.68,19.5,19.67,19.75,5000.0,19.71,-0.04,-31379.5
225,19.69,19.66,19.67,19.68,19.5,19.67,19.75,5000.0,19.71,-0.04,-31379.5
225,19.69,19.66,19.67,19.68,19.5,19.67,19.75,5000.0,19.71,-0.04,-31379.5
225,19.69,19.66,19.67,19.68,19.5,19.67,19.75,5000.0,19.71,-0.04,-31379.5
225,19.69,19.66,19.67,19.68,19.5,19.67,19.75,5000.0,19.71,-0.04,-31379.5
225,19.69,19.66,19.67,19.68,19.5,19.67,19.75,5000.0,19.71,-0.04,-31379.5
225,19.69,19.66,19.66,19.67,19.5,19.66,19.75,5000.0,19.71,-0.05,-31379.5
225,19.69,19.66,19.66,19.67,19.5,19.66,19.75,5000.0,19.71,-0.05,-31379.5
225,19.69,19.66,19.66,19.67,19.5,19.66,19.75,5000.0,19.71,-0.05,-31379.5
225,19.69,19.66,19.66,19.67,19.5,19.66,19.75,5000.0,19.71,-0.05,-31379.5
225,19.69,19.66,19.66,19.67,19.5,19.66,19.75,5000.0,19.71,-0.05,-31379.5
