tick,last,bid,mid,ask,current_bid,mid,current_ask,position,position_vwap,pnl_per_share,realized
128,20.39,20.36,20.39,20.42,20.34,20.39,20.44,0.0,0.0,0.0,650.0
128,20.39,20.36,20.39,20.42,20.34,20.39,20.44,0.0,0.0,0.0,650.0
128,20.39,20.36,20.39,20.42,20.34,20.39,20.44,0.0,0.0,0.0,650.0
128,20.39,20.36,20.38,20.41,20.34,20.38,20.44,0.0,0.0,0.0,650.0
128,20.39,20.36,20.38,20.41,20.34,20.38,20.44,0.0,0.0,0.0,650.0
128,20.39,20.36,20.38,20.41,20.34,20.38,20.44,0.0,0.0,0.0,650.0
128,20.39,20.36,20.38,20.41,20.34,20.38,20.44,0.0,0.0,0.0,650.0
128,20.39,20.36,20.38,20.41,20.34,20.38,20.44,0.0,0.0,0.0,650.0
128,20.39,20.36,20.38,20.41,20.34,20.38,20.44,0.0,0.0,0.0,650.0
128,20.39,20.36,20.38,20.41,20.34,20.38,20.44,0.0,0.0,0.0,650.0
128,20.39,20.36,20.38,20.41,20.34,20.38,20.44,0.0,0.0,0.0,650.0
128,20.39,20.36,20.38,20.41,20.34,20.38,20.44,0.0,0.0,0.0,650.0
128,20.39,20.36,20.38,20.41,20.34,20.38,20.44,0.0,0.0,0.0,650.0
128,20.39,20.36,20.38,20.41,20.34,20.38,20.44,0.0,0.0,0.0,650.0
128,20.39,20.36,20.38,20.41,20.34,20.38,20.44,0.0,0.0,0.0,650.0
128,20.39,20.36,20.38,20.41,20.34,20.38,20.44,0.0,0.0,0.0,650.0
128,20.39,20.36,20.38,20.41,20.34,20.38,20.44,0.0,0.0,0.0,650.0
128,20.39,20.36,20.38,20.41,20.34,20.38,20.44,0.0,0.0,0.0,650.0
128,20.39,20.36,20.38,20.41,20.34,20.38,20.44,0.0,0.0,0.0,650.0
128,20.39,20.36,20.38,20.41,20.34,20.38,20.44,0.0,0.0,0.0,650.0
128,20.39,20.36,20.38,20.41,20.34,20.38,20.44,0.0,0.0,0.0,650.0
128,20.39,20.36,20.38,20.41,20.34,20.38,20.44,0.0,0.0,0.0,650.0
128,20.39,20.36,20.38,20.41,20.34,20.38,20.44,0.0,0.0,0.0,650.0
128,20.39,20.36,20.38,20.41,20.34,20.38,20.44,0.0,0.0,0.0,650.0
128,20.39,20.36,20.38,20.41,20.34,20.38,20.44,0.0,0.0,0.0,650.0
128,20.39,20.36,20.38,20.41,20.34,20.38,20.44,0.0,0.0,0.0,650.0
128,20.39,20.36,20.38,20.41,20.34,20.38,20.44,0.0,0.0,0.0,650.0
128,20.39,20.36,20.38,20.41,20.34,20.38,20.44,0.0,0.0,0.0,650.0
128,20.39,20.36,20.38,20.41,20.34,20.38,20.44,0.0,0.0,0.0,650.0
128,20.39,20.36,20.38,20.41,20.34,20.38,20.44,0.0,0.0,0.0,650.0
128,20.39,20.36,20.38,20.41,20.34,20.38,20.44,0.0,0.0,0.0,650.0
128,20.39,20.36,20.38,20.41,20.34,20.38,20.44,0.0,0.0,0.0,650.0
128,20.37,20.34,20.37,20.4,20.34,20.37,20.44,0.0,0.0,0.0,650.0
129,20.37,20.34,20.37,20.4,20.34,20.37,20.44,0.0,0.0,0.0,650.0
129,20.37,20.34,20.37,20.4,20.34,20.37,20.44,0.0,0.0,0.0,650.0
129,20.37,20.34,20.37,20.4,20.34,20.37,20.44,0.0,0.0,0.0,650.0
129,20.37,20.34,20.37,20.4,20.34,20.37,20.44,0.0,0.0,0.0,650.0
129,20.37,20.34,20.37,20.4,20.34,20.37,20.44,0.0,0.0,0.0,650.0
129,20.37,20.34,20.37,20.4,20.34,20.37,20.44,0.0,0.0,0.0,650.0
129,20.37,20.34,20.37,20.4,20.34,20.37,20.44,0.0,0.0,0.0,650.0
129,20.37,20.34,20.37,20.4,20.34,20.37,20.44,0.0,0.0,0.0,650.0
129,20.37,20.34,20.37,20.4,20.34,20.37,20.44,0.0,0.0,0.0,650.0
129,20.37,20.34,20.37,20.4,20.34,20.37,20.44,0.0,0.0,0.0,650.0
129,20.37,20.34,20.37,20.4,20.34,20.37,20.44,0.0,0.0,0.0,650.0
129,20.37,20.34,20.37,20.4,20.34,20.37,20.44,0.0,0.0,0.0,650.0
129,20.37,20.34,20.37,20.4,20.34,20.37,20.44,0.0,0.0,0.0,650.0
129,20.37,20.34,20.37,20.4,20.34,20.37,20.44,0.0,0.0,0.0,650.0
129,20.37,20.34,20.37,20.4,20.34,20.37,20.44,0.0,0.0,0.0,650.0
129,20.37,20.38,20.39,20.4,20.34,20.39,20.44,0.0,0.0,0.0,650.0
129,20.37,20.38,20.39,20.4,20.34,20.39,20.44,0.0,0.0,0.0,650.0
129,20.37,20.38,20.39,20.4,20.34,20.39,20.44,0.0,0.0,0.0,650.0
129,20.37,20.38,20.39,20.4,20.34,20.39,20.44,0.0,0.0,0.0,650.0
129,20.37,20.38,20.39,20.4,20.34,20.39,20.44,0.0,0.0,0.0,650.0
129,20.37,20.38,20.39,20.4,20.34,20.39,20.44,0.0,0.0,0.0,650.0
129,20.37,20.38,20.39,20.4,20.34,20.39,20.44,0.0,0.0,0.0,650.0
129,20.37,20.38,20.39,20.4,20.34,20.39,20.44,0.0,0.0,0.0,650.0
129,20.37,20.38,20.39,20.4,20.34,20.39,20.44,0.0,0.0,0.0,650.0
129,20.37,20.38,20.39,20.4,20.34,20.39,20.44,0.0,0.0,0.0,650.0
129,20.37,20.38,20.39,20.4,20.34,20.39,20.44,0.0,0.0,0.0,650.0
129,20.37,20.38,20.39,20.4,20.34,20.39,20.44,0.0,0.0,0.0,650.0
129,20.37,20.38,20.39,20.4,20.34,20.39,20.44,0.0,0.0,0.0,650.0
129,20.37,20.38,20.39,20.4,20.34,20.39,20.44,0.0,0.0,0.0,650.0
129,20.37,20.38,20.39,20.4,20.34,20.39,20.44,0.0,0.0,0.0,650.0
129,20.37,20.38,20.39,20.4,20.34,20.39,20.44,0.0,0.0,0.0,650.0
129,20.37,20.38,20.39,20.4,20.34,20.39,20.44,0.0,0.0,0.0,650.0
129,20.37,20.38,20.39,20.4,20.34,20.39,20.44,0.0,0.0,0.0,650.0
129,20.37,20.38,20.39,20.4,20.34,20.39,20.44,0.0,0.0,0.0,650.0
129,20.37,20.39,20.39,20.4,20.34,20.39,20.44,0.0,0.0,0.0,650.0
129,20.37,20.39,20.39,20.4,20.34,20.39,20.44,0.0,0.0,0.0,650.0
129,20.37,20.39,20.39,20.4,20.34,20.39,20.44,0.0,0.0,0.0,650.0
129,20.37,20.39,20.39,20.4,20.34,20.39,20.44,0.0,0.0,0.0,650.0
130,20.38,20.35,20.38,20.41,20.34,20.38,20.44,0.0,0.0,0.0,650.0
130,20.38,20.35,20.38,20.41,20.34,20.38,20.44,0.0,0.0,0.0,650.0
130,20.38,20.35,20.38,20.41,20.34,20.38,20.44,0.0,0.0,0.0,650.0
130,20.38,20.35,20.38,20.41,20.34,20.38,20.44,0.0,0.0,0.0,650.0
130,20.38,20.35,20.38,20.41,20.34,20.38,20.44,0.0,0.0,0.0,650.0
130,20.38,20.35,20.38,20.41,20.34,20.38,20.44,0.0,0.0,0.0,650.0
130,20.38,20.35,20.38,20.41,20.34,20.38,20.44,0.0,0.0,0.0,650.0
130,20.38,20.35,20.38,20.41,20.34,20.38,20.44,0.0,0.0,0.0,650.0
130,20.38,20.35,20.38,20.41,20.34,20.38,20.44,0.0,0.0,0.0,650.0
130,20.38,20.35,20.38,20.41,20.34,20.38,20.44,0.0,0.0,0.0,650.0
130,20.38,20.38,20.39,20.41,20.34,20.39,20.44,0.0,0.0,0.0,650.0
130,20.38,20.38,20.39,20.41,20.34,20.39,20.44,0.0,0.0,0.0,650.0
130,20.38,20.38,20.39,20.41,20.34,20.39,20.44,0.0,0.0,0.0,650.0
130,20.38,20.38,20.39,20.41,20.34,20.39,20.44,0.0,0.0,0.0,650.0
130,20.38,20.38,20.39,20.41,20.34,20.39,20.44,0.0,0.0,0.0,650.0
130,20.38,20.38,20.39,20.41,20.34,20.39,20.44,0.0,0.0,0.0,650.0
130,20.38,20.38,20.39,20.41,20.34,20.39,20.44,0.0,0.0,0.0,650.0
130,20.38,20.38,20.39,20.41,20.34,20.39,20.44,0.0,0.0,0.0,650.0
130,20.38,20.38,20.39,20.41,20.34,20.39,20.44,0.0,0.0,0.0,650.0
130,20.38,20.38,20.39,20.41,20.34,20.39,20.44,0.0,0.0,0.0,650.0
130,20.38,20.38,20.39,20.41,20.34,20.39,20.44,0.0,0.0,0.0,650.0
130,20.38,20.38,20.39,20.41,20.34,20.39,20.44,0.0,0.0,0.0,650.0
130,20.38,20.38,20.39,20.41,20.34,20.39,20.44,0.0,0.0,0.0,650.0
130,20.38,20.38,20.39,20.41,20.34,20.39,20.44,0.0,0.0,0.0,650.0
130,20.38,20.38,20.39,20.41,20.34,20.39,20.44,0.0,0.0,0.0,650.0
130,20.38,20.38,20.39,20.41,20.34,20.39,20.44,0.0,0.0,0.0,650.0
130,20.38,20.38,20.39,20.41,20.34,20.39,20.44,0.0,0.0,0.0,650.0
130,20.38,20.38,20.39,20.41,20.34,20.39,20.44,0.0,0.0,0.0,650.0
130,20.38,20.38,20.39,20.41,20.34,20.39,20.44,0.0,0.0,0.0,650.0
131,20.39,20.36,20.39,20.42,20.34,20.39,20.44,0.0,0.0,0.0,650.0
131,20.39,20.36,20.39,20.42,20.34,20.39,20.44,0.0,0.0,0.0,650.0
131,20.39,20.36,20.39,20.42,20.34,20.39,20.44,0.0,0.0,0.0,650.0
131,20.39,20.36,20.39,20.42,20.34,20.39,20.44,0.0,0.0,0.0,650.0
131,20.39,20.36,20.39,20.42,20.34,20.39,20.44,0.0,0.0,0.0,650.0
131,20.39,20.36,20.39,20.42,20.34,20.39,20.44,0.0,0.0,0.0,650.0
131,20.39,20.36,20.39,20.42,20.34,20.39,20.44,0.0,0.0,0.0,650.0
131,20.39,20.36,20.39,20.42,20.34,20.39,20.44,0.0,0.0,0.0,650.0
131,20.39,20.36,20.39,20.42,20.34,20.39,20.44,0.0,0.0,0.0,650.0
131,20.39,20.36,20.39,20.42,20.34,20.39,20.44,0.0,0.0,0.0,650.0
131,20.39,20.36,20.39,20.42,20.34,20.39,20.44,0.0,0.0,0.0,650.0
131,20.39,20.36,20.38,20.39,20.34,20.38,20.44,0.0,0.0,0.0,650.0
131,20.39,20.36,20.38,20.39,20.34,20.38,20.44,0.0,0.0,0.0,650.0
131,20.39,20.36,20.38,20.39,20.34,20.38,20.44,0.0,0.0,0.0,650.0
131,20.39,20.36,20.38,20.39,20.34,20.38,20.44,0.0,0.0,0.0,650.0
131,20.39,20.36,20.38,20.39,20.34,20.38,20.44,0.0,0.0,0.0,650.0
131,20.39,20.36,20.38,20.39,20.34,20.38,20.44,0.0,0.0,0.0,650.0
131,20.39,20.36,20.38,20.39,20.34,20.38,20.44,0.0,0.0,0.0,650.0
131,20.39,20.36,20.38,20.39,20.34,20.38,20.44,0.0,0.0,0.0,650.0
131,20.39,20.36,20.38,20.39,20.34,20.38,20.44,0.0,0.0,0.0,650.0
131,20.39,20.36,20.38,20.39,20.34,20.38,20.44,0.0,0.0,0.0,650.0
131,20.39,20.36,20.38,20.39,20.34,20.38,20.44,0.0,0.0,0.0,650.0
131,20.39,20.36,20.38,20.39,20.34,20.38,20.44,0.0,0.0,0.0,650.0
131,20.39,20.36,20.38,20.39,20.34,20.38,20.44,0.0,0.0,0.0,650.0
131,20.39,20.36,20.38,20.39,20.34,20.38,20.44,0.0,0.0,0.0,650.0
131,20.39,20.36,20.38,20.39,20.34,20.38,20.44,0.0,0.0,0.0,650.0
131,20.39,20.36,20.38,20.39,20.34,20.38,20.44,0.0,0.0,0.0,650.0
131,20.39,20.36,20.38,20.39,20.34,20.38,20.44,0.0,0.0,0.0,650.0
131,20.39,20.36,20.38,20.39,20.34,20.38,20.44,0.0,0.0,0.0,650.0
132,20.4,20.37,20.4,20.43,20.34,20.4,20.44,0.0,0.0,0.0,650.0
132,20.4,20.37,20.4,20.43,20.34,20.4,20.44,0.0,0.0,0.0,650.0
132,20.4,20.37,20.4,20.43,20.34,20.4,20.44,0.0,0.0,0.0,650.0
132,20.4,20.37,20.4,20.43,20.34,20.4,20.44,0.0,0.0,0.0,650.0
132,20.4,20.37,20.4,20.43,20.34,20.4,20.44,0.0,0.0,0.0,650.0
132,20.4,20.37,20.4,20.43,20.34,20.4,20.44,0.0,0.0,0.0,650.0
132,20.4,20.37,20.4,20.43,20.34,20.4,20.44,0.0,0.0,0.0,650.0
132,20.4,20.37,20.4,20.43,20.34,20.4,20.44,0.0,0.0,0.0,650.0
132,20.4,20.37,20.4,20.43,20.34,20.4,20.44,0.0,0.0,0.0,650.0
132,20.4,20.37,20.4,20.43,20.34,20.4,20.44,0.0,0.0,0.0,650.0
132,20.4,20.37,20.4,20.43,20.34,20.4,20.44,0.0,0.0,0.0,650.0
132,20.4,20.37,20.4,20.43,20.34,20.4,20.44,0.0,0.0,0.0,650.0
132,20.4,20.37,20.4,20.43,20.34,20.4,20.44,0.0,0.0,0.0,650.0
132,20.4,20.37,20.39,20.41,20.34,20.39,20.44,0.0,0.0,0.0,650.0
132,20.4,20.37,20.39,20.41,20.34,20.39,20.44,0.0,0.0,0.0,650.0
132,20.4,20.37,20.39,20.41,20.34,20.39,20.44,0.0,0.0,0.0,650.0
132,20.4,20.37,20.39,20.41,20.34,20.39,20.44,0.0,0.0,0.0,650.0
132,20.4,20.37,20.39,20.41,20.34,20.39,20.44,0.0,0.0,0.0,650.0
132,20.4,20.37,20.39,20.41,20.34,20.39,20.44,0.0,0.0,0.0,650.0
132,20.4,20.37,20.39,20.41,20.34,20.39,20.44,0.0,0.0,0.0,650.0
132,20.4,20.37,20.39,20.41,20.34,20.39,20.44,0.0,0.0,0.0,650.0
132,20.4,20.37,20.39,20.41,20.34,20.39,20.44,0.0,0.0,0.0,650.0
132,20.4,20.38,20.39,20.41,20.34,20.39,20.44,0.0,0.0,0.0,650.0
132,20.4,20.38,20.39,20.41,20.34,20.39,20.44,0.0,0.0,0.0,650.0
132,20.4,20.38,20.39,20.41,20.34,20.39,20.44,0.0,0.0,0.0,650.0
132,20.4,20.38,20.39,20.41,20.34,20.39,20.44,0.0,0.0,0.0,650.0
132,20.4,20.38,20.39,20.41,20.34,20.39,20.44,0.0,0.0,0.0,650.0
132,20.4,20.38,20.39,20.41,20.34,20.39,20.44,0.0,0.0,0.0,650.0
132,20.4,20.38,20.39,20.41,20.34,20.39,20.44,0.0,0.0,0.0,650.0
132,20.4,20.38,20.39,20.41,20.34,20.39,20.44,0.0,0.0,0.0,650.0
132,20.4,20.38,20.39,20.41,20.34,20.39,20.44,0.0,0.0,0.0,650.0
132,20.4,20.38,20.39,20.41,20.34,20.39,20.44,0.0,0.0,0.0,650.0
132,20.4,20.38,20.39,20.41,20.34,20.39,20.44,0.0,0.0,0.0,650.0
132,20.4,20.38,20.39,20.41,20.34,20.39,20.44,0.0,0.0,0.0,650.0
133,20.37,20.34,20.37,20.4,20.34,20.37,20.44,0.0,0.0,0.0,650.0
133,20.37,20.34,20.37,20.4,20.34,20.37,20.44,0.0,0.0,0.0,650.0
133,20.37,20.34,20.37,20.4,20.34,20.37,20.44,0.0,0.0,0.0,650.0
133,20.37,20.34,20.37,20.4,20.34,20.37,20.44,0.0,0.0,0.0,650.0
133,20.37,20.34,20.37,20.4,20.34,20.37,20.44,0.0,0.0,0.0,650.0
133,20.37,20.34,20.37,20.4,20.34,20.37,20.44,0.0,0.0,0.0,650.0
133,20.37,20.34,20.37,20.4,20.34,20.37,20.44,0.0,0.0,0.0,650.0
133,20.37,20.34,20.37,20.4,20.34,20.37,20.44,0.0,0.0,0.0,650.0
133,20.37,20.34,20.37,20.4,20.34,20.37,20.44,0.0,0.0,0.0,650.0
133,20.37,20.34,20.37,20.4,20.34,20.37,20.44,0.0,0.0,0.0,650.0
133,20.37,20.34,20.37,20.4,20.34,20.37,20.44,0.0,0.0,0.0,650.0
133,20.37,20.34,20.34,20.35,20.34,20.34,20.44,0.0,0.0,0.0,650.0
133,20.37,20.34,20.34,20.35,20.34,20.34,20.44,0.0,0.0,0.0,650.0
133,20.37,20.34,20.34,20.35,20.34,20.34,20.44,0.0,0.0,0.0,650.0
133,20.37,20.34,20.34,20.35,20.34,20.34,20.44,0.0,0.0,0.0,650.0
133,20.37,20.34,20.34,20.35,20.34,20.34,20.44,0.0,0.0,0.0,650.0
133,20.37,20.34,20.34,20.35,20.34,20.34,20.44,0.0,0.0,0.0,650.0
133,20.37,20.34,20.34,20.35,20.34,20.34,20.44,0.0,0.0,0.0,650.0
133,20.37,20.34,20.34,20.35,20.34,20.34,20.44,0.0,0.0,0.0,650.0
133,20.37,20.34,20.34,20.35,20.34,20.34,20.44,0.0,0.0,0.0,650.0
133,20.37,20.34,20.34,20.35,20.34,20.34,20.44,0.0,0.0,0.0,650.0
133,20.37,20.34,20.34,20.35,20.34,20.34,20.44,0.0,0.0,0.0,650.0
133,20.37,20.34,20.34,20.35,20.34,20.34,20.44,0.0,0.0,0.0,650.0
133,20.37,20.34,20.34,20.35,20.34,20.34,20.44,0.0,0.0,0.0,650.0
133,20.37,20.34,20.34,20.35,20.34,20.34,20.44,0.0,0.0,0.0,650.0
133,20.37,20.34,20.34,20.35,20.34,20.34,20.44,0.0,0.0,0.0,650.0
133,20.37,20.34,20.34,20.35,20.34,20.34,20.44,0.0,0.0,0.0,650.0
133,20.37,20.34,20.34,20.35,20.34,20.34,20.44,0.0,0.0,0.0,650.0
133,20.37,20.34,20.34,20.35,20.34,20.34,20.44,0.0,0.0,0.0,650.0
134,20.36,20.33,20.36,20.39,20.26,20.36,20.38,5000.0,20.34,0.02,675.0
134,20.36,20.33,20.36,20.39,20.26,20.36,20.38,5000.0,20.34,0.02,675.0
134,20.36,20.33,20.36,20.39,20.26,20.36,20.38,5000.0,20.34,0.02,675.0
134,20.36,20.33,20.35,20.38,20.26,20.35,20.38,5000.0,20.34,0.01,675.0
134,20.36,20.33,20.35,20.38,20.26,20.35,20.38,5000.0,20.34,0.01,675.0
134,20.36,20.33,20.35,20.38,20.26,20.35,20.38,5000.0,20.34,0.01,675.0
134,20.36,20.33,20.35,20.38,20.26,20.35,20.38,5000.0,20.34,0.01,675.0
134,20.36,20.33,20.35,20.38,20.26,20.35,20.38,5000.0,20.34,0.01,675.0
134,20.36,20.33,20.35,20.38,20.26,20.35,20.38,5000.0,20.34,0.01,675.0
134,20.36,20.33,20.35,20.38,20.26,20.35,20.38,5000.0,20.34,0.01,675.0
134,20.39,20.33,20.36,20.39,20.31,20.36,20.41,0.0,0.0,0.0,900.0
134,20.39,20.33,20.36,20.39,20.31,20.36,20.41,0.0,0.0,0.0,900.0
134,20.39,20.33,20.36,20.39,20.31,20.36,20.41,0.0,0.0,0.0,900.0
134,20.39,20.33,20.36,20.39,20.31,20.36,20.41,0.0,0.0,0.0,900.0
134,20.39,20.33,20.36,20.39,20.31,20.36,20.41,0.0,0.0,0.0,900.0
134,20.39,20.33,20.36,20.39,20.31,20.36,20.41,0.0,0.0,0.0,900.0
134,20.39,20.33,20.36,20.39,20.31,20.36,20.41,0.0,0.0,0.0,900.0
134,20.39,20.33,20.36,20.39,20.31,20.36,20.41,0.0,0.0,0.0,900.0
134,20.39,20.33,20.36,20.39,20.31,20.36,20.41,0.0,0.0,0.0,900.0
134,20.39,20.33,20.36,20.39,20.31,20.36,20.41,0.0,0.0,0.0,900.0
134,20.39,20.33,20.36,20.39,20.31,20.36,20.41,0.0,0.0,0.0,900.0
134,20.39,20.33,20.36,20.39,20.31,20.36,20.41,0.0,0.0,0.0,900.0
134,20.39,20.33,20.36,20.39,20.31,20.36,20.41,0.0,0.0,0.0,900.0
134,20.39,20.33,20.36,20.39,20.31,20.36,20.41,0.0,0.0,0.0,900.0
134,20.39,20.33,20.36,20.39,20.31,20.36,20.41,0.0,0.0,0.0,900.0
134,20.33,20.33,20.36,20.39,20.31,20.36,20.41,0.0,0.0,0.0,900.0
134,20.33,20.33,20.36,20.39,20.31,20.36,20.41,0.0,0.0,0.0,900.0
134,20.33,20.33,20.36,20.39,20.31,20.36,20.41,0.0,0.0,0.0,900.0
134,20.44,20.41,20.44,20.47,20.41,20.44,20.54,-5000.0,20.41,-0.03,925.0
135,20.44,20.41,20.44,20.47,20.41,20.44,20.54,-5000.0,20.41,-0.03,925.0
135,20.44,20.41,20.44,20.47,20.41,20.44,20.54,-5000.0,20.41,-0.03,925.0
135,20.47,20.43,20.45,20.47,20.4,20.45,20.5,0.0,0.0,0.0,575.0
135,20.47,20.43,20.45,20.47,20.4,20.45,20.5,0.0,0.0,0.0,575.0
135,20.47,20.43,20.45,20.47,20.4,20.45,20.5,0.0,0.0,0.0,575.0
135,20.47,20.43,20.45,20.47,20.4,20.45,20.5,0.0,0.0,0.0,575.0
135,20.47,20.43,20.45,20.47,20.4,20.45,20.5,0.0,0.0,0.0,575.0
135,20.47,20.43,20.45,20.47,20.4,20.45,20.5,0.0,0.0,0.0,575.0
135,20.47,20.43,20.45,20.47,20.4,20.45,20.5,0.0,0.0,0.0,575.0
135,20.47,20.43,20.45,20.47,20.4,20.45,20.5,0.0,0.0,0.0,575.0
135,20.47,20.43,20.45,20.47,20.4,20.45,20.5,0.0,0.0,0.0,575.0
135,20.47,20.43,20.45,20.47,20.4,20.45,20.5,0.0,0.0,0.0,575.0
135,20.47,20.43,20.45,20.47,20.4,20.45,20.5,0.0,0.0,0.0,575.0
135,20.47,20.43,20.45,20.47,20.4,20.45,20.5,0.0,0.0,0.0,575.0
135,20.47,20.43,20.45,20.47,20.4,20.45,20.5,0.0,0.0,0.0,575.0
135,20.47,20.43,20.45,20.47,20.4,20.45,20.5,0.0,0.0,0.0,575.0
135,20.47,20.43,20.45,20.47,20.4,20.45,20.5,0.0,0.0,0.0,575.0
135,20.47,20.43,20.45,20.47,20.4,20.45,20.5,0.0,0.0,0.0,575.0
135,20.47,20.43,20.45,20.47,20.4,20.45,20.5,0.0,0.0,0.0,575.0
135,20.47,20.43,20.45,20.47,20.4,20.45,20.5,0.0,0.0,0.0,575.0
135,20.47,20.43,20.45,20.47,20.4,20.45,20.5,0.0,0.0,0.0,575.0
135,20.47,20.43,20.45,20.47,20.4,20.45,20.5,0.0,0.0,0.0,575.0
135,20.47,20.43,20.45,20.47,20.4,20.45,20.5,0.0,0.0,0.0,575.0
135,20.47,20.43,20.45,20.47,20.4,20.45,20.5,0.0,0.0,0.0,575.0
136,20.43,20.4,20.43,20.46,20.4,20.43,20.5,0.0,0.0,0.0,575.0
136,20.43,20.4,20.43,20.46,20.4,20.43,20.5,0.0,0.0,0.0,575.0
136,20.43,20.4,20.43,20.46,20.4,20.43,20.5,0.0,0.0,0.0,575.0
136,20.43,20.4,20.43,20.46,20.4,20.43,20.5,0.0,0.0,0.0,575.0
136,20.43,20.4,20.43,20.46,20.4,20.43,20.5,0.0,0.0,0.0,575.0
136,20.43,20.4,20.43,20.46,20.4,20.43,20.5,0.0,0.0,0.0,575.0
136,20.43,20.4,20.43,20.46,20.4,20.43,20.5,0.0,0.0,0.0,575.0
136,20.43,20.4,20.43,20.46,20.4,20.43,20.5,0.0,0.0,0.0,575.0
136,20.43,20.4,20.43,20.46,20.4,20.43,20.5,0.0,0.0,0.0,575.0
136,20.43,20.4,20.43,20.46,20.4,20.43,20.5,0.0,0.0,0.0,575.0
136,20.43,20.4,20.43,20.46,20.4,20.43,20.5,0.0,0.0,0.0,575.0
136,20.43,20.4,20.43,20.46,20.4,20.43,20.5,0.0,0.0,0.0,575.0
136,20.43,20.43,20.45,20.46,20.4,20.45,20.5,0.0,0.0,0.0,575.0
136,20.43,20.43,20.45,20.46,20.4,20.45,20.5,0.0,0.0,0.0,575.0
136,20.43,20.43,20.45,20.46,20.4,20.45,20.5,0.0,0.0,0.0,575.0
136,20.43,20.43,20.45,20.46,20.4,20.45,20.5,0.0,0.0,0.0,575.0
136,20.43,20.43,20.45,20.46,20.4,20.45,20.5,0.0,0.0,0.0,575.0
136,20.43,20.43,20.45,20.46,20.4,20.45,20.5,0.0,0.0,0.0,575.0
136,20.43,20.43,20.45,20.46,20.4,20.45,20.5,0.0,0.0,0.0,575.0
136,20.43,20.43,20.45,20.46,20.4,20.45,20.5,0.0,0.0,0.0,575.0
136,20.43,20.43,20.45,20.46,20.4,20.45,20.5,0.0,0.0,0.0,575.0
136,20.43,20.43,20.45,20.46,20.4,20.45,20.5,0.0,0.0,0.0,575.0
136,20.43,20.43,20.45,20.46,20.4,20.45,20.5,0.0,0.0,0.0,575.0
136,20.43,20.43,20.45,20.46,20.4,20.45,20.5,0.0,0.0,0.0,575.0
136,20.43,20.43,20.45,20.46,20.4,20.45,20.5,0.0,0.0,0.0,575.0
136,20.43,20.43,20.45,20.46,20.4,20.45,20.5,0.0,0.0,0.0,575.0
136,20.43,20.43,20.45,20.46,20.4,20.45,20.5,0.0,0.0,0.0,575.0
136,20.43,20.43,20.45,20.46,20.4,20.45,20.5,0.0,0.0,0.0,575.0
137,20.39,20.4,20.41,20.42,20.4,20.41,20.5,0.0,0.0,0.0,575.0
137,20.39,20.4,20.41,20.42,20.4,20.41,20.5,0.0,0.0,0.0,575.0
137,20.39,20.4,20.41,20.42,20.4,20.41,20.5,0.0,0.0,0.0,575.0
137,20.39,20.4,20.41,20.42,20.4,20.41,20.5,0.0,0.0,0.0,575.0
137,20.39,20.4,20.41,20.42,20.4,20.41,20.5,0.0,0.0,0.0,575.0
137,20.39,20.4,20.41,20.42,20.4,20.41,20.5,0.0,0.0,0.0,575.0
137,20.39,20.4,20.41,20.42,20.4,20.41,20.5,0.0,0.0,0.0,575.0
137,20.39,20.4,20.41,20.42,20.4,20.41,20.5,0.0,0.0,0.0,575.0
137,20.39,20.4,20.41,20.42,20.4,20.41,20.5,0.0,0.0,0.0,575.0
137,20.39,20.4,20.41,20.42,20.4,20.41,20.5,0.0,0.0,0.0,575.0
137,20.39,20.4,20.41,20.42,20.4,20.41,20.5,0.0,0.0,0.0,575.0
137,20.36,20.36,20.39,20.42,20.29,20.39,20.41,5000.0,20.4,-0.01,600.0
137,20.36,20.36,20.39,20.42,20.29,20.39,20.41,5000.0,20.4,-0.01,600.0
137,20.36,20.36,20.39,20.42,20.29,20.39,20.41,5000.0,20.4,-0.01,600.0
137,20.36,20.36,20.39,20.42,20.29,20.39,20.41,5000.0,20.4,-0.01,600.0
137,20.36,20.36,20.39,20.42,20.29,20.39,20.41,5000.0,20.4,-0.01,600.0
137,20.36,20.36,20.38,20.41,20.29,20.38,20.41,5000.0,20.4,-0.02,600.0
137,20.36,20.36,20.38,20.41,20.29,20.38,20.41,5000.0,20.4,-0.02,600.0
137,20.36,20.36,20.38,20.41,20.29,20.38,20.41,5000.0,20.4,-0.02,600.0
137,20.36,20.36,20.38,20.41,20.29,20.38,20.41,5000.0,20.4,-0.02,600.0
137,20.36,20.36,20.38,20.41,20.29,20.38,20.41,5000.0,20.4,-0.02,600.0
137,20.36,20.36,20.38,20.41,20.29,20.38,20.41,5000.0,20.4,-0.02,600.0
137,20.36,20.36,20.38,20.41,20.29,20.38,20.41,5000.0,20.4,-0.02,600.0
137,20.36,20.36,20.38,20.41,20.29,20.38,20.41,5000.0,20.4,-0.02,600.0
137,20.36,20.33,20.36,20.39,20.29,20.36,20.41,5000.0,20.4,-0.04,600.0
138,20.36,20.33,20.36,20.39,20.29,20.36,20.41,5000.0,20.4,-0.04,600.0
138,20.36,20.33,20.36,20.39,20.29,20.36,20.41,5000.0,20.4,-0.04,600.0
138,20.36,20.33,20.36,20.39,20.29,20.36,20.41,5000.0,20.4,-0.04,600.0
138,20.36,20.33,20.36,20.39,20.29,20.36,20.41,5000.0,20.4,-0.04,600.0
138,20.36,20.33,20.36,20.39,20.29,20.36,20.41,5000.0,20.4,-0.04,600.0
138,20.36,20.33,20.36,20.39,20.29,20.36,20.41,5000.0,20.4,-0.04,600.0
138,20.36,20.33,20.36,20.39,20.29,20.36,20.41,5000.0,20.4,-0.04,600.0
138,20.36,20.33,20.36,20.39,20.29,20.36,20.41,5000.0,20.4,-0.04,600.0
138,20.36,20.33,20.36,20.39,20.29,20.36,20.41,5000.0,20.4,-0.04,600.0
138,20.36,20.33,20.36,20.39,20.29,20.36,20.41,5000.0,20.4,-0.04,600.0
138,20.36,20.33,20.36,20.39,20.29,20.36,20.41,5000.0,20.4,-0.04,600.0
138,20.36,20.33,20.36,20.39,20.29,20.36,20.41,5000.0,20.4,-0.04,600.0
138,20.36,20.33,20.36,20.39,20.29,20.36,20.41,5000.0,20.4,-0.04,600.0
138,20.36,20.33,20.36,20.39,20.29,20.36,20.41,5000.0,20.4,-0.04,600.0
138,20.36,20.33,20.36,20.39,20.29,20.36,20.41,5000.0,20.4,-0.04,600.0
138,20.36,20.33,20.36,20.39,20.29,20.36,20.41,5000.0,20.4,-0.04,600.0
138,20.36,20.33,20.36,20.39,20.29,20.36,20.41,5000.0,20.4,-0.04,600.0
138,20.36,20.33,20.36,20.39,20.29,20.36,20.41,5000.0,20.4,-0.04,600.0
138,20.36,20.33,20.36,20.39,20.29,20.36,20.41,5000.0,20.4,-0.04,600.0
138,20.36,20.33,20.36,20.39,20.29,20.36,20.41,5000.0,20.4,-0.04,600.0
138,20.36,20.33,20.36,20.39,20.29,20.36,20.41,5000.0,20.4,-0.04,600.0
138,20.36,20.33,20.36,20.39,20.29,20.36,20.41,5000.0,20.4,-0.04,600.0
138,20.36,20.33,20.34,20.36,20.29,20.34,20.41,5000.0,20.4,-0.06,600.0
138,20.36,20.33,20.34,20.36,20.29,20.34,20.41,5000.0,20.4,-0.06,600.0
138,20.36,20.33,20.34,20.36,20.29,20.34,20.41,5000.0,20.4,-0.06,600.0
138,20.36,20.33,20.34,20.36,20.29,20.34,20.41,5000.0,20.4,-0.06,600.0
138,20.36,20.33,20.34,20.36,20.29,20.34,20.41,5000.0,20.4,-0.06,600.0
138,20.36,20.33,20.34,20.36,20.29,20.34,20.41,5000.0,20.4,-0.06,600.0
138,20.36,20.33,20.34,20.36,20.29,20.34,20.41,5000.0,20.4,-0.06,600.0
138,20.36,20.33,20.34,20.36,20.29,20.34,20.41,5000.0,20.4,-0.06,600.0
138,20.36,20.35,20.36,20.36,20.29,20.36,20.41,5000.0,20.4,-0.04,600.0
138,20.36,20.35,20.36,20.36,20.29,20.36,20.41,5000.0,20.4,-0.04,600.0
138,20.36,20.35,20.36,20.36,20.29,20.36,20.41,5000.0,20.4,-0.04,600.0
139,20.34,20.31,20.34,20.37,20.29,20.34,20.41,5000.0,20.4,-0.06,600.0
139,20.34,20.31,20.34,20.37,20.29,20.34,20.41,5000.0,20.4,-0.06,600.0
139,20.34,20.31,20.34,20.37,20.29,20.34,20.41,5000.0,20.4,-0.06,600.0
139,20.34,20.31,20.34,20.37,20.29,20.34,20.41,5000.0,20.4,-0.06,600.0
139,20.34,20.36,20.37,20.37,20.29,20.37,20.41,5000.0,20.4,-0.03,600.0
139,20.34,20.36,20.37,20.37,20.29,20.37,20.41,5000.0,20.4,-0.03,600.0
139,20.34,20.36,20.37,20.37,20.29,20.37,20.41,5000.0,20.4,-0.03,600.0
139,20.34,20.36,20.37,20.37,20.29,20.37,20.41,5000.0,20.4,-0.03,600.0
139,20.34,20.36,20.37,20.37,20.29,20.37,20.41,5000.0,20.4,-0.03,600.0
139,20.34,20.36,20.37,20.37,20.29,20.37,20.41,5000.0,20.4,-0.03,600.0
139,20.34,20.36,20.37,20.37,20.29,20.37,20.41,5000.0,20.4,-0.03,600.0
139,20.34,20.36,20.37,20.37,20.29,20.37,20.41,5000.0,20.4,-0.03,600.0
139,20.34,20.36,20.37,20.37,20.29,20.37,20.41,5000.0,20.4,-0.03,600.0
139,20.34,20.36,20.37,20.37,20.29,20.37,20.41,5000.0,20.4,-0.03,600.0
139,20.34,20.36,20.37,20.37,20.29,20.37,20.41,5000.0,20.4,-0.03,600.0
139,20.34,20.36,20.37,20.37,20.29,20.37,20.41,5000.0,20.4,-0.03,600.0
139,20.34,20.36,20.37,20.37,20.29,20.37,20.41,5000.0,20.4,-0.03,600.0
139,20.34,20.36,20.37,20.37,20.29,20.37,20.41,5000.0,20.4,-0.03,600.0
139,20.34,20.36,20.37,20.37,20.29,20.37,20.41,5000.0,20.4,-0.03,600.0
139,20.35,20.35,20.36,20.37,20.29,20.36,20.41,5000.0,20.4,-0.04,600.0
139,20.35,20.35,20.36,20.37,20.29,20.36,20.41,5000.0,20.4,-0.04,600.0
139,20.35,20.35,20.36,20.37,20.29,20.36,20.41,5000.0,20.4,-0.04,600.0
139,20.35,20.35,20.36,20.37,20.29,20.36,20.41,5000.0,20.4,-0.04,600.0
139,20.35,20.35,20.36,20.37,20.29,20.36,20.41,5000.0,20.4,-0.04,600.0
139,20.35,20.35,20.36,20.37,20.29,20.36,20.41,5000.0,20.4,-0.04,600.0
139,20.35,20.35,20.36,20.37,20.29,20.36,20.41,5000.0,20.4,-0.04,600.0
139,20.35,20.35,20.36,20.37,20.29,20.36,20.41,5000.0,20.4,-0.04,600.0
139,20.35,20.35,20.36,20.37,20.29,20.36,20.41,5000.0,20.4,-0.04,600.0
139,20.35,20.35,20.36,20.37,20.29,20.36,20.41,5000.0,20.4,-0.04,600.0
139,20.35,20.35,20.36,20.37,20.29,20.36,20.41,5000.0,20.4,-0.04,600.0
140,20.33,20.3,20.33,20.36,20.29,20.33,20.41,5000.0,20.4,-0.07,600.0
140,20.33,20.3,20.33,20.36,20.29,20.33,20.41,5000.0,20.4,-0.07,600.0
140,20.33,20.3,20.33,20.36,20.29,20.33,20.41,5000.0,20.4,-0.07,600.0
140,20.33,20.3,20.31,20.32,20.29,20.31,20.41,5000.0,20.4,-0.09,600.0
140,20.33,20.3,20.31,20.32,20.29,20.31,20.41,5000.0,20.4,-0.09,600.0
140,20.33,20.3,20.31,20.32,20.29,20.31,20.41,5000.0,20.4,-0.09,600.0
140,20.33,20.3,20.31,20.32,20.29,20.31,20.41,5000.0,20.4,-0.09,600.0
140,20.33,20.3,20.31,20.32,20.29,20.31,20.41,5000.0,20.4,-0.09,600.0
140,20.33,20.3,20.31,20.32,20.29,20.31,20.41,5000.0,20.4,-0.09,600.0
140,20.33,20.3,20.31,20.32,20.29,20.31,20.41,5000.0,20.4,-0.09,600.0
140,20.33,20.3,20.31,20.32,20.29,20.31,20.41,5000.0,20.4,-0.09,600.0
140,20.33,20.3,20.31,20.32,20.29,20.31,20.41,5000.0,20.4,-0.09,600.0
140,20.33,20.3,20.31,20.32,20.29,20.31,20.41,5000.0,20.4,-0.09,600.0
140,20.33,20.3,20.31,20.32,20.29,20.31,20.41,5000.0,20.4,-0.09,600.0
140,20.33,20.3,20.31,20.32,20.29,20.31,20.41,5000.0,20.4,-0.09,600.0
140,20.33,20.3,20.31,20.32,20.29,20.31,20.41,5000.0,20.4,-0.09,600.0
140,20.33,20.3,20.31,20.32,20.29,20.31,20.41,5000.0,20.4,-0.09,600.0
140,20.33,20.3,20.31,20.32,20.29,20.31,20.41,5000.0,20.4,-0.09,600.0
140,20.33,20.3,20.31,20.32,20.29,20.31,20.41,5000.0,20.4,-0.09,600.0
140,20.33,20.3,20.31,20.32,20.29,20.31,20.41,5000.0,20.4,-0.09,600.0
140,20.33,20.3,20.31,20.33,20.29,20.31,20.41,5000.0,20.4,-0.09,600.0
140,20.33,20.3,20.31,20.33,20.29,20.31,20.41,5000.0,20.4,-0.09,600.0
140,20.33,20.3,20.31,20.33,20.29,20.31,20.41,5000.0,20.4,-0.09,600.0
140,20.33,20.3,20.31,20.33,20.29,20.31,20.41,5000.0,20.4,-0.09,600.0
140,20.33,20.3,20.31,20.33,20.29,20.31,20.41,5000.0,20.4,-0.09,600.0
140,20.33,20.3,20.31,20.33,20.29,20.31,20.41,5000.0,20.4,-0.09,600.0
140,20.33,20.3,20.31,20.33,20.29,20.31,20.41,5000.0,20.4,-0.09,600.0
140,20.33,20.3,20.31,20.33,20.29,20.31,20.41,5000.0,20.4,-0.09,600.0
140,20.33,20.3,20.31,20.33,20.29,20.31,20.41,5000.0,20.4,-0.09,600.0
140,20.33,20.3,20.31,20.33,20.29,20.31,20.41,5000.0,20.4,-0.09,600.0
140,20.33,20.3,20.31,20.33,20.29,20.31,20.41,5000.0,20.4,-0.09,600.0
140,20.33,20.3,20.31,20.33,20.29,20.31,20.41,5000.0,20.4,-0.09,600.0
141,20.32,20.29,20.32,20.35,20.29,20.32,20.41,5000.0,20.4,-0.08,600.0
141,20.32,20.29,20.32,20.35,20.29,20.32,20.41,5000.0,20.4,-0.08,600.0
141,20.32,20.29,20.32,20.35,20.29,20.32,20.41,5000.0,20.4,-0.08,600.0
141,20.32,20.29,20.3,20.32,20.29,20.3,20.41,5000.0,20.4,-0.1,600.0
141,20.32,20.29,20.3,20.32,20.29,20.3,20.41,5000.0,20.4,-0.1,600.0
141,20.32,20.29,20.3,20.32,20.29,20.3,20.41,5000.0,20.4,-0.1,600.0
141,20.32,20.29,20.3,20.32,20.29,20.3,20.41,5000.0,20.4,-0.1,600.0
141,20.32,20.29,20.3,20.32,20.29,20.3,20.41,5000.0,20.4,-0.1,600.0
141,20.32,20.29,20.3,20.32,20.29,20.3,20.41,5000.0,20.4,-0.1,600.0
141,20.32,20.29,20.3,20.32,20.29,20.3,20.41,5000.0,20.4,-0.1,600.0
141,20.32,20.29,20.3,20.32,20.29,20.3,20.41,5000.0,20.4,-0.1,600.0
141,20.32,20.29,20.3,20.32,20.29,20.3,20.41,5000.0,20.4,-0.1,600.0
141,20.32,20.29,20.3,20.32,20.29,20.3,20.41,5000.0,20.4,-0.1,600.0
141,20.32,20.29,20.3,20.32,20.29,20.3,20.41,5000.0,20.4,-0.1,600.0
141,20.32,20.29,20.3,20.32,20.29,20.3,20.41,5000.0,20.4,-0.1,600.0
141,20.32,20.29,20.3,20.32,20.29,20.3,20.41,5000.0,20.4,-0.1,600.0
141,20.32,20.29,20.3,20.32,20.29,20.3,20.41,5000.0,20.4,-0.1,600.0
141,20.32,20.29,20.3,20.32,20.29,20.3,20.41,5000.0,20.4,-0.1,600.0
141,20.32,20.29,20.3,20.32,20.29,20.3,20.41,5000.0,20.4,-0.1,600.0
141,20.32,20.29,20.3,20.32,20.29,20.3,20.41,5000.0,20.4,-0.1,600.0
141,20.32,20.29,20.3,20.32,20.29,20.3,20.41,5000.0,20.4,-0.1,600.0
141,20.32,20.29,20.3,20.32,20.29,20.3,20.41,5000.0,20.4,-0.1,600.0
141,20.32,20.29,20.3,20.32,20.29,20.3,20.41,5000.0,20.4,-0.1,600.0
141,20.32,20.29,20.3,20.32,20.29,20.3,20.41,5000.0,20.4,-0.1,600.0
141,20.32,20.29,20.3,20.32,20.29,20.3,20.41,5000.0,20.4,-0.1,600.0
141,20.32,20.29,20.3,20.32,20.29,20.3,20.41,5000.0,20.4,-0.1,600.0
141,20.32,20.29,20.3,20.32,20.29,20.3,20.41,5000.0,20.4,-0.1,600.0
141,20.33,20.29,20.31,20.33,20.29,20.31,20.41,5000.0,20.4,-0.09,600.0
141,20.33,20.29,20.31,20.33,20.29,20.31,20.41,5000.0,20.4,-0.09,600.0
141,20.33,20.29,20.31,20.33,20.29,20.31,20.41,5000.0,20.4,-0.09,600.0
142,20.41,20.38,20.39,20.41,20.29,20.39,20.41,5000.0,20.4,-0.01,600.0
142,20.41,20.38,20.39,20.41,20.29,20.39,20.41,5000.0,20.4,-0.01,600.0
142,20.41,20.38,20.39,20.41,20.29,20.39,20.41,5000.0,20.4,-0.01,600.0
142,20.41,20.38,20.39,20.41,20.29,20.39,20.41,5000.0,20.4,-0.01,600.0
142,20.41,20.43,20.44,20.44,20.39,20.44,20.49,0.0,0.0,0.0,675.0
142,20.41,20.43,20.44,20.44,20.39,20.44,20.49,0.0,0.0,0.0,675.0
142,20.41,20.43,20.44,20.44,20.39,20.44,20.49,0.0,0.0,0.0,675.0
142,20.41,20.43,20.44,20.44,20.39,20.44,20.49,0.0,0.0,0.0,675.0
142,20.41,20.43,20.44,20.44,20.39,20.44,20.49,0.0,0.0,0.0,675.0
142,20.41,20.43,20.44,20.44,20.39,20.44,20.49,0.0,0.0,0.0,675.0
142,20.41,20.43,20.44,20.44,20.39,20.44,20.49,0.0,0.0,0.0,675.0
142,20.44,20.43,20.44,20.44,20.39,20.44,20.49,0.0,0.0,0.0,675.0
142,20.44,20.43,20.44,20.44,20.39,20.44,20.49,0.0,0.0,0.0,675.0
142,20.44,20.43,20.44,20.44,20.39,20.44,20.49,0.0,0.0,0.0,675.0
142,20.44,20.43,20.44,20.44,20.39,20.44,20.49,0.0,0.0,0.0,675.0
142,20.44,20.43,20.44,20.44,20.39,20.44,20.49,0.0,0.0,0.0,675.0
142,20.44,20.43,20.44,20.44,20.39,20.44,20.49,0.0,0.0,0.0,675.0
142,20.44,20.43,20.44,20.44,20.39,20.44,20.49,0.0,0.0,0.0,675.0
142,20.44,20.43,20.44,20.44,20.39,20.44,20.49,0.0,0.0,0.0,675.0
142,20.44,20.43,20.44,20.44,20.39,20.44,20.49,0.0,0.0,0.0,675.0
142,20.44,20.43,20.44,20.44,20.39,20.44,20.49,0.0,0.0,0.0,675.0
142,20.44,20.43,20.44,20.44,20.39,20.44,20.49,0.0,0.0,0.0,675.0
142,20.44,20.43,20.44,20.44,20.39,20.44,20.49,0.0,0.0,0.0,675.0
142,20.44,20.43,20.44,20.44,20.39,20.44,20.49,0.0,0.0,0.0,675.0
142,20.44,20.43,20.44,20.44,20.39,20.44,20.49,0.0,0.0,0.0,675.0
142,20.44,20.43,20.44,20.44,20.39,20.44,20.49,0.0,0.0,0.0,675.0
142,20.44,20.43,20.44,20.44,20.39,20.44,20.49,0.0,0.0,0.0,675.0
142,20.44,20.43,20.44,20.44,20.39,20.44,20.49,0.0,0.0,0.0,675.0
142,20.44,20.43,20.44,20.44,20.39,20.44,20.49,0.0,0.0,0.0,675.0
142,20.44,20.43,20.44,20.44,20.39,20.44,20.49,0.0,0.0,0.0,675.0
143,20.39,20.39,20.41,20.42,20.39,20.41,20.49,0.0,0.0,0.0,675.0
143,20.39,20.39,20.41,20.42,20.39,20.41,20.49,0.0,0.0,0.0,675.0
143,20.39,20.39,20.41,20.42,20.39,20.41,20.49,0.0,0.0,0.0,675.0
143,20.39,20.39,20.41,20.42,20.39,20.41,20.49,0.0,0.0,0.0,675.0
143,20.39,20.39,20.39,20.4,20.39,20.39,20.49,0.0,0.0,0.0,675.0
143,20.39,20.39,20.39,20.4,20.39,20.39,20.49,0.0,0.0,0.0,675.0
143,20.39,20.39,20.39,20.4,20.39,20.39,20.49,0.0,0.0,0.0,675.0
143,20.39,20.39,20.39,20.4,20.39,20.39,20.49,0.0,0.0,0.0,675.0
143,20.39,20.39,20.39,20.4,20.39,20.39,20.49,0.0,0.0,0.0,675.0
143,20.39,20.39,20.39,20.4,20.39,20.39,20.49,0.0,0.0,0.0,675.0
143,20.39,20.39,20.39,20.4,20.39,20.39,20.49,0.0,0.0,0.0,675.0
143,20.39,20.39,20.39,20.4,20.39,20.39,20.49,0.0,0.0,0.0,675.0
143,20.39,20.39,20.39,20.4,20.39,20.39,20.49,0.0,0.0,0.0,675.0
143,20.39,20.39,20.39,20.4,20.39,20.39,20.49,0.0,0.0,0.0,675.0
143,20.39,20.39,20.39,20.4,20.39,20.39,20.49,0.0,0.0,0.0,675.0
143,20.39,20.39,20.39,20.4,20.39,20.39,20.49,0.0,0.0,0.0,675.0
143,20.39,20.39,20.39,20.4,20.39,20.39,20.49,0.0,0.0,0.0,675.0
143,20.39,20.39,20.39,20.4,20.39,20.39,20.49,0.0,0.0,0.0,675.0
143,20.39,20.39,20.39,20.4,20.39,20.39,20.49,0.0,0.0,0.0,675.0
143,20.39,20.39,20.39,20.4,20.39,20.39,20.49,0.0,0.0,0.0,675.0
143,20.39,20.39,20.39,20.4,20.39,20.39,20.49,0.0,0.0,0.0,675.0
143,20.39,20.39,20.39,20.4,20.39,20.39,20.49,0.0,0.0,0.0,675.0
143,20.39,20.39,20.39,20.4,20.39,20.39,20.49,0.0,0.0,0.0,675.0
143,20.39,20.39,20.39,20.4,20.39,20.39,20.49,0.0,0.0,0.0,675.0
143,20.39,20.39,20.39,20.4,20.39,20.39,20.49,0.0,0.0,0.0,675.0
143,20.39,20.39,20.39,20.4,20.39,20.39,20.49,0.0,0.0,0.0,675.0
143,20.39,20.39,20.39,20.4,20.39,20.39,20.49,0.0,0.0,0.0,675.0
143,20.39,20.39,20.39,20.4,20.39,20.39,20.49,0.0,0.0,0.0,675.0
143,20.39,20.39,20.39,20.4,20.39,20.39,20.49,0.0,0.0,0.0,675.0
143,20.39,20.39,20.39,20.4,20.39,20.39,20.49,0.0,0.0,0.0,675.0
143,20.45,20.42,20.45,20.48,20.35,20.45,20.48,5000.0,20.39,0.06,700.0
144,20.45,20.42,20.45,20.48,20.35,20.45,20.48,5000.0,20.39,0.06,700.0
144,20.45,20.42,20.45,20.48,20.35,20.45,20.48,5000.0,20.39,0.06,700.0
144,20.45,20.42,20.45,20.48,20.35,20.45,20.48,5000.0,20.39,0.06,700.0
144,20.45,20.42,20.45,20.48,20.35,20.45,20.48,5000.0,20.39,0.06,700.0
144,20.45,20.42,20.45,20.48,20.35,20.45,20.48,5000.0,20.39,0.06,700.0
144,20.45,20.42,20.45,20.48,20.35,20.45,20.48,5000.0,20.39,0.06,700.0
144,20.45,20.42,20.45,20.48,20.35,20.45,20.48,5000.0,20.39,0.06,700.0
144,20.45,20.42,20.45,20.48,20.35,20.45,20.48,5000.0,20.39,0.06,700.0
144,20.45,20.42,20.45,20.48,20.35,20.45,20.48,5000.0,20.39,0.06,700.0
144,20.45,20.43,20.44,20.45,20.35,20.44,20.48,5000.0,20.39,0.05,700.0
144,20.45,20.43,20.44,20.45,20.35,20.44,20.48,5000.0,20.39,0.05,700.0
144,20.45,20.43,20.44,20.45,20.35,20.44,20.48,5000.0,20.39,0.05,700.0
144,20.45,20.43,20.44,20.45,20.35,20.44,20.48,5000.0,20.39,0.05,700.0
144,20.45,20.43,20.44,20.45,20.35,20.44,20.48,5000.0,20.39,0.05,700.0
144,20.45,20.43,20.44,20.45,20.35,20.44,20.48,5000.0,20.39,0.05,700.0
144,20.45,20.43,20.44,20.45,20.35,20.44,20.48,5000.0,20.39,0.05,700.0
144,20.45,20.43,20.44,20.45,20.35,20.44,20.48,5000.0,20.39,0.05,700.0
144,20.45,20.43,20.44,20.45,20.35,20.44,20.48,5000.0,20.39,0.05,700.0
144,20.45,20.43,20.44,20.45,20.35,20.44,20.48,5000.0,20.39,0.05,700.0
144,20.45,20.43,20.44,20.45,20.35,20.44,20.48,5000.0,20.39,0.05,700.0
144,20.45,20.43,20.44,20.45,20.35,20.44,20.48,5000.0,20.39,0.05,700.0
144,20.45,20.43,20.44,20.45,20.35,20.44,20.48,5000.0,20.39,0.05,700.0
144,20.45,20.43,20.44,20.45,20.35,20.44,20.48,5000.0,20.39,0.05,700.0
144,20.45,20.43,20.44,20.45,20.35,20.44,20.48,5000.0,20.39,0.05,700.0
144,20.45,20.43,20.44,20.45,20.35,20.44,20.48,5000.0,20.39,0.05,700.0
144,20.45,20.43,20.44,20.45,20.35,20.44,20.48,5000.0,20.39,0.05,700.0
144,20.45,20.43,20.44,20.45,20.35,20.44,20.48,5000.0,20.39,0.05,700.0
144,20.45,20.43,20.44,20.45,20.35,20.44,20.48,5000.0,20.39,0.05,700.0
144,20.45,20.43,20.44,20.45,20.35,20.44,20.48,5000.0,20.39,0.05,700.0
144,20.45,20.43,20.44,20.45,20.35,20.44,20.48,5000.0,20.39,0.05,700.0
145,20.45,20.42,20.45,20.48,20.35,20.45,20.48,5000.0,20.39,0.06,700.0
145,20.45,20.42,20.45,20.48,20.35,20.45,20.48,5000.0,20.39,0.06,700.0
145,20.45,20.42,20.45,20.48,20.35,20.45,20.48,5000.0,20.39,0.06,700.0
145,20.45,20.42,20.45,20.48,20.35,20.45,20.48,5000.0,20.39,0.06,700.0
145,20.45,20.47,20.48,20.48,20.35,20.48,20.48,5000.0,20.39,0.09,700.0
145,20.45,20.47,20.48,20.48,20.35,20.48,20.48,5000.0,20.39,0.09,700.0
145,20.45,20.47,20.48,20.48,20.35,20.48,20.48,5000.0,20.39,0.09,700.0
145,20.45,20.47,20.48,20.48,20.35,20.48,20.48,5000.0,20.39,0.09,700.0
145,20.45,20.47,20.48,20.48,20.35,20.48,20.48,5000.0,20.39,0.09,700.0
145,20.45,20.47,20.48,20.48,20.35,20.48,20.48,5000.0,20.39,0.09,700.0
145,20.45,20.47,20.48,20.48,20.35,20.48,20.48,5000.0,20.39,0.09,700.0
145,20.45,20.47,20.48,20.48,20.35,20.48,20.48,5000.0,20.39,0.09,700.0
145,20.45,20.47,20.48,20.48,20.35,20.48,20.48,5000.0,20.39,0.09,700.0
145,20.45,20.47,20.48,20.48,20.35,20.48,20.48,5000.0,20.39,0.09,700.0
145,20.45,20.47,20.48,20.48,20.35,20.48,20.48,5000.0,20.39,0.09,700.0
145,20.45,20.47,20.48,20.48,20.35,20.48,20.48,5000.0,20.39,0.09,700.0
145,20.45,20.47,20.48,20.48,20.35,20.48,20.48,5000.0,20.39,0.09,700.0
145,20.45,20.47,20.48,20.48,20.35,20.48,20.48,5000.0,20.39,0.09,700.0
145,20.45,20.47,20.48,20.48,20.35,20.48,20.48,5000.0,20.39,0.09,700.0
145,20.45,20.47,20.48,20.48,20.35,20.48,20.48,5000.0,20.39,0.09,700.0
145,20.45,20.47,20.48,20.48,20.35,20.48,20.48,5000.0,20.39,0.09,700.0
145,20.45,20.47,20.48,20.48,20.35,20.48,20.48,5000.0,20.39,0.09,700.0
145,20.48,20.47,20.48,20.48,20.43,20.48,20.53,0.0,0.0,0.0,1175.0
145,20.48,20.47,20.48,20.48,20.43,20.48,20.53,0.0,0.0,0.0,1175.0
145,20.48,20.47,20.48,20.48,20.43,20.48,20.53,0.0,0.0,0.0,1175.0
145,20.48,20.47,20.48,20.48,20.43,20.48,20.53,0.0,0.0,0.0,1175.0
145,20.48,20.47,20.48,20.48,20.43,20.48,20.53,0.0,0.0,0.0,1175.0
145,20.48,20.47,20.48,20.48,20.43,20.48,20.53,0.0,0.0,0.0,1175.0
145,20.48,20.47,20.48,20.48,20.43,20.48,20.53,0.0,0.0,0.0,1175.0
145,20.48,20.47,20.48,20.48,20.43,20.48,20.53,0.0,0.0,0.0,1175.0
145,20.48,20.47,20.48,20.48,20.43,20.48,20.53,0.0,0.0,0.0,1175.0
145,20.48,20.47,20.48,20.48,20.43,20.48,20.53,0.0,0.0,0.0,1175.0
146,20.47,20.44,20.47,20.5,20.43,20.47,20.53,0.0,0.0,0.0,1175.0
146,20.47,20.44,20.47,20.5,20.43,20.47,20.53,0.0,0.0,0.0,1175.0
146,20.47,20.44,20.47,20.5,20.43,20.47,20.53,0.0,0.0,0.0,1175.0
146,20.47,20.44,20.47,20.5,20.43,20.47,20.53,0.0,0.0,0.0,1175.0
146,20.47,20.44,20.47,20.5,20.43,20.47,20.53,0.0,0.0,0.0,1175.0
146,20.47,20.44,20.47,20.5,20.43,20.47,20.53,0.0,0.0,0.0,1175.0
146,20.47,20.44,20.47,20.5,20.43,20.47,20.53,0.0,0.0,0.0,1175.0
146,20.47,20.44,20.47,20.5,20.43,20.47,20.53,0.0,0.0,0.0,1175.0
146,20.47,20.44,20.47,20.5,20.43,20.47,20.53,0.0,0.0,0.0,1175.0
146,20.47,20.44,20.47,20.5,20.43,20.47,20.53,0.0,0.0,0.0,1175.0
146,20.47,20.44,20.47,20.5,20.43,20.47,20.53,0.0,0.0,0.0,1175.0
146,20.47,20.44,20.47,20.5,20.43,20.47,20.53,0.0,0.0,0.0,1175.0
146,20.47,20.44,20.47,20.5,20.43,20.47,20.53,0.0,0.0,0.0,1175.0
146,20.47,20.44,20.47,20.5,20.43,20.47,20.53,0.0,0.0,0.0,1175.0
146,20.47,20.47,20.48,20.5,20.43,20.48,20.53,0.0,0.0,0.0,1175.0
146,20.47,20.47,20.48,20.5,20.43,20.48,20.53,0.0,0.0,0.0,1175.0
146,20.47,20.47,20.48,20.5,20.43,20.48,20.53,0.0,0.0,0.0,1175.0
146,20.47,20.47,20.48,20.5,20.43,20.48,20.53,0.0,0.0,0.0,1175.0
146,20.47,20.47,20.48,20.5,20.43,20.48,20.53,0.0,0.0,0.0,1175.0
146,20.47,20.47,20.48,20.5,20.43,20.48,20.53,0.0,0.0,0.0,1175.0
146,20.47,20.47,20.48,20.5,20.43,20.48,20.53,0.0,0.0,0.0,1175.0
146,20.47,20.47,20.48,20.5,20.43,20.48,20.53,0.0,0.0,0.0,1175.0
146,20.47,20.47,20.48,20.48,20.43,20.48,20.53,0.0,0.0,0.0,1175.0
146,20.47,20.47,20.48,20.48,20.43,20.48,20.53,0.0,0.0,0.0,1175.0
146,20.47,20.47,20.48,20.48,20.43,20.48,20.53,0.0,0.0,0.0,1175.0
146,20.47,20.47,20.48,20.48,20.43,20.48,20.53,0.0,0.0,0.0,1175.0
146,20.47,20.47,20.48,20.48,20.43,20.48,20.53,0.0,0.0,0.0,1175.0
146,20.47,20.47,20.48,20.48,20.43,20.48,20.53,0.0,0.0,0.0,1175.0
146,20.47,20.47,20.48,20.48,20.43,20.48,20.53,0.0,0.0,0.0,1175.0
146,20.47,20.47,20.48,20.48,20.43,20.48,20.53,0.0,0.0,0.0,1175.0
146,20.47,20.47,20.48,20.48,20.43,20.48,20.53,0.0,0.0,0.0,1175.0
146,20.47,20.47,20.48,20.48,20.43,20.48,20.53,0.0,0.0,0.0,1175.0
146,20.47,20.47,20.48,20.48,20.43,20.48,20.53,0.0,0.0,0.0,1175.0
146,20.47,20.47,20.48,20.48,20.43,20.48,20.53,0.0,0.0,0.0,1175.0
147,20.42,20.43,20.44,20.45,20.43,20.44,20.53,0.0,0.0,0.0,1175.0
147,20.42,20.43,20.44,20.45,20.43,20.44,20.53,0.0,0.0,0.0,1175.0
147,20.42,20.43,20.44,20.45,20.43,20.44,20.53,0.0,0.0,0.0,1175.0
147,20.42,20.43,20.44,20.45,20.43,20.44,20.53,0.0,0.0,0.0,1175.0
147,20.42,20.43,20.44,20.45,20.43,20.44,20.53,0.0,0.0,0.0,1175.0
147,20.42,20.43,20.44,20.45,20.43,20.44,20.53,0.0,0.0,0.0,1175.0
147,20.42,20.43,20.44,20.45,20.43,20.44,20.53,0.0,0.0,0.0,1175.0
147,20.42,20.43,20.44,20.45,20.43,20.44,20.53,0.0,0.0,0.0,1175.0
147,20.42,20.43,20.44,20.45,20.43,20.44,20.53,0.0,0.0,0.0,1175.0
147,20.42,20.43,20.44,20.45,20.43,20.44,20.53,0.0,0.0,0.0,1175.0
147,20.42,20.43,20.44,20.45,20.43,20.44,20.53,0.0,0.0,0.0,1175.0
147,20.42,20.43,20.44,20.45,20.43,20.44,20.53,0.0,0.0,0.0,1175.0
147,20.42,20.43,20.44,20.45,20.43,20.44,20.53,0.0,0.0,0.0,1175.0
147,20.43,20.39,20.4,20.41,20.3,20.4,20.42,5000.0,20.43,-0.03,1200.0
147,20.43,20.39,20.4,20.41,20.3,20.4,20.42,5000.0,20.43,-0.03,1200.0
147,20.43,20.39,20.4,20.41,20.3,20.4,20.42,5000.0,20.43,-0.03,1200.0
147,20.43,20.39,20.4,20.41,20.3,20.4,20.42,5000.0,20.43,-0.03,1200.0
147,20.43,20.39,20.4,20.41,20.3,20.4,20.42,5000.0,20.43,-0.03,1200.0
147,20.43,20.39,20.4,20.41,20.3,20.4,20.42,5000.0,20.43,-0.03,1200.0
147,20.43,20.39,20.4,20.41,20.3,20.4,20.42,5000.0,20.43,-0.03,1200.0
147,20.43,20.39,20.4,20.41,20.3,20.4,20.42,5000.0,20.43,-0.03,1200.0
147,20.43,20.39,20.4,20.41,20.3,20.4,20.42,5000.0,20.43,-0.03,1200.0
147,20.43,20.39,20.4,20.41,20.3,20.4,20.42,5000.0,20.43,-0.03,1200.0
147,20.43,20.39,20.4,20.41,20.3,20.4,20.42,5000.0,20.43,-0.03,1200.0
147,20.43,20.39,20.4,20.41,20.3,20.4,20.42,5000.0,20.43,-0.03,1200.0
147,20.43,20.39,20.4,20.41,20.3,20.4,20.42,5000.0,20.43,-0.03,1200.0
147,20.43,20.39,20.4,20.41,20.3,20.4,20.42,5000.0,20.43,-0.03,1200.0
147,20.43,20.39,20.4,20.41,20.3,20.4,20.42,5000.0,20.43,-0.03,1200.0
147,20.43,20.39,20.39,20.4,20.3,20.39,20.42,5000.0,20.43,-0.04,1200.0
147,20.43,20.39,20.39,20.4,20.3,20.39,20.42,5000.0,20.43,-0.04,1200.0
147,20.41,20.38,20.4,20.42,20.3,20.4,20.42,5000.0,20.43,-0.03,1200.0
148,20.41,20.38,20.4,20.42,20.3,20.4,20.42,5000.0,20.43,-0.03,1200.0
148,20.41,20.38,20.4,20.42,20.3,20.4,20.42,5000.0,20.43,-0.03,1200.0
148,20.41,20.38,20.4,20.42,20.3,20.4,20.42,5000.0,20.43,-0.03,1200.0
148,20.41,20.38,20.39,20.4,20.3,20.39,20.42,5000.0,20.43,-0.04,1200.0
148,20.41,20.38,20.39,20.4,20.3,20.39,20.42,5000.0,20.43,-0.04,1200.0
148,20.41,20.38,20.39,20.4,20.3,20.39,20.42,5000.0,20.43,-0.04,1200.0
148,20.41,20.38,20.39,20.4,20.3,20.39,20.42,5000.0,20.43,-0.04,1200.0
148,20.41,20.38,20.39,20.4,20.3,20.39,20.42,5000.0,20.43,-0.04,1200.0
148,20.41,20.38,20.39,20.4,20.3,20.39,20.42,5000.0,20.43,-0.04,1200.0
148,20.41,20.38,20.39,20.4,20.3,20.39,20.42,5000.0,20.43,-0.04,1200.0
148,20.41,20.38,20.39,20.4,20.3,20.39,20.42,5000.0,20.43,-0.04,1200.0
148,20.41,20.38,20.38,20.39,20.3,20.38,20.42,5000.0,20.43,-0.05,1200.0
148,20.41,20.38,20.38,20.39,20.3,20.38,20.42,5000.0,20.43,-0.05,1200.0
148,20.41,20.38,20.38,20.39,20.3,20.38,20.42,5000.0,20.43,-0.05,1200.0
148,20.41,20.38,20.38,20.39,20.3,20.38,20.42,5000.0,20.43,-0.05,1200.0
148,20.41,20.38,20.38,20.39,20.3,20.38,20.42,5000.0,20.43,-0.05,1200.0
148,20.41,20.38,20.38,20.39,20.3,20.38,20.42,5000.0,20.43,-0.05,1200.0
148,20.41,20.38,20.38,20.39,20.3,20.38,20.42,5000.0,20.43,-0.05,1200.0
148,20.41,20.38,20.38,20.39,20.3,20.38,20.42,5000.0,20.43,-0.05,1200.0
148,20.41,20.38,20.38,20.39,20.3,20.38,20.42,5000.0,20.43,-0.05,1200.0
148,20.41,20.38,20.38,20.39,20.3,20.38,20.42,5000.0,20.43,-0.05,1200.0
148,20.41,20.38,20.38,20.39,20.3,20.38,20.42,5000.0,20.43,-0.05,1200.0
148,20.41,20.38,20.38,20.39,20.3,20.38,20.42,5000.0,20.43,-0.05,1200.0
148,20.41,20.38,20.38,20.39,20.3,20.38,20.42,5000.0,20.43,-0.05,1200.0
148,20.41,20.38,20.38,20.39,20.3,20.38,20.42,5000.0,20.43,-0.05,1200.0
148,20.41,20.38,20.38,20.39,20.3,20.38,20.42,5000.0,20.43,-0.05,1200.0
148,20.41,20.38,20.38,20.39,20.3,20.38,20.42,5000.0,20.43,-0.05,1200.0
148,20.41,20.38,20.38,20.39,20.3,20.38,20.42,5000.0,20.43,-0.05,1200.0
148,20.41,20.38,20.38,20.39,20.3,20.38,20.42,5000.0,20.43,-0.05,1200.0
148,20.41,20.38,20.38,20.39,20.3,20.38,20.42,5000.0,20.43,-0.05,1200.0
148,20.41,20.38,20.38,20.39,20.3,20.38,20.42,5000.0,20.43,-0.05,1200.0
149,20.43,20.4,20.41,20.42,20.3,20.41,20.42,5000.0,20.43,-0.02,1200.0
149,20.43,20.4,20.41,20.42,20.3,20.41,20.42,5000.0,20.43,-0.02,1200.0
149,20.43,20.4,20.41,20.42,20.3,20.41,20.42,5000.0,20.43,-0.02,1200.0
149,20.43,20.4,20.41,20.42,20.3,20.41,20.42,5000.0,20.43,-0.02,1200.0
149,20.4,20.4,20.41,20.41,20.3,20.41,20.42,5000.0,20.43,-0.02,1200.0
149,20.4,20.4,20.41,20.41,20.3,20.41,20.42,5000.0,20.43,-0.02,1200.0
149,20.4,20.4,20.41,20.41,20.3,20.41,20.42,5000.0,20.43,-0.02,1200.0
149,20.4,20.4,20.41,20.41,20.3,20.41,20.42,5000.0,20.43,-0.02,1200.0
149,20.4,20.4,20.41,20.41,20.3,20.41,20.42,5000.0,20.43,-0.02,1200.0
149,20.4,20.4,20.41,20.41,20.3,20.41,20.42,5000.0,20.43,-0.02,1200.0
149,20.4,20.4,20.41,20.41,20.3,20.41,20.42,5000.0,20.43,-0.02,1200.0
149,20.4,20.4,20.41,20.41,20.3,20.41,20.42,5000.0,20.43,-0.02,1200.0
149,20.4,20.4,20.41,20.41,20.3,20.41,20.42,5000.0,20.43,-0.02,1200.0
149,20.4,20.4,20.41,20.41,20.3,20.41,20.42,5000.0,20.43,-0.02,1200.0
149,20.4,20.4,20.41,20.41,20.3,20.41,20.42,5000.0,20.43,-0.02,1200.0
149,20.4,20.4,20.41,20.41,20.3,20.41,20.42,5000.0,20.43,-0.02,1200.0
149,20.4,20.4,20.41,20.41,20.3,20.41,20.42,5000.0,20.43,-0.02,1200.0
149,20.4,20.4,20.41,20.41,20.3,20.41,20.42,5000.0,20.43,-0.02,1200.0
149,20.4,20.4,20.41,20.41,20.3,20.41,20.42,5000.0,20.43,-0.02,1200.0
149,20.4,20.4,20.41,20.41,20.3,20.41,20.42,5000.0,20.43,-0.02,1200.0
149,20.4,20.4,20.41,20.41,20.3,20.41,20.42,5000.0,20.43,-0.02,1200.0
149,20.4,20.4,20.41,20.41,20.3,20.41,20.42,5000.0,20.43,-0.02,1200.0
149,20.4,20.4,20.41,20.41,20.3,20.41,20.42,5000.0,20.43,-0.02,1200.0
149,20.4,20.4,20.41,20.41,20.3,20.41,20.42,5000.0,20.43,-0.02,1200.0
149,20.4,20.4,20.41,20.41,20.3,20.41,20.42,5000.0,20.43,-0.02,1200.0
149,20.4,20.4,20.41,20.41,20.3,20.41,20.42,5000.0,20.43,-0.02,1200.0
149,20.4,20.4,20.41,20.41,20.3,20.41,20.42,5000.0,20.43,-0.02,1200.0
149,20.4,20.4,20.41,20.41,20.3,20.41,20.42,5000.0,20.43,-0.02,1200.0
149,20.4,20.4,20.41,20.41,20.3,20.41,20.42,5000.0,20.43,-0.02,1200.0
149,20.4,20.4,20.41,20.41,20.3,20.41,20.42,5000.0,20.43,-0.02,1200.0
149,20.4,20.4,20.41,20.41,20.3,20.41,20.42,5000.0,20.43,-0.02,1200.0
149,20.4,20.4,20.41,20.41,20.3,20.41,20.42,5000.0,20.43,-0.02,1200.0
150,20.38,20.35,20.38,20.41,20.3,20.38,20.42,5000.0,20.43,-0.05,1200.0
150,20.38,20.35,20.38,20.41,20.3,20.38,20.42,5000.0,20.43,-0.05,1200.0
150,20.38,20.35,20.38,20.41,20.3,20.38,20.42,5000.0,20.43,-0.05,1200.0
150,20.38,20.35,20.38,20.41,20.3,20.38,20.42,5000.0,20.43,-0.05,1200.0
150,20.38,20.35,20.38,20.41,20.3,20.38,20.42,5000.0,20.43,-0.05,1200.0
150,20.38,20.35,20.38,20.41,20.3,20.38,20.42,5000.0,20.43,-0.05,1200.0
150,20.38,20.35,20.38,20.41,20.3,20.38,20.42,5000.0,20.43,-0.05,1200.0
150,20.38,20.35,20.38,20.41,20.3,20.38,20.42,5000.0,20.43,-0.05,1200.0
150,20.38,20.35,20.38,20.41,20.3,20.38,20.42,5000.0,20.43,-0.05,1200.0
150,20.38,20.35,20.38,20.41,20.3,20.38,20.42,5000.0,20.43,-0.05,1200.0
150,20.38,20.35,20.38,20.41,20.3,20.38,20.42,5000.0,20.43,-0.05,1200.0
150,20.38,20.35,20.38,20.41,20.3,20.38,20.42,5000.0,20.43,-0.05,1200.0
150,20.38,20.35,20.38,20.41,20.3,20.38,20.42,5000.0,20.43,-0.05,1200.0
150,20.38,20.35,20.38,20.41,20.3,20.38,20.42,5000.0,20.43,-0.05,1200.0
150,20.38,20.37,20.38,20.38,20.3,20.38,20.42,5000.0,20.43,-0.05,1200.0
150,20.38,20.37,20.38,20.38,20.3,20.38,20.42,5000.0,20.43,-0.05,1200.0
150,20.38,20.37,20.38,20.38,20.3,20.38,20.42,5000.0,20.43,-0.05,1200.0
150,20.38,20.37,20.38,20.38,20.3,20.38,20.42,5000.0,20.43,-0.05,1200.0
150,20.38,20.37,20.38,20.38,20.3,20.38,20.42,5000.0,20.43,-0.05,1200.0
150,20.38,20.37,20.38,20.38,20.3,20.38,20.42,5000.0,20.43,-0.05,1200.0
150,20.38,20.37,20.38,20.38,20.3,20.38,20.42,5000.0,20.43,-0.05,1200.0
150,20.38,20.37,20.38,20.38,20.3,20.38,20.42,5000.0,20.43,-0.05,1200.0
150,20.38,20.37,20.38,20.38,20.3,20.38,20.42,5000.0,20.43,-0.05,1200.0
150,20.38,20.37,20.38,20.38,20.3,20.38,20.42,5000.0,20.43,-0.05,1200.0
150,20.38,20.37,20.38,20.38,20.3,20.38,20.42,5000.0,20.43,-0.05,1200.0
150,20.38,20.37,20.38,20.38,20.3,20.38,20.42,5000.0,20.43,-0.05,1200.0
150,20.38,20.37,20.38,20.38,20.3,20.38,20.42,5000.0,20.43,-0.05,1200.0
150,20.38,20.37,20.38,20.38,20.3,20.38,20.42,5000.0,20.43,-0.05,1200.0
150,20.38,20.37,20.38,20.38,20.3,20.38,20.42,5000.0,20.43,-0.05,1200.0
150,20.38,20.37,20.38,20.38,20.3,20.38,20.42,5000.0,20.43,-0.05,1200.0
150,20.38,20.37,20.38,20.38,20.3,20.38,20.42,5000.0,20.43,-0.05,1200.0
150,20.38,20.37,20.38,20.38,20.3,20.38,20.42,5000.0,20.43,-0.05,1200.0
150,20.38,20.37,20.38,20.38,20.3,20.38,20.42,5000.0,20.43,-0.05,1200.0
151,20.28,20.3,20.3,20.31,20.3,20.3,20.42,5000.0,20.43,-0.13,1200.0
151,20.28,20.3,20.3,20.31,20.3,20.3,20.42,5000.0,20.43,-0.13,1200.0
151,20.28,20.3,20.3,20.31,20.3,20.3,20.42,5000.0,20.43,-0.13,1200.0
151,20.28,20.3,20.3,20.31,20.3,20.3,20.42,5000.0,20.43,-0.13,1200.0
151,20.28,20.3,20.3,20.31,20.3,20.3,20.42,5000.0,20.43,-0.13,1200.0
151,20.28,20.3,20.3,20.31,20.3,20.3,20.42,5000.0,20.43,-0.13,1200.0
151,20.28,20.3,20.3,20.31,20.3,20.3,20.42,5000.0,20.43,-0.13,1200.0
151,20.28,20.3,20.3,20.31,20.3,20.3,20.42,5000.0,20.43,-0.13,1200.0
151,20.28,20.3,20.3,20.31,20.3,20.3,20.42,5000.0,20.43,-0.13,1200.0
151,20.28,20.3,20.3,20.31,20.3,20.3,20.42,5000.0,20.43,-0.13,1200.0
151,20.28,20.3,20.3,20.31,20.3,20.3,20.42,5000.0,20.43,-0.13,1200.0
151,20.28,20.3,20.3,20.31,20.3,20.3,20.42,5000.0,20.43,-0.13,1200.0
151,20.28,20.3,20.3,20.31,20.3,20.3,20.42,5000.0,20.43,-0.13,1200.0
151,20.28,20.3,20.3,20.31,20.3,20.3,20.42,5000.0,20.43,-0.13,1200.0
151,20.28,20.3,20.3,20.31,20.3,20.3,20.42,5000.0,20.43,-0.13,1200.0
151,20.28,20.3,20.3,20.31,20.3,20.3,20.42,5000.0,20.43,-0.13,1200.0
151,20.28,20.3,20.3,20.31,20.3,20.3,20.42,5000.0,20.43,-0.13,1200.0
151,20.28,20.3,20.3,20.31,20.3,20.3,20.42,5000.0,20.43,-0.13,1200.0
151,20.28,20.3,20.3,20.31,20.3,20.3,20.42,5000.0,20.43,-0.13,1200.0
151,20.28,20.3,20.3,20.31,20.3,20.3,20.42,5000.0,20.43,-0.13,1200.0
151,20.3,20.3,20.3,20.31,20.15,20.3,20.32,10000.0,20.365,-0.06,1225.0
151,20.3,20.3,20.3,20.31,20.15,20.3,20.32,10000.0,20.365,-0.06,1225.0
151,20.3,20.3,20.3,20.31,20.15,20.3,20.32,10000.0,20.365,-0.06,1225.0
151,20.3,20.3,20.3,20.31,20.15,20.3,20.32,10000.0,20.365,-0.06,1225.0
151,20.3,20.3,20.3,20.31,20.15,20.3,20.32,10000.0,20.365,-0.06,1225.0
151,20.3,20.3,20.3,20.31,20.15,20.3,20.32,10000.0,20.365,-0.06,1225.0
151,20.3,20.3,20.3,20.31,20.15,20.3,20.32,10000.0,20.365,-0.06,1225.0
151,20.31,20.3,20.3,20.31,20.15,20.3,20.32,10000.0,20.365,-0.06,1225.0
151,20.31,20.3,20.3,20.31,20.15,20.3,20.32,10000.0,20.365,-0.06,1225.0
152,20.32,20.29,20.3,20.32,20.15,20.3,20.32,10000.0,20.365,-0.06,1225.0
152,20.32,20.29,20.3,20.32,20.15,20.3,20.32,10000.0,20.365,-0.06,1225.0
152,20.32,20.29,20.3,20.32,20.15,20.3,20.32,10000.0,20.365,-0.06,1225.0
152,20.32,20.29,20.3,20.32,20.15,20.3,20.32,10000.0,20.365,-0.06,1225.0
152,20.35,20.3,20.31,20.33,20.26,20.31,20.36,0.0,0.0,0.0,825.0
152,20.35,20.3,20.31,20.33,20.26,20.31,20.36,0.0,0.0,0.0,825.0
152,20.35,20.3,20.31,20.33,20.26,20.31,20.36,0.0,0.0,0.0,825.0
152,20.35,20.3,20.31,20.33,20.26,20.31,20.36,0.0,0.0,0.0,825.0
152,20.35,20.3,20.31,20.33,20.26,20.31,20.36,0.0,0.0,0.0,825.0
152,20.35,20.3,20.31,20.33,20.26,20.31,20.36,0.0,0.0,0.0,825.0
152,20.35,20.3,20.31,20.33,20.26,20.31,20.36,0.0,0.0,0.0,825.0
152,20.35,20.3,20.31,20.33,20.26,20.31,20.36,0.0,0.0,0.0,825.0
152,20.35,20.3,20.31,20.33,20.26,20.31,20.36,0.0,0.0,0.0,825.0
152,20.35,20.3,20.31,20.33,20.26,20.31,20.36,0.0,0.0,0.0,825.0
152,20.35,20.3,20.31,20.33,20.26,20.31,20.36,0.0,0.0,0.0,825.0
152,20.35,20.3,20.31,20.33,20.26,20.31,20.36,0.0,0.0,0.0,825.0
152,20.35,20.3,20.31,20.33,20.26,20.31,20.36,0.0,0.0,0.0,825.0
152,20.35,20.3,20.31,20.33,20.26,20.31,20.36,0.0,0.0,0.0,825.0
152,20.33,20.34,20.34,20.35,20.26,20.34,20.36,0.0,0.0,0.0,825.0
152,20.33,20.34,20.34,20.35,20.26,20.34,20.36,0.0,0.0,0.0,825.0
152,20.33,20.34,20.34,20.35,20.26,20.34,20.36,0.0,0.0,0.0,825.0
152,20.33,20.34,20.34,20.35,20.26,20.34,20.36,0.0,0.0,0.0,825.0
152,20.33,20.34,20.34,20.35,20.26,20.34,20.36,0.0,0.0,0.0,825.0
152,20.33,20.34,20.34,20.35,20.26,20.34,20.36,0.0,0.0,0.0,825.0
152,20.33,20.34,20.34,20.35,20.26,20.34,20.36,0.0,0.0,0.0,825.0
152,20.33,20.34,20.34,20.35,20.26,20.34,20.36,0.0,0.0,0.0,825.0
152,20.33,20.34,20.34,20.35,20.26,20.34,20.36,0.0,0.0,0.0,825.0
152,20.33,20.34,20.34,20.35,20.26,20.34,20.36,0.0,0.0,0.0,825.0
153,20.37,20.34,20.35,20.36,20.26,20.35,20.36,0.0,0.0,0.0,825.0
153,20.37,20.34,20.35,20.36,20.26,20.35,20.36,0.0,0.0,0.0,825.0
153,20.37,20.34,20.35,20.36,20.26,20.35,20.36,0.0,0.0,0.0,825.0
153,20.37,20.34,20.35,20.36,20.26,20.35,20.36,0.0,0.0,0.0,825.0
153,20.37,20.34,20.35,20.36,20.26,20.35,20.36,0.0,0.0,0.0,825.0
153,20.37,20.34,20.35,20.36,20.26,20.35,20.36,0.0,0.0,0.0,825.0
153,20.37,20.34,20.35,20.36,20.26,20.35,20.36,0.0,0.0,0.0,825.0
153,20.37,20.34,20.35,20.36,20.26,20.35,20.36,0.0,0.0,0.0,825.0
153,20.37,20.34,20.35,20.36,20.26,20.35,20.36,0.0,0.0,0.0,825.0
153,20.37,20.34,20.35,20.36,20.26,20.35,20.36,0.0,0.0,0.0,825.0
153,20.37,20.34,20.35,20.36,20.26,20.35,20.36,0.0,0.0,0.0,825.0
153,20.37,20.34,20.35,20.36,20.26,20.35,20.36,0.0,0.0,0.0,825.0
153,20.37,20.34,20.35,20.36,20.26,20.35,20.36,0.0,0.0,0.0,825.0
153,20.34,20.34,20.35,20.36,20.26,20.35,20.36,0.0,0.0,0.0,825.0
153,20.34,20.34,20.35,20.36,20.26,20.35,20.36,0.0,0.0,0.0,825.0
153,20.34,20.34,20.35,20.36,20.26,20.35,20.36,0.0,0.0,0.0,825.0
153,20.34,20.34,20.35,20.36,20.26,20.35,20.36,0.0,0.0,0.0,825.0
153,20.34,20.34,20.35,20.36,20.26,20.35,20.36,0.0,0.0,0.0,825.0
153,20.34,20.34,20.35,20.36,20.26,20.35,20.36,0.0,0.0,0.0,825.0
153,20.34,20.34,20.35,20.36,20.26,20.35,20.36,0.0,0.0,0.0,825.0
153,20.34,20.34,20.35,20.36,20.26,20.35,20.36,0.0,0.0,0.0,825.0
153,20.34,20.34,20.35,20.36,20.26,20.35,20.36,0.0,0.0,0.0,825.0
153,20.34,20.34,20.35,20.36,20.26,20.35,20.36,0.0,0.0,0.0,825.0
153,20.34,20.34,20.35,20.36,20.26,20.35,20.36,0.0,0.0,0.0,825.0
153,20.34,20.34,20.35,20.36,20.26,20.35,20.36,0.0,0.0,0.0,825.0
153,20.34,20.34,20.35,20.36,20.26,20.35,20.36,0.0,0.0,0.0,825.0
153,20.34,20.34,20.35,20.36,20.26,20.35,20.36,0.0,0.0,0.0,825.0
153,20.34,20.34,20.35,20.36,20.26,20.35,20.36,0.0,0.0,0.0,825.0
153,20.34,20.34,20.35,20.36,20.26,20.35,20.36,0.0,0.0,0.0,825.0
153,20.34,20.34,20.35,20.36,20.26,20.35,20.36,0.0,0.0,0.0,825.0
153,20.34,20.35,20.36,20.36,20.26,20.36,20.36,0.0,0.0,0.0,825.0
153,20.34,20.35,20.36,20.36,20.26,20.36,20.36,0.0,0.0,0.0,825.0
153,20.34,20.35,20.36,20.36,20.26,20.36,20.36,0.0,0.0,0.0,825.0
153,20.34,20.35,20.36,20.36,20.26,20.36,20.36,0.0,0.0,0.0,825.0
154,20.4,20.37,20.4,20.43,20.38,20.4,20.5,-5000.0,20.36,-0.04,850.0
154,20.4,20.37,20.4,20.43,20.38,20.4,20.5,-5000.0,20.36,-0.04,850.0
154,20.4,20.37,20.4,20.43,20.38,20.4,20.5,-5000.0,20.36,-0.04,850.0
154,20.43,20.37,20.4,20.42,20.35,20.4,20.45,0.0,0.0,0.0,450.0
154,20.43,20.37,20.4,20.42,20.35,20.4,20.45,0.0,0.0,0.0,450.0
154,20.43,20.37,20.4,20.42,20.35,20.4,20.45,0.0,0.0,0.0,450.0
154,20.43,20.37,20.4,20.42,20.35,20.4,20.45,0.0,0.0,0.0,450.0
154,20.43,20.37,20.4,20.42,20.35,20.4,20.45,0.0,0.0,0.0,450.0
154,20.43,20.37,20.4,20.42,20.35,20.4,20.45,0.0,0.0,0.0,450.0
154,20.43,20.37,20.4,20.42,20.35,20.4,20.45,0.0,0.0,0.0,450.0
154,20.43,20.37,20.4,20.42,20.35,20.4,20.45,0.0,0.0,0.0,450.0
154,20.43,20.37,20.4,20.42,20.35,20.4,20.45,0.0,0.0,0.0,450.0
154,20.43,20.37,20.4,20.42,20.35,20.4,20.45,0.0,0.0,0.0,450.0
154,20.43,20.37,20.4,20.42,20.35,20.4,20.45,0.0,0.0,0.0,450.0
154,20.43,20.37,20.4,20.42,20.35,20.4,20.45,0.0,0.0,0.0,450.0
154,20.43,20.37,20.4,20.42,20.35,20.4,20.45,0.0,0.0,0.0,450.0
154,20.43,20.37,20.38,20.39,20.35,20.38,20.45,0.0,0.0,0.0,450.0
154,20.43,20.37,20.38,20.39,20.35,20.38,20.45,0.0,0.0,0.0,450.0
154,20.43,20.37,20.38,20.39,20.35,20.38,20.45,0.0,0.0,0.0,450.0
154,20.43,20.37,20.38,20.39,20.35,20.38,20.45,0.0,0.0,0.0,450.0
154,20.43,20.37,20.38,20.39,20.35,20.38,20.45,0.0,0.0,0.0,450.0
154,20.43,20.37,20.38,20.39,20.35,20.38,20.45,0.0,0.0,0.0,450.0
154,20.43,20.37,20.38,20.39,20.35,20.38,20.45,0.0,0.0,0.0,450.0
154,20.43,20.37,20.38,20.39,20.35,20.38,20.45,0.0,0.0,0.0,450.0
154,20.39,20.37,20.38,20.39,20.35,20.38,20.45,0.0,0.0,0.0,450.0
154,20.39,20.37,20.38,20.39,20.35,20.38,20.45,0.0,0.0,0.0,450.0
154,20.39,20.37,20.38,20.39,20.35,20.38,20.45,0.0,0.0,0.0,450.0
154,20.39,20.37,20.38,20.39,20.35,20.38,20.45,0.0,0.0,0.0,450.0
155,20.39,20.36,20.39,20.42,20.35,20.39,20.45,0.0,0.0,0.0,450.0
155,20.39,20.36,20.39,20.42,20.35,20.39,20.45,0.0,0.0,0.0,450.0
155,20.39,20.36,20.39,20.42,20.35,20.39,20.45,0.0,0.0,0.0,450.0
155,20.39,20.36,20.39,20.42,20.35,20.39,20.45,0.0,0.0,0.0,450.0
155,20.39,20.36,20.39,20.42,20.35,20.39,20.45,0.0,0.0,0.0,450.0
155,20.39,20.36,20.39,20.42,20.35,20.39,20.45,0.0,0.0,0.0,450.0
155,20.39,20.36,20.39,20.42,20.35,20.39,20.45,0.0,0.0,0.0,450.0
155,20.39,20.36,20.39,20.42,20.35,20.39,20.45,0.0,0.0,0.0,450.0
155,20.39,20.36,20.39,20.42,20.35,20.39,20.45,0.0,0.0,0.0,450.0
155,20.39,20.36,20.39,20.42,20.35,20.39,20.45,0.0,0.0,0.0,450.0
155,20.39,20.36,20.39,20.42,20.35,20.39,20.45,0.0,0.0,0.0,450.0
155,20.39,20.36,20.39,20.42,20.35,20.39,20.45,0.0,0.0,0.0,450.0
155,20.42,20.39,20.4,20.41,20.35,20.4,20.45,0.0,0.0,0.0,450.0
155,20.42,20.39,20.4,20.41,20.35,20.4,20.45,0.0,0.0,0.0,450.0
155,20.42,20.39,20.4,20.41,20.35,20.4,20.45,0.0,0.0,0.0,450.0
155,20.42,20.39,20.4,20.41,20.35,20.4,20.45,0.0,0.0,0.0,450.0
155,20.42,20.39,20.4,20.41,20.35,20.4,20.45,0.0,0.0,0.0,450.0
155,20.42,20.39,20.4,20.41,20.35,20.4,20.45,0.0,0.0,0.0,450.0
155,20.42,20.39,20.4,20.41,20.35,20.4,20.45,0.0,0.0,0.0,450.0
155,20.42,20.39,20.41,20.42,20.35,20.41,20.45,0.0,0.0,0.0,450.0
155,20.42,20.39,20.41,20.42,20.35,20.41,20.45,0.0,0.0,0.0,450.0
155,20.42,20.39,20.41,20.42,20.35,20.41,20.45,0.0,0.0,0.0,450.0
155,20.42,20.39,20.41,20.42,20.35,20.41,20.45,0.0,0.0,0.0,450.0
155,20.42,20.39,20.41,20.42,20.35,20.41,20.45,0.0,0.0,0.0,450.0
155,20.42,20.39,20.41,20.42,20.35,20.41,20.45,0.0,0.0,0.0,450.0
155,20.42,20.39,20.41,20.42,20.35,20.41,20.45,0.0,0.0,0.0,450.0
155,20.42,20.39,20.41,20.42,20.35,20.41,20.45,0.0,0.0,0.0,450.0
155,20.42,20.39,20.41,20.42,20.35,20.41,20.45,0.0,0.0,0.0,450.0
155,20.42,20.39,20.41,20.42,20.35,20.41,20.45,0.0,0.0,0.0,450.0
155,20.42,20.39,20.41,20.42,20.35,20.41,20.45,0.0,0.0,0.0,450.0
155,20.42,20.39,20.41,20.42,20.35,20.41,20.45,0.0,0.0,0.0,450.0
156,20.35,20.35,20.37,20.38,20.35,20.37,20.45,0.0,0.0,0.0,450.0
156,20.35,20.35,20.37,20.38,20.35,20.37,20.45,0.0,0.0,0.0,450.0
156,20.35,20.35,20.37,20.38,20.35,20.37,20.45,0.0,0.0,0.0,450.0
156,20.35,20.35,20.37,20.38,20.35,20.37,20.45,0.0,0.0,0.0,450.0
156,20.35,20.35,20.37,20.38,20.35,20.37,20.45,0.0,0.0,0.0,450.0
156,20.35,20.35,20.37,20.38,20.35,20.37,20.45,0.0,0.0,0.0,450.0
156,20.35,20.35,20.37,20.38,20.35,20.37,20.45,0.0,0.0,0.0,450.0
156,20.35,20.35,20.37,20.38,20.35,20.37,20.45,0.0,0.0,0.0,450.0
156,20.35,20.35,20.37,20.38,20.35,20.37,20.45,0.0,0.0,0.0,450.0
156,20.35,20.35,20.37,20.38,20.35,20.37,20.45,0.0,0.0,0.0,450.0
156,20.35,20.35,20.37,20.38,20.35,20.37,20.45,0.0,0.0,0.0,450.0
156,20.35,20.35,20.37,20.38,20.35,20.37,20.45,0.0,0.0,0.0,450.0
156,20.35,20.35,20.37,20.38,20.35,20.37,20.45,0.0,0.0,0.0,450.0
156,20.35,20.36,20.37,20.38,20.35,20.37,20.45,0.0,0.0,0.0,450.0
156,20.35,20.36,20.37,20.38,20.35,20.37,20.45,0.0,0.0,0.0,450.0
156,20.35,20.36,20.37,20.38,20.35,20.37,20.45,0.0,0.0,0.0,450.0
156,20.35,20.36,20.37,20.38,20.35,20.37,20.45,0.0,0.0,0.0,450.0
156,20.35,20.36,20.37,20.38,20.35,20.37,20.45,0.0,0.0,0.0,450.0
156,20.35,20.36,20.37,20.38,20.35,20.37,20.45,0.0,0.0,0.0,450.0
156,20.35,20.36,20.37,20.38,20.35,20.37,20.45,0.0,0.0,0.0,450.0
156,20.35,20.36,20.37,20.38,20.35,20.37,20.45,0.0,0.0,0.0,450.0
156,20.35,20.36,20.37,20.38,20.35,20.37,20.45,0.0,0.0,0.0,450.0
156,20.35,20.36,20.37,20.38,20.35,20.37,20.45,0.0,0.0,0.0,450.0
156,20.35,20.36,20.37,20.38,20.35,20.37,20.45,0.0,0.0,0.0,450.0
156,20.35,20.36,20.37,20.38,20.35,20.37,20.45,0.0,0.0,0.0,450.0
156,20.35,20.36,20.37,20.38,20.35,20.37,20.45,0.0,0.0,0.0,450.0
156,20.35,20.36,20.37,20.38,20.35,20.37,20.45,0.0,0.0,0.0,450.0
156,20.35,20.36,20.37,20.38,20.35,20.37,20.45,0.0,0.0,0.0,450.0
156,20.35,20.36,20.37,20.38,20.35,20.37,20.45,0.0,0.0,0.0,450.0
156,20.35,20.36,20.37,20.38,20.35,20.37,20.45,0.0,0.0,0.0,450.0
156,20.35,20.36,20.37,20.38,20.35,20.37,20.45,0.0,0.0,0.0,450.0
156,20.35,20.36,20.37,20.38,20.35,20.37,20.45,0.0,0.0,0.0,450.0
156,20.35,20.36,20.37,20.38,20.35,20.37,20.45,0.0,0.0,0.0,450.0
156,20.38,20.35,20.38,20.41,20.28,20.38,20.41,5000.0,20.35,0.03,475.0
157,20.38,20.35,20.38,20.41,20.28,20.38,20.41,5000.0,20.35,0.03,475.0
157,20.38,20.35,20.38,20.41,20.28,20.38,20.41,5000.0,20.35,0.03,475.0
157,20.38,20.35,20.38,20.41,20.28,20.38,20.41,5000.0,20.35,0.03,475.0
157,20.38,20.35,20.38,20.41,20.28,20.38,20.41,5000.0,20.35,0.03,475.0
157,20.38,20.35,20.38,20.41,20.28,20.38,20.41,5000.0,20.35,0.03,475.0
157,20.38,20.35,20.38,20.41,20.28,20.38,20.41,5000.0,20.35,0.03,475.0
157,20.38,20.35,20.38,20.41,20.28,20.38,20.41,5000.0,20.35,0.03,475.0
157,20.38,20.35,20.38,20.41,20.28,20.38,20.41,5000.0,20.35,0.03,475.0
157,20.38,20.35,20.37,20.38,20.28,20.37,20.41,5000.0,20.35,0.02,475.0
157,20.38,20.35,20.37,20.38,20.28,20.37,20.41,5000.0,20.35,0.02,475.0
157,20.38,20.35,20.37,20.38,20.28,20.37,20.41,5000.0,20.35,0.02,475.0
157,20.38,20.35,20.37,20.38,20.28,20.37,20.41,5000.0,20.35,0.02,475.0
157,20.38,20.35,20.37,20.38,20.28,20.37,20.41,5000.0,20.35,0.02,475.0
157,20.38,20.35,20.37,20.38,20.28,20.37,20.41,5000.0,20.35,0.02,475.0
157,20.38,20.35,20.37,20.38,20.28,20.37,20.41,5000.0,20.35,0.02,475.0
157,20.38,20.37,20.38,20.38,20.28,20.38,20.41,5000.0,20.35,0.03,475.0
157,20.38,20.37,20.38,20.38,20.28,20.38,20.41,5000.0,20.35,0.03,475.0
157,20.38,20.37,20.38,20.38,20.28,20.38,20.41,5000.0,20.35,0.03,475.0
157,20.38,20.37,20.38,20.38,20.28,20.38,20.41,5000.0,20.35,0.03,475.0
157,20.38,20.37,20.38,20.38,20.28,20.38,20.41,5000.0,20.35,0.03,475.0
157,20.38,20.37,20.38,20.38,20.28,20.38,20.41,5000.0,20.35,0.03,475.0
157,20.38,20.37,20.38,20.38,20.28,20.38,20.41,5000.0,20.35,0.03,475.0
157,20.38,20.37,20.38,20.38,20.28,20.38,20.41,5000.0,20.35,0.03,475.0
158,20.44,20.41,20.44,20.47,20.39,20.44,20.49,0.0,0.0,0.0,800.0
158,20.44,20.41,20.44,20.47,20.39,20.44,20.49,0.0,0.0,0.0,800.0
158,20.44,20.41,20.44,20.47,20.39,20.44,20.49,0.0,0.0,0.0,800.0
158,20.44,20.41,20.44,20.47,20.39,20.44,20.49,0.0,0.0,0.0,800.0
158,20.44,20.41,20.44,20.47,20.39,20.44,20.49,0.0,0.0,0.0,800.0
158,20.44,20.41,20.44,20.47,20.39,20.44,20.49,0.0,0.0,0.0,800.0
158,20.44,20.41,20.44,20.47,20.39,20.44,20.49,0.0,0.0,0.0,800.0
158,20.44,20.41,20.44,20.47,20.39,20.44,20.49,0.0,0.0,0.0,800.0
158,20.44,20.41,20.44,20.47,20.39,20.44,20.49,0.0,0.0,0.0,800.0
158,20.44,20.41,20.44,20.47,20.39,20.44,20.49,0.0,0.0,0.0,800.0
158,20.44,20.41,20.44,20.47,20.39,20.44,20.49,0.0,0.0,0.0,800.0
158,20.41,20.41,20.44,20.46,20.39,20.44,20.49,0.0,0.0,0.0,800.0
158,20.41,20.41,20.44,20.46,20.39,20.44,20.49,0.0,0.0,0.0,800.0
158,20.41,20.41,20.44,20.46,20.39,20.44,20.49,0.0,0.0,0.0,800.0
158,20.41,20.41,20.44,20.46,20.39,20.44,20.49,0.0,0.0,0.0,800.0
158,20.41,20.41,20.44,20.46,20.39,20.44,20.49,0.0,0.0,0.0,800.0
158,20.41,20.41,20.44,20.46,20.39,20.44,20.49,0.0,0.0,0.0,800.0
158,20.41,20.41,20.44,20.46,20.39,20.44,20.49,0.0,0.0,0.0,800.0
158,20.41,20.41,20.44,20.46,20.39,20.44,20.49,0.0,0.0,0.0,800.0
158,20.41,20.41,20.44,20.46,20.39,20.44,20.49,0.0,0.0,0.0,800.0
158,20.41,20.41,20.44,20.46,20.39,20.44,20.49,0.0,0.0,0.0,800.0
158,20.41,20.41,20.44,20.46,20.39,20.44,20.49,0.0,0.0,0.0,800.0
158,20.41,20.41,20.44,20.46,20.39,20.44,20.49,0.0,0.0,0.0,800.0
158,20.41,20.41,20.44,20.46,20.39,20.44,20.49,0.0,0.0,0.0,800.0
158,20.41,20.41,20.44,20.46,20.39,20.44,20.49,0.0,0.0,0.0,800.0
158,20.41,20.41,20.43,20.44,20.39,20.43,20.49,0.0,0.0,0.0,800.0
158,20.41,20.41,20.43,20.44,20.39,20.43,20.49,0.0,0.0,0.0,800.0
